<?xml version="1.0" encoding="UTF-8"?>
<testsuite xmlns:xsi="http://www.w3.org/2001/XMLSchema-instance" xsi:noNamespaceSchemaLocation="https://maven.apache.org/surefire/maven-surefire-plugin/xsd/surefire-test-report.xsd" name="com.jersey.resources.EmployeeResourceCosmosTest" time="31.606" tests="1" errors="1" skipped="0" failures="0">
  <properties>
    <property name="java.specification.version" value="17"/>
    <property name="sun.cpu.isalist" value="amd64"/>
    <property name="sun.jnu.encoding" value="Cp1252"/>
    <property name="java.class.path" value="G:\repo\redisexample\target\test-classes;G:\repo\redisexample\target\classes;C:\Users\shcarr\.m2\repository\io\dropwizard\dropwizard-core\4.0.0\dropwizard-core-4.0.0.jar;C:\Users\shcarr\.m2\repository\io\dropwizard\dropwizard-jackson\4.0.0\dropwizard-jackson-4.0.0.jar;C:\Users\shcarr\.m2\repository\com\fasterxml\jackson\datatype\jackson-datatype-jsr310\2.14.2\jackson-datatype-jsr310-2.14.2.jar;C:\Users\shcarr\.m2\repository\com\fasterxml\jackson\datatype\jackson-datatype-jdk8\2.14.2\jackson-datatype-jdk8-2.14.2.jar;C:\Users\shcarr\.m2\repository\com\fasterxml\jackson\module\jackson-module-parameter-names\2.14.2\jackson-module-parameter-names-2.14.2.jar;C:\Users\shcarr\.m2\repository\com\fasterxml\jackson\module\jackson-module-blackbird\2.14.2\jackson-module-blackbird-2.14.2.jar;C:\Users\shcarr\.m2\repository\io\dropwizard\dropwizard-configuration\4.0.0\dropwizard-configuration-4.0.0.jar;C:\Users\shcarr\.m2\repository\org\apache\commons\commons-text\1.10.0\commons-text-1.10.0.jar;C:\Users\shcarr\.m2\repository\org\apache\commons\commons-lang3\3.12.0\commons-lang3-3.12.0.jar;C:\Users\shcarr\.m2\repository\io\dropwizard\dropwizard-metrics\4.0.0\dropwizard-metrics-4.0.0.jar;C:\Users\shcarr\.m2\repository\io\dropwizard\dropwizard-jersey\4.0.0\dropwizard-jersey-4.0.0.jar;C:\Users\shcarr\.m2\repository\org\glassfish\jersey\ext\jersey-metainf-services\3.0.9\jersey-metainf-services-3.0.9.jar;C:\Users\shcarr\.m2\repository\org\glassfish\jersey\inject\jersey-hk2\3.0.9\jersey-hk2-3.0.9.jar;C:\Users\shcarr\.m2\repository\org\glassfish\hk2\hk2-locator\3.0.3\hk2-locator-3.0.3.jar;C:\Users\shcarr\.m2\repository\org\javassist\javassist\3.29.2-GA\javassist-3.29.2-GA.jar;C:\Users\shcarr\.m2\repository\io\dropwizard\metrics\metrics-jersey3\4.2.18\metrics-jersey3-4.2.18.jar;C:\Users\shcarr\.m2\repository\org\glassfish\hk2\hk2-api\3.0.3\hk2-api-3.0.3.jar;C:\Users\shcarr\.m2\repository\org\glassfish\hk2\hk2-utils\3.0.3\hk2-utils-3.0.3.jar;C:\Users\shcarr\.m2\repository\org\glassfish\hk2\external\aopalliance-repackaged\3.0.3\aopalliance-repackaged-3.0.3.jar;C:\Users\shcarr\.m2\repository\org\glassfish\jersey\containers\jersey-container-servlet\3.0.9\jersey-container-servlet-3.0.9.jar;C:\Users\shcarr\.m2\repository\io\dropwizard\dropwizard-servlets\4.0.0\dropwizard-servlets-4.0.0.jar;C:\Users\shcarr\.m2\repository\io\dropwizard\dropwizard-jetty\4.0.0\dropwizard-jetty-4.0.0.jar;C:\Users\shcarr\.m2\repository\org\eclipse\jetty\jetty-servlets\11.0.14\jetty-servlets-11.0.14.jar;C:\Users\shcarr\.m2\repository\org\eclipse\jetty\jetty-http\11.0.14\jetty-http-11.0.14.jar;C:\Users\shcarr\.m2\repository\io\dropwizard\dropwizard-lifecycle\4.0.0\dropwizard-lifecycle-4.0.0.jar;C:\Users\shcarr\.m2\repository\io\dropwizard\dropwizard-health\4.0.0\dropwizard-health-4.0.0.jar;C:\Users\shcarr\.m2\repository\io\dropwizard\metrics\metrics-core\4.2.18\metrics-core-4.2.18.jar;C:\Users\shcarr\.m2\repository\io\dropwizard\metrics\metrics-annotation\4.2.18\metrics-annotation-4.2.18.jar;C:\Users\shcarr\.m2\repository\io\dropwizard\metrics\metrics-jetty11\4.2.18\metrics-jetty11-4.2.18.jar;C:\Users\shcarr\.m2\repository\io\dropwizard\metrics\metrics-jvm\4.2.18\metrics-jvm-4.2.18.jar;C:\Users\shcarr\.m2\repository\io\dropwizard\metrics\metrics-jmx\4.2.18\metrics-jmx-4.2.18.jar;C:\Users\shcarr\.m2\repository\io\dropwizard\metrics\metrics-jakarta-servlets\4.2.18\metrics-jakarta-servlets-4.2.18.jar;C:\Users\shcarr\.m2\repository\io\dropwizard\metrics\metrics-json\4.2.18\metrics-json-4.2.18.jar;C:\Users\shcarr\.m2\repository\com\helger\profiler\1.1.1\profiler-1.1.1.jar;C:\Users\shcarr\.m2\repository\io\dropwizard\metrics\metrics-healthchecks\4.2.18\metrics-healthchecks-4.2.18.jar;C:\Users\shcarr\.m2\repository\io\dropwizard\dropwizard-request-logging\4.0.0\dropwizard-request-logging-4.0.0.jar;C:\Users\shcarr\.m2\repository\ch\qos\logback\logback-access\1.4.6\logback-access-1.4.6.jar;C:\Users\shcarr\.m2\repository\ch\qos\logback\logback-classic\1.4.6\logback-classic-1.4.6.jar;C:\Users\shcarr\.m2\repository\com\fasterxml\jackson\core\jackson-annotations\2.14.2\jackson-annotations-2.14.2.jar;C:\Users\shcarr\.m2\repository\com\fasterxml\jackson\core\jackson-databind\2.14.2\jackson-databind-2.14.2.jar;C:\Users\shcarr\.m2\repository\org\checkerframework\checker-qual\3.32.0\checker-qual-3.32.0.jar;C:\Users\shcarr\.m2\repository\jakarta\servlet\jakarta.servlet-api\5.0.0\jakarta.servlet-api-5.0.0.jar;C:\Users\shcarr\.m2\repository\jakarta\validation\jakarta.validation-api\3.0.2\jakarta.validation-api-3.0.2.jar;C:\Users\shcarr\.m2\repository\jakarta\ws\rs\jakarta.ws.rs-api\3.0.0\jakarta.ws.rs-api-3.0.0.jar;C:\Users\shcarr\.m2\repository\net\sourceforge\argparse4j\argparse4j\0.9.0\argparse4j-0.9.0.jar;C:\Users\shcarr\.m2\repository\org\eclipse\jetty\jetty-security\11.0.14\jetty-security-11.0.14.jar;C:\Users\shcarr\.m2\repository\org\eclipse\jetty\jetty-server\11.0.14\jetty-server-11.0.14.jar;C:\Users\shcarr\.m2\repository\org\eclipse\jetty\jetty-servlet\11.0.14\jetty-servlet-11.0.14.jar;C:\Users\shcarr\.m2\repository\org\eclipse\jetty\jetty-util\11.0.14\jetty-util-11.0.14.jar;C:\Users\shcarr\.m2\repository\org\eclipse\jetty\toolchain\setuid\jetty-setuid-java\1.0.4\jetty-setuid-java-1.0.4.jar;C:\Users\shcarr\.m2\repository\jakarta\inject\jakarta.inject-api\2.0.1.MR\jakarta.inject-api-2.0.1.MR.jar;C:\Users\shcarr\.m2\repository\org\glassfish\jersey\core\jersey-common\3.0.9\jersey-common-3.0.9.jar;C:\Users\shcarr\.m2\repository\org\glassfish\hk2\osgi-resource-locator\1.0.3\osgi-resource-locator-1.0.3.jar;C:\Users\shcarr\.m2\repository\org\glassfish\jersey\ext\jersey-bean-validation\3.0.9\jersey-bean-validation-3.0.9.jar;C:\Users\shcarr\.m2\repository\org\jboss\logging\jboss-logging\3.4.2.Final\jboss-logging-3.4.2.Final.jar;C:\Users\shcarr\.m2\repository\org\hibernate\validator\hibernate-validator\7.0.5.Final\hibernate-validator-7.0.5.Final.jar;C:\Users\shcarr\.m2\repository\org\slf4j\slf4j-api\2.0.7\slf4j-api-2.0.7.jar;C:\Users\shcarr\.m2\repository\io\dropwizard\dropwizard-logging\4.0.0\dropwizard-logging-4.0.0.jar;C:\Users\shcarr\.m2\repository\io\dropwizard\dropwizard-util\4.0.0\dropwizard-util-4.0.0.jar;C:\Users\shcarr\.m2\repository\io\dropwizard\metrics\metrics-logback\4.2.18\metrics-logback-4.2.18.jar;C:\Users\shcarr\.m2\repository\org\slf4j\jul-to-slf4j\2.0.7\jul-to-slf4j-2.0.7.jar;C:\Users\shcarr\.m2\repository\ch\qos\logback\logback-core\1.4.6\logback-core-1.4.6.jar;C:\Users\shcarr\.m2\repository\com\google\errorprone\error_prone_annotations\2.18.0\error_prone_annotations-2.18.0.jar;C:\Users\shcarr\.m2\repository\io\dropwizard\logback\logback-throttling-appender\1.1.9\logback-throttling-appender-1.1.9.jar;C:\Users\shcarr\.m2\repository\org\slf4j\log4j-over-slf4j\2.0.7\log4j-over-slf4j-2.0.7.jar;C:\Users\shcarr\.m2\repository\org\slf4j\jcl-over-slf4j\2.0.7\jcl-over-slf4j-2.0.7.jar;C:\Users\shcarr\.m2\repository\io\dropwizard\dropwizard-validation\4.0.0\dropwizard-validation-4.0.0.jar;C:\Users\shcarr\.m2\repository\com\fasterxml\classmate\1.5.1\classmate-1.5.1.jar;C:\Users\shcarr\.m2\repository\com\google\guava\guava\31.1-jre\guava-31.1-jre.jar;C:\Users\shcarr\.m2\repository\com\google\guava\failureaccess\1.0.1\failureaccess-1.0.1.jar;C:\Users\shcarr\.m2\repository\com\google\guava\listenablefuture\9999.0-empty-to-avoid-conflict-with-guava\listenablefuture-9999.0-empty-to-avoid-conflict-with-guava.jar;C:\Users\shcarr\.m2\repository\com\google\j2objc\j2objc-annotations\1.3\j2objc-annotations-1.3.jar;C:\Users\shcarr\.m2\repository\org\glassfish\jakarta.el\4.0.2\jakarta.el-4.0.2.jar;C:\Users\shcarr\.m2\repository\jakarta\el\jakarta.el-api\4.0.0\jakarta.el-api-4.0.0.jar;C:\Users\shcarr\.m2\repository\com\azure\azure-cosmos\4.45.1\azure-cosmos-4.45.1.jar;C:\Users\shcarr\.m2\repository\com\azure\azure-core\1.39.0\azure-core-1.39.0.jar;C:\Users\shcarr\.m2\repository\com\azure\azure-json\1.0.1\azure-json-1.0.1.jar;C:\Users\shcarr\.m2\repository\io\projectreactor\reactor-core\3.4.27\reactor-core-3.4.27.jar;C:\Users\shcarr\.m2\repository\org\reactivestreams\reactive-streams\1.0.4\reactive-streams-1.0.4.jar;C:\Users\shcarr\.m2\repository\com\azure\azure-core-http-netty\1.13.3\azure-core-http-netty-1.13.3.jar;C:\Users\shcarr\.m2\repository\io\netty\netty-handler\4.1.89.Final\netty-handler-4.1.89.Final.jar;C:\Users\shcarr\.m2\repository\io\netty\netty-common\4.1.89.Final\netty-common-4.1.89.Final.jar;C:\Users\shcarr\.m2\repository\io\netty\netty-resolver\4.1.89.Final\netty-resolver-4.1.89.Final.jar;C:\Users\shcarr\.m2\repository\io\netty\netty-transport\4.1.89.Final\netty-transport-4.1.89.Final.jar;C:\Users\shcarr\.m2\repository\io\netty\netty-handler-proxy\4.1.89.Final\netty-handler-proxy-4.1.89.Final.jar;C:\Users\shcarr\.m2\repository\io\netty\netty-codec-socks\4.1.89.Final\netty-codec-socks-4.1.89.Final.jar;C:\Users\shcarr\.m2\repository\io\netty\netty-buffer\4.1.89.Final\netty-buffer-4.1.89.Final.jar;C:\Users\shcarr\.m2\repository\io\netty\netty-codec\4.1.89.Final\netty-codec-4.1.89.Final.jar;C:\Users\shcarr\.m2\repository\io\netty\netty-codec-http\4.1.89.Final\netty-codec-http-4.1.89.Final.jar;C:\Users\shcarr\.m2\repository\io\netty\netty-codec-http2\4.1.89.Final\netty-codec-http2-4.1.89.Final.jar;C:\Users\shcarr\.m2\repository\io\netty\netty-transport-native-unix-common\4.1.89.Final\netty-transport-native-unix-common-4.1.89.Final.jar;C:\Users\shcarr\.m2\repository\io\netty\netty-transport-native-epoll\4.1.89.Final\netty-transport-native-epoll-4.1.89.Final-linux-x86_64.jar;C:\Users\shcarr\.m2\repository\io\netty\netty-transport-classes-epoll\4.1.89.Final\netty-transport-classes-epoll-4.1.89.Final.jar;C:\Users\shcarr\.m2\repository\io\netty\netty-transport-native-kqueue\4.1.89.Final\netty-transport-native-kqueue-4.1.89.Final-osx-x86_64.jar;C:\Users\shcarr\.m2\repository\io\netty\netty-transport-classes-kqueue\4.1.89.Final\netty-transport-classes-kqueue-4.1.89.Final.jar;C:\Users\shcarr\.m2\repository\io\netty\netty-tcnative-boringssl-static\2.0.56.Final\netty-tcnative-boringssl-static-2.0.56.Final.jar;C:\Users\shcarr\.m2\repository\io\netty\netty-tcnative-classes\2.0.56.Final\netty-tcnative-classes-2.0.56.Final.jar;C:\Users\shcarr\.m2\repository\io\netty\netty-tcnative-boringssl-static\2.0.56.Final\netty-tcnative-boringssl-static-2.0.56.Final-linux-x86_64.jar;C:\Users\shcarr\.m2\repository\io\netty\netty-tcnative-boringssl-static\2.0.56.Final\netty-tcnative-boringssl-static-2.0.56.Final-linux-aarch_64.jar;C:\Users\shcarr\.m2\repository\io\netty\netty-tcnative-boringssl-static\2.0.56.Final\netty-tcnative-boringssl-static-2.0.56.Final-osx-x86_64.jar;C:\Users\shcarr\.m2\repository\io\netty\netty-tcnative-boringssl-static\2.0.56.Final\netty-tcnative-boringssl-static-2.0.56.Final-osx-aarch_64.jar;C:\Users\shcarr\.m2\repository\io\netty\netty-tcnative-boringssl-static\2.0.56.Final\netty-tcnative-boringssl-static-2.0.56.Final-windows-x86_64.jar;C:\Users\shcarr\.m2\repository\io\projectreactor\netty\reactor-netty-http\1.0.28\reactor-netty-http-1.0.28.jar;C:\Users\shcarr\.m2\repository\io\netty\netty-resolver-dns\4.1.89.Final\netty-resolver-dns-4.1.89.Final.jar;C:\Users\shcarr\.m2\repository\io\netty\netty-codec-dns\4.1.89.Final\netty-codec-dns-4.1.89.Final.jar;C:\Users\shcarr\.m2\repository\io\netty\netty-resolver-dns-native-macos\4.1.89.Final\netty-resolver-dns-native-macos-4.1.89.Final-osx-x86_64.jar;C:\Users\shcarr\.m2\repository\io\netty\netty-resolver-dns-classes-macos\4.1.89.Final\netty-resolver-dns-classes-macos-4.1.89.Final.jar;C:\Users\shcarr\.m2\repository\io\projectreactor\netty\reactor-netty-core\1.0.28\reactor-netty-core-1.0.28.jar;C:\Users\shcarr\.m2\repository\com\fasterxml\jackson\module\jackson-module-afterburner\2.13.5\jackson-module-afterburner-2.13.5.jar;C:\Users\shcarr\.m2\repository\org\hdrhistogram\HdrHistogram\2.1.12\HdrHistogram-2.1.12.jar;C:\Users\shcarr\.m2\repository\io\micrometer\micrometer-core\1.9.8\micrometer-core-1.9.8.jar;C:\Users\shcarr\.m2\repository\org\latencyutils\LatencyUtils\2.0.3\LatencyUtils-2.0.3.jar;C:\Users\shcarr\.m2\repository\io\dropwizard\dropwizard-jdbi3\4.0.0\dropwizard-jdbi3-4.0.0.jar;C:\Users\shcarr\.m2\repository\io\dropwizard\dropwizard-db\4.0.0\dropwizard-db-4.0.0.jar;C:\Users\shcarr\.m2\repository\org\apache\tomcat\tomcat-jdbc\10.1.7\tomcat-jdbc-10.1.7.jar;C:\Users\shcarr\.m2\repository\org\apache\tomcat\tomcat-juli\10.1.7\tomcat-juli-10.1.7.jar;C:\Users\shcarr\.m2\repository\org\jdbi\jdbi3-core\3.37.1\jdbi3-core-3.37.1.jar;C:\Users\shcarr\.m2\repository\io\leangen\geantyref\geantyref\1.3.14\geantyref-1.3.14.jar;C:\Users\shcarr\.m2\repository\org\jdbi\jdbi3-sqlobject\3.37.1\jdbi3-sqlobject-3.37.1.jar;C:\Users\shcarr\.m2\repository\org\jdbi\jdbi3-guava\3.37.1\jdbi3-guava-3.37.1.jar;C:\Users\shcarr\.m2\repository\io\dropwizard\metrics\metrics-jdbi3\4.2.18\metrics-jdbi3-4.2.18.jar;C:\Users\shcarr\.m2\repository\org\liquibase\liquibase-core\4.8.0\liquibase-core-4.8.0.jar;C:\Users\shcarr\.m2\repository\javax\xml\bind\jaxb-api\2.3.0\jaxb-api-2.3.0.jar;C:\Users\shcarr\.m2\repository\org\testcontainers\postgresql\1.18.3\postgresql-1.18.3.jar;C:\Users\shcarr\.m2\repository\org\testcontainers\jdbc\1.18.3\jdbc-1.18.3.jar;C:\Users\shcarr\.m2\repository\org\testcontainers\database-commons\1.18.3\database-commons-1.18.3.jar;C:\Users\shcarr\.m2\repository\org\testcontainers\azure\1.18.3\azure-1.18.3.jar;C:\Users\shcarr\.m2\repository\org\testcontainers\testcontainers\1.18.1\testcontainers-1.18.1.jar;C:\Users\shcarr\.m2\repository\junit\junit\4.13.2\junit-4.13.2.jar;C:\Users\shcarr\.m2\repository\org\hamcrest\hamcrest-core\1.3\hamcrest-core-1.3.jar;C:\Users\shcarr\.m2\repository\org\apache\commons\commons-compress\1.23.0\commons-compress-1.23.0.jar;C:\Users\shcarr\.m2\repository\org\rnorth\duct-tape\duct-tape\1.0.8\duct-tape-1.0.8.jar;C:\Users\shcarr\.m2\repository\org\jetbrains\annotations\17.0.0\annotations-17.0.0.jar;C:\Users\shcarr\.m2\repository\com\github\docker-java\docker-java-api\3.3.0\docker-java-api-3.3.0.jar;C:\Users\shcarr\.m2\repository\com\github\docker-java\docker-java-transport-zerodep\3.3.0\docker-java-transport-zerodep-3.3.0.jar;C:\Users\shcarr\.m2\repository\com\github\docker-java\docker-java-transport\3.3.0\docker-java-transport-3.3.0.jar;C:\Users\shcarr\.m2\repository\net\java\dev\jna\jna\5.12.1\jna-5.12.1.jar;C:\Users\shcarr\.m2\repository\io\dropwizard\dropwizard-migrations\4.0.0\dropwizard-migrations-4.0.0.jar;C:\Users\shcarr\.m2\repository\com\mattbertolini\liquibase-slf4j\5.0.0\liquibase-slf4j-5.0.0.jar;C:\Users\shcarr\.m2\repository\jakarta\xml\bind\jakarta.xml.bind-api\3.0.1\jakarta.xml.bind-api-3.0.1.jar;C:\Users\shcarr\.m2\repository\com\sun\activation\jakarta.activation\2.0.1\jakarta.activation-2.0.1.jar;C:\Users\shcarr\.m2\repository\org\assertj\assertj-core\3.17.2\assertj-core-3.17.2.jar;C:\Users\shcarr\.m2\repository\io\dropwizard\dropwizard-client\4.0.0\dropwizard-client-4.0.0.jar;C:\Users\shcarr\.m2\repository\org\glassfish\jersey\core\jersey-client\3.0.9\jersey-client-3.0.9.jar;C:\Users\shcarr\.m2\repository\org\apache\httpcomponents\client5\httpclient5\5.2.1\httpclient5-5.2.1.jar;C:\Users\shcarr\.m2\repository\org\apache\httpcomponents\core5\httpcore5-h2\5.2\httpcore5-h2-5.2.jar;C:\Users\shcarr\.m2\repository\org\apache\httpcomponents\core5\httpcore5\5.2.1\httpcore5-5.2.1.jar;C:\Users\shcarr\.m2\repository\io\dropwizard\metrics\metrics-httpclient5\4.2.18\metrics-httpclient5-4.2.18.jar;C:\Users\shcarr\.m2\repository\io\dropwizard\dropwizard-auth\4.0.0\dropwizard-auth-4.0.0.jar;C:\Users\shcarr\.m2\repository\io\dropwizard\metrics\metrics-caffeine\4.2.18\metrics-caffeine-4.2.18.jar;C:\Users\shcarr\.m2\repository\com\github\ben-manes\caffeine\caffeine\3.1.5\caffeine-3.1.5.jar;C:\Users\shcarr\.m2\repository\jakarta\annotation\jakarta.annotation-api\2.0.0\jakarta.annotation-api-2.0.0.jar;C:\Users\shcarr\.m2\repository\org\glassfish\jersey\containers\jersey-container-servlet-core\3.0.9\jersey-container-servlet-core-3.0.9.jar;C:\Users\shcarr\.m2\repository\org\glassfish\jersey\core\jersey-server\3.0.9\jersey-server-3.0.9.jar;C:\Users\shcarr\.m2\repository\org\apache\logging\log4j\log4j-core\2.17.2\log4j-core-2.17.2.jar;C:\Users\shcarr\.m2\repository\org\apache\logging\log4j\log4j-api\2.17.2\log4j-api-2.17.2.jar;C:\Users\shcarr\.m2\repository\com\fasterxml\jackson\core\jackson-core\2.14.2\jackson-core-2.14.2.jar;C:\Users\shcarr\.m2\repository\com\fasterxml\jackson\dataformat\jackson-dataformat-yaml\2.14.2\jackson-dataformat-yaml-2.14.2.jar;C:\Users\shcarr\.m2\repository\org\yaml\snakeyaml\1.33\snakeyaml-1.33.jar;C:\Users\shcarr\.m2\repository\io\dropwizard\dropwizard-testing\4.0.0\dropwizard-testing-4.0.0.jar;C:\Users\shcarr\.m2\repository\com\fasterxml\jackson\datatype\jackson-datatype-guava\2.14.2\jackson-datatype-guava-2.14.2.jar;C:\Users\shcarr\.m2\repository\com\fasterxml\jackson\jakarta\rs\jackson-jakarta-rs-json-provider\2.14.2\jackson-jakarta-rs-json-provider-2.14.2.jar;C:\Users\shcarr\.m2\repository\com\fasterxml\jackson\jakarta\rs\jackson-jakarta-rs-base\2.14.2\jackson-jakarta-rs-base-2.14.2.jar;C:\Users\shcarr\.m2\repository\com\fasterxml\jackson\module\jackson-module-jakarta-xmlbind-annotations\2.14.2\jackson-module-jakarta-xmlbind-annotations-2.14.2.jar;C:\Users\shcarr\.m2\repository\org\eclipse\jetty\jetty-io\11.0.14\jetty-io-11.0.14.jar;C:\Users\shcarr\.m2\repository\org\glassfish\jersey\connectors\jersey-apache5-connector\3.0.9\jersey-apache5-connector-3.0.9.jar;C:\Users\shcarr\.m2\repository\org\glassfish\jersey\test-framework\jersey-test-framework-core\3.0.9\jersey-test-framework-core-3.0.9.jar;C:\Users\shcarr\.m2\repository\org\glassfish\jersey\media\jersey-media-jaxb\3.0.9\jersey-media-jaxb-3.0.9.jar;C:\Users\shcarr\.m2\repository\org\junit\jupiter\junit-jupiter\5.9.1\junit-jupiter-5.9.1.jar;C:\Users\shcarr\.m2\repository\org\junit\jupiter\junit-jupiter-api\5.9.1\junit-jupiter-api-5.9.1.jar;C:\Users\shcarr\.m2\repository\org\opentest4j\opentest4j\1.2.0\opentest4j-1.2.0.jar;C:\Users\shcarr\.m2\repository\org\junit\platform\junit-platform-commons\1.9.1\junit-platform-commons-1.9.1.jar;C:\Users\shcarr\.m2\repository\org\apiguardian\apiguardian-api\1.1.2\apiguardian-api-1.1.2.jar;C:\Users\shcarr\.m2\repository\org\junit\jupiter\junit-jupiter-params\5.9.1\junit-jupiter-params-5.9.1.jar;C:\Users\shcarr\.m2\repository\org\junit\jupiter\junit-jupiter-engine\5.9.1\junit-jupiter-engine-5.9.1.jar;C:\Users\shcarr\.m2\repository\org\junit\platform\junit-platform-engine\1.9.1\junit-platform-engine-1.9.1.jar;C:\Users\shcarr\.m2\repository\org\hamcrest\hamcrest\2.2\hamcrest-2.2.jar;C:\Users\shcarr\.m2\repository\org\glassfish\jersey\test-framework\providers\jersey-test-framework-provider-inmemory\3.0.9\jersey-test-framework-provider-inmemory-3.0.9.jar;C:\Users\shcarr\.m2\repository\jakarta\activation\jakarta.activation-api\2.0.1\jakarta.activation-api-2.0.1.jar;"/>
    <property name="java.vm.vendor" value="Microsoft"/>
    <property name="sun.arch.data.model" value="64"/>
    <property name="user.variant" value=""/>
    <property name="java.vendor.url" value="https://www.microsoft.com"/>
    <property name="user.timezone" value="America/Los_Angeles"/>
    <property name="os.name" value="Windows 11"/>
    <property name="java.vm.specification.version" value="17"/>
    <property name="sun.java.launcher" value="SUN_STANDARD"/>
    <property name="user.country" value="US"/>
    <property name="sun.boot.library.path" value="C:\Program Files\Microsoft\jdk-17.0.2.8-hotspot\bin"/>
    <property name="sun.java.command" value="C:\Users\shcarr\AppData\Local\Temp\surefire7358498516903080669\surefirebooter10399553133115225435.jar C:\Users\shcarr\AppData\Local\Temp\surefire7358498516903080669 2023-06-17T18-08-24_350-jvmRun1 surefire2467369183807170950tmp surefire_013336862220968808392tmp"/>
    <property name="jdk.debug" value="release"/>
    <property name="surefire.test.class.path" value="G:\repo\redisexample\target\test-classes;G:\repo\redisexample\target\classes;C:\Users\shcarr\.m2\repository\io\dropwizard\dropwizard-core\4.0.0\dropwizard-core-4.0.0.jar;C:\Users\shcarr\.m2\repository\io\dropwizard\dropwizard-jackson\4.0.0\dropwizard-jackson-4.0.0.jar;C:\Users\shcarr\.m2\repository\com\fasterxml\jackson\datatype\jackson-datatype-jsr310\2.14.2\jackson-datatype-jsr310-2.14.2.jar;C:\Users\shcarr\.m2\repository\com\fasterxml\jackson\datatype\jackson-datatype-jdk8\2.14.2\jackson-datatype-jdk8-2.14.2.jar;C:\Users\shcarr\.m2\repository\com\fasterxml\jackson\module\jackson-module-parameter-names\2.14.2\jackson-module-parameter-names-2.14.2.jar;C:\Users\shcarr\.m2\repository\com\fasterxml\jackson\module\jackson-module-blackbird\2.14.2\jackson-module-blackbird-2.14.2.jar;C:\Users\shcarr\.m2\repository\io\dropwizard\dropwizard-configuration\4.0.0\dropwizard-configuration-4.0.0.jar;C:\Users\shcarr\.m2\repository\org\apache\commons\commons-text\1.10.0\commons-text-1.10.0.jar;C:\Users\shcarr\.m2\repository\org\apache\commons\commons-lang3\3.12.0\commons-lang3-3.12.0.jar;C:\Users\shcarr\.m2\repository\io\dropwizard\dropwizard-metrics\4.0.0\dropwizard-metrics-4.0.0.jar;C:\Users\shcarr\.m2\repository\io\dropwizard\dropwizard-jersey\4.0.0\dropwizard-jersey-4.0.0.jar;C:\Users\shcarr\.m2\repository\org\glassfish\jersey\ext\jersey-metainf-services\3.0.9\jersey-metainf-services-3.0.9.jar;C:\Users\shcarr\.m2\repository\org\glassfish\jersey\inject\jersey-hk2\3.0.9\jersey-hk2-3.0.9.jar;C:\Users\shcarr\.m2\repository\org\glassfish\hk2\hk2-locator\3.0.3\hk2-locator-3.0.3.jar;C:\Users\shcarr\.m2\repository\org\javassist\javassist\3.29.2-GA\javassist-3.29.2-GA.jar;C:\Users\shcarr\.m2\repository\io\dropwizard\metrics\metrics-jersey3\4.2.18\metrics-jersey3-4.2.18.jar;C:\Users\shcarr\.m2\repository\org\glassfish\hk2\hk2-api\3.0.3\hk2-api-3.0.3.jar;C:\Users\shcarr\.m2\repository\org\glassfish\hk2\hk2-utils\3.0.3\hk2-utils-3.0.3.jar;C:\Users\shcarr\.m2\repository\org\glassfish\hk2\external\aopalliance-repackaged\3.0.3\aopalliance-repackaged-3.0.3.jar;C:\Users\shcarr\.m2\repository\org\glassfish\jersey\containers\jersey-container-servlet\3.0.9\jersey-container-servlet-3.0.9.jar;C:\Users\shcarr\.m2\repository\io\dropwizard\dropwizard-servlets\4.0.0\dropwizard-servlets-4.0.0.jar;C:\Users\shcarr\.m2\repository\io\dropwizard\dropwizard-jetty\4.0.0\dropwizard-jetty-4.0.0.jar;C:\Users\shcarr\.m2\repository\org\eclipse\jetty\jetty-servlets\11.0.14\jetty-servlets-11.0.14.jar;C:\Users\shcarr\.m2\repository\org\eclipse\jetty\jetty-http\11.0.14\jetty-http-11.0.14.jar;C:\Users\shcarr\.m2\repository\io\dropwizard\dropwizard-lifecycle\4.0.0\dropwizard-lifecycle-4.0.0.jar;C:\Users\shcarr\.m2\repository\io\dropwizard\dropwizard-health\4.0.0\dropwizard-health-4.0.0.jar;C:\Users\shcarr\.m2\repository\io\dropwizard\metrics\metrics-core\4.2.18\metrics-core-4.2.18.jar;C:\Users\shcarr\.m2\repository\io\dropwizard\metrics\metrics-annotation\4.2.18\metrics-annotation-4.2.18.jar;C:\Users\shcarr\.m2\repository\io\dropwizard\metrics\metrics-jetty11\4.2.18\metrics-jetty11-4.2.18.jar;C:\Users\shcarr\.m2\repository\io\dropwizard\metrics\metrics-jvm\4.2.18\metrics-jvm-4.2.18.jar;C:\Users\shcarr\.m2\repository\io\dropwizard\metrics\metrics-jmx\4.2.18\metrics-jmx-4.2.18.jar;C:\Users\shcarr\.m2\repository\io\dropwizard\metrics\metrics-jakarta-servlets\4.2.18\metrics-jakarta-servlets-4.2.18.jar;C:\Users\shcarr\.m2\repository\io\dropwizard\metrics\metrics-json\4.2.18\metrics-json-4.2.18.jar;C:\Users\shcarr\.m2\repository\com\helger\profiler\1.1.1\profiler-1.1.1.jar;C:\Users\shcarr\.m2\repository\io\dropwizard\metrics\metrics-healthchecks\4.2.18\metrics-healthchecks-4.2.18.jar;C:\Users\shcarr\.m2\repository\io\dropwizard\dropwizard-request-logging\4.0.0\dropwizard-request-logging-4.0.0.jar;C:\Users\shcarr\.m2\repository\ch\qos\logback\logback-access\1.4.6\logback-access-1.4.6.jar;C:\Users\shcarr\.m2\repository\ch\qos\logback\logback-classic\1.4.6\logback-classic-1.4.6.jar;C:\Users\shcarr\.m2\repository\com\fasterxml\jackson\core\jackson-annotations\2.14.2\jackson-annotations-2.14.2.jar;C:\Users\shcarr\.m2\repository\com\fasterxml\jackson\core\jackson-databind\2.14.2\jackson-databind-2.14.2.jar;C:\Users\shcarr\.m2\repository\org\checkerframework\checker-qual\3.32.0\checker-qual-3.32.0.jar;C:\Users\shcarr\.m2\repository\jakarta\servlet\jakarta.servlet-api\5.0.0\jakarta.servlet-api-5.0.0.jar;C:\Users\shcarr\.m2\repository\jakarta\validation\jakarta.validation-api\3.0.2\jakarta.validation-api-3.0.2.jar;C:\Users\shcarr\.m2\repository\jakarta\ws\rs\jakarta.ws.rs-api\3.0.0\jakarta.ws.rs-api-3.0.0.jar;C:\Users\shcarr\.m2\repository\net\sourceforge\argparse4j\argparse4j\0.9.0\argparse4j-0.9.0.jar;C:\Users\shcarr\.m2\repository\org\eclipse\jetty\jetty-security\11.0.14\jetty-security-11.0.14.jar;C:\Users\shcarr\.m2\repository\org\eclipse\jetty\jetty-server\11.0.14\jetty-server-11.0.14.jar;C:\Users\shcarr\.m2\repository\org\eclipse\jetty\jetty-servlet\11.0.14\jetty-servlet-11.0.14.jar;C:\Users\shcarr\.m2\repository\org\eclipse\jetty\jetty-util\11.0.14\jetty-util-11.0.14.jar;C:\Users\shcarr\.m2\repository\org\eclipse\jetty\toolchain\setuid\jetty-setuid-java\1.0.4\jetty-setuid-java-1.0.4.jar;C:\Users\shcarr\.m2\repository\jakarta\inject\jakarta.inject-api\2.0.1.MR\jakarta.inject-api-2.0.1.MR.jar;C:\Users\shcarr\.m2\repository\org\glassfish\jersey\core\jersey-common\3.0.9\jersey-common-3.0.9.jar;C:\Users\shcarr\.m2\repository\org\glassfish\hk2\osgi-resource-locator\1.0.3\osgi-resource-locator-1.0.3.jar;C:\Users\shcarr\.m2\repository\org\glassfish\jersey\ext\jersey-bean-validation\3.0.9\jersey-bean-validation-3.0.9.jar;C:\Users\shcarr\.m2\repository\org\jboss\logging\jboss-logging\3.4.2.Final\jboss-logging-3.4.2.Final.jar;C:\Users\shcarr\.m2\repository\org\hibernate\validator\hibernate-validator\7.0.5.Final\hibernate-validator-7.0.5.Final.jar;C:\Users\shcarr\.m2\repository\org\slf4j\slf4j-api\2.0.7\slf4j-api-2.0.7.jar;C:\Users\shcarr\.m2\repository\io\dropwizard\dropwizard-logging\4.0.0\dropwizard-logging-4.0.0.jar;C:\Users\shcarr\.m2\repository\io\dropwizard\dropwizard-util\4.0.0\dropwizard-util-4.0.0.jar;C:\Users\shcarr\.m2\repository\io\dropwizard\metrics\metrics-logback\4.2.18\metrics-logback-4.2.18.jar;C:\Users\shcarr\.m2\repository\org\slf4j\jul-to-slf4j\2.0.7\jul-to-slf4j-2.0.7.jar;C:\Users\shcarr\.m2\repository\ch\qos\logback\logback-core\1.4.6\logback-core-1.4.6.jar;C:\Users\shcarr\.m2\repository\com\google\errorprone\error_prone_annotations\2.18.0\error_prone_annotations-2.18.0.jar;C:\Users\shcarr\.m2\repository\io\dropwizard\logback\logback-throttling-appender\1.1.9\logback-throttling-appender-1.1.9.jar;C:\Users\shcarr\.m2\repository\org\slf4j\log4j-over-slf4j\2.0.7\log4j-over-slf4j-2.0.7.jar;C:\Users\shcarr\.m2\repository\org\slf4j\jcl-over-slf4j\2.0.7\jcl-over-slf4j-2.0.7.jar;C:\Users\shcarr\.m2\repository\io\dropwizard\dropwizard-validation\4.0.0\dropwizard-validation-4.0.0.jar;C:\Users\shcarr\.m2\repository\com\fasterxml\classmate\1.5.1\classmate-1.5.1.jar;C:\Users\shcarr\.m2\repository\com\google\guava\guava\31.1-jre\guava-31.1-jre.jar;C:\Users\shcarr\.m2\repository\com\google\guava\failureaccess\1.0.1\failureaccess-1.0.1.jar;C:\Users\shcarr\.m2\repository\com\google\guava\listenablefuture\9999.0-empty-to-avoid-conflict-with-guava\listenablefuture-9999.0-empty-to-avoid-conflict-with-guava.jar;C:\Users\shcarr\.m2\repository\com\google\j2objc\j2objc-annotations\1.3\j2objc-annotations-1.3.jar;C:\Users\shcarr\.m2\repository\org\glassfish\jakarta.el\4.0.2\jakarta.el-4.0.2.jar;C:\Users\shcarr\.m2\repository\jakarta\el\jakarta.el-api\4.0.0\jakarta.el-api-4.0.0.jar;C:\Users\shcarr\.m2\repository\com\azure\azure-cosmos\4.45.1\azure-cosmos-4.45.1.jar;C:\Users\shcarr\.m2\repository\com\azure\azure-core\1.39.0\azure-core-1.39.0.jar;C:\Users\shcarr\.m2\repository\com\azure\azure-json\1.0.1\azure-json-1.0.1.jar;C:\Users\shcarr\.m2\repository\io\projectreactor\reactor-core\3.4.27\reactor-core-3.4.27.jar;C:\Users\shcarr\.m2\repository\org\reactivestreams\reactive-streams\1.0.4\reactive-streams-1.0.4.jar;C:\Users\shcarr\.m2\repository\com\azure\azure-core-http-netty\1.13.3\azure-core-http-netty-1.13.3.jar;C:\Users\shcarr\.m2\repository\io\netty\netty-handler\4.1.89.Final\netty-handler-4.1.89.Final.jar;C:\Users\shcarr\.m2\repository\io\netty\netty-common\4.1.89.Final\netty-common-4.1.89.Final.jar;C:\Users\shcarr\.m2\repository\io\netty\netty-resolver\4.1.89.Final\netty-resolver-4.1.89.Final.jar;C:\Users\shcarr\.m2\repository\io\netty\netty-transport\4.1.89.Final\netty-transport-4.1.89.Final.jar;C:\Users\shcarr\.m2\repository\io\netty\netty-handler-proxy\4.1.89.Final\netty-handler-proxy-4.1.89.Final.jar;C:\Users\shcarr\.m2\repository\io\netty\netty-codec-socks\4.1.89.Final\netty-codec-socks-4.1.89.Final.jar;C:\Users\shcarr\.m2\repository\io\netty\netty-buffer\4.1.89.Final\netty-buffer-4.1.89.Final.jar;C:\Users\shcarr\.m2\repository\io\netty\netty-codec\4.1.89.Final\netty-codec-4.1.89.Final.jar;C:\Users\shcarr\.m2\repository\io\netty\netty-codec-http\4.1.89.Final\netty-codec-http-4.1.89.Final.jar;C:\Users\shcarr\.m2\repository\io\netty\netty-codec-http2\4.1.89.Final\netty-codec-http2-4.1.89.Final.jar;C:\Users\shcarr\.m2\repository\io\netty\netty-transport-native-unix-common\4.1.89.Final\netty-transport-native-unix-common-4.1.89.Final.jar;C:\Users\shcarr\.m2\repository\io\netty\netty-transport-native-epoll\4.1.89.Final\netty-transport-native-epoll-4.1.89.Final-linux-x86_64.jar;C:\Users\shcarr\.m2\repository\io\netty\netty-transport-classes-epoll\4.1.89.Final\netty-transport-classes-epoll-4.1.89.Final.jar;C:\Users\shcarr\.m2\repository\io\netty\netty-transport-native-kqueue\4.1.89.Final\netty-transport-native-kqueue-4.1.89.Final-osx-x86_64.jar;C:\Users\shcarr\.m2\repository\io\netty\netty-transport-classes-kqueue\4.1.89.Final\netty-transport-classes-kqueue-4.1.89.Final.jar;C:\Users\shcarr\.m2\repository\io\netty\netty-tcnative-boringssl-static\2.0.56.Final\netty-tcnative-boringssl-static-2.0.56.Final.jar;C:\Users\shcarr\.m2\repository\io\netty\netty-tcnative-classes\2.0.56.Final\netty-tcnative-classes-2.0.56.Final.jar;C:\Users\shcarr\.m2\repository\io\netty\netty-tcnative-boringssl-static\2.0.56.Final\netty-tcnative-boringssl-static-2.0.56.Final-linux-x86_64.jar;C:\Users\shcarr\.m2\repository\io\netty\netty-tcnative-boringssl-static\2.0.56.Final\netty-tcnative-boringssl-static-2.0.56.Final-linux-aarch_64.jar;C:\Users\shcarr\.m2\repository\io\netty\netty-tcnative-boringssl-static\2.0.56.Final\netty-tcnative-boringssl-static-2.0.56.Final-osx-x86_64.jar;C:\Users\shcarr\.m2\repository\io\netty\netty-tcnative-boringssl-static\2.0.56.Final\netty-tcnative-boringssl-static-2.0.56.Final-osx-aarch_64.jar;C:\Users\shcarr\.m2\repository\io\netty\netty-tcnative-boringssl-static\2.0.56.Final\netty-tcnative-boringssl-static-2.0.56.Final-windows-x86_64.jar;C:\Users\shcarr\.m2\repository\io\projectreactor\netty\reactor-netty-http\1.0.28\reactor-netty-http-1.0.28.jar;C:\Users\shcarr\.m2\repository\io\netty\netty-resolver-dns\4.1.89.Final\netty-resolver-dns-4.1.89.Final.jar;C:\Users\shcarr\.m2\repository\io\netty\netty-codec-dns\4.1.89.Final\netty-codec-dns-4.1.89.Final.jar;C:\Users\shcarr\.m2\repository\io\netty\netty-resolver-dns-native-macos\4.1.89.Final\netty-resolver-dns-native-macos-4.1.89.Final-osx-x86_64.jar;C:\Users\shcarr\.m2\repository\io\netty\netty-resolver-dns-classes-macos\4.1.89.Final\netty-resolver-dns-classes-macos-4.1.89.Final.jar;C:\Users\shcarr\.m2\repository\io\projectreactor\netty\reactor-netty-core\1.0.28\reactor-netty-core-1.0.28.jar;C:\Users\shcarr\.m2\repository\com\fasterxml\jackson\module\jackson-module-afterburner\2.13.5\jackson-module-afterburner-2.13.5.jar;C:\Users\shcarr\.m2\repository\org\hdrhistogram\HdrHistogram\2.1.12\HdrHistogram-2.1.12.jar;C:\Users\shcarr\.m2\repository\io\micrometer\micrometer-core\1.9.8\micrometer-core-1.9.8.jar;C:\Users\shcarr\.m2\repository\org\latencyutils\LatencyUtils\2.0.3\LatencyUtils-2.0.3.jar;C:\Users\shcarr\.m2\repository\io\dropwizard\dropwizard-jdbi3\4.0.0\dropwizard-jdbi3-4.0.0.jar;C:\Users\shcarr\.m2\repository\io\dropwizard\dropwizard-db\4.0.0\dropwizard-db-4.0.0.jar;C:\Users\shcarr\.m2\repository\org\apache\tomcat\tomcat-jdbc\10.1.7\tomcat-jdbc-10.1.7.jar;C:\Users\shcarr\.m2\repository\org\apache\tomcat\tomcat-juli\10.1.7\tomcat-juli-10.1.7.jar;C:\Users\shcarr\.m2\repository\org\jdbi\jdbi3-core\3.37.1\jdbi3-core-3.37.1.jar;C:\Users\shcarr\.m2\repository\io\leangen\geantyref\geantyref\1.3.14\geantyref-1.3.14.jar;C:\Users\shcarr\.m2\repository\org\jdbi\jdbi3-sqlobject\3.37.1\jdbi3-sqlobject-3.37.1.jar;C:\Users\shcarr\.m2\repository\org\jdbi\jdbi3-guava\3.37.1\jdbi3-guava-3.37.1.jar;C:\Users\shcarr\.m2\repository\io\dropwizard\metrics\metrics-jdbi3\4.2.18\metrics-jdbi3-4.2.18.jar;C:\Users\shcarr\.m2\repository\org\liquibase\liquibase-core\4.8.0\liquibase-core-4.8.0.jar;C:\Users\shcarr\.m2\repository\javax\xml\bind\jaxb-api\2.3.0\jaxb-api-2.3.0.jar;C:\Users\shcarr\.m2\repository\org\testcontainers\postgresql\1.18.3\postgresql-1.18.3.jar;C:\Users\shcarr\.m2\repository\org\testcontainers\jdbc\1.18.3\jdbc-1.18.3.jar;C:\Users\shcarr\.m2\repository\org\testcontainers\database-commons\1.18.3\database-commons-1.18.3.jar;C:\Users\shcarr\.m2\repository\org\testcontainers\azure\1.18.3\azure-1.18.3.jar;C:\Users\shcarr\.m2\repository\org\testcontainers\testcontainers\1.18.1\testcontainers-1.18.1.jar;C:\Users\shcarr\.m2\repository\junit\junit\4.13.2\junit-4.13.2.jar;C:\Users\shcarr\.m2\repository\org\hamcrest\hamcrest-core\1.3\hamcrest-core-1.3.jar;C:\Users\shcarr\.m2\repository\org\apache\commons\commons-compress\1.23.0\commons-compress-1.23.0.jar;C:\Users\shcarr\.m2\repository\org\rnorth\duct-tape\duct-tape\1.0.8\duct-tape-1.0.8.jar;C:\Users\shcarr\.m2\repository\org\jetbrains\annotations\17.0.0\annotations-17.0.0.jar;C:\Users\shcarr\.m2\repository\com\github\docker-java\docker-java-api\3.3.0\docker-java-api-3.3.0.jar;C:\Users\shcarr\.m2\repository\com\github\docker-java\docker-java-transport-zerodep\3.3.0\docker-java-transport-zerodep-3.3.0.jar;C:\Users\shcarr\.m2\repository\com\github\docker-java\docker-java-transport\3.3.0\docker-java-transport-3.3.0.jar;C:\Users\shcarr\.m2\repository\net\java\dev\jna\jna\5.12.1\jna-5.12.1.jar;C:\Users\shcarr\.m2\repository\io\dropwizard\dropwizard-migrations\4.0.0\dropwizard-migrations-4.0.0.jar;C:\Users\shcarr\.m2\repository\com\mattbertolini\liquibase-slf4j\5.0.0\liquibase-slf4j-5.0.0.jar;C:\Users\shcarr\.m2\repository\jakarta\xml\bind\jakarta.xml.bind-api\3.0.1\jakarta.xml.bind-api-3.0.1.jar;C:\Users\shcarr\.m2\repository\com\sun\activation\jakarta.activation\2.0.1\jakarta.activation-2.0.1.jar;C:\Users\shcarr\.m2\repository\org\assertj\assertj-core\3.17.2\assertj-core-3.17.2.jar;C:\Users\shcarr\.m2\repository\io\dropwizard\dropwizard-client\4.0.0\dropwizard-client-4.0.0.jar;C:\Users\shcarr\.m2\repository\org\glassfish\jersey\core\jersey-client\3.0.9\jersey-client-3.0.9.jar;C:\Users\shcarr\.m2\repository\org\apache\httpcomponents\client5\httpclient5\5.2.1\httpclient5-5.2.1.jar;C:\Users\shcarr\.m2\repository\org\apache\httpcomponents\core5\httpcore5-h2\5.2\httpcore5-h2-5.2.jar;C:\Users\shcarr\.m2\repository\org\apache\httpcomponents\core5\httpcore5\5.2.1\httpcore5-5.2.1.jar;C:\Users\shcarr\.m2\repository\io\dropwizard\metrics\metrics-httpclient5\4.2.18\metrics-httpclient5-4.2.18.jar;C:\Users\shcarr\.m2\repository\io\dropwizard\dropwizard-auth\4.0.0\dropwizard-auth-4.0.0.jar;C:\Users\shcarr\.m2\repository\io\dropwizard\metrics\metrics-caffeine\4.2.18\metrics-caffeine-4.2.18.jar;C:\Users\shcarr\.m2\repository\com\github\ben-manes\caffeine\caffeine\3.1.5\caffeine-3.1.5.jar;C:\Users\shcarr\.m2\repository\jakarta\annotation\jakarta.annotation-api\2.0.0\jakarta.annotation-api-2.0.0.jar;C:\Users\shcarr\.m2\repository\org\glassfish\jersey\containers\jersey-container-servlet-core\3.0.9\jersey-container-servlet-core-3.0.9.jar;C:\Users\shcarr\.m2\repository\org\glassfish\jersey\core\jersey-server\3.0.9\jersey-server-3.0.9.jar;C:\Users\shcarr\.m2\repository\org\apache\logging\log4j\log4j-core\2.17.2\log4j-core-2.17.2.jar;C:\Users\shcarr\.m2\repository\org\apache\logging\log4j\log4j-api\2.17.2\log4j-api-2.17.2.jar;C:\Users\shcarr\.m2\repository\com\fasterxml\jackson\core\jackson-core\2.14.2\jackson-core-2.14.2.jar;C:\Users\shcarr\.m2\repository\com\fasterxml\jackson\dataformat\jackson-dataformat-yaml\2.14.2\jackson-dataformat-yaml-2.14.2.jar;C:\Users\shcarr\.m2\repository\org\yaml\snakeyaml\1.33\snakeyaml-1.33.jar;C:\Users\shcarr\.m2\repository\io\dropwizard\dropwizard-testing\4.0.0\dropwizard-testing-4.0.0.jar;C:\Users\shcarr\.m2\repository\com\fasterxml\jackson\datatype\jackson-datatype-guava\2.14.2\jackson-datatype-guava-2.14.2.jar;C:\Users\shcarr\.m2\repository\com\fasterxml\jackson\jakarta\rs\jackson-jakarta-rs-json-provider\2.14.2\jackson-jakarta-rs-json-provider-2.14.2.jar;C:\Users\shcarr\.m2\repository\com\fasterxml\jackson\jakarta\rs\jackson-jakarta-rs-base\2.14.2\jackson-jakarta-rs-base-2.14.2.jar;C:\Users\shcarr\.m2\repository\com\fasterxml\jackson\module\jackson-module-jakarta-xmlbind-annotations\2.14.2\jackson-module-jakarta-xmlbind-annotations-2.14.2.jar;C:\Users\shcarr\.m2\repository\org\eclipse\jetty\jetty-io\11.0.14\jetty-io-11.0.14.jar;C:\Users\shcarr\.m2\repository\org\glassfish\jersey\connectors\jersey-apache5-connector\3.0.9\jersey-apache5-connector-3.0.9.jar;C:\Users\shcarr\.m2\repository\org\glassfish\jersey\test-framework\jersey-test-framework-core\3.0.9\jersey-test-framework-core-3.0.9.jar;C:\Users\shcarr\.m2\repository\org\glassfish\jersey\media\jersey-media-jaxb\3.0.9\jersey-media-jaxb-3.0.9.jar;C:\Users\shcarr\.m2\repository\org\junit\jupiter\junit-jupiter\5.9.1\junit-jupiter-5.9.1.jar;C:\Users\shcarr\.m2\repository\org\junit\jupiter\junit-jupiter-api\5.9.1\junit-jupiter-api-5.9.1.jar;C:\Users\shcarr\.m2\repository\org\opentest4j\opentest4j\1.2.0\opentest4j-1.2.0.jar;C:\Users\shcarr\.m2\repository\org\junit\platform\junit-platform-commons\1.9.1\junit-platform-commons-1.9.1.jar;C:\Users\shcarr\.m2\repository\org\apiguardian\apiguardian-api\1.1.2\apiguardian-api-1.1.2.jar;C:\Users\shcarr\.m2\repository\org\junit\jupiter\junit-jupiter-params\5.9.1\junit-jupiter-params-5.9.1.jar;C:\Users\shcarr\.m2\repository\org\junit\jupiter\junit-jupiter-engine\5.9.1\junit-jupiter-engine-5.9.1.jar;C:\Users\shcarr\.m2\repository\org\junit\platform\junit-platform-engine\1.9.1\junit-platform-engine-1.9.1.jar;C:\Users\shcarr\.m2\repository\org\hamcrest\hamcrest\2.2\hamcrest-2.2.jar;C:\Users\shcarr\.m2\repository\org\glassfish\jersey\test-framework\providers\jersey-test-framework-provider-inmemory\3.0.9\jersey-test-framework-provider-inmemory-3.0.9.jar;C:\Users\shcarr\.m2\repository\jakarta\activation\jakarta.activation-api\2.0.1\jakarta.activation-api-2.0.1.jar;"/>
    <property name="sun.cpu.endian" value="little"/>
    <property name="user.home" value="C:\Users\shcarr"/>
    <property name="user.language" value="en"/>
    <property name="java.specification.vendor" value="Oracle Corporation"/>
    <property name="surefire.useFile" value="false"/>
    <property name="java.version.date" value="2022-01-18"/>
    <property name="java.home" value="C:\Program Files\Microsoft\jdk-17.0.2.8-hotspot"/>
    <property name="file.separator" value="\"/>
    <property name="basedir" value="G:\repo\redisexample"/>
    <property name="java.vm.compressedOopsMode" value="Zero based"/>
    <property name="line.separator" value="&#10;"/>
    <property name="java.vm.specification.vendor" value="Oracle Corporation"/>
    <property name="java.specification.name" value="Java Platform API Specification"/>
    <property name="surefire.real.class.path" value="C:\Users\shcarr\AppData\Local\Temp\surefire7358498516903080669\surefirebooter10399553133115225435.jar"/>
    <property name="user.script" value=""/>
    <property name="sun.management.compiler" value="HotSpot 64-Bit Tiered Compilers"/>
    <property name="java.runtime.version" value="17.0.2+8-LTS"/>
    <property name="user.name" value="shcarr"/>
    <property name="path.separator" value=";"/>
    <property name="os.version" value="10.0"/>
    <property name="java.runtime.name" value="OpenJDK Runtime Environment"/>
    <property name="file.encoding" value="Cp1252"/>
    <property name="java.vm.name" value="OpenJDK 64-Bit Server VM"/>
    <property name="java.vendor.version" value="Microsoft-30338"/>
    <property name="localRepository" value="C:\Users\shcarr\.m2\repository"/>
    <property name="java.vendor.url.bug" value="https://github.com/microsoft/openjdk/issues"/>
    <property name="java.io.tmpdir" value="C:\Users\shcarr\AppData\Local\Temp\"/>
    <property name="java.version" value="17.0.2"/>
    <property name="user.dir" value="G:\repo\redisexample"/>
    <property name="os.arch" value="amd64"/>
    <property name="java.vm.specification.name" value="Java Virtual Machine Specification"/>
    <property name="sun.os.patch.level" value=""/>
    <property name="native.encoding" value="Cp1252"/>
    <property name="java.library.path" value="C:\Program Files\Microsoft\jdk-17.0.2.8-hotspot\bin;C:\WINDOWS\Sun\Java\bin;C:\WINDOWS\system32;C:\WINDOWS;C:\Users\shcarr\AppData\Local\cloud-code\installer\google-cloud-sdk\bin;C:\Program Files\ConEmu;C:\Program Files\ConEmu\ConEmu;C:\Users\shcarr\JEnv-for-Windows;C:\Program Files\Eclipse Adoptium\jdk-17.0.7.7-hotspot\bin;C:\Program Files (x86)\Microsoft SDKs\Azure\CLI2\wbin;C:\Program Files\Zulu\zulu-8\bin\;C:\WINDOWS\system32;C:\WINDOWS;C:\WINDOWS\System32\Wbem;C:\WINDOWS\System32\WindowsPowerShell\v1.0\;C:\WINDOWS\System32\OpenSSH\;C:\ProgramData\chocolatey\bin;C:\ProgramData\chocolatey\lib\maven\apache-maven-3.8.6;C:\ProgramData\chocolatey\lib\maven\apache-maven-3.8.6\bin;C:\Program Files\Microsoft SQL Server\Client SDK\ODBC\170\Tools\Binn\;C:\WINDOWS\system32;C:\WINDOWS;C:\WINDOWS\System32\Wbem;C:\WINDOWS\System32\WindowsPowerShell\v1.0\;C:\WINDOWS\System32\OpenSSH\;C:\Program Files\NVIDIA Corporation\NVIDIA NvDLISR;C:\Program Files\dotnet\;C:\Program Files\Git\cmd;C:\Program Files\Docker\Docker\resources\bin;C:\Program Files\Microsoft SQL Server\150\Tools\Binn\;C:\Users\shcarr\AppData\Local\Microsoft\WindowsApps;C:\Users\shcarr\AppData\Local\JetBrains\Toolbox\scripts;C:\Users\shcarr\.dotnet\tools;C:\Users\shcarr\AppData\Local\Programs\Fiddler;C:\Users\shcarr\AppData\Local\Microsoft\WindowsApps;C:\Users\shcarr\AppData\Local\Programs\Microsoft VS Code\bin;C:\Users\shcarr\AppData\Local\GitHubDesktop\bin;C:\Users\shcarr\.dotnet\tools;C:\Users\shcarr\.dotnet\tools;C:\Users\shcarr\.dotnet\tools;C:\Users\shcarr\.dotnet\tools;."/>
    <property name="java.vm.info" value="mixed mode, sharing"/>
    <property name="java.vendor" value="Microsoft"/>
    <property name="java.vm.version" value="17.0.2+8-LTS"/>
    <property name="sun.io.unicode.encoding" value="UnicodeLittle"/>
    <property name="java.class.version" value="61.0"/>
  </properties>
  <testcase name="com.jersey.resources.EmployeeResourceCosmosTest" classname="com.jersey.resources.EmployeeResourceCosmosTest" time="31.605">
    <error message="Client initialization failed. Check if the endpoint is reachable and if your auth token is valid. More info: https://aka.ms/cosmosdb-tsg-service-unavailable-java" type="java.lang.RuntimeException">java.lang.RuntimeException: Client initialization failed. Check if the endpoint is reachable and if your auth token is valid. More info: https://aka.ms/cosmosdb-tsg-service-unavailable-java
</error>
    <system-out><![CDATA[18:08:25.116 [main] DEBUG org.testcontainers.utility.TestcontainersConfiguration -- Testcontainers configuration overrides will be loaded from file:/C:/Users/shcarr/.testcontainers.properties
18:08:25.119 [main] INFO org.testcontainers.utility.ImageNameSubstitutor -- Image name substitution will be performed by: DefaultImageNameSubstitutor (composite of 'ConfigurationFileImageNameSubstitutor' and 'PrefixingImageNameSubstitutor')
18:08:25.215 [main] INFO org.testcontainers.dockerclient.DockerClientProviderStrategy -- Loaded org.testcontainers.dockerclient.NpipeSocketClientProviderStrategy from ~/.testcontainers.properties, will try it first
18:08:25.216 [main] DEBUG org.testcontainers.dockerclient.DockerClientProviderStrategy -- Trying out strategy: NpipeSocketClientProviderStrategy
18:08:25.295 [main] DEBUG org.testcontainers.shaded.com.github.dockerjava.core.command.AbstrDockerCmd -- Cmd: 
18:08:25.309 [main] DEBUG com.github.dockerjava.zerodep.shaded.org.apache.hc.client5.http.impl.classic.InternalHttpClient -- ex-00000001: preparing request execution
18:08:25.311 [main] DEBUG com.github.dockerjava.zerodep.shaded.org.apache.hc.client5.http.protocol.RequestAddCookies -- Cookie spec selected: strict
18:08:25.314 [main] DEBUG com.github.dockerjava.zerodep.shaded.org.apache.hc.client5.http.protocol.RequestAuthCache -- Auth cache not set in the context
18:08:25.314 [main] DEBUG com.github.dockerjava.zerodep.shaded.org.apache.hc.client5.http.impl.classic.ProtocolExec -- ex-00000001: target auth state: UNCHALLENGED
18:08:25.314 [main] DEBUG com.github.dockerjava.zerodep.shaded.org.apache.hc.client5.http.impl.classic.ProtocolExec -- ex-00000001: proxy auth state: UNCHALLENGED
18:08:25.314 [main] DEBUG com.github.dockerjava.zerodep.shaded.org.apache.hc.client5.http.impl.classic.ConnectExec -- ex-00000001: acquiring connection with route {}->npipe://localhost:2375
18:08:25.314 [main] DEBUG com.github.dockerjava.zerodep.shaded.org.apache.hc.client5.http.impl.classic.InternalHttpClient -- ex-00000001: acquiring endpoint (3 MINUTES)
18:08:25.315 [main] DEBUG com.github.dockerjava.zerodep.shaded.org.apache.hc.client5.http.impl.io.PoolingHttpClientConnectionManager -- ex-00000001: endpoint lease request (3 MINUTES) [route: {}->npipe://localhost:2375][total available: 0; route allocated: 0 of 2147483647; total allocated: 0 of 2147483647]
18:08:25.316 [main] DEBUG com.github.dockerjava.zerodep.shaded.org.apache.hc.client5.http.impl.io.PoolingHttpClientConnectionManager -- ex-00000001: endpoint leased [route: {}->npipe://localhost:2375][total available: 0; route allocated: 1 of 2147483647; total allocated: 1 of 2147483647]
18:08:25.320 [main] DEBUG com.github.dockerjava.zerodep.shaded.org.apache.hc.client5.http.impl.io.PoolingHttpClientConnectionManager -- ex-00000001: acquired ep-00000000
18:08:25.320 [main] DEBUG com.github.dockerjava.zerodep.shaded.org.apache.hc.client5.http.impl.classic.InternalHttpClient -- ex-00000001: acquired endpoint ep-00000000
18:08:25.320 [main] DEBUG com.github.dockerjava.zerodep.shaded.org.apache.hc.client5.http.impl.classic.ConnectExec -- ex-00000001: opening connection {}->npipe://localhost:2375
18:08:25.320 [main] DEBUG com.github.dockerjava.zerodep.shaded.org.apache.hc.client5.http.impl.classic.InternalHttpClient -- ep-00000000: connecting endpoint (3 MINUTES)
18:08:25.320 [main] DEBUG com.github.dockerjava.zerodep.shaded.org.apache.hc.client5.http.impl.io.PoolingHttpClientConnectionManager -- ep-00000000: connecting endpoint to npipe://localhost:2375 (3 MINUTES)
18:08:25.322 [main] DEBUG com.github.dockerjava.zerodep.shaded.org.apache.hc.client5.http.impl.io.DefaultHttpClientConnectionOperator -- http-outgoing-0: connecting to localhost/127.0.0.1:2375
18:08:25.323 [main] DEBUG com.github.dockerjava.zerodep.shaded.org.apache.hc.client5.http.impl.io.DefaultHttpClientConnectionOperator -- http-outgoing-0: connection established 
18:08:25.323 [main] DEBUG com.github.dockerjava.zerodep.shaded.org.apache.hc.client5.http.impl.io.PoolingHttpClientConnectionManager -- ep-00000000: connected http-outgoing-0
18:08:25.323 [main] DEBUG com.github.dockerjava.zerodep.shaded.org.apache.hc.client5.http.impl.classic.InternalHttpClient -- ep-00000000: endpoint connected
18:08:25.323 [main] DEBUG com.github.dockerjava.zerodep.shaded.org.apache.hc.client5.http.impl.classic.MainClientExec -- ex-00000001: executing GET /v1.32/info HTTP/1.1
18:08:25.324 [main] DEBUG com.github.dockerjava.zerodep.shaded.org.apache.hc.client5.http.impl.classic.InternalHttpClient -- ep-00000000: start execution ex-00000001
18:08:25.324 [main] DEBUG com.github.dockerjava.zerodep.shaded.org.apache.hc.client5.http.impl.io.PoolingHttpClientConnectionManager -- ep-00000000: executing exchange ex-00000001 over http-outgoing-0
18:08:25.324 [main] DEBUG com.github.dockerjava.zerodep.shaded.org.apache.hc.client5.http.headers -- http-outgoing-0 >> GET /v1.32/info HTTP/1.1
18:08:25.324 [main] DEBUG com.github.dockerjava.zerodep.shaded.org.apache.hc.client5.http.headers -- http-outgoing-0 >> x-tc-sid: e0f64824-65da-49ef-ad69-afd5bd4a2a5f
18:08:25.324 [main] DEBUG com.github.dockerjava.zerodep.shaded.org.apache.hc.client5.http.headers -- http-outgoing-0 >> Accept-Encoding: gzip, x-gzip, deflate
18:08:25.324 [main] DEBUG com.github.dockerjava.zerodep.shaded.org.apache.hc.client5.http.headers -- http-outgoing-0 >> Host: localhost:2375
18:08:25.324 [main] DEBUG com.github.dockerjava.zerodep.shaded.org.apache.hc.client5.http.headers -- http-outgoing-0 >> Connection: keep-alive
18:08:25.324 [main] DEBUG com.github.dockerjava.zerodep.shaded.org.apache.hc.client5.http.headers -- http-outgoing-0 >> User-Agent: Apache-HttpClient/5.0.3 (Java/17.0.2)
18:08:25.324 [main] DEBUG com.github.dockerjava.zerodep.shaded.org.apache.hc.client5.http.wire -- http-outgoing-0 >> "GET /v1.32/info HTTP/1.1[\r][\n]"
18:08:25.324 [main] DEBUG com.github.dockerjava.zerodep.shaded.org.apache.hc.client5.http.wire -- http-outgoing-0 >> "x-tc-sid: e0f64824-65da-49ef-ad69-afd5bd4a2a5f[\r][\n]"
18:08:25.324 [main] DEBUG com.github.dockerjava.zerodep.shaded.org.apache.hc.client5.http.wire -- http-outgoing-0 >> "Accept-Encoding: gzip, x-gzip, deflate[\r][\n]"
18:08:25.324 [main] DEBUG com.github.dockerjava.zerodep.shaded.org.apache.hc.client5.http.wire -- http-outgoing-0 >> "Host: localhost:2375[\r][\n]"
18:08:25.324 [main] DEBUG com.github.dockerjava.zerodep.shaded.org.apache.hc.client5.http.wire -- http-outgoing-0 >> "Connection: keep-alive[\r][\n]"
18:08:25.324 [main] DEBUG com.github.dockerjava.zerodep.shaded.org.apache.hc.client5.http.wire -- http-outgoing-0 >> "User-Agent: Apache-HttpClient/5.0.3 (Java/17.0.2)[\r][\n]"
18:08:25.324 [main] DEBUG com.github.dockerjava.zerodep.shaded.org.apache.hc.client5.http.wire -- http-outgoing-0 >> "[\r][\n]"
18:08:25.330 [main] DEBUG com.github.dockerjava.zerodep.shaded.org.apache.hc.client5.http.wire -- http-outgoing-0 << "HTTP/1.1 200 OK[\r][\n]"
18:08:25.330 [main] DEBUG com.github.dockerjava.zerodep.shaded.org.apache.hc.client5.http.wire -- http-outgoing-0 << "Api-Version: 1.43[\r][\n]"
18:08:25.330 [main] DEBUG com.github.dockerjava.zerodep.shaded.org.apache.hc.client5.http.wire -- http-outgoing-0 << "Content-Type: application/json[\r][\n]"
18:08:25.330 [main] DEBUG com.github.dockerjava.zerodep.shaded.org.apache.hc.client5.http.wire -- http-outgoing-0 << "Date: Sun, 18 Jun 2023 01:08:25 GMT[\r][\n]"
18:08:25.330 [main] DEBUG com.github.dockerjava.zerodep.shaded.org.apache.hc.client5.http.wire -- http-outgoing-0 << "Docker-Experimental: false[\r][\n]"
18:08:25.330 [main] DEBUG com.github.dockerjava.zerodep.shaded.org.apache.hc.client5.http.wire -- http-outgoing-0 << "Ostype: linux[\r][\n]"
18:08:25.330 [main] DEBUG com.github.dockerjava.zerodep.shaded.org.apache.hc.client5.http.wire -- http-outgoing-0 << "Server: Docker/24.0.2 (linux)[\r][\n]"
18:08:25.330 [main] DEBUG com.github.dockerjava.zerodep.shaded.org.apache.hc.client5.http.wire -- http-outgoing-0 << "Transfer-Encoding: chunked[\r][\n]"
18:08:25.331 [main] DEBUG com.github.dockerjava.zerodep.shaded.org.apache.hc.client5.http.wire -- http-outgoing-0 << "[\r][\n]"
18:08:25.332 [main] DEBUG com.github.dockerjava.zerodep.shaded.org.apache.hc.client5.http.headers -- http-outgoing-0 << HTTP/1.1 200 OK
18:08:25.332 [main] DEBUG com.github.dockerjava.zerodep.shaded.org.apache.hc.client5.http.headers -- http-outgoing-0 << Api-Version: 1.43
18:08:25.332 [main] DEBUG com.github.dockerjava.zerodep.shaded.org.apache.hc.client5.http.headers -- http-outgoing-0 << Content-Type: application/json
18:08:25.332 [main] DEBUG com.github.dockerjava.zerodep.shaded.org.apache.hc.client5.http.headers -- http-outgoing-0 << Date: Sun, 18 Jun 2023 01:08:25 GMT
18:08:25.332 [main] DEBUG com.github.dockerjava.zerodep.shaded.org.apache.hc.client5.http.headers -- http-outgoing-0 << Docker-Experimental: false
18:08:25.332 [main] DEBUG com.github.dockerjava.zerodep.shaded.org.apache.hc.client5.http.headers -- http-outgoing-0 << Ostype: linux
18:08:25.332 [main] DEBUG com.github.dockerjava.zerodep.shaded.org.apache.hc.client5.http.headers -- http-outgoing-0 << Server: Docker/24.0.2 (linux)
18:08:25.332 [main] DEBUG com.github.dockerjava.zerodep.shaded.org.apache.hc.client5.http.headers -- http-outgoing-0 << Transfer-Encoding: chunked
18:08:25.334 [main] DEBUG com.github.dockerjava.zerodep.shaded.org.apache.hc.client5.http.impl.classic.MainClientExec -- ex-00000001: connection can be kept alive for 3 MINUTES
18:08:25.335 [main] DEBUG com.github.dockerjava.zerodep.shaded.org.apache.hc.client5.http.wire -- http-outgoing-0 << "a5f[\r][\n]"
18:08:25.336 [main] DEBUG com.github.dockerjava.zerodep.shaded.org.apache.hc.client5.http.wire -- http-outgoing-0 << "{"ID":"fdfcf0e4-095b-4d52-b25f-04a7b3fd4a0a","Containers":0,"ContainersRunning":0,"ContainersPaused":0,"ContainersStopped":0,"Images":3,"Driver":"overlay2","DriverStatus":[["Backing Filesystem","extfs"],["Supports d_type","true"],["Using metacopy","false"],["Native Overlay Diff","true"],["userxattr","false"]],"Plugins":{"Volume":["local"],"Network":["bridge","host","ipvlan","macvlan","null","overlay"],"Authorization":null,"Log":["awslogs","fluentd","gcplogs","gelf","journald","json-file","local","logentries","splunk","syslog"]},"MemoryLimit":true,"SwapLimit":true,"KernelMemory":true,"KernelMemoryTCP":true,"CpuCfsPeriod":true,"CpuCfsQuota":true,"CPUShares":true,"CPUSet":true,"PidsLimit":true,"IPv4Forwarding":true,"BridgeNfIptables":true,"BridgeNfIp6tables":true,"Debug":false,"NFd":52,"OomKillDisable":true,"NGoroutines":83,"SystemTime":"2023-06-18T01:08:25.32702151Z","LoggingDriver":"json-file","CgroupDriver":"cgroupfs","CgroupVersion":"1","NEventsListener":16,"KernelVersion":"5.15.90.1-microsoft-standard-WSL2","OperatingSystem":"Docker Desktop","OSVersion":"","OSType":"linux","Architecture":"x86_64","IndexServerAddress":"https://index.docker.io/v1/","RegistryConfig":{"AllowNondistributableArtifactsCIDRs":null,"AllowNondistributableArtifactsHostnames":null,"InsecureRegistryCIDRs":["127.0.0.0/8"],"IndexConfigs":{"docker.io":{"Name":"docker.io","Mirrors":[],"Secure":true,"Official":true},"hubproxy.docker.internal:5555":{"Name":"hubproxy.docker.internal:5555","Mirrors":[],"Secure":false,"Official":false}},"Mirrors":null},"NCPU":32,"MemTotal":67345637376,"GenericResources":null,"DockerRootDir":"/var/lib/docker","HttpProxy":"http.docker.internal:3128","HttpsProxy":"http.docker.internal:3128","NoProxy":"hubproxy.docker.internal","Name":"docker-desktop","Labels":[],"ExperimentalBuild":false,"ServerVersion":"24.0.2","Runtimes":{"io.containerd.runc.v2":{"path":"runc"},"runc":{"path":"runc"}},"DefaultRuntime":"runc","Swarm":{"NodeID":"","NodeAddr":"","LocalNodeState":"inactive","ControlAvailable":false,"Error":"","RemoteManagers":null},"LiveRestoreEnabled":false,"Isolation":"","InitBinary":"docker-init","ContainerdCommit":{"ID":"3dce8eb055cbb6872793272b4f20ed16117344f8","Expected":"3dce8eb055cbb6872793272b4f20ed16117344f8"},"RuncCommit":{"ID":"v1.1.7-0-g860f061","Expected":"v1.1.7-0-g860f061"},"InitCommit":{"ID":"de40ad0","Expected":"de40ad0"},"SecurityOptions":["name=seccomp,profile=builtin"],"Warnings":["WARNING: No blkio throttle.read_bps_device support","WARNING: No blkio throttle.write_bps_device support","WARNING: No blkio throttle.read_iops_device support","WARNING: No blkio throttle.write_iops_device support"]}[\n]"
18:08:25.336 [main] DEBUG com.github.dockerjava.zerodep.shaded.org.apache.hc.client5.http.wire -- http-outgoing-0 << "[\r][\n]"
18:08:25.336 [main] DEBUG com.github.dockerjava.zerodep.shaded.org.apache.hc.client5.http.wire -- http-outgoing-0 << "0[\r][\n]"
18:08:25.336 [main] DEBUG com.github.dockerjava.zerodep.shaded.org.apache.hc.client5.http.wire -- http-outgoing-0 << "[\r][\n]"
18:08:25.364 [main] DEBUG com.github.dockerjava.zerodep.shaded.org.apache.hc.client5.http.impl.classic.InternalHttpClient -- ep-00000000: releasing valid endpoint
18:08:25.364 [main] DEBUG com.github.dockerjava.zerodep.shaded.org.apache.hc.client5.http.impl.io.PoolingHttpClientConnectionManager -- ep-00000000: releasing endpoint
18:08:25.364 [main] DEBUG com.github.dockerjava.zerodep.shaded.org.apache.hc.client5.http.impl.io.PoolingHttpClientConnectionManager -- ep-00000000: connection http-outgoing-0 can be kept alive for 3 MINUTES
18:08:25.364 [main] DEBUG com.github.dockerjava.zerodep.shaded.org.apache.hc.client5.http.impl.io.PoolingHttpClientConnectionManager -- ep-00000000: connection released [route: {}->npipe://localhost:2375][total available: 1; route allocated: 1 of 2147483647; total allocated: 1 of 2147483647]
18:08:25.364 [main] INFO org.testcontainers.dockerclient.DockerClientProviderStrategy -- Found Docker environment with local Npipe socket (npipe:////./pipe/docker_engine)
18:08:25.364 [main] DEBUG org.testcontainers.dockerclient.DockerClientProviderStrategy -- Transport type: 'httpclient5', Docker host: 'npipe:////./pipe/docker_engine'
18:08:25.364 [main] DEBUG org.testcontainers.dockerclient.DockerClientProviderStrategy -- Checking Docker OS type for local Npipe socket (npipe:////./pipe/docker_engine)
18:08:25.365 [main] INFO org.testcontainers.DockerClientFactory -- Docker host IP address is localhost
18:08:25.365 [main] DEBUG org.testcontainers.DockerClientFactory -- Docker info: {NGoroutines=83, Name=docker-desktop, Swarm={NodeID=, NodeAddr=, LocalNodeState=inactive, ControlAvailable=false, Error=, RemoteManagers=null}, RuncCommit={ID=v1.1.7-0-g860f061, Expected=v1.1.7-0-g860f061}, OSVersion=, Runtimes={io.containerd.runc.v2={path=runc}, runc={path=runc}}, ID=fdfcf0e4-095b-4d52-b25f-04a7b3fd4a0a, DriverStatus=[[Backing Filesystem, extfs], [Supports d_type, true], [Using metacopy, false], [Native Overlay Diff, true], [userxattr, false]], BridgeNfIptables=true, LiveRestoreEnabled=false, SystemTime=2023-06-18T01:08:25.32702151Z, NoProxy=hubproxy.docker.internal, Architecture=x86_64, NEventsListener=16, HttpsProxy=http.docker.internal:3128, Images=3, ContainersRunning=0, Labels=[], InitCommit={ID=de40ad0, Expected=de40ad0}, NFd=52, KernelVersion=5.15.90.1-microsoft-standard-WSL2, LoggingDriver=json-file, OSType=linux, SecurityOptions=[name=seccomp,profile=builtin], ContainerdCommit={ID=3dce8eb055cbb6872793272b4f20ed16117344f8, Expected=3dce8eb055cbb6872793272b4f20ed16117344f8}, GenericResources=null, KernelMemory=true, OperatingSystem=Docker Desktop, RegistryConfig={AllowNondistributableArtifactsCIDRs=null, AllowNondistributableArtifactsHostnames=null, InsecureRegistryCIDRs=[127.0.0.0/8], IndexConfigs={docker.io={Name=docker.io, Mirrors=[], Secure=true, Official=true}, hubproxy.docker.internal:5555={Name=hubproxy.docker.internal:5555, Mirrors=[], Secure=false, Official=false}}, Mirrors=null}, ServerVersion=24.0.2, OomKillDisable=true, CpuCfsQuota=true, Containers=0, Driver=overlay2, KernelMemoryTCP=true, IPv4Forwarding=true, ExperimentalBuild=false, DockerRootDir=/var/lib/docker, CPUSet=true, CpuCfsPeriod=true, DefaultRuntime=runc, CPUShares=true, Debug=false, NCPU=32, Plugins={Volume=[local], Network=[bridge, host, ipvlan, macvlan, null, overlay], Authorization=null, Log=[awslogs, fluentd, gcplogs, gelf, journald, json-file, local, logentries, splunk, syslog]}, SwapLimit=true, CgroupDriver=cgroupfs, ContainersPaused=0, MemTotal=67345637376, IndexServerAddress=https://index.docker.io/v1/, MemoryLimit=true, HttpProxy=http.docker.internal:3128, InitBinary=docker-init, CgroupVersion=1, PidsLimit=true, Isolation=, BridgeNfIp6tables=true, Warnings=[WARNING: No blkio throttle.read_bps_device support, WARNING: No blkio throttle.write_bps_device support, WARNING: No blkio throttle.read_iops_device support, WARNING: No blkio throttle.write_iops_device support], ContainersStopped=0}
18:08:25.366 [main] DEBUG org.testcontainers.shaded.com.github.dockerjava.core.command.AbstrDockerCmd -- Cmd: 
18:08:25.366 [main] DEBUG com.github.dockerjava.zerodep.shaded.org.apache.hc.client5.http.impl.classic.InternalHttpClient -- ex-00000002: preparing request execution
18:08:25.366 [main] DEBUG com.github.dockerjava.zerodep.shaded.org.apache.hc.client5.http.protocol.RequestAddCookies -- Cookie spec selected: strict
18:08:25.366 [main] DEBUG com.github.dockerjava.zerodep.shaded.org.apache.hc.client5.http.protocol.RequestAuthCache -- Auth cache not set in the context
18:08:25.366 [main] DEBUG com.github.dockerjava.zerodep.shaded.org.apache.hc.client5.http.impl.classic.ProtocolExec -- ex-00000002: target auth state: UNCHALLENGED
18:08:25.367 [main] DEBUG com.github.dockerjava.zerodep.shaded.org.apache.hc.client5.http.impl.classic.ProtocolExec -- ex-00000002: proxy auth state: UNCHALLENGED
18:08:25.367 [main] DEBUG com.github.dockerjava.zerodep.shaded.org.apache.hc.client5.http.impl.classic.ConnectExec -- ex-00000002: acquiring connection with route {}->npipe://localhost:2375
18:08:25.367 [main] DEBUG com.github.dockerjava.zerodep.shaded.org.apache.hc.client5.http.impl.classic.InternalHttpClient -- ex-00000002: acquiring endpoint (3 MINUTES)
18:08:25.367 [main] DEBUG com.github.dockerjava.zerodep.shaded.org.apache.hc.client5.http.impl.io.PoolingHttpClientConnectionManager -- ex-00000002: endpoint lease request (3 MINUTES) [route: {}->npipe://localhost:2375][total available: 1; route allocated: 1 of 2147483647; total allocated: 1 of 2147483647]
18:08:25.367 [main] DEBUG com.github.dockerjava.zerodep.shaded.org.apache.hc.client5.http.impl.io.PoolingHttpClientConnectionManager -- ex-00000002: endpoint leased [route: {}->npipe://localhost:2375][total available: 0; route allocated: 1 of 2147483647; total allocated: 1 of 2147483647]
18:08:25.367 [main] DEBUG com.github.dockerjava.zerodep.shaded.org.apache.hc.client5.http.impl.io.PoolingHttpClientConnectionManager -- ex-00000002: acquired ep-00000001
18:08:25.367 [main] DEBUG com.github.dockerjava.zerodep.shaded.org.apache.hc.client5.http.impl.classic.InternalHttpClient -- ex-00000002: acquired endpoint ep-00000001
18:08:25.367 [main] DEBUG com.github.dockerjava.zerodep.shaded.org.apache.hc.client5.http.impl.classic.MainClientExec -- ex-00000002: executing GET /v1.32/version HTTP/1.1
18:08:25.367 [main] DEBUG com.github.dockerjava.zerodep.shaded.org.apache.hc.client5.http.impl.classic.InternalHttpClient -- ep-00000001: start execution ex-00000002
18:08:25.367 [main] DEBUG com.github.dockerjava.zerodep.shaded.org.apache.hc.client5.http.impl.io.PoolingHttpClientConnectionManager -- ep-00000001: executing exchange ex-00000002 over http-outgoing-0
18:08:25.367 [main] DEBUG com.github.dockerjava.zerodep.shaded.org.apache.hc.client5.http.headers -- http-outgoing-0 >> GET /v1.32/version HTTP/1.1
18:08:25.367 [main] DEBUG com.github.dockerjava.zerodep.shaded.org.apache.hc.client5.http.headers -- http-outgoing-0 >> accept: application/json
18:08:25.367 [main] DEBUG com.github.dockerjava.zerodep.shaded.org.apache.hc.client5.http.headers -- http-outgoing-0 >> x-tc-sid: e0f64824-65da-49ef-ad69-afd5bd4a2a5f
18:08:25.367 [main] DEBUG com.github.dockerjava.zerodep.shaded.org.apache.hc.client5.http.headers -- http-outgoing-0 >> Accept-Encoding: gzip, x-gzip, deflate
18:08:25.367 [main] DEBUG com.github.dockerjava.zerodep.shaded.org.apache.hc.client5.http.headers -- http-outgoing-0 >> Host: localhost:2375
18:08:25.367 [main] DEBUG com.github.dockerjava.zerodep.shaded.org.apache.hc.client5.http.headers -- http-outgoing-0 >> Connection: keep-alive
18:08:25.367 [main] DEBUG com.github.dockerjava.zerodep.shaded.org.apache.hc.client5.http.headers -- http-outgoing-0 >> User-Agent: Apache-HttpClient/5.0.3 (Java/17.0.2)
18:08:25.367 [main] DEBUG com.github.dockerjava.zerodep.shaded.org.apache.hc.client5.http.wire -- http-outgoing-0 >> "GET /v1.32/version HTTP/1.1[\r][\n]"
18:08:25.367 [main] DEBUG com.github.dockerjava.zerodep.shaded.org.apache.hc.client5.http.wire -- http-outgoing-0 >> "accept: application/json[\r][\n]"
18:08:25.367 [main] DEBUG com.github.dockerjava.zerodep.shaded.org.apache.hc.client5.http.wire -- http-outgoing-0 >> "x-tc-sid: e0f64824-65da-49ef-ad69-afd5bd4a2a5f[\r][\n]"
18:08:25.367 [main] DEBUG com.github.dockerjava.zerodep.shaded.org.apache.hc.client5.http.wire -- http-outgoing-0 >> "Accept-Encoding: gzip, x-gzip, deflate[\r][\n]"
18:08:25.367 [main] DEBUG com.github.dockerjava.zerodep.shaded.org.apache.hc.client5.http.wire -- http-outgoing-0 >> "Host: localhost:2375[\r][\n]"
18:08:25.367 [main] DEBUG com.github.dockerjava.zerodep.shaded.org.apache.hc.client5.http.wire -- http-outgoing-0 >> "Connection: keep-alive[\r][\n]"
18:08:25.367 [main] DEBUG com.github.dockerjava.zerodep.shaded.org.apache.hc.client5.http.wire -- http-outgoing-0 >> "User-Agent: Apache-HttpClient/5.0.3 (Java/17.0.2)[\r][\n]"
18:08:25.367 [main] DEBUG com.github.dockerjava.zerodep.shaded.org.apache.hc.client5.http.wire -- http-outgoing-0 >> "[\r][\n]"
18:08:25.372 [main] DEBUG com.github.dockerjava.zerodep.shaded.org.apache.hc.client5.http.wire -- http-outgoing-0 << "HTTP/1.1 200 OK[\r][\n]"
18:08:25.372 [main] DEBUG com.github.dockerjava.zerodep.shaded.org.apache.hc.client5.http.wire -- http-outgoing-0 << "Api-Version: 1.43[\r][\n]"
18:08:25.372 [main] DEBUG com.github.dockerjava.zerodep.shaded.org.apache.hc.client5.http.wire -- http-outgoing-0 << "Content-Type: application/json[\r][\n]"
18:08:25.372 [main] DEBUG com.github.dockerjava.zerodep.shaded.org.apache.hc.client5.http.wire -- http-outgoing-0 << "Date: Sun, 18 Jun 2023 01:08:25 GMT[\r][\n]"
18:08:25.372 [main] DEBUG com.github.dockerjava.zerodep.shaded.org.apache.hc.client5.http.wire -- http-outgoing-0 << "Docker-Experimental: false[\r][\n]"
18:08:25.372 [main] DEBUG com.github.dockerjava.zerodep.shaded.org.apache.hc.client5.http.wire -- http-outgoing-0 << "Ostype: linux[\r][\n]"
18:08:25.372 [main] DEBUG com.github.dockerjava.zerodep.shaded.org.apache.hc.client5.http.wire -- http-outgoing-0 << "Server: Docker/24.0.2 (linux)[\r][\n]"
18:08:25.373 [main] DEBUG com.github.dockerjava.zerodep.shaded.org.apache.hc.client5.http.wire -- http-outgoing-0 << "Transfer-Encoding: chunked[\r][\n]"
18:08:25.373 [main] DEBUG com.github.dockerjava.zerodep.shaded.org.apache.hc.client5.http.wire -- http-outgoing-0 << "[\r][\n]"
18:08:25.373 [main] DEBUG com.github.dockerjava.zerodep.shaded.org.apache.hc.client5.http.headers -- http-outgoing-0 << HTTP/1.1 200 OK
18:08:25.373 [main] DEBUG com.github.dockerjava.zerodep.shaded.org.apache.hc.client5.http.headers -- http-outgoing-0 << Api-Version: 1.43
18:08:25.373 [main] DEBUG com.github.dockerjava.zerodep.shaded.org.apache.hc.client5.http.headers -- http-outgoing-0 << Content-Type: application/json
18:08:25.373 [main] DEBUG com.github.dockerjava.zerodep.shaded.org.apache.hc.client5.http.headers -- http-outgoing-0 << Date: Sun, 18 Jun 2023 01:08:25 GMT
18:08:25.373 [main] DEBUG com.github.dockerjava.zerodep.shaded.org.apache.hc.client5.http.headers -- http-outgoing-0 << Docker-Experimental: false
18:08:25.373 [main] DEBUG com.github.dockerjava.zerodep.shaded.org.apache.hc.client5.http.headers -- http-outgoing-0 << Ostype: linux
18:08:25.373 [main] DEBUG com.github.dockerjava.zerodep.shaded.org.apache.hc.client5.http.headers -- http-outgoing-0 << Server: Docker/24.0.2 (linux)
18:08:25.373 [main] DEBUG com.github.dockerjava.zerodep.shaded.org.apache.hc.client5.http.headers -- http-outgoing-0 << Transfer-Encoding: chunked
18:08:25.373 [main] DEBUG com.github.dockerjava.zerodep.shaded.org.apache.hc.client5.http.impl.classic.MainClientExec -- ex-00000002: connection can be kept alive for 3 MINUTES
18:08:25.373 [main] DEBUG com.github.dockerjava.zerodep.shaded.org.apache.hc.client5.http.wire -- http-outgoing-0 << "35b[\r][\n]"
18:08:25.373 [main] DEBUG com.github.dockerjava.zerodep.shaded.org.apache.hc.client5.http.wire -- http-outgoing-0 << "{"Platform":{"Name":"Docker Desktop 4.20.1 (110738)"},"Components":[{"Name":"Engine","Version":"24.0.2","Details":{"ApiVersion":"1.43","Arch":"amd64","BuildTime":"2023-05-25T21:52:17.000000000+00:00","Experimental":"false","GitCommit":"659604f","GoVersion":"go1.20.4","KernelVersion":"5.15.90.1-microsoft-standard-WSL2","MinAPIVersion":"1.12","Os":"linux"}},{"Name":"containerd","Version":"1.6.21","Details":{"GitCommit":"3dce8eb055cbb6872793272b4f20ed16117344f8"}},{"Name":"runc","Version":"1.1.7","Details":{"GitCommit":"v1.1.7-0-g860f061"}},{"Name":"docker-init","Version":"0.19.0","Details":{"GitCommit":"de40ad0"}}],"Version":"24.0.2","ApiVersion":"1.43","MinAPIVersion":"1.12","GitCommit":"659604f","GoVersion":"go1.20.4","Os":"linux","Arch":"amd64","KernelVersion":"5.15.90.1-microsoft-standard-WSL2","BuildTime":"2023-05-25T21:52:17.000000000+00:00"}[\n]"
18:08:25.373 [main] DEBUG com.github.dockerjava.zerodep.shaded.org.apache.hc.client5.http.wire -- http-outgoing-0 << "[\r][\n]"
18:08:25.373 [main] DEBUG com.github.dockerjava.zerodep.shaded.org.apache.hc.client5.http.wire -- http-outgoing-0 << "0[\r][\n]"
18:08:25.373 [main] DEBUG com.github.dockerjava.zerodep.shaded.org.apache.hc.client5.http.wire -- http-outgoing-0 << "[\r][\n]"
18:08:25.378 [main] DEBUG com.github.dockerjava.zerodep.shaded.org.apache.hc.client5.http.impl.classic.InternalHttpClient -- ep-00000001: releasing valid endpoint
18:08:25.378 [main] DEBUG com.github.dockerjava.zerodep.shaded.org.apache.hc.client5.http.impl.io.PoolingHttpClientConnectionManager -- ep-00000001: releasing endpoint
18:08:25.378 [main] DEBUG com.github.dockerjava.zerodep.shaded.org.apache.hc.client5.http.impl.io.PoolingHttpClientConnectionManager -- ep-00000001: connection http-outgoing-0 can be kept alive for 3 MINUTES
18:08:25.378 [main] DEBUG com.github.dockerjava.zerodep.shaded.org.apache.hc.client5.http.impl.io.PoolingHttpClientConnectionManager -- ep-00000001: connection released [route: {}->npipe://localhost:2375][total available: 1; route allocated: 1 of 2147483647; total allocated: 1 of 2147483647]
18:08:25.378 [main] DEBUG org.testcontainers.DockerClientFactory -- Docker version: {Components=[{Name=Engine, Version=24.0.2, Details={ApiVersion=1.43, Arch=amd64, BuildTime=2023-05-25T21:52:17.000000000+00:00, Experimental=false, GitCommit=659604f, GoVersion=go1.20.4, KernelVersion=5.15.90.1-microsoft-standard-WSL2, MinAPIVersion=1.12, Os=linux}}, {Name=containerd, Version=1.6.21, Details={GitCommit=3dce8eb055cbb6872793272b4f20ed16117344f8}}, {Name=runc, Version=1.1.7, Details={GitCommit=v1.1.7-0-g860f061}}, {Name=docker-init, Version=0.19.0, Details={GitCommit=de40ad0}}], KernelVersion=5.15.90.1-microsoft-standard-WSL2, ApiVersion=1.43, Platform={Name=Docker Desktop 4.20.1 (110738)}, GitCommit=659604f, Os=linux, Version=24.0.2, MinAPIVersion=1.12, Arch=amd64, GoVersion=go1.20.4, BuildTime=2023-05-25T21:52:17.000000000+00:00}
18:08:25.379 [main] INFO org.testcontainers.DockerClientFactory -- Connected to docker: 
  Server Version: 24.0.2
  API Version: 1.43
  Operating System: Docker Desktop
  Total Memory: 64225 MB
18:08:25.383 [main] DEBUG org.testcontainers.utility.RyukResourceReaper -- Ryuk is enabled
18:08:25.384 [main] DEBUG org.testcontainers.utility.PrefixingImageNameSubstitutor -- No prefix is configured
18:08:25.384 [main] DEBUG org.testcontainers.utility.ImageNameSubstitutor -- Did not find a substitute image for testcontainers/ryuk:0.4.0 (using image substitutor: DefaultImageNameSubstitutor (composite of 'ConfigurationFileImageNameSubstitutor' and 'PrefixingImageNameSubstitutor'))
18:08:25.385 [main] DEBUG org.testcontainers.shaded.com.github.dockerjava.core.command.AbstrDockerCmd -- Cmd: ListImagesCmdImpl[filters=org.testcontainers.shaded.com.github.dockerjava.core.util.FiltersBuilder@0,imageNameFilter=<null>,showAll=false]
18:08:25.386 [main] DEBUG com.github.dockerjava.zerodep.shaded.org.apache.hc.client5.http.impl.classic.InternalHttpClient -- ex-00000003: preparing request execution
18:08:25.386 [main] DEBUG com.github.dockerjava.zerodep.shaded.org.apache.hc.client5.http.protocol.RequestAddCookies -- Cookie spec selected: strict
18:08:25.387 [main] DEBUG com.github.dockerjava.zerodep.shaded.org.apache.hc.client5.http.protocol.RequestAuthCache -- Auth cache not set in the context
18:08:25.387 [main] DEBUG com.github.dockerjava.zerodep.shaded.org.apache.hc.client5.http.impl.classic.ProtocolExec -- ex-00000003: target auth state: UNCHALLENGED
18:08:25.387 [main] DEBUG com.github.dockerjava.zerodep.shaded.org.apache.hc.client5.http.impl.classic.ProtocolExec -- ex-00000003: proxy auth state: UNCHALLENGED
18:08:25.387 [main] DEBUG com.github.dockerjava.zerodep.shaded.org.apache.hc.client5.http.impl.classic.ConnectExec -- ex-00000003: acquiring connection with route {}->npipe://localhost:2375
18:08:25.387 [main] DEBUG com.github.dockerjava.zerodep.shaded.org.apache.hc.client5.http.impl.classic.InternalHttpClient -- ex-00000003: acquiring endpoint (3 MINUTES)
18:08:25.387 [main] DEBUG com.github.dockerjava.zerodep.shaded.org.apache.hc.client5.http.impl.io.PoolingHttpClientConnectionManager -- ex-00000003: endpoint lease request (3 MINUTES) [route: {}->npipe://localhost:2375][total available: 1; route allocated: 1 of 2147483647; total allocated: 1 of 2147483647]
18:08:25.387 [main] DEBUG com.github.dockerjava.zerodep.shaded.org.apache.hc.client5.http.impl.io.PoolingHttpClientConnectionManager -- ex-00000003: endpoint leased [route: {}->npipe://localhost:2375][total available: 0; route allocated: 1 of 2147483647; total allocated: 1 of 2147483647]
18:08:25.387 [main] DEBUG com.github.dockerjava.zerodep.shaded.org.apache.hc.client5.http.impl.io.PoolingHttpClientConnectionManager -- ex-00000003: acquired ep-00000002
18:08:25.387 [main] DEBUG com.github.dockerjava.zerodep.shaded.org.apache.hc.client5.http.impl.classic.InternalHttpClient -- ex-00000003: acquired endpoint ep-00000002
18:08:25.387 [main] DEBUG com.github.dockerjava.zerodep.shaded.org.apache.hc.client5.http.impl.classic.MainClientExec -- ex-00000003: executing GET /v1.32/images/json HTTP/1.1
18:08:25.387 [main] DEBUG com.github.dockerjava.zerodep.shaded.org.apache.hc.client5.http.impl.classic.InternalHttpClient -- ep-00000002: start execution ex-00000003
18:08:25.387 [main] DEBUG com.github.dockerjava.zerodep.shaded.org.apache.hc.client5.http.impl.io.PoolingHttpClientConnectionManager -- ep-00000002: executing exchange ex-00000003 over http-outgoing-0
18:08:25.387 [main] DEBUG com.github.dockerjava.zerodep.shaded.org.apache.hc.client5.http.headers -- http-outgoing-0 >> GET /v1.32/images/json HTTP/1.1
18:08:25.387 [main] DEBUG com.github.dockerjava.zerodep.shaded.org.apache.hc.client5.http.headers -- http-outgoing-0 >> accept: application/json
18:08:25.387 [main] DEBUG com.github.dockerjava.zerodep.shaded.org.apache.hc.client5.http.headers -- http-outgoing-0 >> x-tc-sid: e0f64824-65da-49ef-ad69-afd5bd4a2a5f
18:08:25.387 [main] DEBUG com.github.dockerjava.zerodep.shaded.org.apache.hc.client5.http.headers -- http-outgoing-0 >> Accept-Encoding: gzip, x-gzip, deflate
18:08:25.387 [main] DEBUG com.github.dockerjava.zerodep.shaded.org.apache.hc.client5.http.headers -- http-outgoing-0 >> Host: localhost:2375
18:08:25.387 [main] DEBUG com.github.dockerjava.zerodep.shaded.org.apache.hc.client5.http.headers -- http-outgoing-0 >> Connection: keep-alive
18:08:25.387 [main] DEBUG com.github.dockerjava.zerodep.shaded.org.apache.hc.client5.http.headers -- http-outgoing-0 >> User-Agent: Apache-HttpClient/5.0.3 (Java/17.0.2)
18:08:25.387 [main] DEBUG com.github.dockerjava.zerodep.shaded.org.apache.hc.client5.http.wire -- http-outgoing-0 >> "GET /v1.32/images/json HTTP/1.1[\r][\n]"
18:08:25.387 [main] DEBUG com.github.dockerjava.zerodep.shaded.org.apache.hc.client5.http.wire -- http-outgoing-0 >> "accept: application/json[\r][\n]"
18:08:25.387 [main] DEBUG com.github.dockerjava.zerodep.shaded.org.apache.hc.client5.http.wire -- http-outgoing-0 >> "x-tc-sid: e0f64824-65da-49ef-ad69-afd5bd4a2a5f[\r][\n]"
18:08:25.387 [main] DEBUG com.github.dockerjava.zerodep.shaded.org.apache.hc.client5.http.wire -- http-outgoing-0 >> "Accept-Encoding: gzip, x-gzip, deflate[\r][\n]"
18:08:25.387 [main] DEBUG com.github.dockerjava.zerodep.shaded.org.apache.hc.client5.http.wire -- http-outgoing-0 >> "Host: localhost:2375[\r][\n]"
18:08:25.387 [main] DEBUG com.github.dockerjava.zerodep.shaded.org.apache.hc.client5.http.wire -- http-outgoing-0 >> "Connection: keep-alive[\r][\n]"
18:08:25.387 [main] DEBUG com.github.dockerjava.zerodep.shaded.org.apache.hc.client5.http.wire -- http-outgoing-0 >> "User-Agent: Apache-HttpClient/5.0.3 (Java/17.0.2)[\r][\n]"
18:08:25.387 [main] DEBUG com.github.dockerjava.zerodep.shaded.org.apache.hc.client5.http.wire -- http-outgoing-0 >> "[\r][\n]"
18:08:25.389 [main] DEBUG com.github.dockerjava.zerodep.shaded.org.apache.hc.client5.http.wire -- http-outgoing-0 << "HTTP/1.1 200 OK[\r][\n]"
18:08:25.389 [main] DEBUG com.github.dockerjava.zerodep.shaded.org.apache.hc.client5.http.wire -- http-outgoing-0 << "Api-Version: 1.43[\r][\n]"
18:08:25.389 [main] DEBUG com.github.dockerjava.zerodep.shaded.org.apache.hc.client5.http.wire -- http-outgoing-0 << "Content-Type: application/json[\r][\n]"
18:08:25.389 [main] DEBUG com.github.dockerjava.zerodep.shaded.org.apache.hc.client5.http.wire -- http-outgoing-0 << "Date: Sun, 18 Jun 2023 01:08:25 GMT[\r][\n]"
18:08:25.389 [main] DEBUG com.github.dockerjava.zerodep.shaded.org.apache.hc.client5.http.wire -- http-outgoing-0 << "Docker-Experimental: false[\r][\n]"
18:08:25.390 [main] DEBUG com.github.dockerjava.zerodep.shaded.org.apache.hc.client5.http.wire -- http-outgoing-0 << "Ostype: linux[\r][\n]"
18:08:25.390 [main] DEBUG com.github.dockerjava.zerodep.shaded.org.apache.hc.client5.http.wire -- http-outgoing-0 << "Server: Docker/24.0.2 (linux)[\r][\n]"
18:08:25.390 [main] DEBUG com.github.dockerjava.zerodep.shaded.org.apache.hc.client5.http.wire -- http-outgoing-0 << "Transfer-Encoding: chunked[\r][\n]"
18:08:25.390 [main] DEBUG com.github.dockerjava.zerodep.shaded.org.apache.hc.client5.http.wire -- http-outgoing-0 << "[\r][\n]"
18:08:25.390 [main] DEBUG com.github.dockerjava.zerodep.shaded.org.apache.hc.client5.http.headers -- http-outgoing-0 << HTTP/1.1 200 OK
18:08:25.390 [main] DEBUG com.github.dockerjava.zerodep.shaded.org.apache.hc.client5.http.headers -- http-outgoing-0 << Api-Version: 1.43
18:08:25.390 [main] DEBUG com.github.dockerjava.zerodep.shaded.org.apache.hc.client5.http.headers -- http-outgoing-0 << Content-Type: application/json
18:08:25.390 [main] DEBUG com.github.dockerjava.zerodep.shaded.org.apache.hc.client5.http.headers -- http-outgoing-0 << Date: Sun, 18 Jun 2023 01:08:25 GMT
18:08:25.390 [main] DEBUG com.github.dockerjava.zerodep.shaded.org.apache.hc.client5.http.headers -- http-outgoing-0 << Docker-Experimental: false
18:08:25.390 [main] DEBUG com.github.dockerjava.zerodep.shaded.org.apache.hc.client5.http.headers -- http-outgoing-0 << Ostype: linux
18:08:25.390 [main] DEBUG com.github.dockerjava.zerodep.shaded.org.apache.hc.client5.http.headers -- http-outgoing-0 << Server: Docker/24.0.2 (linux)
18:08:25.390 [main] DEBUG com.github.dockerjava.zerodep.shaded.org.apache.hc.client5.http.headers -- http-outgoing-0 << Transfer-Encoding: chunked
18:08:25.390 [main] DEBUG com.github.dockerjava.zerodep.shaded.org.apache.hc.client5.http.impl.classic.MainClientExec -- ex-00000003: connection can be kept alive for 3 MINUTES
18:08:25.390 [main] DEBUG com.github.dockerjava.zerodep.shaded.org.apache.hc.client5.http.wire -- http-outgoing-0 << "47c[\r][\n]"
18:08:25.390 [main] DEBUG com.github.dockerjava.zerodep.shaded.org.apache.hc.client5.http.wire -- http-outgoing-0 << "[{"Containers":-1,"Created":1683861699,"Id":"sha256:2259132d2738c35748cf20296ac1f064c25cfa823bdf3cdb1fd02ae4a7103871","Labels":null,"ParentId":"","RepoDigests":["mcr.microsoft.com/cosmosdb/linux/azure-cosmos-emulator@sha256:a5c37b10b4f03122cdb0073a522955c0874ce1bd10a3c16b44c326c3085cf27d"],"RepoTags":["mcr.microsoft.com/cosmosdb/linux/azure-cosmos-emulator:latest"],"SharedSize":-1,"Size":1890376363,"VirtualSize":1890376363},{"Containers":-1,"Created":1678438354,"Id":"sha256:2e306eb8aa06255c4f736b2bcf446760cae7cf9e947651ba8272f34c3e94ffa7","Labels":{"org.testcontainers.ryuk":"true"},"ParentId":"","RepoDigests":["testcontainers/ryuk@sha256:b874cc015594f275ad3ffb6a135c015c52ce04a2eba377c963abe25a84628167"],"RepoTags":["testcontainers/ryuk:0.4.0"],"SharedSize":-1,"Size":12686755,"VirtualSize":12686755},{"Containers":-1,"Created":1531270586,"Id":"sha256:e0977532f922bc4c6a71b75bb5e8b82890a96a4afdb1a1377df641acdcf16c63","Labels":null,"ParentId":"","RepoDigests":["postgres@sha256:b8c86a81ee24b9e433a97109ab570c6f7ceed2c4a34aca4cb20ead344adc7a0c"],"RepoTags":["postgres:9.6.9-alpine"],"SharedSize":-1,"Size":39883551,"VirtualSize":39883551}][\n]"
18:08:25.390 [main] DEBUG com.github.dockerjava.zerodep.shaded.org.apache.hc.client5.http.wire -- http-outgoing-0 << "[\r][\n]"
18:08:25.390 [main] DEBUG com.github.dockerjava.zerodep.shaded.org.apache.hc.client5.http.wire -- http-outgoing-0 << "0[\r][\n]"
18:08:25.390 [main] DEBUG com.github.dockerjava.zerodep.shaded.org.apache.hc.client5.http.wire -- http-outgoing-0 << "[\r][\n]"
18:08:25.393 [main] DEBUG com.github.dockerjava.zerodep.shaded.org.apache.hc.client5.http.impl.classic.InternalHttpClient -- ep-00000002: releasing valid endpoint
18:08:25.393 [main] DEBUG com.github.dockerjava.zerodep.shaded.org.apache.hc.client5.http.impl.io.PoolingHttpClientConnectionManager -- ep-00000002: releasing endpoint
18:08:25.393 [main] DEBUG com.github.dockerjava.zerodep.shaded.org.apache.hc.client5.http.impl.io.PoolingHttpClientConnectionManager -- ep-00000002: connection http-outgoing-0 can be kept alive for 3 MINUTES
18:08:25.393 [main] DEBUG com.github.dockerjava.zerodep.shaded.org.apache.hc.client5.http.impl.io.PoolingHttpClientConnectionManager -- ep-00000002: connection released [route: {}->npipe://localhost:2375][total available: 1; route allocated: 1 of 2147483647; total allocated: 1 of 2147483647]
18:08:25.394 [main] DEBUG org.testcontainers.images.AbstractImagePullPolicy -- Using locally available and not pulling image: testcontainers/ryuk:0.4.0
18:08:25.395 [main] DEBUG tc.testcontainers/ryuk:0.4.0 -- Starting container: testcontainers/ryuk:0.4.0
18:08:25.395 [main] DEBUG tc.testcontainers/ryuk:0.4.0 -- Trying to start container: testcontainers/ryuk:0.4.0 (attempt 1/1)
18:08:25.395 [main] DEBUG tc.testcontainers/ryuk:0.4.0 -- Starting container: testcontainers/ryuk:0.4.0
18:08:25.395 [main] INFO tc.testcontainers/ryuk:0.4.0 -- Creating container for image: testcontainers/ryuk:0.4.0
18:08:25.397 [main] DEBUG org.testcontainers.utility.RegistryAuthLocator -- Looking up auth config for image: testcontainers/ryuk:0.4.0 at registry: https://index.docker.io/v1/
18:08:25.397 [main] DEBUG org.testcontainers.utility.RegistryAuthLocator -- RegistryAuthLocator has configFile: C:\Users\shcarr\.docker\config.json (exists) configEnv: DOCKER_AUTH_CONFIG (does not exist) and commandPathPrefix: 
18:08:25.397 [main] DEBUG org.testcontainers.utility.RegistryAuthLocator -- RegistryAuthLocator reading from configFile: C:\Users\shcarr\.docker\config.json
18:08:25.397 [main] DEBUG org.testcontainers.utility.RegistryAuthLocator -- registryName [https://index.docker.io/v1/] for dockerImageName [testcontainers/ryuk:0.4.0]
18:08:25.397 [main] DEBUG org.testcontainers.utility.RegistryAuthLocator -- Executing docker credential provider: docker-credential-desktop to locate auth config for: https://index.docker.io/v1/
18:08:25.400 [main] DEBUG org.testcontainers.shaded.org.zeroturnaround.exec.ProcessExecutor -- Executing [cmd, /c, docker-credential-desktop, get].
18:08:25.420 [main] DEBUG org.testcontainers.shaded.org.zeroturnaround.exec.ProcessExecutor -- Started Process[pid=46132, exitValue="not exited"]
18:08:28.228 [WaitForProcess-Process[pid=46132, exitValue="not exited"]] DEBUG org.testcontainers.shaded.org.zeroturnaround.exec.WaitForProcess -- Process[pid=46132, exitValue=1] stopped with exit code 1
18:08:28.229 [main] DEBUG org.testcontainers.shaded.org.zeroturnaround.exec.ProcessExecutor -- Executing [cmd, /c, docker-credential-desktop, get].
18:08:28.234 [main] DEBUG org.testcontainers.shaded.org.zeroturnaround.exec.ProcessExecutor -- Started Process[pid=49844, exitValue="not exited"]
18:08:28.305 [WaitForProcess-Process[pid=49844, exitValue="not exited"]] DEBUG org.testcontainers.shaded.org.zeroturnaround.exec.WaitForProcess -- Process[pid=49844, exitValue=1] stopped with exit code 1
18:08:28.305 [main] DEBUG org.testcontainers.utility.RegistryAuthLocator -- Got credentials not found error message from docker credential helper - credentials not found in native keychain
18:08:28.305 [main] INFO org.testcontainers.utility.RegistryAuthLocator -- Credential helper/store (docker-credential-desktop) does not have credentials for https://index.docker.io/v1/
18:08:28.306 [main] DEBUG org.testcontainers.utility.RegistryAuthLocator -- No matching Auth Configs - falling back to defaultAuthConfig [null]
18:08:28.306 [main] DEBUG org.testcontainers.dockerclient.AuthDelegatingDockerClientConfig -- Effective auth config [null]
18:08:28.312 [main] DEBUG org.testcontainers.shaded.com.github.dockerjava.core.command.AbstrDockerCmd -- Cmd: org.testcontainers.shaded.com.github.dockerjava.core.command.CreateContainerCmdImpl@f713686[aliases=<null>,argsEscaped=<null>,attachStderr=<null>,attachStdin=<null>,attachStdout=<null>,authConfig=<null>,cmd={},domainName=<null>,entrypoint=<null>,env={},exposedPorts=ExposedPorts(exposedPorts=[8080/tcp]),healthcheck=<null>,hostConfig=HostConfig(binds=[//var/run/docker.sock:/var/run/docker.sock:rw], blkioWeight=null, blkioWeightDevice=null, blkioDeviceReadBps=null, blkioDeviceWriteBps=null, blkioDeviceReadIOps=null, blkioDeviceWriteIOps=null, memorySwappiness=null, nanoCPUs=null, capAdd=null, capDrop=null, containerIDFile=null, cpuPeriod=null, cpuRealtimePeriod=null, cpuRealtimeRuntime=null, cpuShares=null, cpuQuota=null, cpusetCpus=null, cpusetMems=null, devices=null, deviceCgroupRules=null, deviceRequests=null, diskQuota=null, dns=null, dnsOptions=null, dnsSearch=null, extraHosts=[], groupAdd=null, ipcMode=null, cgroup=null, links=[], logConfig=LogConfig(type=null, config=null), lxcConf=null, memory=null, memorySwap=null, memoryReservation=null, kernelMemory=null, networkMode=null, oomKillDisable=null, init=null, autoRemove=true, oomScoreAdj=null, portBindings={8080/tcp=[Lcom.github.dockerjava.api.model.Ports$Binding;@5a021cb9}, privileged=false, publishAllPorts=null, readonlyRootfs=null, restartPolicy=null, ulimits=null, cpuCount=null, cpuPercent=null, ioMaximumIOps=null, ioMaximumBandwidth=null, volumesFrom=[], mounts=null, pidMode=null, isolation=null, securityOpts=null, storageOpt=null, cgroupParent=null, volumeDriver=null, shmSize=null, pidsLimit=null, runtime=null, tmpFs=null, utSMode=null, usernsMode=null, sysctls=null, consoleSize=null, cgroupnsMode=null),hostName=<null>,image=testcontainers/ryuk:0.4.0,ipv4Address=<null>,ipv6Address=<null>,labels={org.testcontainers=true, org.testcontainers.lang=java, org.testcontainers.version=1.18.1},macAddress=<null>,name=testcontainers-ryuk-e0f64824-65da-49ef-ad69-afd5bd4a2a5f,networkDisabled=<null>,networkingConfig=<null>,onBuild=<null>,platform=<null>,portSpecs=<null>,shell=<null>,stdInOnce=<null>,stdinOpen=<null>,stopSignal=<null>,stopTimeout=<null>,tty=<null>,user=<null>,volumes=Volumes(volumes=[]),workingDir=<null>]
18:08:28.341 [main] DEBUG com.github.dockerjava.zerodep.shaded.org.apache.hc.client5.http.impl.classic.InternalHttpClient -- ex-00000004: preparing request execution
18:08:28.341 [main] DEBUG com.github.dockerjava.zerodep.shaded.org.apache.hc.client5.http.protocol.RequestAddCookies -- Cookie spec selected: strict
18:08:28.341 [main] DEBUG com.github.dockerjava.zerodep.shaded.org.apache.hc.client5.http.protocol.RequestAuthCache -- Auth cache not set in the context
18:08:28.341 [main] DEBUG com.github.dockerjava.zerodep.shaded.org.apache.hc.client5.http.impl.classic.ProtocolExec -- ex-00000004: target auth state: UNCHALLENGED
18:08:28.341 [main] DEBUG com.github.dockerjava.zerodep.shaded.org.apache.hc.client5.http.impl.classic.ProtocolExec -- ex-00000004: proxy auth state: UNCHALLENGED
18:08:28.341 [main] DEBUG com.github.dockerjava.zerodep.shaded.org.apache.hc.client5.http.impl.classic.ConnectExec -- ex-00000004: acquiring connection with route {}->npipe://localhost:2375
18:08:28.341 [main] DEBUG com.github.dockerjava.zerodep.shaded.org.apache.hc.client5.http.impl.classic.InternalHttpClient -- ex-00000004: acquiring endpoint (3 MINUTES)
18:08:28.341 [main] DEBUG com.github.dockerjava.zerodep.shaded.org.apache.hc.client5.http.impl.io.PoolingHttpClientConnectionManager -- ex-00000004: endpoint lease request (3 MINUTES) [route: {}->npipe://localhost:2375][total available: 1; route allocated: 1 of 2147483647; total allocated: 1 of 2147483647]
18:08:28.341 [main] DEBUG com.github.dockerjava.zerodep.shaded.org.apache.hc.client5.http.impl.io.PoolingHttpClientConnectionManager -- ex-00000004: endpoint leased [route: {}->npipe://localhost:2375][total available: 0; route allocated: 1 of 2147483647; total allocated: 1 of 2147483647]
18:08:28.341 [main] DEBUG com.github.dockerjava.zerodep.shaded.org.apache.hc.client5.http.impl.io.PoolingHttpClientConnectionManager -- ex-00000004: acquired ep-00000003
18:08:28.341 [main] DEBUG com.github.dockerjava.zerodep.shaded.org.apache.hc.client5.http.impl.classic.InternalHttpClient -- ex-00000004: acquired endpoint ep-00000003
18:08:28.341 [main] DEBUG com.github.dockerjava.zerodep.shaded.org.apache.hc.client5.http.impl.classic.MainClientExec -- ex-00000004: executing POST /v1.32/containers/create?name=testcontainers-ryuk-e0f64824-65da-49ef-ad69-afd5bd4a2a5f HTTP/1.1
18:08:28.341 [main] DEBUG com.github.dockerjava.zerodep.shaded.org.apache.hc.client5.http.impl.classic.InternalHttpClient -- ep-00000003: start execution ex-00000004
18:08:28.341 [main] DEBUG com.github.dockerjava.zerodep.shaded.org.apache.hc.client5.http.impl.io.PoolingHttpClientConnectionManager -- ep-00000003: executing exchange ex-00000004 over http-outgoing-0
18:08:28.341 [main] DEBUG com.github.dockerjava.zerodep.shaded.org.apache.hc.client5.http.headers -- http-outgoing-0 >> POST /v1.32/containers/create?name=testcontainers-ryuk-e0f64824-65da-49ef-ad69-afd5bd4a2a5f HTTP/1.1
18:08:28.341 [main] DEBUG com.github.dockerjava.zerodep.shaded.org.apache.hc.client5.http.headers -- http-outgoing-0 >> accept: application/json
18:08:28.341 [main] DEBUG com.github.dockerjava.zerodep.shaded.org.apache.hc.client5.http.headers -- http-outgoing-0 >> content-type: application/json
18:08:28.341 [main] DEBUG com.github.dockerjava.zerodep.shaded.org.apache.hc.client5.http.headers -- http-outgoing-0 >> x-tc-sid: e0f64824-65da-49ef-ad69-afd5bd4a2a5f
18:08:28.341 [main] DEBUG com.github.dockerjava.zerodep.shaded.org.apache.hc.client5.http.headers -- http-outgoing-0 >> Accept-Encoding: gzip, x-gzip, deflate
18:08:28.341 [main] DEBUG com.github.dockerjava.zerodep.shaded.org.apache.hc.client5.http.headers -- http-outgoing-0 >> Content-Length: 1956
18:08:28.341 [main] DEBUG com.github.dockerjava.zerodep.shaded.org.apache.hc.client5.http.headers -- http-outgoing-0 >> Host: localhost:2375
18:08:28.341 [main] DEBUG com.github.dockerjava.zerodep.shaded.org.apache.hc.client5.http.headers -- http-outgoing-0 >> Connection: keep-alive
18:08:28.341 [main] DEBUG com.github.dockerjava.zerodep.shaded.org.apache.hc.client5.http.headers -- http-outgoing-0 >> User-Agent: Apache-HttpClient/5.0.3 (Java/17.0.2)
18:08:28.341 [main] DEBUG com.github.dockerjava.zerodep.shaded.org.apache.hc.client5.http.wire -- http-outgoing-0 >> "POST /v1.32/containers/create?name=testcontainers-ryuk-e0f64824-65da-49ef-ad69-afd5bd4a2a5f HTTP/1.1[\r][\n]"
18:08:28.341 [main] DEBUG com.github.dockerjava.zerodep.shaded.org.apache.hc.client5.http.wire -- http-outgoing-0 >> "accept: application/json[\r][\n]"
18:08:28.341 [main] DEBUG com.github.dockerjava.zerodep.shaded.org.apache.hc.client5.http.wire -- http-outgoing-0 >> "content-type: application/json[\r][\n]"
18:08:28.341 [main] DEBUG com.github.dockerjava.zerodep.shaded.org.apache.hc.client5.http.wire -- http-outgoing-0 >> "x-tc-sid: e0f64824-65da-49ef-ad69-afd5bd4a2a5f[\r][\n]"
18:08:28.341 [main] DEBUG com.github.dockerjava.zerodep.shaded.org.apache.hc.client5.http.wire -- http-outgoing-0 >> "Accept-Encoding: gzip, x-gzip, deflate[\r][\n]"
18:08:28.341 [main] DEBUG com.github.dockerjava.zerodep.shaded.org.apache.hc.client5.http.wire -- http-outgoing-0 >> "Content-Length: 1956[\r][\n]"
18:08:28.341 [main] DEBUG com.github.dockerjava.zerodep.shaded.org.apache.hc.client5.http.wire -- http-outgoing-0 >> "Host: localhost:2375[\r][\n]"
18:08:28.342 [main] DEBUG com.github.dockerjava.zerodep.shaded.org.apache.hc.client5.http.wire -- http-outgoing-0 >> "Connection: keep-alive[\r][\n]"
18:08:28.342 [main] DEBUG com.github.dockerjava.zerodep.shaded.org.apache.hc.client5.http.wire -- http-outgoing-0 >> "User-Agent: Apache-HttpClient/5.0.3 (Java/17.0.2)[\r][\n]"
18:08:28.342 [main] DEBUG com.github.dockerjava.zerodep.shaded.org.apache.hc.client5.http.wire -- http-outgoing-0 >> "[\r][\n]"
18:08:28.342 [main] DEBUG com.github.dockerjava.zerodep.shaded.org.apache.hc.client5.http.wire -- http-outgoing-0 >> "{"Hostname":null,"Domainname":null,"User":null,"AttachStdin":null,"AttachStdout":null,"AttachStderr":null,"PortSpecs":null,"Tty":null,"OpenStdin":null,"StdinOnce":null,"Env":[],"Cmd":[],"Healthcheck":null,"ArgsEscaped":null,"Entrypoint":null,"Image":"testcontainers/ryuk:0.4.0","Volumes":{},"WorkingDir":null,"MacAddress":null,"OnBuild":null,"NetworkDisabled":null,"ExposedPorts":{"8080/tcp":{}},"StopSignal":null,"StopTimeout":null,"HostConfig":{"Binds":["//var/run/docker.sock:/var/run/docker.sock:rw"],"BlkioWeight":null,"BlkioWeightDevice":null,"BlkioDeviceReadBps":null,"BlkioDeviceWriteBps":null,"BlkioDeviceReadIOps":null,"BlkioDeviceWriteIOps":null,"MemorySwappiness":null,"NanoCpus":null,"CapAdd":null,"CapDrop":null,"ContainerIDFile":null,"CpuPeriod":null,"CpuRealtimePeriod":null,"CpuRealtimeRuntime":null,"CpuShares":null,"CpuQuota":null,"CpusetCpus":null,"CpusetMems":null,"Devices":null,"DeviceCgroupRules":null,"DeviceRequests":null,"DiskQuota":null,"Dns":null,"DnsOptions":null,"DnsSearch":null,"ExtraHosts":[],"GroupAdd":null,"IpcMode":null,"Cgroup":null,"Links":[],"LogConfig":null,"LxcConf":null,"Memory":null,"MemorySwap":null,"MemoryReservation":null,"KernelMemory":null,"NetworkMode":null,"OomKillDisable":null,"Init":null,"AutoRemove":true,"OomScoreAdj":null,"PortBindings":{"8080/tcp":[{"HostIp":"","HostPort":""}]},"Privileged":false,"PublishAllPorts":null,"ReadonlyRootfs":null,"RestartPolicy":null,"Ulimits":null,"CpuCount":null,"CpuPercent":null,"IOMaximumIOps":null,"IOMaximumBandwidth":null,"VolumesFrom":[],"Mounts":null,"PidMode":null,"Isolation":null,"SecurityOpt":null,"StorageOpt":null,"CgroupParent":null,"VolumeDriver":null,"ShmSize":null,"PidsLimit":null,"Runtime":null,"Tmpfs":null,"UTSMode":null,"UsernsMode":null,"Sysctls":null,"ConsoleSize":null,"CgroupnsMode":null},"Labels":{"org.testcontainers":"true","org.testcontainers.lang":"java","org.testcontainers.version":"1.18.1"},"Shell":null,"NetworkingConfig":null}"
18:08:28.359 [main] DEBUG com.github.dockerjava.zerodep.shaded.org.apache.hc.client5.http.wire -- http-outgoing-0 << "HTTP/1.1 201 Created[\r][\n]"
18:08:28.359 [main] DEBUG com.github.dockerjava.zerodep.shaded.org.apache.hc.client5.http.wire -- http-outgoing-0 << "Api-Version: 1.43[\r][\n]"
18:08:28.359 [main] DEBUG com.github.dockerjava.zerodep.shaded.org.apache.hc.client5.http.wire -- http-outgoing-0 << "Content-Type: application/json[\r][\n]"
18:08:28.359 [main] DEBUG com.github.dockerjava.zerodep.shaded.org.apache.hc.client5.http.wire -- http-outgoing-0 << "Date: Sun, 18 Jun 2023 01:08:28 GMT[\r][\n]"
18:08:28.359 [main] DEBUG com.github.dockerjava.zerodep.shaded.org.apache.hc.client5.http.wire -- http-outgoing-0 << "Docker-Experimental: false[\r][\n]"
18:08:28.359 [main] DEBUG com.github.dockerjava.zerodep.shaded.org.apache.hc.client5.http.wire -- http-outgoing-0 << "Ostype: linux[\r][\n]"
18:08:28.359 [main] DEBUG com.github.dockerjava.zerodep.shaded.org.apache.hc.client5.http.wire -- http-outgoing-0 << "Server: Docker/24.0.2 (linux)[\r][\n]"
18:08:28.359 [main] DEBUG com.github.dockerjava.zerodep.shaded.org.apache.hc.client5.http.wire -- http-outgoing-0 << "Transfer-Encoding: chunked[\r][\n]"
18:08:28.359 [main] DEBUG com.github.dockerjava.zerodep.shaded.org.apache.hc.client5.http.wire -- http-outgoing-0 << "[\r][\n]"
18:08:28.360 [main] DEBUG com.github.dockerjava.zerodep.shaded.org.apache.hc.client5.http.headers -- http-outgoing-0 << HTTP/1.1 201 Created
18:08:28.360 [main] DEBUG com.github.dockerjava.zerodep.shaded.org.apache.hc.client5.http.headers -- http-outgoing-0 << Api-Version: 1.43
18:08:28.360 [main] DEBUG com.github.dockerjava.zerodep.shaded.org.apache.hc.client5.http.headers -- http-outgoing-0 << Content-Type: application/json
18:08:28.360 [main] DEBUG com.github.dockerjava.zerodep.shaded.org.apache.hc.client5.http.headers -- http-outgoing-0 << Date: Sun, 18 Jun 2023 01:08:28 GMT
18:08:28.360 [main] DEBUG com.github.dockerjava.zerodep.shaded.org.apache.hc.client5.http.headers -- http-outgoing-0 << Docker-Experimental: false
18:08:28.360 [main] DEBUG com.github.dockerjava.zerodep.shaded.org.apache.hc.client5.http.headers -- http-outgoing-0 << Ostype: linux
18:08:28.360 [main] DEBUG com.github.dockerjava.zerodep.shaded.org.apache.hc.client5.http.headers -- http-outgoing-0 << Server: Docker/24.0.2 (linux)
18:08:28.360 [main] DEBUG com.github.dockerjava.zerodep.shaded.org.apache.hc.client5.http.headers -- http-outgoing-0 << Transfer-Encoding: chunked
18:08:28.360 [main] DEBUG com.github.dockerjava.zerodep.shaded.org.apache.hc.client5.http.impl.classic.MainClientExec -- ex-00000004: connection can be kept alive for 3 MINUTES
18:08:28.360 [main] DEBUG com.github.dockerjava.zerodep.shaded.org.apache.hc.client5.http.wire -- http-outgoing-0 << "58[\r][\n]"
18:08:28.360 [main] DEBUG com.github.dockerjava.zerodep.shaded.org.apache.hc.client5.http.wire -- http-outgoing-0 << "{"Id":"47f55e1b8d1c7a3c56618e37840ffdc8c1f4072988d2f85afb600d8d3b23eb46","Warnings":[]}[\n]"
18:08:28.360 [main] DEBUG com.github.dockerjava.zerodep.shaded.org.apache.hc.client5.http.wire -- http-outgoing-0 << "[\r][\n]"
18:08:28.360 [main] DEBUG com.github.dockerjava.zerodep.shaded.org.apache.hc.client5.http.wire -- http-outgoing-0 << "0[\r][\n]"
18:08:28.360 [main] DEBUG com.github.dockerjava.zerodep.shaded.org.apache.hc.client5.http.wire -- http-outgoing-0 << "[\r][\n]"
18:08:28.361 [main] DEBUG com.github.dockerjava.zerodep.shaded.org.apache.hc.client5.http.impl.classic.InternalHttpClient -- ep-00000003: releasing valid endpoint
18:08:28.361 [main] DEBUG com.github.dockerjava.zerodep.shaded.org.apache.hc.client5.http.impl.io.PoolingHttpClientConnectionManager -- ep-00000003: releasing endpoint
18:08:28.361 [main] DEBUG com.github.dockerjava.zerodep.shaded.org.apache.hc.client5.http.impl.io.PoolingHttpClientConnectionManager -- ep-00000003: connection http-outgoing-0 can be kept alive for 3 MINUTES
18:08:28.361 [main] DEBUG com.github.dockerjava.zerodep.shaded.org.apache.hc.client5.http.impl.io.PoolingHttpClientConnectionManager -- ep-00000003: connection released [route: {}->npipe://localhost:2375][total available: 1; route allocated: 1 of 2147483647; total allocated: 1 of 2147483647]
18:08:28.362 [main] INFO tc.testcontainers/ryuk:0.4.0 -- Container testcontainers/ryuk:0.4.0 is starting: 47f55e1b8d1c7a3c56618e37840ffdc8c1f4072988d2f85afb600d8d3b23eb46
18:08:28.363 [main] DEBUG org.testcontainers.shaded.com.github.dockerjava.core.command.AbstrDockerCmd -- Cmd: 47f55e1b8d1c7a3c56618e37840ffdc8c1f4072988d2f85afb600d8d3b23eb46
18:08:28.363 [main] DEBUG com.github.dockerjava.zerodep.shaded.org.apache.hc.client5.http.impl.classic.InternalHttpClient -- ex-00000005: preparing request execution
18:08:28.363 [main] DEBUG com.github.dockerjava.zerodep.shaded.org.apache.hc.client5.http.protocol.RequestAddCookies -- Cookie spec selected: strict
18:08:28.363 [main] DEBUG com.github.dockerjava.zerodep.shaded.org.apache.hc.client5.http.protocol.RequestAuthCache -- Auth cache not set in the context
18:08:28.363 [main] DEBUG com.github.dockerjava.zerodep.shaded.org.apache.hc.client5.http.impl.classic.ProtocolExec -- ex-00000005: target auth state: UNCHALLENGED
18:08:28.363 [main] DEBUG com.github.dockerjava.zerodep.shaded.org.apache.hc.client5.http.impl.classic.ProtocolExec -- ex-00000005: proxy auth state: UNCHALLENGED
18:08:28.363 [main] DEBUG com.github.dockerjava.zerodep.shaded.org.apache.hc.client5.http.impl.classic.ConnectExec -- ex-00000005: acquiring connection with route {}->npipe://localhost:2375
18:08:28.363 [main] DEBUG com.github.dockerjava.zerodep.shaded.org.apache.hc.client5.http.impl.classic.InternalHttpClient -- ex-00000005: acquiring endpoint (3 MINUTES)
18:08:28.363 [main] DEBUG com.github.dockerjava.zerodep.shaded.org.apache.hc.client5.http.impl.io.PoolingHttpClientConnectionManager -- ex-00000005: endpoint lease request (3 MINUTES) [route: {}->npipe://localhost:2375][total available: 1; route allocated: 1 of 2147483647; total allocated: 1 of 2147483647]
18:08:28.363 [main] DEBUG com.github.dockerjava.zerodep.shaded.org.apache.hc.client5.http.impl.io.PoolingHttpClientConnectionManager -- ex-00000005: endpoint leased [route: {}->npipe://localhost:2375][total available: 0; route allocated: 1 of 2147483647; total allocated: 1 of 2147483647]
18:08:28.363 [main] DEBUG com.github.dockerjava.zerodep.shaded.org.apache.hc.client5.http.impl.io.PoolingHttpClientConnectionManager -- ex-00000005: acquired ep-00000004
18:08:28.363 [main] DEBUG com.github.dockerjava.zerodep.shaded.org.apache.hc.client5.http.impl.classic.InternalHttpClient -- ex-00000005: acquired endpoint ep-00000004
18:08:28.363 [main] DEBUG com.github.dockerjava.zerodep.shaded.org.apache.hc.client5.http.impl.classic.MainClientExec -- ex-00000005: executing POST /v1.32/containers/47f55e1b8d1c7a3c56618e37840ffdc8c1f4072988d2f85afb600d8d3b23eb46/start HTTP/1.1
18:08:28.363 [main] DEBUG com.github.dockerjava.zerodep.shaded.org.apache.hc.client5.http.impl.classic.InternalHttpClient -- ep-00000004: start execution ex-00000005
18:08:28.363 [main] DEBUG com.github.dockerjava.zerodep.shaded.org.apache.hc.client5.http.impl.io.PoolingHttpClientConnectionManager -- ep-00000004: executing exchange ex-00000005 over http-outgoing-0
18:08:28.363 [main] DEBUG com.github.dockerjava.zerodep.shaded.org.apache.hc.client5.http.headers -- http-outgoing-0 >> POST /v1.32/containers/47f55e1b8d1c7a3c56618e37840ffdc8c1f4072988d2f85afb600d8d3b23eb46/start HTTP/1.1
18:08:28.363 [main] DEBUG com.github.dockerjava.zerodep.shaded.org.apache.hc.client5.http.headers -- http-outgoing-0 >> accept: application/json
18:08:28.364 [main] DEBUG com.github.dockerjava.zerodep.shaded.org.apache.hc.client5.http.headers -- http-outgoing-0 >> content-type: application/json
18:08:28.364 [main] DEBUG com.github.dockerjava.zerodep.shaded.org.apache.hc.client5.http.headers -- http-outgoing-0 >> x-tc-sid: e0f64824-65da-49ef-ad69-afd5bd4a2a5f
18:08:28.364 [main] DEBUG com.github.dockerjava.zerodep.shaded.org.apache.hc.client5.http.headers -- http-outgoing-0 >> Accept-Encoding: gzip, x-gzip, deflate
18:08:28.364 [main] DEBUG com.github.dockerjava.zerodep.shaded.org.apache.hc.client5.http.headers -- http-outgoing-0 >> Host: localhost:2375
18:08:28.364 [main] DEBUG com.github.dockerjava.zerodep.shaded.org.apache.hc.client5.http.headers -- http-outgoing-0 >> Connection: keep-alive
18:08:28.364 [main] DEBUG com.github.dockerjava.zerodep.shaded.org.apache.hc.client5.http.headers -- http-outgoing-0 >> User-Agent: Apache-HttpClient/5.0.3 (Java/17.0.2)
18:08:28.364 [main] DEBUG com.github.dockerjava.zerodep.shaded.org.apache.hc.client5.http.wire -- http-outgoing-0 >> "POST /v1.32/containers/47f55e1b8d1c7a3c56618e37840ffdc8c1f4072988d2f85afb600d8d3b23eb46/start HTTP/1.1[\r][\n]"
18:08:28.364 [main] DEBUG com.github.dockerjava.zerodep.shaded.org.apache.hc.client5.http.wire -- http-outgoing-0 >> "accept: application/json[\r][\n]"
18:08:28.364 [main] DEBUG com.github.dockerjava.zerodep.shaded.org.apache.hc.client5.http.wire -- http-outgoing-0 >> "content-type: application/json[\r][\n]"
18:08:28.364 [main] DEBUG com.github.dockerjava.zerodep.shaded.org.apache.hc.client5.http.wire -- http-outgoing-0 >> "x-tc-sid: e0f64824-65da-49ef-ad69-afd5bd4a2a5f[\r][\n]"
18:08:28.364 [main] DEBUG com.github.dockerjava.zerodep.shaded.org.apache.hc.client5.http.wire -- http-outgoing-0 >> "Accept-Encoding: gzip, x-gzip, deflate[\r][\n]"
18:08:28.364 [main] DEBUG com.github.dockerjava.zerodep.shaded.org.apache.hc.client5.http.wire -- http-outgoing-0 >> "Host: localhost:2375[\r][\n]"
18:08:28.364 [main] DEBUG com.github.dockerjava.zerodep.shaded.org.apache.hc.client5.http.wire -- http-outgoing-0 >> "Connection: keep-alive[\r][\n]"
18:08:28.364 [main] DEBUG com.github.dockerjava.zerodep.shaded.org.apache.hc.client5.http.wire -- http-outgoing-0 >> "User-Agent: Apache-HttpClient/5.0.3 (Java/17.0.2)[\r][\n]"
18:08:28.364 [main] DEBUG com.github.dockerjava.zerodep.shaded.org.apache.hc.client5.http.wire -- http-outgoing-0 >> "[\r][\n]"
18:08:28.628 [main] DEBUG com.github.dockerjava.zerodep.shaded.org.apache.hc.client5.http.wire -- http-outgoing-0 << "HTTP/1.1 204 No Content[\r][\n]"
18:08:28.628 [main] DEBUG com.github.dockerjava.zerodep.shaded.org.apache.hc.client5.http.wire -- http-outgoing-0 << "Api-Version: 1.43[\r][\n]"
18:08:28.628 [main] DEBUG com.github.dockerjava.zerodep.shaded.org.apache.hc.client5.http.wire -- http-outgoing-0 << "Date: Sun, 18 Jun 2023 01:08:28 GMT[\r][\n]"
18:08:28.628 [main] DEBUG com.github.dockerjava.zerodep.shaded.org.apache.hc.client5.http.wire -- http-outgoing-0 << "Docker-Experimental: false[\r][\n]"
18:08:28.628 [main] DEBUG com.github.dockerjava.zerodep.shaded.org.apache.hc.client5.http.wire -- http-outgoing-0 << "Ostype: linux[\r][\n]"
18:08:28.628 [main] DEBUG com.github.dockerjava.zerodep.shaded.org.apache.hc.client5.http.wire -- http-outgoing-0 << "Server: Docker/24.0.2 (linux)[\r][\n]"
18:08:28.628 [main] DEBUG com.github.dockerjava.zerodep.shaded.org.apache.hc.client5.http.wire -- http-outgoing-0 << "[\r][\n]"
18:08:28.628 [main] DEBUG com.github.dockerjava.zerodep.shaded.org.apache.hc.client5.http.headers -- http-outgoing-0 << HTTP/1.1 204 No Content
18:08:28.628 [main] DEBUG com.github.dockerjava.zerodep.shaded.org.apache.hc.client5.http.headers -- http-outgoing-0 << Api-Version: 1.43
18:08:28.628 [main] DEBUG com.github.dockerjava.zerodep.shaded.org.apache.hc.client5.http.headers -- http-outgoing-0 << Date: Sun, 18 Jun 2023 01:08:28 GMT
18:08:28.628 [main] DEBUG com.github.dockerjava.zerodep.shaded.org.apache.hc.client5.http.headers -- http-outgoing-0 << Docker-Experimental: false
18:08:28.628 [main] DEBUG com.github.dockerjava.zerodep.shaded.org.apache.hc.client5.http.headers -- http-outgoing-0 << Ostype: linux
18:08:28.628 [main] DEBUG com.github.dockerjava.zerodep.shaded.org.apache.hc.client5.http.headers -- http-outgoing-0 << Server: Docker/24.0.2 (linux)
18:08:28.628 [main] DEBUG com.github.dockerjava.zerodep.shaded.org.apache.hc.client5.http.impl.classic.MainClientExec -- ex-00000005: connection can be kept alive for 3 MINUTES
18:08:28.628 [main] DEBUG com.github.dockerjava.zerodep.shaded.org.apache.hc.client5.http.impl.classic.InternalHttpClient -- ep-00000004: releasing valid endpoint
18:08:28.628 [main] DEBUG com.github.dockerjava.zerodep.shaded.org.apache.hc.client5.http.impl.io.PoolingHttpClientConnectionManager -- ep-00000004: releasing endpoint
18:08:28.628 [main] DEBUG com.github.dockerjava.zerodep.shaded.org.apache.hc.client5.http.impl.io.PoolingHttpClientConnectionManager -- ep-00000004: connection http-outgoing-0 can be kept alive for 3 MINUTES
18:08:28.628 [main] DEBUG com.github.dockerjava.zerodep.shaded.org.apache.hc.client5.http.impl.io.PoolingHttpClientConnectionManager -- ep-00000004: connection released [route: {}->npipe://localhost:2375][total available: 1; route allocated: 1 of 2147483647; total allocated: 1 of 2147483647]
18:08:28.633 [main] DEBUG org.testcontainers.shaded.com.github.dockerjava.core.command.AbstrDockerCmd -- Cmd: 47f55e1b8d1c7a3c56618e37840ffdc8c1f4072988d2f85afb600d8d3b23eb46,false
18:08:28.634 [main] DEBUG org.testcontainers.shaded.com.github.dockerjava.core.exec.InspectContainerCmdExec -- GET: DefaultWebTarget{path=[/containers/47f55e1b8d1c7a3c56618e37840ffdc8c1f4072988d2f85afb600d8d3b23eb46/json], queryParams={}}
18:08:28.634 [main] DEBUG com.github.dockerjava.zerodep.shaded.org.apache.hc.client5.http.impl.classic.InternalHttpClient -- ex-00000006: preparing request execution
18:08:28.634 [main] DEBUG com.github.dockerjava.zerodep.shaded.org.apache.hc.client5.http.protocol.RequestAddCookies -- Cookie spec selected: strict
18:08:28.634 [main] DEBUG com.github.dockerjava.zerodep.shaded.org.apache.hc.client5.http.protocol.RequestAuthCache -- Auth cache not set in the context
18:08:28.634 [main] DEBUG com.github.dockerjava.zerodep.shaded.org.apache.hc.client5.http.impl.classic.ProtocolExec -- ex-00000006: target auth state: UNCHALLENGED
18:08:28.634 [main] DEBUG com.github.dockerjava.zerodep.shaded.org.apache.hc.client5.http.impl.classic.ProtocolExec -- ex-00000006: proxy auth state: UNCHALLENGED
18:08:28.634 [main] DEBUG com.github.dockerjava.zerodep.shaded.org.apache.hc.client5.http.impl.classic.ConnectExec -- ex-00000006: acquiring connection with route {}->npipe://localhost:2375
18:08:28.634 [main] DEBUG com.github.dockerjava.zerodep.shaded.org.apache.hc.client5.http.impl.classic.InternalHttpClient -- ex-00000006: acquiring endpoint (3 MINUTES)
18:08:28.634 [main] DEBUG com.github.dockerjava.zerodep.shaded.org.apache.hc.client5.http.impl.io.PoolingHttpClientConnectionManager -- ex-00000006: endpoint lease request (3 MINUTES) [route: {}->npipe://localhost:2375][total available: 1; route allocated: 1 of 2147483647; total allocated: 1 of 2147483647]
18:08:28.634 [main] DEBUG com.github.dockerjava.zerodep.shaded.org.apache.hc.client5.http.impl.io.PoolingHttpClientConnectionManager -- ex-00000006: endpoint leased [route: {}->npipe://localhost:2375][total available: 0; route allocated: 1 of 2147483647; total allocated: 1 of 2147483647]
18:08:28.634 [main] DEBUG com.github.dockerjava.zerodep.shaded.org.apache.hc.client5.http.impl.io.PoolingHttpClientConnectionManager -- ex-00000006: acquired ep-00000005
18:08:28.634 [main] DEBUG com.github.dockerjava.zerodep.shaded.org.apache.hc.client5.http.impl.classic.InternalHttpClient -- ex-00000006: acquired endpoint ep-00000005
18:08:28.634 [main] DEBUG com.github.dockerjava.zerodep.shaded.org.apache.hc.client5.http.impl.classic.MainClientExec -- ex-00000006: executing GET /v1.32/containers/47f55e1b8d1c7a3c56618e37840ffdc8c1f4072988d2f85afb600d8d3b23eb46/json HTTP/1.1
18:08:28.634 [main] DEBUG com.github.dockerjava.zerodep.shaded.org.apache.hc.client5.http.impl.classic.InternalHttpClient -- ep-00000005: start execution ex-00000006
18:08:28.634 [main] DEBUG com.github.dockerjava.zerodep.shaded.org.apache.hc.client5.http.impl.io.PoolingHttpClientConnectionManager -- ep-00000005: executing exchange ex-00000006 over http-outgoing-0
18:08:28.634 [main] DEBUG com.github.dockerjava.zerodep.shaded.org.apache.hc.client5.http.headers -- http-outgoing-0 >> GET /v1.32/containers/47f55e1b8d1c7a3c56618e37840ffdc8c1f4072988d2f85afb600d8d3b23eb46/json HTTP/1.1
18:08:28.634 [main] DEBUG com.github.dockerjava.zerodep.shaded.org.apache.hc.client5.http.headers -- http-outgoing-0 >> accept: application/json
18:08:28.634 [main] DEBUG com.github.dockerjava.zerodep.shaded.org.apache.hc.client5.http.headers -- http-outgoing-0 >> x-tc-sid: e0f64824-65da-49ef-ad69-afd5bd4a2a5f
18:08:28.634 [main] DEBUG com.github.dockerjava.zerodep.shaded.org.apache.hc.client5.http.headers -- http-outgoing-0 >> Accept-Encoding: gzip, x-gzip, deflate
18:08:28.634 [main] DEBUG com.github.dockerjava.zerodep.shaded.org.apache.hc.client5.http.headers -- http-outgoing-0 >> Host: localhost:2375
18:08:28.634 [main] DEBUG com.github.dockerjava.zerodep.shaded.org.apache.hc.client5.http.headers -- http-outgoing-0 >> Connection: keep-alive
18:08:28.634 [main] DEBUG com.github.dockerjava.zerodep.shaded.org.apache.hc.client5.http.headers -- http-outgoing-0 >> User-Agent: Apache-HttpClient/5.0.3 (Java/17.0.2)
18:08:28.634 [main] DEBUG com.github.dockerjava.zerodep.shaded.org.apache.hc.client5.http.wire -- http-outgoing-0 >> "GET /v1.32/containers/47f55e1b8d1c7a3c56618e37840ffdc8c1f4072988d2f85afb600d8d3b23eb46/json HTTP/1.1[\r][\n]"
18:08:28.635 [main] DEBUG com.github.dockerjava.zerodep.shaded.org.apache.hc.client5.http.wire -- http-outgoing-0 >> "accept: application/json[\r][\n]"
18:08:28.635 [main] DEBUG com.github.dockerjava.zerodep.shaded.org.apache.hc.client5.http.wire -- http-outgoing-0 >> "x-tc-sid: e0f64824-65da-49ef-ad69-afd5bd4a2a5f[\r][\n]"
18:08:28.635 [main] DEBUG com.github.dockerjava.zerodep.shaded.org.apache.hc.client5.http.wire -- http-outgoing-0 >> "Accept-Encoding: gzip, x-gzip, deflate[\r][\n]"
18:08:28.635 [main] DEBUG com.github.dockerjava.zerodep.shaded.org.apache.hc.client5.http.wire -- http-outgoing-0 >> "Host: localhost:2375[\r][\n]"
18:08:28.635 [main] DEBUG com.github.dockerjava.zerodep.shaded.org.apache.hc.client5.http.wire -- http-outgoing-0 >> "Connection: keep-alive[\r][\n]"
18:08:28.635 [main] DEBUG com.github.dockerjava.zerodep.shaded.org.apache.hc.client5.http.wire -- http-outgoing-0 >> "User-Agent: Apache-HttpClient/5.0.3 (Java/17.0.2)[\r][\n]"
18:08:28.635 [main] DEBUG com.github.dockerjava.zerodep.shaded.org.apache.hc.client5.http.wire -- http-outgoing-0 >> "[\r][\n]"
18:08:28.637 [main] DEBUG com.github.dockerjava.zerodep.shaded.org.apache.hc.client5.http.wire -- http-outgoing-0 << "HTTP/1.1 200 OK[\r][\n]"
18:08:28.637 [main] DEBUG com.github.dockerjava.zerodep.shaded.org.apache.hc.client5.http.wire -- http-outgoing-0 << "Api-Version: 1.43[\r][\n]"
18:08:28.637 [main] DEBUG com.github.dockerjava.zerodep.shaded.org.apache.hc.client5.http.wire -- http-outgoing-0 << "Content-Type: application/json[\r][\n]"
18:08:28.637 [main] DEBUG com.github.dockerjava.zerodep.shaded.org.apache.hc.client5.http.wire -- http-outgoing-0 << "Date: Sun, 18 Jun 2023 01:08:28 GMT[\r][\n]"
18:08:28.637 [main] DEBUG com.github.dockerjava.zerodep.shaded.org.apache.hc.client5.http.wire -- http-outgoing-0 << "Docker-Experimental: false[\r][\n]"
18:08:28.637 [main] DEBUG com.github.dockerjava.zerodep.shaded.org.apache.hc.client5.http.wire -- http-outgoing-0 << "Ostype: linux[\r][\n]"
18:08:28.637 [main] DEBUG com.github.dockerjava.zerodep.shaded.org.apache.hc.client5.http.wire -- http-outgoing-0 << "Server: Docker/24.0.2 (linux)[\r][\n]"
18:08:28.637 [main] DEBUG com.github.dockerjava.zerodep.shaded.org.apache.hc.client5.http.wire -- http-outgoing-0 << "Transfer-Encoding: chunked[\r][\n]"
18:08:28.637 [main] DEBUG com.github.dockerjava.zerodep.shaded.org.apache.hc.client5.http.wire -- http-outgoing-0 << "[\r][\n]"
18:08:28.637 [main] DEBUG com.github.dockerjava.zerodep.shaded.org.apache.hc.client5.http.headers -- http-outgoing-0 << HTTP/1.1 200 OK
18:08:28.637 [main] DEBUG com.github.dockerjava.zerodep.shaded.org.apache.hc.client5.http.headers -- http-outgoing-0 << Api-Version: 1.43
18:08:28.637 [main] DEBUG com.github.dockerjava.zerodep.shaded.org.apache.hc.client5.http.headers -- http-outgoing-0 << Content-Type: application/json
18:08:28.637 [main] DEBUG com.github.dockerjava.zerodep.shaded.org.apache.hc.client5.http.headers -- http-outgoing-0 << Date: Sun, 18 Jun 2023 01:08:28 GMT
18:08:28.637 [main] DEBUG com.github.dockerjava.zerodep.shaded.org.apache.hc.client5.http.headers -- http-outgoing-0 << Docker-Experimental: false
18:08:28.637 [main] DEBUG com.github.dockerjava.zerodep.shaded.org.apache.hc.client5.http.headers -- http-outgoing-0 << Ostype: linux
18:08:28.637 [main] DEBUG com.github.dockerjava.zerodep.shaded.org.apache.hc.client5.http.headers -- http-outgoing-0 << Server: Docker/24.0.2 (linux)
18:08:28.637 [main] DEBUG com.github.dockerjava.zerodep.shaded.org.apache.hc.client5.http.headers -- http-outgoing-0 << Transfer-Encoding: chunked
18:08:28.637 [main] DEBUG com.github.dockerjava.zerodep.shaded.org.apache.hc.client5.http.impl.classic.MainClientExec -- ex-00000006: connection can be kept alive for 3 MINUTES
18:08:28.638 [main] DEBUG com.github.dockerjava.zerodep.shaded.org.apache.hc.client5.http.wire -- http-outgoing-0 << "141a[\r][\n]"
18:08:28.638 [main] DEBUG com.github.dockerjava.zerodep.shaded.org.apache.hc.client5.http.wire -- http-outgoing-0 << "{"Id":"47f55e1b8d1c7a3c56618e37840ffdc8c1f4072988d2f85afb600d8d3b23eb46","Created":"2023-06-18T01:08:28.348070614Z","Path":"/bin/ryuk","Args":[],"State":{"Status":"running","Running":true,"Paused":false,"Restarting":false,"OOMKilled":false,"Dead":false,"Pid":158402,"ExitCode":0,"Error":"","StartedAt":"2023-06-18T01:08:28.621801033Z","FinishedAt":"0001-01-01T00:00:00Z"},"Image":"sha256:2e306eb8aa06255c4f736b2bcf446760cae7cf9e947651ba8272f34c3e94ffa7","ResolvConfPath":"/var/lib/docker/containers/47f55e1b8d1c7a3c56618e37840ffdc8c1f4072988d2f85afb600d8d3b23eb46/resolv.conf","HostnamePath":"/var/lib/docker/containers/47f55e1b8d1c7a3c56618e37840ffdc8c1f4072988d2f85afb600d8d3b23eb46/hostname","HostsPath":"/var/lib/docker/containers/47f55e1b8d1c7a3c56618e37840ffdc8c1f4072988d2f85afb600d8d3b23eb46/hosts","LogPath":"/var/lib/docker/containers/47f55e1b8d1c7a3c56618e37840ffdc8c1f4072988d2f85afb600d8d3b23eb46/47f55e1b8d1c7a3c56618e37840ffdc8c1f4072988d2f85afb600d8d3b23eb46-json.log","Name":"/testcontainers-ryuk-e0f64824-65da-49ef-ad69-afd5bd4a2a5f","RestartCount":0,"Driver":"overlay2","Platform":"linux","MountLabel":"","ProcessLabel":"","AppArmorProfile":"","ExecIDs":null,"HostConfig":{"Binds":["//var/run/docker.sock:/var/run/docker.sock:rw"],"ContainerIDFile":"","LogConfig":{"Type":"json-file","Config":{}},"NetworkMode":"default","PortBindings":{"8080/tcp":[{"HostIp":"0.0.0.0","HostPort":"0"}]},"RestartPolicy":{"Name":"","MaximumRetryCount":0},"AutoRemove":true,"VolumeDriver":"","VolumesFrom":[],"ConsoleSize":[0,0],"CapAdd":null,"CapDrop":null,"CgroupnsMode":"host","Dns":null,"DnsOptions":null,"DnsSearch":null,"ExtraHosts":[],"GroupAdd":null,"IpcMode":"shareable","Cgroup":"","Links":null,"OomScoreAdj":0,"PidMode":"","Privileged":false,"PublishAllPorts":false,"ReadonlyRootfs":false,"SecurityOpt":null,"UTSMode":"","UsernsMode":"","ShmSize":67108864,"Runtime":"runc","Isolation":"","CpuShares":0,"Memory":0,"NanoCpus":0,"CgroupParent":"","BlkioWeight":0,"BlkioWeightDevice":null,"BlkioDeviceReadBps":null,"BlkioDeviceWriteBps":null,"BlkioDeviceReadIOps":null,"BlkioDeviceWriteIOps":null,"CpuPeriod":0,"CpuQuota":0,"CpuRealtimePeriod":0,"CpuRealtimeRuntime":0,"CpusetCpus":"","CpusetMems":"","Devices":null,"DeviceCgroupRules":null,"DeviceRequests":null,"MemoryReservation":0,"MemorySwap":0,"MemorySwappiness":null,"OomKillDisable":false,"PidsLimit":null,"Ulimits":null,"CpuCount":0,"CpuPercent":0,"IOMaximumIOps":0,"IOMaximumBandwidth":0,"MaskedPaths":["/proc/asound","/proc/acpi","/proc/kcore","/proc/keys","/proc/latency_stats","/proc/timer_list","/proc/timer_stats","/proc/sched_debug","/proc/scsi","/sys/firmware"],"ReadonlyPaths":["/proc/bus","/proc/fs","/proc/irq","/proc/sys","/proc/sysrq-trigger"]},"GraphDriver":{"Data":{"LowerDir":"/var/lib/docker/overlay2/f8f2c02930f2cb7795063c1ef688452c100c880e3b22b0f2bcda885edc7b092a-init/diff:/var/lib/docker/overlay2/a3a748267dc1b5c9f7c0281b7be3c453296d54ac9301913ea5db9d11f61b0068/diff:/var/lib/docker/overlay2/4e14efbc3b9b0cea4cf7cc5030ef94c7595011e9ae2f0feaa0e9b4b580dc9cbd/diff:/var/lib/docker/overlay2/a6d2c74814c330857e6c75cc72635f38cfe7ba3f7409a2f7eb7ee01f3ee38ce1/diff","MergedDir":"/var/lib/docker/overlay2/f8f2c02930f2cb7795063c1ef688452c100c880e3b22b0f2bcda885edc7b092a/merged","UpperDir":"/var/lib/docker/overlay2/f8f2c02930f2cb7795063c1ef688452c100c880e3b22b0f2bcda885edc7b092a/diff","WorkDir":"/var/lib/docker/overlay2/f8f2c02930f2cb7795063c1ef688452c100c880e3b22b0f2bcda885edc7b092a/work"},"Name":"overlay2"},"Mounts":[{"Type":"bind","Source":"//var/run/docker.sock","Destination":"/var/run/docker.sock","Mode":"rw","RW":true,"Propagation":"rprivate"}],"Config":{"Hostname":"47f55e1b8d1c","Domainname":"","User":"","AttachStdin":false,"AttachStdout":false,"AttachStderr":false,"ExposedPorts":{"8080/tcp":{}},"Tty":false,"OpenStdin":false,"StdinOnce":false,"Env":["PATH=/usr/local/sbin:/usr/local/bin:/usr/sbin:/usr/bin:/sbin:/bin"],"Cmd":["/bin/ryuk"],"Image":"testcontainers/ryuk:0.4.0","Volumes":null,"WorkingDir":"","Entrypoint":null,"OnBuild":null,"Labels":{"org.testcontainers":"true","org.testcontainer"
18:08:28.661 [main] DEBUG com.github.dockerjava.zerodep.shaded.org.apache.hc.client5.http.wire -- http-outgoing-0 << "s.lang":"java","org.testcontainers.ryuk":"true","org.testcontainers.version":"1.18.1"}},"NetworkSettings":{"Bridge":"","SandboxID":"4a4407eed9745cd2d7b9aa5b4733a8952211a85f49a2e069ff311e520ea1afd8","HairpinMode":false,"LinkLocalIPv6Address":"","LinkLocalIPv6PrefixLen":0,"Ports":{"8080/tcp":[]},"SandboxKey":"/var/run/docker/netns/4a4407eed974","SecondaryIPAddresses":null,"SecondaryIPv6Addresses":null,"EndpointID":"6fa8470217f6940ae2d81fe11e8ca9abdfb746831b9197b55c281f03e1a967c9","Gateway":"172.17.0.1","GlobalIPv6Address":"","GlobalIPv6PrefixLen":0,"IPAddress":"172.17.0.2","IPPrefixLen":16,"IPv6Gateway":"","MacAddress":"02:42:ac:11:00:02","Networks":{"bridge":{"IPAMConfig":null,"Links":null,"Aliases":null,"NetworkID":"8c73b9d22428bb7e7008f8f22d56fe5fa922947537d30f2190abea08496121e9","EndpointID":"6fa8470217f6940ae2d81fe11e8ca9abdfb746831b9197b55c281f03e1a967c9","Gateway":"172.17.0.1","IPAddress":"172.17.0.2","IPPrefixLen":16,"IPv6Gateway":"","GlobalIPv6Address":"","GlobalIPv6PrefixLen":0,"MacAddress":"02:42:ac:11:00:02","DriverOpts":null}}}}[\n]"
18:08:28.669 [main] DEBUG com.github.dockerjava.zerodep.shaded.org.apache.hc.client5.http.wire -- http-outgoing-0 << "[\r][\n]"
18:08:28.669 [main] DEBUG com.github.dockerjava.zerodep.shaded.org.apache.hc.client5.http.wire -- http-outgoing-0 << "0[\r][\n]"
18:08:28.669 [main] DEBUG com.github.dockerjava.zerodep.shaded.org.apache.hc.client5.http.wire -- http-outgoing-0 << "[\r][\n]"
18:08:28.669 [main] DEBUG com.github.dockerjava.zerodep.shaded.org.apache.hc.client5.http.impl.classic.InternalHttpClient -- ep-00000005: releasing valid endpoint
18:08:28.669 [main] DEBUG com.github.dockerjava.zerodep.shaded.org.apache.hc.client5.http.impl.io.PoolingHttpClientConnectionManager -- ep-00000005: releasing endpoint
18:08:28.669 [main] DEBUG com.github.dockerjava.zerodep.shaded.org.apache.hc.client5.http.impl.io.PoolingHttpClientConnectionManager -- ep-00000005: connection http-outgoing-0 can be kept alive for 3 MINUTES
18:08:28.669 [main] DEBUG com.github.dockerjava.zerodep.shaded.org.apache.hc.client5.http.impl.io.PoolingHttpClientConnectionManager -- ep-00000005: connection released [route: {}->npipe://localhost:2375][total available: 1; route allocated: 1 of 2147483647; total allocated: 1 of 2147483647]
18:08:28.681 [main] DEBUG org.testcontainers.shaded.com.github.dockerjava.core.command.AbstrDockerCmd -- Cmd: 47f55e1b8d1c7a3c56618e37840ffdc8c1f4072988d2f85afb600d8d3b23eb46,false
18:08:28.681 [main] DEBUG org.testcontainers.shaded.com.github.dockerjava.core.exec.InspectContainerCmdExec -- GET: DefaultWebTarget{path=[/containers/47f55e1b8d1c7a3c56618e37840ffdc8c1f4072988d2f85afb600d8d3b23eb46/json], queryParams={}}
18:08:28.681 [main] DEBUG com.github.dockerjava.zerodep.shaded.org.apache.hc.client5.http.impl.classic.InternalHttpClient -- ex-00000007: preparing request execution
18:08:28.681 [main] DEBUG com.github.dockerjava.zerodep.shaded.org.apache.hc.client5.http.protocol.RequestAddCookies -- Cookie spec selected: strict
18:08:28.681 [main] DEBUG com.github.dockerjava.zerodep.shaded.org.apache.hc.client5.http.protocol.RequestAuthCache -- Auth cache not set in the context
18:08:28.681 [main] DEBUG com.github.dockerjava.zerodep.shaded.org.apache.hc.client5.http.impl.classic.ProtocolExec -- ex-00000007: target auth state: UNCHALLENGED
18:08:28.681 [main] DEBUG com.github.dockerjava.zerodep.shaded.org.apache.hc.client5.http.impl.classic.ProtocolExec -- ex-00000007: proxy auth state: UNCHALLENGED
18:08:28.682 [main] DEBUG com.github.dockerjava.zerodep.shaded.org.apache.hc.client5.http.impl.classic.ConnectExec -- ex-00000007: acquiring connection with route {}->npipe://localhost:2375
18:08:28.682 [main] DEBUG com.github.dockerjava.zerodep.shaded.org.apache.hc.client5.http.impl.classic.InternalHttpClient -- ex-00000007: acquiring endpoint (3 MINUTES)
18:08:28.682 [main] DEBUG com.github.dockerjava.zerodep.shaded.org.apache.hc.client5.http.impl.io.PoolingHttpClientConnectionManager -- ex-00000007: endpoint lease request (3 MINUTES) [route: {}->npipe://localhost:2375][total available: 1; route allocated: 1 of 2147483647; total allocated: 1 of 2147483647]
18:08:28.682 [main] DEBUG com.github.dockerjava.zerodep.shaded.org.apache.hc.client5.http.impl.io.PoolingHttpClientConnectionManager -- ex-00000007: endpoint leased [route: {}->npipe://localhost:2375][total available: 0; route allocated: 1 of 2147483647; total allocated: 1 of 2147483647]
18:08:28.682 [main] DEBUG com.github.dockerjava.zerodep.shaded.org.apache.hc.client5.http.impl.io.PoolingHttpClientConnectionManager -- ex-00000007: acquired ep-00000006
18:08:28.682 [main] DEBUG com.github.dockerjava.zerodep.shaded.org.apache.hc.client5.http.impl.classic.InternalHttpClient -- ex-00000007: acquired endpoint ep-00000006
18:08:28.682 [main] DEBUG com.github.dockerjava.zerodep.shaded.org.apache.hc.client5.http.impl.classic.MainClientExec -- ex-00000007: executing GET /v1.32/containers/47f55e1b8d1c7a3c56618e37840ffdc8c1f4072988d2f85afb600d8d3b23eb46/json HTTP/1.1
18:08:28.682 [main] DEBUG com.github.dockerjava.zerodep.shaded.org.apache.hc.client5.http.impl.classic.InternalHttpClient -- ep-00000006: start execution ex-00000007
18:08:28.682 [main] DEBUG com.github.dockerjava.zerodep.shaded.org.apache.hc.client5.http.impl.io.PoolingHttpClientConnectionManager -- ep-00000006: executing exchange ex-00000007 over http-outgoing-0
18:08:28.682 [main] DEBUG com.github.dockerjava.zerodep.shaded.org.apache.hc.client5.http.headers -- http-outgoing-0 >> GET /v1.32/containers/47f55e1b8d1c7a3c56618e37840ffdc8c1f4072988d2f85afb600d8d3b23eb46/json HTTP/1.1
18:08:28.682 [main] DEBUG com.github.dockerjava.zerodep.shaded.org.apache.hc.client5.http.headers -- http-outgoing-0 >> accept: application/json
18:08:28.682 [main] DEBUG com.github.dockerjava.zerodep.shaded.org.apache.hc.client5.http.headers -- http-outgoing-0 >> x-tc-sid: e0f64824-65da-49ef-ad69-afd5bd4a2a5f
18:08:28.683 [main] DEBUG com.github.dockerjava.zerodep.shaded.org.apache.hc.client5.http.headers -- http-outgoing-0 >> Accept-Encoding: gzip, x-gzip, deflate
18:08:28.683 [main] DEBUG com.github.dockerjava.zerodep.shaded.org.apache.hc.client5.http.headers -- http-outgoing-0 >> Host: localhost:2375
18:08:28.683 [main] DEBUG com.github.dockerjava.zerodep.shaded.org.apache.hc.client5.http.headers -- http-outgoing-0 >> Connection: keep-alive
18:08:28.683 [main] DEBUG com.github.dockerjava.zerodep.shaded.org.apache.hc.client5.http.headers -- http-outgoing-0 >> User-Agent: Apache-HttpClient/5.0.3 (Java/17.0.2)
18:08:28.683 [main] DEBUG com.github.dockerjava.zerodep.shaded.org.apache.hc.client5.http.wire -- http-outgoing-0 >> "GET /v1.32/containers/47f55e1b8d1c7a3c56618e37840ffdc8c1f4072988d2f85afb600d8d3b23eb46/json HTTP/1.1[\r][\n]"
18:08:28.683 [main] DEBUG com.github.dockerjava.zerodep.shaded.org.apache.hc.client5.http.wire -- http-outgoing-0 >> "accept: application/json[\r][\n]"
18:08:28.683 [main] DEBUG com.github.dockerjava.zerodep.shaded.org.apache.hc.client5.http.wire -- http-outgoing-0 >> "x-tc-sid: e0f64824-65da-49ef-ad69-afd5bd4a2a5f[\r][\n]"
18:08:28.683 [main] DEBUG com.github.dockerjava.zerodep.shaded.org.apache.hc.client5.http.wire -- http-outgoing-0 >> "Accept-Encoding: gzip, x-gzip, deflate[\r][\n]"
18:08:28.683 [main] DEBUG com.github.dockerjava.zerodep.shaded.org.apache.hc.client5.http.wire -- http-outgoing-0 >> "Host: localhost:2375[\r][\n]"
18:08:28.683 [main] DEBUG com.github.dockerjava.zerodep.shaded.org.apache.hc.client5.http.wire -- http-outgoing-0 >> "Connection: keep-alive[\r][\n]"
18:08:28.683 [main] DEBUG com.github.dockerjava.zerodep.shaded.org.apache.hc.client5.http.wire -- http-outgoing-0 >> "User-Agent: Apache-HttpClient/5.0.3 (Java/17.0.2)[\r][\n]"
18:08:28.683 [main] DEBUG com.github.dockerjava.zerodep.shaded.org.apache.hc.client5.http.wire -- http-outgoing-0 >> "[\r][\n]"
18:08:28.685 [main] DEBUG com.github.dockerjava.zerodep.shaded.org.apache.hc.client5.http.wire -- http-outgoing-0 << "HTTP/1.1 200 OK[\r][\n]"
18:08:28.685 [main] DEBUG com.github.dockerjava.zerodep.shaded.org.apache.hc.client5.http.wire -- http-outgoing-0 << "Api-Version: 1.43[\r][\n]"
18:08:28.685 [main] DEBUG com.github.dockerjava.zerodep.shaded.org.apache.hc.client5.http.wire -- http-outgoing-0 << "Content-Type: application/json[\r][\n]"
18:08:28.685 [main] DEBUG com.github.dockerjava.zerodep.shaded.org.apache.hc.client5.http.wire -- http-outgoing-0 << "Date: Sun, 18 Jun 2023 01:08:28 GMT[\r][\n]"
18:08:28.685 [main] DEBUG com.github.dockerjava.zerodep.shaded.org.apache.hc.client5.http.wire -- http-outgoing-0 << "Docker-Experimental: false[\r][\n]"
18:08:28.685 [main] DEBUG com.github.dockerjava.zerodep.shaded.org.apache.hc.client5.http.wire -- http-outgoing-0 << "Ostype: linux[\r][\n]"
18:08:28.685 [main] DEBUG com.github.dockerjava.zerodep.shaded.org.apache.hc.client5.http.wire -- http-outgoing-0 << "Server: Docker/24.0.2 (linux)[\r][\n]"
18:08:28.685 [main] DEBUG com.github.dockerjava.zerodep.shaded.org.apache.hc.client5.http.wire -- http-outgoing-0 << "Transfer-Encoding: chunked[\r][\n]"
18:08:28.685 [main] DEBUG com.github.dockerjava.zerodep.shaded.org.apache.hc.client5.http.wire -- http-outgoing-0 << "[\r][\n]"
18:08:28.685 [main] DEBUG com.github.dockerjava.zerodep.shaded.org.apache.hc.client5.http.headers -- http-outgoing-0 << HTTP/1.1 200 OK
18:08:28.685 [main] DEBUG com.github.dockerjava.zerodep.shaded.org.apache.hc.client5.http.headers -- http-outgoing-0 << Api-Version: 1.43
18:08:28.685 [main] DEBUG com.github.dockerjava.zerodep.shaded.org.apache.hc.client5.http.headers -- http-outgoing-0 << Content-Type: application/json
18:08:28.685 [main] DEBUG com.github.dockerjava.zerodep.shaded.org.apache.hc.client5.http.headers -- http-outgoing-0 << Date: Sun, 18 Jun 2023 01:08:28 GMT
18:08:28.685 [main] DEBUG com.github.dockerjava.zerodep.shaded.org.apache.hc.client5.http.headers -- http-outgoing-0 << Docker-Experimental: false
18:08:28.685 [main] DEBUG com.github.dockerjava.zerodep.shaded.org.apache.hc.client5.http.headers -- http-outgoing-0 << Ostype: linux
18:08:28.685 [main] DEBUG com.github.dockerjava.zerodep.shaded.org.apache.hc.client5.http.headers -- http-outgoing-0 << Server: Docker/24.0.2 (linux)
18:08:28.685 [main] DEBUG com.github.dockerjava.zerodep.shaded.org.apache.hc.client5.http.headers -- http-outgoing-0 << Transfer-Encoding: chunked
18:08:28.685 [main] DEBUG com.github.dockerjava.zerodep.shaded.org.apache.hc.client5.http.impl.classic.MainClientExec -- ex-00000007: connection can be kept alive for 3 MINUTES
18:08:28.686 [main] DEBUG com.github.dockerjava.zerodep.shaded.org.apache.hc.client5.http.wire -- http-outgoing-0 << "1441[\r][\n]"
18:08:28.686 [main] DEBUG com.github.dockerjava.zerodep.shaded.org.apache.hc.client5.http.wire -- http-outgoing-0 << "{"Id":"47f55e1b8d1c7a3c56618e37840ffdc8c1f4072988d2f85afb600d8d3b23eb46","Created":"2023-06-18T01:08:28.348070614Z","Path":"/bin/ryuk","Args":[],"State":{"Status":"running","Running":true,"Paused":false,"Restarting":false,"OOMKilled":false,"Dead":false,"Pid":158402,"ExitCode":0,"Error":"","StartedAt":"2023-06-18T01:08:28.621801033Z","FinishedAt":"0001-01-01T00:00:00Z"},"Image":"sha256:2e306eb8aa06255c4f736b2bcf446760cae7cf9e947651ba8272f34c3e94ffa7","ResolvConfPath":"/var/lib/docker/containers/47f55e1b8d1c7a3c56618e37840ffdc8c1f4072988d2f85afb600d8d3b23eb46/resolv.conf","HostnamePath":"/var/lib/docker/containers/47f55e1b8d1c7a3c56618e37840ffdc8c1f4072988d2f85afb600d8d3b23eb46/hostname","HostsPath":"/var/lib/docker/containers/47f55e1b8d1c7a3c56618e37840ffdc8c1f4072988d2f85afb600d8d3b23eb46/hosts","LogPath":"/var/lib/docker/containers/47f55e1b8d1c7a3c56618e37840ffdc8c1f4072988d2f85afb600d8d3b23eb46/47f55e1b8d1c7a3c56618e37840ffdc8c1f4072988d2f85afb600d8d3b23eb46-json.log","Name":"/testcontainers-ryuk-e0f64824-65da-49ef-ad69-afd5bd4a2a5f","RestartCount":0,"Driver":"overlay2","Platform":"linux","MountLabel":"","ProcessLabel":"","AppArmorProfile":"","ExecIDs":null,"HostConfig":{"Binds":["//var/run/docker.sock:/var/run/docker.sock:rw"],"ContainerIDFile":"","LogConfig":{"Type":"json-file","Config":{}},"NetworkMode":"default","PortBindings":{"8080/tcp":[{"HostIp":"0.0.0.0","HostPort":"0"}]},"RestartPolicy":{"Name":"","MaximumRetryCount":0},"AutoRemove":true,"VolumeDriver":"","VolumesFrom":[],"ConsoleSize":[0,0],"CapAdd":null,"CapDrop":null,"CgroupnsMode":"host","Dns":null,"DnsOptions":null,"DnsSearch":null,"ExtraHosts":[],"GroupAdd":null,"IpcMode":"shareable","Cgroup":"","Links":null,"OomScoreAdj":0,"PidMode":"","Privileged":false,"PublishAllPorts":false,"ReadonlyRootfs":false,"SecurityOpt":null,"UTSMode":"","UsernsMode":"","ShmSize":67108864,"Runtime":"runc","Isolation":"","CpuShares":0,"Memory":0,"NanoCpus":0,"CgroupParent":"","BlkioWeight":0,"BlkioWeightDevice":null,"BlkioDeviceReadBps":null,"BlkioDeviceWriteBps":null,"BlkioDeviceReadIOps":null,"BlkioDeviceWriteIOps":null,"CpuPeriod":0,"CpuQuota":0,"CpuRealtimePeriod":0,"CpuRealtimeRuntime":0,"CpusetCpus":"","CpusetMems":"","Devices":null,"DeviceCgroupRules":null,"DeviceRequests":null,"MemoryReservation":0,"MemorySwap":0,"MemorySwappiness":null,"OomKillDisable":false,"PidsLimit":null,"Ulimits":null,"CpuCount":0,"CpuPercent":0,"IOMaximumIOps":0,"IOMaximumBandwidth":0,"MaskedPaths":["/proc/asound","/proc/acpi","/proc/kcore","/proc/keys","/proc/latency_stats","/proc/timer_list","/proc/timer_stats","/proc/sched_debug","/proc/scsi","/sys/firmware"],"ReadonlyPaths":["/proc/bus","/proc/fs","/proc/irq","/proc/sys","/proc/sysrq-trigger"]},"GraphDriver":{"Data":{"LowerDir":"/var/lib/docker/overlay2/f8f2c02930f2cb7795063c1ef688452c100c880e3b22b0f2bcda885edc7b092a-init/diff:/var/lib/docker/overlay2/a3a748267dc1b5c9f7c0281b7be3c453296d54ac9301913ea5db9d11f61b0068/diff:/var/lib/docker/overlay2/4e14efbc3b9b0cea4cf7cc5030ef94c7595011e9ae2f0feaa0e9b4b580dc9cbd/diff:/var/lib/docker/overlay2/a6d2c74814c330857e6c75cc72635f38cfe7ba3f7409a2f7eb7ee01f3ee38ce1/diff","MergedDir":"/var/lib/docker/overlay2/f8f2c02930f2cb7795063c1ef688452c100c880e3b22b0f2bcda885edc7b092a/merged","UpperDir":"/var/lib/docker/overlay2/f8f2c02930f2cb7795063c1ef688452c100c880e3b22b0f2bcda885edc7b092a/diff","WorkDir":"/var/lib/docker/overlay2/f8f2c02930f2cb7795063c1ef688452c100c880e3b22b0f2bcda885edc7b092a/work"},"Name":"overlay2"},"Mounts":[{"Type":"bind","Source":"//var/run/docker.sock","Destination":"/var/run/docker.sock","Mode":"rw","RW":true,"Propagation":"rprivate"}],"Config":{"Hostname":"47f55e1b8d1c","Domainname":"","User":"","AttachStdin":false,"AttachStdout":false,"AttachStderr":false,"ExposedPorts":{"8080/tcp":{}},"Tty":false,"OpenStdin":false,"StdinOnce":false,"Env":["PATH=/usr/local/sbin:/usr/local/bin:/usr/sbin:/usr/bin:/sbin:/bin"],"Cmd":["/bin/ryuk"],"Image":"testcontainers/ryuk:0.4.0","Volumes":null,"WorkingDir":"","Entrypoint":null,"OnBuild":null,"Labels":{"org.testcontainers":"true","org.testcontainer"
18:08:28.687 [main] DEBUG com.github.dockerjava.zerodep.shaded.org.apache.hc.client5.http.wire -- http-outgoing-0 << "s.lang":"java","org.testcontainers.ryuk":"true","org.testcontainers.version":"1.18.1"}},"NetworkSettings":{"Bridge":"","SandboxID":"4a4407eed9745cd2d7b9aa5b4733a8952211a85f49a2e069ff311e520ea1afd8","HairpinMode":false,"LinkLocalIPv6Address":"","LinkLocalIPv6PrefixLen":0,"Ports":{"8080/tcp":[{"HostIp":"0.0.0.0","HostPort":"58472"}]},"SandboxKey":"/var/run/docker/netns/4a4407eed974","SecondaryIPAddresses":null,"SecondaryIPv6Addresses":null,"EndpointID":"6fa8470217f6940ae2d81fe11e8ca9abdfb746831b9197b55c281f03e1a967c9","Gateway":"172.17.0.1","GlobalIPv6Address":"","GlobalIPv6PrefixLen":0,"IPAddress":"172.17.0.2","IPPrefixLen":16,"IPv6Gateway":"","MacAddress":"02:42:ac:11:00:02","Networks":{"bridge":{"IPAMConfig":null,"Links":null,"Aliases":null,"NetworkID":"8c73b9d22428bb7e7008f8f22d56fe5fa922947537d30f2190abea08496121e9","EndpointID":"6fa8470217f6940ae2d81fe11e8ca9abdfb746831b9197b55c281f03e1a967c9","Gateway":"172.17.0.1","IPAddress":"172.17.0.2","IPPrefixLen":16,"IPv6Gateway":"","GlobalIPv6Address":"","GlobalIPv6PrefixLen":0,"MacAddress":"02:42:ac:11:00:02","DriverOpts":null}}}}[\n]"
18:08:28.688 [main] DEBUG com.github.dockerjava.zerodep.shaded.org.apache.hc.client5.http.wire -- http-outgoing-0 << "[\r][\n]"
18:08:28.688 [main] DEBUG com.github.dockerjava.zerodep.shaded.org.apache.hc.client5.http.wire -- http-outgoing-0 << "0[\r][\n]"
18:08:28.688 [main] DEBUG com.github.dockerjava.zerodep.shaded.org.apache.hc.client5.http.wire -- http-outgoing-0 << "[\r][\n]"
18:08:28.688 [main] DEBUG com.github.dockerjava.zerodep.shaded.org.apache.hc.client5.http.impl.classic.InternalHttpClient -- ep-00000006: releasing valid endpoint
18:08:28.688 [main] DEBUG com.github.dockerjava.zerodep.shaded.org.apache.hc.client5.http.impl.io.PoolingHttpClientConnectionManager -- ep-00000006: releasing endpoint
18:08:28.688 [main] DEBUG com.github.dockerjava.zerodep.shaded.org.apache.hc.client5.http.impl.io.PoolingHttpClientConnectionManager -- ep-00000006: connection http-outgoing-0 can be kept alive for 3 MINUTES
18:08:28.688 [main] DEBUG com.github.dockerjava.zerodep.shaded.org.apache.hc.client5.http.impl.io.PoolingHttpClientConnectionManager -- ep-00000006: connection released [route: {}->npipe://localhost:2375][total available: 1; route allocated: 1 of 2147483647; total allocated: 1 of 2147483647]
18:08:28.689 [main] DEBUG org.testcontainers.shaded.com.github.dockerjava.core.command.AbstrDockerCmd -- Cmd: sha256:2e306eb8aa06255c4f736b2bcf446760cae7cf9e947651ba8272f34c3e94ffa7
18:08:28.689 [main] DEBUG com.github.dockerjava.zerodep.shaded.org.apache.hc.client5.http.impl.classic.InternalHttpClient -- ex-00000008: preparing request execution
18:08:28.689 [main] DEBUG com.github.dockerjava.zerodep.shaded.org.apache.hc.client5.http.protocol.RequestAddCookies -- Cookie spec selected: strict
18:08:28.689 [main] DEBUG com.github.dockerjava.zerodep.shaded.org.apache.hc.client5.http.protocol.RequestAuthCache -- Auth cache not set in the context
18:08:28.689 [main] DEBUG com.github.dockerjava.zerodep.shaded.org.apache.hc.client5.http.impl.classic.ProtocolExec -- ex-00000008: target auth state: UNCHALLENGED
18:08:28.689 [main] DEBUG com.github.dockerjava.zerodep.shaded.org.apache.hc.client5.http.impl.classic.ProtocolExec -- ex-00000008: proxy auth state: UNCHALLENGED
18:08:28.689 [main] DEBUG com.github.dockerjava.zerodep.shaded.org.apache.hc.client5.http.impl.classic.ConnectExec -- ex-00000008: acquiring connection with route {}->npipe://localhost:2375
18:08:28.689 [main] DEBUG com.github.dockerjava.zerodep.shaded.org.apache.hc.client5.http.impl.classic.InternalHttpClient -- ex-00000008: acquiring endpoint (3 MINUTES)
18:08:28.689 [main] DEBUG com.github.dockerjava.zerodep.shaded.org.apache.hc.client5.http.impl.io.PoolingHttpClientConnectionManager -- ex-00000008: endpoint lease request (3 MINUTES) [route: {}->npipe://localhost:2375][total available: 1; route allocated: 1 of 2147483647; total allocated: 1 of 2147483647]
18:08:28.689 [main] DEBUG com.github.dockerjava.zerodep.shaded.org.apache.hc.client5.http.impl.io.PoolingHttpClientConnectionManager -- ex-00000008: endpoint leased [route: {}->npipe://localhost:2375][total available: 0; route allocated: 1 of 2147483647; total allocated: 1 of 2147483647]
18:08:28.689 [main] DEBUG com.github.dockerjava.zerodep.shaded.org.apache.hc.client5.http.impl.io.PoolingHttpClientConnectionManager -- ex-00000008: acquired ep-00000007
18:08:28.689 [main] DEBUG com.github.dockerjava.zerodep.shaded.org.apache.hc.client5.http.impl.classic.InternalHttpClient -- ex-00000008: acquired endpoint ep-00000007
18:08:28.689 [main] DEBUG com.github.dockerjava.zerodep.shaded.org.apache.hc.client5.http.impl.classic.MainClientExec -- ex-00000008: executing GET /v1.32/images/sha256:2e306eb8aa06255c4f736b2bcf446760cae7cf9e947651ba8272f34c3e94ffa7/json HTTP/1.1
18:08:28.690 [main] DEBUG com.github.dockerjava.zerodep.shaded.org.apache.hc.client5.http.impl.classic.InternalHttpClient -- ep-00000007: start execution ex-00000008
18:08:28.690 [main] DEBUG com.github.dockerjava.zerodep.shaded.org.apache.hc.client5.http.impl.io.PoolingHttpClientConnectionManager -- ep-00000007: executing exchange ex-00000008 over http-outgoing-0
18:08:28.690 [main] DEBUG com.github.dockerjava.zerodep.shaded.org.apache.hc.client5.http.headers -- http-outgoing-0 >> GET /v1.32/images/sha256:2e306eb8aa06255c4f736b2bcf446760cae7cf9e947651ba8272f34c3e94ffa7/json HTTP/1.1
18:08:28.690 [main] DEBUG com.github.dockerjava.zerodep.shaded.org.apache.hc.client5.http.headers -- http-outgoing-0 >> accept: application/json
18:08:28.690 [main] DEBUG com.github.dockerjava.zerodep.shaded.org.apache.hc.client5.http.headers -- http-outgoing-0 >> x-tc-sid: e0f64824-65da-49ef-ad69-afd5bd4a2a5f
18:08:28.690 [main] DEBUG com.github.dockerjava.zerodep.shaded.org.apache.hc.client5.http.headers -- http-outgoing-0 >> Accept-Encoding: gzip, x-gzip, deflate
18:08:28.690 [main] DEBUG com.github.dockerjava.zerodep.shaded.org.apache.hc.client5.http.headers -- http-outgoing-0 >> Host: localhost:2375
18:08:28.690 [main] DEBUG com.github.dockerjava.zerodep.shaded.org.apache.hc.client5.http.headers -- http-outgoing-0 >> Connection: keep-alive
18:08:28.690 [main] DEBUG com.github.dockerjava.zerodep.shaded.org.apache.hc.client5.http.headers -- http-outgoing-0 >> User-Agent: Apache-HttpClient/5.0.3 (Java/17.0.2)
18:08:28.690 [main] DEBUG com.github.dockerjava.zerodep.shaded.org.apache.hc.client5.http.wire -- http-outgoing-0 >> "GET /v1.32/images/sha256:2e306eb8aa06255c4f736b2bcf446760cae7cf9e947651ba8272f34c3e94ffa7/json HTTP/1.1[\r][\n]"
18:08:28.690 [main] DEBUG com.github.dockerjava.zerodep.shaded.org.apache.hc.client5.http.wire -- http-outgoing-0 >> "accept: application/json[\r][\n]"
18:08:28.690 [main] DEBUG com.github.dockerjava.zerodep.shaded.org.apache.hc.client5.http.wire -- http-outgoing-0 >> "x-tc-sid: e0f64824-65da-49ef-ad69-afd5bd4a2a5f[\r][\n]"
18:08:28.690 [main] DEBUG com.github.dockerjava.zerodep.shaded.org.apache.hc.client5.http.wire -- http-outgoing-0 >> "Accept-Encoding: gzip, x-gzip, deflate[\r][\n]"
18:08:28.690 [main] DEBUG com.github.dockerjava.zerodep.shaded.org.apache.hc.client5.http.wire -- http-outgoing-0 >> "Host: localhost:2375[\r][\n]"
18:08:28.690 [main] DEBUG com.github.dockerjava.zerodep.shaded.org.apache.hc.client5.http.wire -- http-outgoing-0 >> "Connection: keep-alive[\r][\n]"
18:08:28.690 [main] DEBUG com.github.dockerjava.zerodep.shaded.org.apache.hc.client5.http.wire -- http-outgoing-0 >> "User-Agent: Apache-HttpClient/5.0.3 (Java/17.0.2)[\r][\n]"
18:08:28.690 [main] DEBUG com.github.dockerjava.zerodep.shaded.org.apache.hc.client5.http.wire -- http-outgoing-0 >> "[\r][\n]"
18:08:28.692 [main] DEBUG com.github.dockerjava.zerodep.shaded.org.apache.hc.client5.http.wire -- http-outgoing-0 << "HTTP/1.1 200 OK[\r][\n]"
18:08:28.692 [main] DEBUG com.github.dockerjava.zerodep.shaded.org.apache.hc.client5.http.wire -- http-outgoing-0 << "Api-Version: 1.43[\r][\n]"
18:08:28.692 [main] DEBUG com.github.dockerjava.zerodep.shaded.org.apache.hc.client5.http.wire -- http-outgoing-0 << "Content-Type: application/json[\r][\n]"
18:08:28.692 [main] DEBUG com.github.dockerjava.zerodep.shaded.org.apache.hc.client5.http.wire -- http-outgoing-0 << "Date: Sun, 18 Jun 2023 01:08:28 GMT[\r][\n]"
18:08:28.692 [main] DEBUG com.github.dockerjava.zerodep.shaded.org.apache.hc.client5.http.wire -- http-outgoing-0 << "Docker-Experimental: false[\r][\n]"
18:08:28.692 [main] DEBUG com.github.dockerjava.zerodep.shaded.org.apache.hc.client5.http.wire -- http-outgoing-0 << "Ostype: linux[\r][\n]"
18:08:28.692 [main] DEBUG com.github.dockerjava.zerodep.shaded.org.apache.hc.client5.http.wire -- http-outgoing-0 << "Server: Docker/24.0.2 (linux)[\r][\n]"
18:08:28.692 [main] DEBUG com.github.dockerjava.zerodep.shaded.org.apache.hc.client5.http.wire -- http-outgoing-0 << "Transfer-Encoding: chunked[\r][\n]"
18:08:28.692 [main] DEBUG com.github.dockerjava.zerodep.shaded.org.apache.hc.client5.http.wire -- http-outgoing-0 << "[\r][\n]"
18:08:28.692 [main] DEBUG com.github.dockerjava.zerodep.shaded.org.apache.hc.client5.http.headers -- http-outgoing-0 << HTTP/1.1 200 OK
18:08:28.692 [main] DEBUG com.github.dockerjava.zerodep.shaded.org.apache.hc.client5.http.headers -- http-outgoing-0 << Api-Version: 1.43
18:08:28.692 [main] DEBUG com.github.dockerjava.zerodep.shaded.org.apache.hc.client5.http.headers -- http-outgoing-0 << Content-Type: application/json
18:08:28.692 [main] DEBUG com.github.dockerjava.zerodep.shaded.org.apache.hc.client5.http.headers -- http-outgoing-0 << Date: Sun, 18 Jun 2023 01:08:28 GMT
18:08:28.692 [main] DEBUG com.github.dockerjava.zerodep.shaded.org.apache.hc.client5.http.headers -- http-outgoing-0 << Docker-Experimental: false
18:08:28.692 [main] DEBUG com.github.dockerjava.zerodep.shaded.org.apache.hc.client5.http.headers -- http-outgoing-0 << Ostype: linux
18:08:28.692 [main] DEBUG com.github.dockerjava.zerodep.shaded.org.apache.hc.client5.http.headers -- http-outgoing-0 << Server: Docker/24.0.2 (linux)
18:08:28.692 [main] DEBUG com.github.dockerjava.zerodep.shaded.org.apache.hc.client5.http.headers -- http-outgoing-0 << Transfer-Encoding: chunked
18:08:28.692 [main] DEBUG com.github.dockerjava.zerodep.shaded.org.apache.hc.client5.http.impl.classic.MainClientExec -- ex-00000008: connection can be kept alive for 3 MINUTES
18:08:28.692 [main] DEBUG com.github.dockerjava.zerodep.shaded.org.apache.hc.client5.http.wire -- http-outgoing-0 << "7d0[\r][\n]"
18:08:28.693 [main] DEBUG com.github.dockerjava.zerodep.shaded.org.apache.hc.client5.http.wire -- http-outgoing-0 << "{"Id":"sha256:2e306eb8aa06255c4f736b2bcf446760cae7cf9e947651ba8272f34c3e94ffa7","RepoTags":["testcontainers/ryuk:0.4.0"],"RepoDigests":["testcontainers/ryuk@sha256:b874cc015594f275ad3ffb6a135c015c52ce04a2eba377c963abe25a84628167"],"Parent":"","Comment":"buildkit.dockerfile.v0","Created":"2023-03-10T08:52:34.25883392Z","Container":"","ContainerConfig":{"Hostname":"","Domainname":"","User":"","AttachStdin":false,"AttachStdout":false,"AttachStderr":false,"Tty":false,"OpenStdin":false,"StdinOnce":false,"Env":null,"Cmd":null,"Image":"","Volumes":null,"WorkingDir":"","Entrypoint":null,"OnBuild":null,"Labels":null},"DockerVersion":"","Author":"","Config":{"Hostname":"","Domainname":"","User":"","AttachStdin":false,"AttachStdout":false,"AttachStderr":false,"Tty":false,"OpenStdin":false,"StdinOnce":false,"Env":["PATH=/usr/local/sbin:/usr/local/bin:/usr/sbin:/usr/bin:/sbin:/bin"],"Cmd":["/bin/ryuk"],"ArgsEscaped":true,"Image":"","Volumes":null,"WorkingDir":"","Entrypoint":null,"OnBuild":null,"Labels":{"org.testcontainers.ryuk":"true"}},"Architecture":"amd64","Os":"linux","Size":12686755,"VirtualSize":12686755,"GraphDriver":{"Data":{"LowerDir":"/var/lib/docker/overlay2/4e14efbc3b9b0cea4cf7cc5030ef94c7595011e9ae2f0feaa0e9b4b580dc9cbd/diff:/var/lib/docker/overlay2/a6d2c74814c330857e6c75cc72635f38cfe7ba3f7409a2f7eb7ee01f3ee38ce1/diff","MergedDir":"/var/lib/docker/overlay2/a3a748267dc1b5c9f7c0281b7be3c453296d54ac9301913ea5db9d11f61b0068/merged","UpperDir":"/var/lib/docker/overlay2/a3a748267dc1b5c9f7c0281b7be3c453296d54ac9301913ea5db9d11f61b0068/diff","WorkDir":"/var/lib/docker/overlay2/a3a748267dc1b5c9f7c0281b7be3c453296d54ac9301913ea5db9d11f61b0068/work"},"Name":"overlay2"},"RootFS":{"Type":"layers","Layers":["sha256:aa5968d388b8652cd305e0e037751228967839d83d0cafbde5debf0b092e7c42","sha256:6d08dd370737a028ad651b84342c3e8e85def7e0922541aa72ede230b3d90039","sha256:93bfb50e817e1087615aa3bc1c11db5ed05f158593d3d86cf433afcf1d44911b"]},"Metadata":{"LastTagTime":"0001-01-01T00:00:00Z"}}[\n]"
18:08:28.693 [main] DEBUG com.github.dockerjava.zerodep.shaded.org.apache.hc.client5.http.wire -- http-outgoing-0 << "[\r][\n]"
18:08:28.693 [main] DEBUG com.github.dockerjava.zerodep.shaded.org.apache.hc.client5.http.wire -- http-outgoing-0 << "0[\r][\n]"
18:08:28.693 [main] DEBUG com.github.dockerjava.zerodep.shaded.org.apache.hc.client5.http.wire -- http-outgoing-0 << "[\r][\n]"
18:08:28.695 [main] DEBUG com.github.dockerjava.zerodep.shaded.org.apache.hc.client5.http.impl.classic.InternalHttpClient -- ep-00000007: releasing valid endpoint
18:08:28.695 [main] DEBUG com.github.dockerjava.zerodep.shaded.org.apache.hc.client5.http.impl.io.PoolingHttpClientConnectionManager -- ep-00000007: releasing endpoint
18:08:28.695 [main] DEBUG com.github.dockerjava.zerodep.shaded.org.apache.hc.client5.http.impl.io.PoolingHttpClientConnectionManager -- ep-00000007: connection http-outgoing-0 can be kept alive for 3 MINUTES
18:08:28.695 [main] DEBUG com.github.dockerjava.zerodep.shaded.org.apache.hc.client5.http.impl.io.PoolingHttpClientConnectionManager -- ep-00000007: connection released [route: {}->npipe://localhost:2375][total available: 1; route allocated: 1 of 2147483647; total allocated: 1 of 2147483647]
18:08:28.695 [main] DEBUG org.testcontainers.shaded.com.github.dockerjava.core.command.AbstrDockerCmd -- Cmd: 
18:08:28.696 [main] DEBUG com.github.dockerjava.zerodep.shaded.org.apache.hc.client5.http.impl.classic.InternalHttpClient -- ex-00000009: preparing request execution
18:08:28.696 [main] DEBUG com.github.dockerjava.zerodep.shaded.org.apache.hc.client5.http.protocol.RequestAddCookies -- Cookie spec selected: strict
18:08:28.696 [main] DEBUG com.github.dockerjava.zerodep.shaded.org.apache.hc.client5.http.protocol.RequestAuthCache -- Auth cache not set in the context
18:08:28.696 [main] DEBUG com.github.dockerjava.zerodep.shaded.org.apache.hc.client5.http.impl.classic.ProtocolExec -- ex-00000009: target auth state: UNCHALLENGED
18:08:28.696 [main] DEBUG com.github.dockerjava.zerodep.shaded.org.apache.hc.client5.http.impl.classic.ProtocolExec -- ex-00000009: proxy auth state: UNCHALLENGED
18:08:28.696 [main] DEBUG com.github.dockerjava.zerodep.shaded.org.apache.hc.client5.http.impl.classic.ConnectExec -- ex-00000009: acquiring connection with route {}->npipe://localhost:2375
18:08:28.696 [main] DEBUG com.github.dockerjava.zerodep.shaded.org.apache.hc.client5.http.impl.classic.InternalHttpClient -- ex-00000009: acquiring endpoint (3 MINUTES)
18:08:28.696 [main] DEBUG com.github.dockerjava.zerodep.shaded.org.apache.hc.client5.http.impl.io.PoolingHttpClientConnectionManager -- ex-00000009: endpoint lease request (3 MINUTES) [route: {}->npipe://localhost:2375][total available: 1; route allocated: 1 of 2147483647; total allocated: 1 of 2147483647]
18:08:28.696 [main] DEBUG com.github.dockerjava.zerodep.shaded.org.apache.hc.client5.http.impl.io.PoolingHttpClientConnectionManager -- ex-00000009: endpoint leased [route: {}->npipe://localhost:2375][total available: 0; route allocated: 1 of 2147483647; total allocated: 1 of 2147483647]
18:08:28.696 [main] DEBUG com.github.dockerjava.zerodep.shaded.org.apache.hc.client5.http.impl.io.PoolingHttpClientConnectionManager -- ex-00000009: acquired ep-00000008
18:08:28.696 [main] DEBUG com.github.dockerjava.zerodep.shaded.org.apache.hc.client5.http.impl.classic.InternalHttpClient -- ex-00000009: acquired endpoint ep-00000008
18:08:28.696 [main] DEBUG com.github.dockerjava.zerodep.shaded.org.apache.hc.client5.http.impl.classic.MainClientExec -- ex-00000009: executing GET /v1.32/version HTTP/1.1
18:08:28.696 [main] DEBUG com.github.dockerjava.zerodep.shaded.org.apache.hc.client5.http.impl.classic.InternalHttpClient -- ep-00000008: start execution ex-00000009
18:08:28.696 [main] DEBUG com.github.dockerjava.zerodep.shaded.org.apache.hc.client5.http.impl.io.PoolingHttpClientConnectionManager -- ep-00000008: executing exchange ex-00000009 over http-outgoing-0
18:08:28.696 [main] DEBUG com.github.dockerjava.zerodep.shaded.org.apache.hc.client5.http.headers -- http-outgoing-0 >> GET /v1.32/version HTTP/1.1
18:08:28.696 [main] DEBUG com.github.dockerjava.zerodep.shaded.org.apache.hc.client5.http.headers -- http-outgoing-0 >> accept: application/json
18:08:28.696 [main] DEBUG com.github.dockerjava.zerodep.shaded.org.apache.hc.client5.http.headers -- http-outgoing-0 >> x-tc-sid: e0f64824-65da-49ef-ad69-afd5bd4a2a5f
18:08:28.696 [main] DEBUG com.github.dockerjava.zerodep.shaded.org.apache.hc.client5.http.headers -- http-outgoing-0 >> Accept-Encoding: gzip, x-gzip, deflate
18:08:28.696 [main] DEBUG com.github.dockerjava.zerodep.shaded.org.apache.hc.client5.http.headers -- http-outgoing-0 >> Host: localhost:2375
18:08:28.696 [main] DEBUG com.github.dockerjava.zerodep.shaded.org.apache.hc.client5.http.headers -- http-outgoing-0 >> Connection: keep-alive
18:08:28.696 [main] DEBUG com.github.dockerjava.zerodep.shaded.org.apache.hc.client5.http.headers -- http-outgoing-0 >> User-Agent: Apache-HttpClient/5.0.3 (Java/17.0.2)
18:08:28.696 [main] DEBUG com.github.dockerjava.zerodep.shaded.org.apache.hc.client5.http.wire -- http-outgoing-0 >> "GET /v1.32/version HTTP/1.1[\r][\n]"
18:08:28.696 [main] DEBUG com.github.dockerjava.zerodep.shaded.org.apache.hc.client5.http.wire -- http-outgoing-0 >> "accept: application/json[\r][\n]"
18:08:28.696 [main] DEBUG com.github.dockerjava.zerodep.shaded.org.apache.hc.client5.http.wire -- http-outgoing-0 >> "x-tc-sid: e0f64824-65da-49ef-ad69-afd5bd4a2a5f[\r][\n]"
18:08:28.696 [main] DEBUG com.github.dockerjava.zerodep.shaded.org.apache.hc.client5.http.wire -- http-outgoing-0 >> "Accept-Encoding: gzip, x-gzip, deflate[\r][\n]"
18:08:28.696 [main] DEBUG com.github.dockerjava.zerodep.shaded.org.apache.hc.client5.http.wire -- http-outgoing-0 >> "Host: localhost:2375[\r][\n]"
18:08:28.696 [main] DEBUG com.github.dockerjava.zerodep.shaded.org.apache.hc.client5.http.wire -- http-outgoing-0 >> "Connection: keep-alive[\r][\n]"
18:08:28.696 [main] DEBUG com.github.dockerjava.zerodep.shaded.org.apache.hc.client5.http.wire -- http-outgoing-0 >> "User-Agent: Apache-HttpClient/5.0.3 (Java/17.0.2)[\r][\n]"
18:08:28.696 [main] DEBUG com.github.dockerjava.zerodep.shaded.org.apache.hc.client5.http.wire -- http-outgoing-0 >> "[\r][\n]"
18:08:28.701 [main] DEBUG com.github.dockerjava.zerodep.shaded.org.apache.hc.client5.http.wire -- http-outgoing-0 << "HTTP/1.1 200 OK[\r][\n]"
18:08:28.701 [main] DEBUG com.github.dockerjava.zerodep.shaded.org.apache.hc.client5.http.wire -- http-outgoing-0 << "Api-Version: 1.43[\r][\n]"
18:08:28.701 [main] DEBUG com.github.dockerjava.zerodep.shaded.org.apache.hc.client5.http.wire -- http-outgoing-0 << "Content-Type: application/json[\r][\n]"
18:08:28.701 [main] DEBUG com.github.dockerjava.zerodep.shaded.org.apache.hc.client5.http.wire -- http-outgoing-0 << "Date: Sun, 18 Jun 2023 01:08:28 GMT[\r][\n]"
18:08:28.701 [main] DEBUG com.github.dockerjava.zerodep.shaded.org.apache.hc.client5.http.wire -- http-outgoing-0 << "Docker-Experimental: false[\r][\n]"
18:08:28.701 [main] DEBUG com.github.dockerjava.zerodep.shaded.org.apache.hc.client5.http.wire -- http-outgoing-0 << "Ostype: linux[\r][\n]"
18:08:28.701 [main] DEBUG com.github.dockerjava.zerodep.shaded.org.apache.hc.client5.http.wire -- http-outgoing-0 << "Server: Docker/24.0.2 (linux)[\r][\n]"
18:08:28.701 [main] DEBUG com.github.dockerjava.zerodep.shaded.org.apache.hc.client5.http.wire -- http-outgoing-0 << "Transfer-Encoding: chunked[\r][\n]"
18:08:28.701 [main] DEBUG com.github.dockerjava.zerodep.shaded.org.apache.hc.client5.http.wire -- http-outgoing-0 << "[\r][\n]"
18:08:28.701 [main] DEBUG com.github.dockerjava.zerodep.shaded.org.apache.hc.client5.http.headers -- http-outgoing-0 << HTTP/1.1 200 OK
18:08:28.701 [main] DEBUG com.github.dockerjava.zerodep.shaded.org.apache.hc.client5.http.headers -- http-outgoing-0 << Api-Version: 1.43
18:08:28.701 [main] DEBUG com.github.dockerjava.zerodep.shaded.org.apache.hc.client5.http.headers -- http-outgoing-0 << Content-Type: application/json
18:08:28.701 [main] DEBUG com.github.dockerjava.zerodep.shaded.org.apache.hc.client5.http.headers -- http-outgoing-0 << Date: Sun, 18 Jun 2023 01:08:28 GMT
18:08:28.701 [main] DEBUG com.github.dockerjava.zerodep.shaded.org.apache.hc.client5.http.headers -- http-outgoing-0 << Docker-Experimental: false
18:08:28.701 [main] DEBUG com.github.dockerjava.zerodep.shaded.org.apache.hc.client5.http.headers -- http-outgoing-0 << Ostype: linux
18:08:28.701 [main] DEBUG com.github.dockerjava.zerodep.shaded.org.apache.hc.client5.http.headers -- http-outgoing-0 << Server: Docker/24.0.2 (linux)
18:08:28.701 [main] DEBUG com.github.dockerjava.zerodep.shaded.org.apache.hc.client5.http.headers -- http-outgoing-0 << Transfer-Encoding: chunked
18:08:28.701 [main] DEBUG com.github.dockerjava.zerodep.shaded.org.apache.hc.client5.http.impl.classic.MainClientExec -- ex-00000009: connection can be kept alive for 3 MINUTES
18:08:28.701 [main] DEBUG com.github.dockerjava.zerodep.shaded.org.apache.hc.client5.http.wire -- http-outgoing-0 << "35b[\r][\n]"
18:08:28.701 [main] DEBUG com.github.dockerjava.zerodep.shaded.org.apache.hc.client5.http.wire -- http-outgoing-0 << "{"Platform":{"Name":"Docker Desktop 4.20.1 (110738)"},"Components":[{"Name":"Engine","Version":"24.0.2","Details":{"ApiVersion":"1.43","Arch":"amd64","BuildTime":"2023-05-25T21:52:17.000000000+00:00","Experimental":"false","GitCommit":"659604f","GoVersion":"go1.20.4","KernelVersion":"5.15.90.1-microsoft-standard-WSL2","MinAPIVersion":"1.12","Os":"linux"}},{"Name":"containerd","Version":"1.6.21","Details":{"GitCommit":"3dce8eb055cbb6872793272b4f20ed16117344f8"}},{"Name":"runc","Version":"1.1.7","Details":{"GitCommit":"v1.1.7-0-g860f061"}},{"Name":"docker-init","Version":"0.19.0","Details":{"GitCommit":"de40ad0"}}],"Version":"24.0.2","ApiVersion":"1.43","MinAPIVersion":"1.12","GitCommit":"659604f","GoVersion":"go1.20.4","Os":"linux","Arch":"amd64","KernelVersion":"5.15.90.1-microsoft-standard-WSL2","BuildTime":"2023-05-25T21:52:17.000000000+00:00"}[\n]"
18:08:28.701 [main] DEBUG com.github.dockerjava.zerodep.shaded.org.apache.hc.client5.http.wire -- http-outgoing-0 << "[\r][\n]"
18:08:28.701 [main] DEBUG com.github.dockerjava.zerodep.shaded.org.apache.hc.client5.http.wire -- http-outgoing-0 << "0[\r][\n]"
18:08:28.701 [main] DEBUG com.github.dockerjava.zerodep.shaded.org.apache.hc.client5.http.wire -- http-outgoing-0 << "[\r][\n]"
18:08:28.702 [main] DEBUG com.github.dockerjava.zerodep.shaded.org.apache.hc.client5.http.impl.classic.InternalHttpClient -- ep-00000008: releasing valid endpoint
18:08:28.702 [main] DEBUG com.github.dockerjava.zerodep.shaded.org.apache.hc.client5.http.impl.io.PoolingHttpClientConnectionManager -- ep-00000008: releasing endpoint
18:08:28.702 [main] DEBUG com.github.dockerjava.zerodep.shaded.org.apache.hc.client5.http.impl.io.PoolingHttpClientConnectionManager -- ep-00000008: connection http-outgoing-0 can be kept alive for 3 MINUTES
18:08:28.702 [main] DEBUG com.github.dockerjava.zerodep.shaded.org.apache.hc.client5.http.impl.io.PoolingHttpClientConnectionManager -- ep-00000008: connection released [route: {}->npipe://localhost:2375][total available: 1; route allocated: 1 of 2147483647; total allocated: 1 of 2147483647]
18:08:28.707 [docker-java-stream--746475025] DEBUG com.github.dockerjava.zerodep.shaded.org.apache.hc.client5.http.impl.classic.InternalHttpClient -- ex-0000000A: preparing request execution
18:08:28.708 [docker-java-stream--746475025] DEBUG com.github.dockerjava.zerodep.shaded.org.apache.hc.client5.http.protocol.RequestAddCookies -- Cookie spec selected: strict
18:08:28.708 [docker-java-stream--746475025] DEBUG com.github.dockerjava.zerodep.shaded.org.apache.hc.client5.http.protocol.RequestAuthCache -- Auth cache not set in the context
18:08:28.708 [docker-java-stream--746475025] DEBUG com.github.dockerjava.zerodep.shaded.org.apache.hc.client5.http.impl.classic.ProtocolExec -- ex-0000000A: target auth state: UNCHALLENGED
18:08:28.708 [docker-java-stream--746475025] DEBUG com.github.dockerjava.zerodep.shaded.org.apache.hc.client5.http.impl.classic.ProtocolExec -- ex-0000000A: proxy auth state: UNCHALLENGED
18:08:28.708 [docker-java-stream--746475025] DEBUG com.github.dockerjava.zerodep.shaded.org.apache.hc.client5.http.impl.classic.ConnectExec -- ex-0000000A: acquiring connection with route {}->npipe://localhost:2375
18:08:28.708 [docker-java-stream--746475025] DEBUG com.github.dockerjava.zerodep.shaded.org.apache.hc.client5.http.impl.classic.InternalHttpClient -- ex-0000000A: acquiring endpoint (3 MINUTES)
18:08:28.708 [docker-java-stream--746475025] DEBUG com.github.dockerjava.zerodep.shaded.org.apache.hc.client5.http.impl.io.PoolingHttpClientConnectionManager -- ex-0000000A: endpoint lease request (3 MINUTES) [route: {}->npipe://localhost:2375][total available: 1; route allocated: 1 of 2147483647; total allocated: 1 of 2147483647]
18:08:28.708 [docker-java-stream--746475025] DEBUG com.github.dockerjava.zerodep.shaded.org.apache.hc.client5.http.impl.io.PoolingHttpClientConnectionManager -- ex-0000000A: endpoint leased [route: {}->npipe://localhost:2375][total available: 0; route allocated: 1 of 2147483647; total allocated: 1 of 2147483647]
18:08:28.708 [docker-java-stream--746475025] DEBUG com.github.dockerjava.zerodep.shaded.org.apache.hc.client5.http.impl.io.PoolingHttpClientConnectionManager -- ex-0000000A: acquired ep-00000009
18:08:28.708 [docker-java-stream--746475025] DEBUG com.github.dockerjava.zerodep.shaded.org.apache.hc.client5.http.impl.classic.InternalHttpClient -- ex-0000000A: acquired endpoint ep-00000009
18:08:28.708 [docker-java-stream--746475025] DEBUG com.github.dockerjava.zerodep.shaded.org.apache.hc.client5.http.impl.classic.MainClientExec -- ex-0000000A: executing GET /v1.32/containers/47f55e1b8d1c7a3c56618e37840ffdc8c1f4072988d2f85afb600d8d3b23eb46/logs?stdout=true&stderr=true&follow=true&since=0 HTTP/1.1
18:08:28.708 [docker-java-stream--746475025] DEBUG com.github.dockerjava.zerodep.shaded.org.apache.hc.client5.http.impl.classic.InternalHttpClient -- ep-00000009: start execution ex-0000000A
18:08:28.708 [docker-java-stream--746475025] DEBUG com.github.dockerjava.zerodep.shaded.org.apache.hc.client5.http.impl.io.PoolingHttpClientConnectionManager -- ep-00000009: executing exchange ex-0000000A over http-outgoing-0
18:08:28.708 [docker-java-stream--746475025] DEBUG com.github.dockerjava.zerodep.shaded.org.apache.hc.client5.http.headers -- http-outgoing-0 >> GET /v1.32/containers/47f55e1b8d1c7a3c56618e37840ffdc8c1f4072988d2f85afb600d8d3b23eb46/logs?stdout=true&stderr=true&follow=true&since=0 HTTP/1.1
18:08:28.708 [docker-java-stream--746475025] DEBUG com.github.dockerjava.zerodep.shaded.org.apache.hc.client5.http.headers -- http-outgoing-0 >> x-tc-sid: e0f64824-65da-49ef-ad69-afd5bd4a2a5f
18:08:28.708 [docker-java-stream--746475025] DEBUG com.github.dockerjava.zerodep.shaded.org.apache.hc.client5.http.headers -- http-outgoing-0 >> Accept-Encoding: gzip, x-gzip, deflate
18:08:28.708 [docker-java-stream--746475025] DEBUG com.github.dockerjava.zerodep.shaded.org.apache.hc.client5.http.headers -- http-outgoing-0 >> Host: localhost:2375
18:08:28.708 [docker-java-stream--746475025] DEBUG com.github.dockerjava.zerodep.shaded.org.apache.hc.client5.http.headers -- http-outgoing-0 >> Connection: keep-alive
18:08:28.708 [docker-java-stream--746475025] DEBUG com.github.dockerjava.zerodep.shaded.org.apache.hc.client5.http.headers -- http-outgoing-0 >> User-Agent: Apache-HttpClient/5.0.3 (Java/17.0.2)
18:08:28.708 [docker-java-stream--746475025] DEBUG com.github.dockerjava.zerodep.shaded.org.apache.hc.client5.http.wire -- http-outgoing-0 >> "GET /v1.32/containers/47f55e1b8d1c7a3c56618e37840ffdc8c1f4072988d2f85afb600d8d3b23eb46/logs?stdout=true&stderr=true&follow=true&since=0 HTTP/1.1[\r][\n]"
18:08:28.708 [docker-java-stream--746475025] DEBUG com.github.dockerjava.zerodep.shaded.org.apache.hc.client5.http.wire -- http-outgoing-0 >> "x-tc-sid: e0f64824-65da-49ef-ad69-afd5bd4a2a5f[\r][\n]"
18:08:28.708 [docker-java-stream--746475025] DEBUG com.github.dockerjava.zerodep.shaded.org.apache.hc.client5.http.wire -- http-outgoing-0 >> "Accept-Encoding: gzip, x-gzip, deflate[\r][\n]"
18:08:28.708 [docker-java-stream--746475025] DEBUG com.github.dockerjava.zerodep.shaded.org.apache.hc.client5.http.wire -- http-outgoing-0 >> "Host: localhost:2375[\r][\n]"
18:08:28.708 [docker-java-stream--746475025] DEBUG com.github.dockerjava.zerodep.shaded.org.apache.hc.client5.http.wire -- http-outgoing-0 >> "Connection: keep-alive[\r][\n]"
18:08:28.708 [docker-java-stream--746475025] DEBUG com.github.dockerjava.zerodep.shaded.org.apache.hc.client5.http.wire -- http-outgoing-0 >> "User-Agent: Apache-HttpClient/5.0.3 (Java/17.0.2)[\r][\n]"
18:08:28.708 [docker-java-stream--746475025] DEBUG com.github.dockerjava.zerodep.shaded.org.apache.hc.client5.http.wire -- http-outgoing-0 >> "[\r][\n]"
18:08:28.711 [docker-java-stream--746475025] DEBUG com.github.dockerjava.zerodep.shaded.org.apache.hc.client5.http.wire -- http-outgoing-0 << "HTTP/1.1 200 OK[\r][\n]"
18:08:28.711 [docker-java-stream--746475025] DEBUG com.github.dockerjava.zerodep.shaded.org.apache.hc.client5.http.wire -- http-outgoing-0 << "Api-Version: 1.43[\r][\n]"
18:08:28.711 [docker-java-stream--746475025] DEBUG com.github.dockerjava.zerodep.shaded.org.apache.hc.client5.http.wire -- http-outgoing-0 << "Content-Type: application/vnd.docker.raw-stream[\r][\n]"
18:08:28.711 [docker-java-stream--746475025] DEBUG com.github.dockerjava.zerodep.shaded.org.apache.hc.client5.http.wire -- http-outgoing-0 << "Date: Sun, 18 Jun 2023 01:08:28 GMT[\r][\n]"
18:08:28.711 [docker-java-stream--746475025] DEBUG com.github.dockerjava.zerodep.shaded.org.apache.hc.client5.http.wire -- http-outgoing-0 << "Docker-Experimental: false[\r][\n]"
18:08:28.711 [docker-java-stream--746475025] DEBUG com.github.dockerjava.zerodep.shaded.org.apache.hc.client5.http.wire -- http-outgoing-0 << "Ostype: linux[\r][\n]"
18:08:28.711 [docker-java-stream--746475025] DEBUG com.github.dockerjava.zerodep.shaded.org.apache.hc.client5.http.wire -- http-outgoing-0 << "Server: Docker/24.0.2 (linux)[\r][\n]"
18:08:28.711 [docker-java-stream--746475025] DEBUG com.github.dockerjava.zerodep.shaded.org.apache.hc.client5.http.wire -- http-outgoing-0 << "Transfer-Encoding: chunked[\r][\n]"
18:08:28.711 [docker-java-stream--746475025] DEBUG com.github.dockerjava.zerodep.shaded.org.apache.hc.client5.http.wire -- http-outgoing-0 << "[\r][\n]"
18:08:28.711 [docker-java-stream--746475025] DEBUG com.github.dockerjava.zerodep.shaded.org.apache.hc.client5.http.headers -- http-outgoing-0 << HTTP/1.1 200 OK
18:08:28.711 [docker-java-stream--746475025] DEBUG com.github.dockerjava.zerodep.shaded.org.apache.hc.client5.http.headers -- http-outgoing-0 << Api-Version: 1.43
18:08:28.711 [docker-java-stream--746475025] DEBUG com.github.dockerjava.zerodep.shaded.org.apache.hc.client5.http.headers -- http-outgoing-0 << Content-Type: application/vnd.docker.raw-stream
18:08:28.711 [docker-java-stream--746475025] DEBUG com.github.dockerjava.zerodep.shaded.org.apache.hc.client5.http.headers -- http-outgoing-0 << Date: Sun, 18 Jun 2023 01:08:28 GMT
18:08:28.711 [docker-java-stream--746475025] DEBUG com.github.dockerjava.zerodep.shaded.org.apache.hc.client5.http.headers -- http-outgoing-0 << Docker-Experimental: false
18:08:28.711 [docker-java-stream--746475025] DEBUG com.github.dockerjava.zerodep.shaded.org.apache.hc.client5.http.headers -- http-outgoing-0 << Ostype: linux
18:08:28.711 [docker-java-stream--746475025] DEBUG com.github.dockerjava.zerodep.shaded.org.apache.hc.client5.http.headers -- http-outgoing-0 << Server: Docker/24.0.2 (linux)
18:08:28.711 [docker-java-stream--746475025] DEBUG com.github.dockerjava.zerodep.shaded.org.apache.hc.client5.http.headers -- http-outgoing-0 << Transfer-Encoding: chunked
18:08:28.711 [docker-java-stream--746475025] DEBUG com.github.dockerjava.zerodep.shaded.org.apache.hc.client5.http.impl.classic.MainClientExec -- ex-0000000A: connection can be kept alive for 3 MINUTES
18:08:28.712 [docker-java-stream--746475025] DEBUG com.github.dockerjava.zerodep.shaded.org.apache.hc.client5.http.wire -- http-outgoing-0 << "c0[\r][\n]"
18:08:28.712 [docker-java-stream--746475025] DEBUG com.github.dockerjava.zerodep.shaded.org.apache.hc.client5.http.wire -- http-outgoing-0 << "[0x2][0x0][0x0][0x0][0x0][0x0][0x0]&2023/06/18 01:08:28 Pinging Docker...[\n]"
18:08:28.712 [docker-java-stream--746475025] DEBUG com.github.dockerjava.zerodep.shaded.org.apache.hc.client5.http.wire -- http-outgoing-0 << "[0x2][0x0][0x0][0x0][0x0][0x0][0x0]02023/06/18 01:08:28 Docker daemon is available![\n]"
18:08:28.712 [docker-java-stream--746475025] DEBUG com.github.dockerjava.zerodep.shaded.org.apache.hc.client5.http.wire -- http-outgoing-0 << "[0x2][0x0][0x0][0x0][0x0][0x0][0x0]-2023/06/18 01:08:28 Starting on port 8080...[\n]"
18:08:28.712 [docker-java-stream--746475025] DEBUG com.github.dockerjava.zerodep.shaded.org.apache.hc.client5.http.wire -- http-outgoing-0 << "[0x2][0x0][0x0][0x0][0x0][0x0][0x0][0x1d]2023/06/18 01:08:28 Started![\n]"
18:08:28.712 [docker-java-stream--746475025] DEBUG com.github.dockerjava.zerodep.shaded.org.apache.hc.client5.http.wire -- http-outgoing-0 << "[\r][\n]"
18:08:28.714 [main] DEBUG org.testcontainers.containers.output.WaitingConsumer -- STDERR: 2023/06/18 01:08:28 Pinging Docker...
18:08:28.714 [main] DEBUG org.testcontainers.containers.output.WaitingConsumer -- STDERR: 2023/06/18 01:08:28 Started!
18:08:28.714 [main] DEBUG com.github.dockerjava.zerodep.shaded.org.apache.hc.client5.http.impl.classic.InternalHttpClient -- ep-00000009: cancel
18:08:28.715 [main] DEBUG com.github.dockerjava.zerodep.shaded.org.apache.hc.client5.http.impl.io.DefaultManagedHttpClientConnection -- http-outgoing-0: close connection IMMEDIATE
18:08:28.715 [main] DEBUG com.github.dockerjava.zerodep.shaded.org.apache.hc.client5.http.impl.classic.InternalHttpClient -- ep-00000009: endpoint closed
18:08:28.715 [main] DEBUG com.github.dockerjava.zerodep.shaded.org.apache.hc.client5.http.impl.classic.InternalHttpClient -- ep-00000009: discarding endpoint
18:08:28.715 [main] DEBUG com.github.dockerjava.zerodep.shaded.org.apache.hc.client5.http.impl.io.PoolingHttpClientConnectionManager -- ep-00000009: releasing endpoint
18:08:28.715 [main] DEBUG com.github.dockerjava.zerodep.shaded.org.apache.hc.client5.http.impl.io.PoolingHttpClientConnectionManager -- ep-00000009: connection is not kept alive
18:08:28.715 [main] DEBUG com.github.dockerjava.zerodep.shaded.org.apache.hc.client5.http.impl.io.PoolingHttpClientConnectionManager -- ep-00000009: connection released [route: {}->npipe://localhost:2375][total available: 0; route allocated: 0 of 2147483647; total allocated: 0 of 2147483647]
18:08:28.715 [docker-java-stream--746475025] DEBUG com.github.dockerjava.zerodep.shaded.org.apache.hc.client5.http.wire -- http-outgoing-0 << "end of stream"
18:08:28.716 [main] DEBUG com.github.dockerjava.zerodep.shaded.org.apache.hc.client5.http.wire -- http-outgoing-0 << "[read] I/O error: java.nio.channels.ClosedChannelException"
18:08:28.716 [docker-java-stream--746475025] DEBUG com.github.dockerjava.zerodep.shaded.org.apache.hc.client5.http.wire -- http-outgoing-0 << "[read] I/O error: java.nio.channels.ClosedChannelException"
18:08:28.716 [docker-java-stream--746475025] DEBUG com.github.dockerjava.zerodep.ApacheDockerHttpClientImpl$ApacheResponse -- Failed to close the response
java.io.IOException: java.nio.channels.ClosedChannelException
	at java.base/java.nio.channels.Channels$2.read(Channels.java:240)
	at com.github.dockerjava.zerodep.shaded.org.apache.hc.client5.http.impl.io.LoggingInputStream.read(LoggingInputStream.java:81)
	at com.github.dockerjava.zerodep.shaded.org.apache.hc.core5.http.impl.io.SessionInputBufferImpl.fillBuffer(SessionInputBufferImpl.java:149)
	at com.github.dockerjava.zerodep.shaded.org.apache.hc.core5.http.impl.io.SessionInputBufferImpl.readLine(SessionInputBufferImpl.java:280)
	at com.github.dockerjava.zerodep.shaded.org.apache.hc.core5.http.impl.io.ChunkedInputStream.getChunkSize(ChunkedInputStream.java:261)
	at com.github.dockerjava.zerodep.shaded.org.apache.hc.core5.http.impl.io.ChunkedInputStream.nextChunk(ChunkedInputStream.java:222)
	at com.github.dockerjava.zerodep.shaded.org.apache.hc.core5.http.impl.io.ChunkedInputStream.read(ChunkedInputStream.java:147)
	at com.github.dockerjava.zerodep.shaded.org.apache.hc.core5.http.impl.io.ChunkedInputStream.close(ChunkedInputStream.java:314)
	at com.github.dockerjava.zerodep.shaded.org.apache.hc.core5.io.Closer.close(Closer.java:48)
	at com.github.dockerjava.zerodep.shaded.org.apache.hc.core5.http.impl.io.IncomingHttpEntity.close(IncomingHttpEntity.java:111)
	at com.github.dockerjava.zerodep.shaded.org.apache.hc.core5.http.io.entity.HttpEntityWrapper.close(HttpEntityWrapper.java:120)
	at com.github.dockerjava.zerodep.shaded.org.apache.hc.core5.io.Closer.close(Closer.java:48)
	at com.github.dockerjava.zerodep.shaded.org.apache.hc.core5.http.message.BasicClassicHttpResponse.close(BasicClassicHttpResponse.java:93)
	at com.github.dockerjava.zerodep.shaded.org.apache.hc.client5.http.impl.classic.CloseableHttpResponse.close(CloseableHttpResponse.java:200)
	at com.github.dockerjava.zerodep.ApacheDockerHttpClientImpl$ApacheResponse.close(ApacheDockerHttpClientImpl.java:256)
	at org.testcontainers.shaded.com.github.dockerjava.core.DefaultInvocationBuilder.lambda$executeAndStream$1(DefaultInvocationBuilder.java:277)
	at java.base/java.lang.Thread.run(Thread.java:833)
Caused by: java.nio.channels.ClosedChannelException: null
	at java.base/sun.nio.ch.WindowsAsynchronousFileChannelImpl.implRead(WindowsAsynchronousFileChannelImpl.java:516)
	at java.base/sun.nio.ch.AsynchronousFileChannelImpl.read(AsynchronousFileChannelImpl.java:229)
	at com.github.dockerjava.transport.NamedPipeSocket$AsynchronousFileByteChannel.read(NamedPipeSocket.java:117)
	at java.base/java.nio.channels.Channels$2.read(Channels.java:238)
	... 16 common frames omitted
18:08:28.716 [main] DEBUG com.github.dockerjava.zerodep.ApacheDockerHttpClientImpl$ApacheResponse -- Failed to close the response
java.io.IOException: java.nio.channels.ClosedChannelException
	at java.base/java.nio.channels.Channels$2.read(Channels.java:240)
	at com.github.dockerjava.zerodep.shaded.org.apache.hc.client5.http.impl.io.LoggingInputStream.read(LoggingInputStream.java:81)
	at com.github.dockerjava.zerodep.shaded.org.apache.hc.core5.http.impl.io.SessionInputBufferImpl.fillBuffer(SessionInputBufferImpl.java:149)
	at com.github.dockerjava.zerodep.shaded.org.apache.hc.core5.http.impl.io.SessionInputBufferImpl.readLine(SessionInputBufferImpl.java:280)
	at com.github.dockerjava.zerodep.shaded.org.apache.hc.core5.http.impl.io.ChunkedInputStream.getChunkSize(ChunkedInputStream.java:261)
	at com.github.dockerjava.zerodep.shaded.org.apache.hc.core5.http.impl.io.ChunkedInputStream.nextChunk(ChunkedInputStream.java:222)
	at com.github.dockerjava.zerodep.shaded.org.apache.hc.core5.http.impl.io.ChunkedInputStream.read(ChunkedInputStream.java:147)
	at com.github.dockerjava.zerodep.shaded.org.apache.hc.core5.http.impl.io.ChunkedInputStream.close(ChunkedInputStream.java:314)
	at com.github.dockerjava.zerodep.shaded.org.apache.hc.core5.io.Closer.close(Closer.java:48)
	at com.github.dockerjava.zerodep.shaded.org.apache.hc.core5.http.impl.io.IncomingHttpEntity.close(IncomingHttpEntity.java:111)
	at com.github.dockerjava.zerodep.shaded.org.apache.hc.core5.http.io.entity.HttpEntityWrapper.close(HttpEntityWrapper.java:120)
	at com.github.dockerjava.zerodep.shaded.org.apache.hc.core5.io.Closer.close(Closer.java:48)
	at com.github.dockerjava.zerodep.shaded.org.apache.hc.core5.http.message.BasicClassicHttpResponse.close(BasicClassicHttpResponse.java:93)
	at com.github.dockerjava.zerodep.shaded.org.apache.hc.client5.http.impl.classic.CloseableHttpResponse.close(CloseableHttpResponse.java:200)
	at com.github.dockerjava.zerodep.ApacheDockerHttpClientImpl$ApacheResponse.close(ApacheDockerHttpClientImpl.java:256)
	at org.testcontainers.shaded.com.github.dockerjava.core.DefaultInvocationBuilder.lambda$null$0(DefaultInvocationBuilder.java:272)
	at com.github.dockerjava.api.async.ResultCallbackTemplate.close(ResultCallbackTemplate.java:77)
	at org.testcontainers.containers.output.FrameConsumerResultCallback.close(FrameConsumerResultCallback.java:69)
	at org.testcontainers.containers.wait.strategy.LogMessageWaitStrategy.waitUntilReady(LogMessageWaitStrategy.java:49)
	at org.testcontainers.containers.wait.strategy.AbstractWaitStrategy.waitUntilReady(AbstractWaitStrategy.java:52)
	at org.testcontainers.containers.GenericContainer.waitUntilContainerStarted(GenericContainer.java:964)
	at org.testcontainers.containers.GenericContainer.tryStart(GenericContainer.java:490)
	at org.testcontainers.containers.GenericContainer.lambda$doStart$0(GenericContainer.java:344)
	at org.rnorth.ducttape.unreliables.Unreliables.retryUntilSuccess(Unreliables.java:81)
	at org.testcontainers.containers.GenericContainer.doStart(GenericContainer.java:334)
	at org.testcontainers.containers.GenericContainer.start(GenericContainer.java:322)
	at org.testcontainers.utility.RyukResourceReaper.maybeStart(RyukResourceReaper.java:78)
	at org.testcontainers.utility.RyukResourceReaper.init(RyukResourceReaper.java:42)
	at org.testcontainers.DockerClientFactory.client(DockerClientFactory.java:224)
	at org.testcontainers.DockerClientFactory$1.getDockerClient(DockerClientFactory.java:104)
	at com.github.dockerjava.api.DockerClientDelegate.authConfig(DockerClientDelegate.java:109)
	at org.testcontainers.containers.GenericContainer.start(GenericContainer.java:321)
	at com.jersey.resources.db.AppTestExtensionCosmos.<init>(AppTestExtensionCosmos.java:24)
	at com.jersey.resources.EmployeeResourceCosmosTest.<clinit>(EmployeeResourceCosmosTest.java:25)
	at java.base/jdk.internal.misc.Unsafe.ensureClassInitialized0(Native Method)
	at java.base/jdk.internal.misc.Unsafe.ensureClassInitialized(Unsafe.java:1155)
	at java.base/jdk.internal.reflect.UnsafeFieldAccessorFactory.newFieldAccessor(UnsafeFieldAccessorFactory.java:42)
	at java.base/jdk.internal.reflect.ReflectionFactory.newFieldAccessor(ReflectionFactory.java:185)
	at java.base/java.lang.reflect.Field.acquireFieldAccessor(Field.java:1132)
	at java.base/java.lang.reflect.Field.getFieldAccessor(Field.java:1113)
	at java.base/java.lang.reflect.Field.get(Field.java:425)
	at org.junit.platform.commons.util.ReflectionUtils.lambda$tryToReadFieldValue$5(ReflectionUtils.java:673)
	at org.junit.platform.commons.function.Try.lambda$call$0(Try.java:57)
	at org.junit.platform.commons.function.Try.of(Try.java:93)
	at org.junit.platform.commons.function.Try.call(Try.java:57)
	at org.junit.platform.commons.util.ReflectionUtils.tryToReadFieldValue(ReflectionUtils.java:673)
	at org.junit.jupiter.engine.descriptor.ExtensionUtils.lambda$registerExtensionsFromFields$4(ExtensionUtils.java:106)
	at java.base/java.util.stream.ForEachOps$ForEachOp$OfRef.accept(ForEachOps.java:183)
	at java.base/java.util.stream.SortedOps$SizedRefSortingSink.end(SortedOps.java:357)
	at java.base/java.util.stream.AbstractPipeline.copyInto(AbstractPipeline.java:510)
	at java.base/java.util.stream.AbstractPipeline.wrapAndCopyInto(AbstractPipeline.java:499)
	at java.base/java.util.stream.ForEachOps$ForEachOp.evaluateSequential(ForEachOps.java:150)
	at java.base/java.util.stream.ForEachOps$ForEachOp$OfRef.evaluateSequential(ForEachOps.java:173)
	at java.base/java.util.stream.AbstractPipeline.evaluate(AbstractPipeline.java:234)
	at java.base/java.util.stream.ReferencePipeline.forEach(ReferencePipeline.java:596)
	at org.junit.jupiter.engine.descriptor.ExtensionUtils.registerExtensionsFromFields(ExtensionUtils.java:98)
	at org.junit.jupiter.engine.descriptor.ClassBasedTestDescriptor.prepare(ClassBasedTestDescriptor.java:154)
	at org.junit.jupiter.engine.descriptor.ClassBasedTestDescriptor.prepare(ClassBasedTestDescriptor.java:84)
	at org.junit.platform.engine.support.hierarchical.NodeTestTask.lambda$prepare$2(NodeTestTask.java:123)
	at org.junit.platform.engine.support.hierarchical.ThrowableCollector.execute(ThrowableCollector.java:73)
	at org.junit.platform.engine.support.hierarchical.NodeTestTask.prepare(NodeTestTask.java:123)
	at org.junit.platform.engine.support.hierarchical.NodeTestTask.execute(NodeTestTask.java:90)
	at java.base/java.util.ArrayList.forEach(ArrayList.java:1511)
	at org.junit.platform.engine.support.hierarchical.SameThreadHierarchicalTestExecutorService.invokeAll(SameThreadHierarchicalTestExecutorService.java:41)
	at org.junit.platform.engine.support.hierarchical.NodeTestTask.lambda$executeRecursively$6(NodeTestTask.java:155)
	at org.junit.platform.engine.support.hierarchical.ThrowableCollector.execute(ThrowableCollector.java:73)
	at org.junit.platform.engine.support.hierarchical.NodeTestTask.lambda$executeRecursively$8(NodeTestTask.java:141)
	at org.junit.platform.engine.support.hierarchical.Node.around(Node.java:137)
	at org.junit.platform.engine.support.hierarchical.NodeTestTask.lambda$executeRecursively$9(NodeTestTask.java:139)
	at org.junit.platform.engine.support.hierarchical.ThrowableCollector.execute(ThrowableCollector.java:73)
	at org.junit.platform.engine.support.hierarchical.NodeTestTask.executeRecursively(NodeTestTask.java:138)
	at org.junit.platform.engine.support.hierarchical.NodeTestTask.execute(NodeTestTask.java:95)
	at org.junit.platform.engine.support.hierarchical.SameThreadHierarchicalTestExecutorService.submit(SameThreadHierarchicalTestExecutorService.java:35)
	at org.junit.platform.engine.support.hierarchical.HierarchicalTestExecutor.execute(HierarchicalTestExecutor.java:57)
	at org.junit.platform.engine.support.hierarchical.HierarchicalTestEngine.execute(HierarchicalTestEngine.java:54)
	at org.junit.platform.launcher.core.DefaultLauncher.execute(DefaultLauncher.java:220)
	at org.junit.platform.launcher.core.DefaultLauncher.lambda$execute$6(DefaultLauncher.java:188)
	at org.junit.platform.launcher.core.DefaultLauncher.withInterceptedStreams(DefaultLauncher.java:202)
	at org.junit.platform.launcher.core.DefaultLauncher.execute(DefaultLauncher.java:181)
	at org.junit.platform.launcher.core.DefaultLauncher.execute(DefaultLauncher.java:128)
	at org.apache.maven.surefire.junitplatform.JUnitPlatformProvider.invokeAllTests(JUnitPlatformProvider.java:150)
	at org.apache.maven.surefire.junitplatform.JUnitPlatformProvider.invoke(JUnitPlatformProvider.java:124)
	at org.apache.maven.surefire.booter.ForkedBooter.invokeProviderInSameClassLoader(ForkedBooter.java:384)
	at org.apache.maven.surefire.booter.ForkedBooter.runSuitesInProcess(ForkedBooter.java:345)
	at org.apache.maven.surefire.booter.ForkedBooter.execute(ForkedBooter.java:126)
	at org.apache.maven.surefire.booter.ForkedBooter.main(ForkedBooter.java:418)
Caused by: java.nio.channels.ClosedChannelException: null
	at java.base/sun.nio.ch.WindowsAsynchronousFileChannelImpl.implRead(WindowsAsynchronousFileChannelImpl.java:516)
	at java.base/sun.nio.ch.AsynchronousFileChannelImpl.read(AsynchronousFileChannelImpl.java:229)
	at com.github.dockerjava.transport.NamedPipeSocket$AsynchronousFileByteChannel.read(NamedPipeSocket.java:117)
	at java.base/java.nio.channels.Channels$2.read(Channels.java:238)
	... 85 common frames omitted
18:08:28.718 [main] INFO tc.testcontainers/ryuk:0.4.0 -- Container testcontainers/ryuk:0.4.0 started in PT3.3344736S
18:08:28.723 [testcontainers-ryuk] DEBUG org.testcontainers.utility.ResourceReaper -- Sending 'label=org.testcontainers%3Dtrue&label=org.testcontainers.lang%3Djava&label=org.testcontainers.version%3D1.18.1&label=org.testcontainers.sessionId%3De0f64824-65da-49ef-ad69-afd5bd4a2a5f' to Ryuk
18:08:28.724 [testcontainers-ryuk] DEBUG org.testcontainers.utility.RyukResourceReaper -- Received 'ACK' from Ryuk
18:08:28.724 [main] INFO org.testcontainers.utility.RyukResourceReaper -- Ryuk started - will monitor and terminate Testcontainers containers on JVM exit
18:08:28.724 [main] DEBUG org.testcontainers.DockerClientFactory -- Checks are enabled
18:08:28.724 [main] INFO org.testcontainers.DockerClientFactory -- Checking the system...
18:08:28.725 [main] INFO org.testcontainers.DockerClientFactory -- ?? Docker server version should be at least 1.6.0
18:08:28.725 [main] DEBUG org.testcontainers.utility.PrefixingImageNameSubstitutor -- No prefix is configured
18:08:28.725 [main] DEBUG org.testcontainers.utility.ImageNameSubstitutor -- Did not find a substitute image for mcr.microsoft.com/cosmosdb/linux/azure-cosmos-emulator:latest (using image substitutor: DefaultImageNameSubstitutor (composite of 'ConfigurationFileImageNameSubstitutor' and 'PrefixingImageNameSubstitutor'))
18:08:28.725 [main] DEBUG tc.mcr.microsoft.com/cosmosdb/linux/azure-cosmos-emulator:latest -- mcr.microsoft.com/cosmosdb/linux/azure-cosmos-emulator:latest is not in image name cache, updating...
18:08:28.725 [main] DEBUG org.testcontainers.shaded.com.github.dockerjava.core.command.AbstrDockerCmd -- Cmd: mcr.microsoft.com/cosmosdb/linux/azure-cosmos-emulator:latest
18:08:28.726 [main] DEBUG com.github.dockerjava.zerodep.shaded.org.apache.hc.client5.http.impl.classic.InternalHttpClient -- ex-0000000B: preparing request execution
18:08:28.726 [main] DEBUG com.github.dockerjava.zerodep.shaded.org.apache.hc.client5.http.protocol.RequestAddCookies -- Cookie spec selected: strict
18:08:28.726 [main] DEBUG com.github.dockerjava.zerodep.shaded.org.apache.hc.client5.http.protocol.RequestAuthCache -- Auth cache not set in the context
18:08:28.726 [main] DEBUG com.github.dockerjava.zerodep.shaded.org.apache.hc.client5.http.impl.classic.ProtocolExec -- ex-0000000B: target auth state: UNCHALLENGED
18:08:28.726 [main] DEBUG com.github.dockerjava.zerodep.shaded.org.apache.hc.client5.http.impl.classic.ProtocolExec -- ex-0000000B: proxy auth state: UNCHALLENGED
18:08:28.726 [main] DEBUG com.github.dockerjava.zerodep.shaded.org.apache.hc.client5.http.impl.classic.ConnectExec -- ex-0000000B: acquiring connection with route {}->npipe://localhost:2375
18:08:28.726 [main] DEBUG com.github.dockerjava.zerodep.shaded.org.apache.hc.client5.http.impl.classic.InternalHttpClient -- ex-0000000B: acquiring endpoint (3 MINUTES)
18:08:28.726 [main] DEBUG com.github.dockerjava.zerodep.shaded.org.apache.hc.client5.http.impl.io.PoolingHttpClientConnectionManager -- ex-0000000B: endpoint lease request (3 MINUTES) [route: {}->npipe://localhost:2375][total available: 0; route allocated: 0 of 2147483647; total allocated: 0 of 2147483647]
18:08:28.726 [main] DEBUG com.github.dockerjava.zerodep.shaded.org.apache.hc.client5.http.impl.io.PoolingHttpClientConnectionManager -- ex-0000000B: endpoint leased [route: {}->npipe://localhost:2375][total available: 0; route allocated: 1 of 2147483647; total allocated: 1 of 2147483647]
18:08:28.726 [main] DEBUG com.github.dockerjava.zerodep.shaded.org.apache.hc.client5.http.impl.io.PoolingHttpClientConnectionManager -- ex-0000000B: acquired ep-0000000A
18:08:28.726 [main] DEBUG com.github.dockerjava.zerodep.shaded.org.apache.hc.client5.http.impl.classic.InternalHttpClient -- ex-0000000B: acquired endpoint ep-0000000A
18:08:28.726 [main] DEBUG com.github.dockerjava.zerodep.shaded.org.apache.hc.client5.http.impl.classic.ConnectExec -- ex-0000000B: opening connection {}->npipe://localhost:2375
18:08:28.726 [main] DEBUG com.github.dockerjava.zerodep.shaded.org.apache.hc.client5.http.impl.classic.InternalHttpClient -- ep-0000000A: connecting endpoint (3 MINUTES)
18:08:28.726 [main] DEBUG com.github.dockerjava.zerodep.shaded.org.apache.hc.client5.http.impl.io.PoolingHttpClientConnectionManager -- ep-0000000A: connecting endpoint to npipe://localhost:2375 (3 MINUTES)
18:08:28.726 [main] DEBUG com.github.dockerjava.zerodep.shaded.org.apache.hc.client5.http.impl.io.DefaultHttpClientConnectionOperator -- http-outgoing-1: connecting to localhost/127.0.0.1:2375
18:08:28.726 [main] DEBUG com.github.dockerjava.zerodep.shaded.org.apache.hc.client5.http.impl.io.DefaultHttpClientConnectionOperator -- http-outgoing-1: connection established 
18:08:28.726 [main] DEBUG com.github.dockerjava.zerodep.shaded.org.apache.hc.client5.http.impl.io.PoolingHttpClientConnectionManager -- ep-0000000A: connected http-outgoing-1
18:08:28.726 [main] DEBUG com.github.dockerjava.zerodep.shaded.org.apache.hc.client5.http.impl.classic.InternalHttpClient -- ep-0000000A: endpoint connected
18:08:28.726 [main] DEBUG com.github.dockerjava.zerodep.shaded.org.apache.hc.client5.http.impl.classic.MainClientExec -- ex-0000000B: executing GET /v1.32/images/mcr.microsoft.com%2Fcosmosdb%2Flinux%2Fazure-cosmos-emulator:latest/json HTTP/1.1
18:08:28.726 [main] DEBUG com.github.dockerjava.zerodep.shaded.org.apache.hc.client5.http.impl.classic.InternalHttpClient -- ep-0000000A: start execution ex-0000000B
18:08:28.726 [main] DEBUG com.github.dockerjava.zerodep.shaded.org.apache.hc.client5.http.impl.io.PoolingHttpClientConnectionManager -- ep-0000000A: executing exchange ex-0000000B over http-outgoing-1
18:08:28.726 [main] DEBUG com.github.dockerjava.zerodep.shaded.org.apache.hc.client5.http.headers -- http-outgoing-1 >> GET /v1.32/images/mcr.microsoft.com%2Fcosmosdb%2Flinux%2Fazure-cosmos-emulator:latest/json HTTP/1.1
18:08:28.726 [main] DEBUG com.github.dockerjava.zerodep.shaded.org.apache.hc.client5.http.headers -- http-outgoing-1 >> accept: application/json
18:08:28.726 [main] DEBUG com.github.dockerjava.zerodep.shaded.org.apache.hc.client5.http.headers -- http-outgoing-1 >> x-tc-sid: e0f64824-65da-49ef-ad69-afd5bd4a2a5f
18:08:28.726 [main] DEBUG com.github.dockerjava.zerodep.shaded.org.apache.hc.client5.http.headers -- http-outgoing-1 >> Accept-Encoding: gzip, x-gzip, deflate
18:08:28.726 [main] DEBUG com.github.dockerjava.zerodep.shaded.org.apache.hc.client5.http.headers -- http-outgoing-1 >> Host: localhost:2375
18:08:28.726 [main] DEBUG com.github.dockerjava.zerodep.shaded.org.apache.hc.client5.http.headers -- http-outgoing-1 >> Connection: keep-alive
18:08:28.726 [main] DEBUG com.github.dockerjava.zerodep.shaded.org.apache.hc.client5.http.headers -- http-outgoing-1 >> User-Agent: Apache-HttpClient/5.0.3 (Java/17.0.2)
18:08:28.726 [main] DEBUG com.github.dockerjava.zerodep.shaded.org.apache.hc.client5.http.wire -- http-outgoing-1 >> "GET /v1.32/images/mcr.microsoft.com%2Fcosmosdb%2Flinux%2Fazure-cosmos-emulator:latest/json HTTP/1.1[\r][\n]"
18:08:28.726 [main] DEBUG com.github.dockerjava.zerodep.shaded.org.apache.hc.client5.http.wire -- http-outgoing-1 >> "accept: application/json[\r][\n]"
18:08:28.726 [main] DEBUG com.github.dockerjava.zerodep.shaded.org.apache.hc.client5.http.wire -- http-outgoing-1 >> "x-tc-sid: e0f64824-65da-49ef-ad69-afd5bd4a2a5f[\r][\n]"
18:08:28.726 [main] DEBUG com.github.dockerjava.zerodep.shaded.org.apache.hc.client5.http.wire -- http-outgoing-1 >> "Accept-Encoding: gzip, x-gzip, deflate[\r][\n]"
18:08:28.726 [main] DEBUG com.github.dockerjava.zerodep.shaded.org.apache.hc.client5.http.wire -- http-outgoing-1 >> "Host: localhost:2375[\r][\n]"
18:08:28.726 [main] DEBUG com.github.dockerjava.zerodep.shaded.org.apache.hc.client5.http.wire -- http-outgoing-1 >> "Connection: keep-alive[\r][\n]"
18:08:28.726 [main] DEBUG com.github.dockerjava.zerodep.shaded.org.apache.hc.client5.http.wire -- http-outgoing-1 >> "User-Agent: Apache-HttpClient/5.0.3 (Java/17.0.2)[\r][\n]"
18:08:28.726 [main] DEBUG com.github.dockerjava.zerodep.shaded.org.apache.hc.client5.http.wire -- http-outgoing-1 >> "[\r][\n]"
18:08:28.728 [main] DEBUG com.github.dockerjava.zerodep.shaded.org.apache.hc.client5.http.wire -- http-outgoing-1 << "HTTP/1.1 200 OK[\r][\n]"
18:08:28.728 [main] DEBUG com.github.dockerjava.zerodep.shaded.org.apache.hc.client5.http.wire -- http-outgoing-1 << "Api-Version: 1.43[\r][\n]"
18:08:28.728 [main] DEBUG com.github.dockerjava.zerodep.shaded.org.apache.hc.client5.http.wire -- http-outgoing-1 << "Content-Type: application/json[\r][\n]"
18:08:28.728 [main] DEBUG com.github.dockerjava.zerodep.shaded.org.apache.hc.client5.http.wire -- http-outgoing-1 << "Date: Sun, 18 Jun 2023 01:08:28 GMT[\r][\n]"
18:08:28.728 [main] DEBUG com.github.dockerjava.zerodep.shaded.org.apache.hc.client5.http.wire -- http-outgoing-1 << "Docker-Experimental: false[\r][\n]"
18:08:28.728 [main] DEBUG com.github.dockerjava.zerodep.shaded.org.apache.hc.client5.http.wire -- http-outgoing-1 << "Ostype: linux[\r][\n]"
18:08:28.728 [main] DEBUG com.github.dockerjava.zerodep.shaded.org.apache.hc.client5.http.wire -- http-outgoing-1 << "Server: Docker/24.0.2 (linux)[\r][\n]"
18:08:28.728 [main] DEBUG com.github.dockerjava.zerodep.shaded.org.apache.hc.client5.http.wire -- http-outgoing-1 << "Transfer-Encoding: chunked[\r][\n]"
18:08:28.728 [main] DEBUG com.github.dockerjava.zerodep.shaded.org.apache.hc.client5.http.wire -- http-outgoing-1 << "[\r][\n]"
18:08:28.728 [main] DEBUG com.github.dockerjava.zerodep.shaded.org.apache.hc.client5.http.headers -- http-outgoing-1 << HTTP/1.1 200 OK
18:08:28.728 [main] DEBUG com.github.dockerjava.zerodep.shaded.org.apache.hc.client5.http.headers -- http-outgoing-1 << Api-Version: 1.43
18:08:28.728 [main] DEBUG com.github.dockerjava.zerodep.shaded.org.apache.hc.client5.http.headers -- http-outgoing-1 << Content-Type: application/json
18:08:28.728 [main] DEBUG com.github.dockerjava.zerodep.shaded.org.apache.hc.client5.http.headers -- http-outgoing-1 << Date: Sun, 18 Jun 2023 01:08:28 GMT
18:08:28.729 [main] DEBUG com.github.dockerjava.zerodep.shaded.org.apache.hc.client5.http.headers -- http-outgoing-1 << Docker-Experimental: false
18:08:28.729 [main] DEBUG com.github.dockerjava.zerodep.shaded.org.apache.hc.client5.http.headers -- http-outgoing-1 << Ostype: linux
18:08:28.729 [main] DEBUG com.github.dockerjava.zerodep.shaded.org.apache.hc.client5.http.headers -- http-outgoing-1 << Server: Docker/24.0.2 (linux)
18:08:28.729 [main] DEBUG com.github.dockerjava.zerodep.shaded.org.apache.hc.client5.http.headers -- http-outgoing-1 << Transfer-Encoding: chunked
18:08:28.729 [main] DEBUG com.github.dockerjava.zerodep.shaded.org.apache.hc.client5.http.impl.classic.MainClientExec -- ex-0000000B: connection can be kept alive for 3 MINUTES
18:08:28.729 [main] DEBUG com.github.dockerjava.zerodep.shaded.org.apache.hc.client5.http.wire -- http-outgoing-1 << "14af[\r][\n]"
18:08:28.729 [main] DEBUG com.github.dockerjava.zerodep.shaded.org.apache.hc.client5.http.wire -- http-outgoing-1 << "{"Id":"sha256:2259132d2738c35748cf20296ac1f064c25cfa823bdf3cdb1fd02ae4a7103871","RepoTags":["mcr.microsoft.com/cosmosdb/linux/azure-cosmos-emulator:latest"],"RepoDigests":["mcr.microsoft.com/cosmosdb/linux/azure-cosmos-emulator@sha256:a5c37b10b4f03122cdb0073a522955c0874ce1bd10a3c16b44c326c3085cf27d"],"Parent":"","Comment":"","Created":"2023-05-12T03:21:39.398812501Z","Container":"1a511f6ae9666f5f6eeb90323554b95a42e80cf540a74fe7c6ac96921494a706","ContainerConfig":{"Hostname":"1a511f6ae966","Domainname":"","User":"","AttachStdin":false,"AttachStdout":false,"AttachStderr":false,"Tty":false,"OpenStdin":false,"StdinOnce":false,"Env":["PATH=/usr/local/sbin:/usr/local/bin:/usr/sbin:/usr/bin:/sbin:/bin"],"Cmd":["/bin/sh","-c","#(nop) ","CMD [\"/usr/local/bin/cosmos/start.sh\"]"],"Image":"sha256:85ac3e8612ae368a5fc9dee0e24662794bfce330ef19befce5447b51fa401bac","Volumes":null,"WorkingDir":"/usr/local/bin/cosmos","Entrypoint":null,"OnBuild":null,"Labels":{}},"DockerVersion":"20.10.22","Author":"","Config":{"Hostname":"","Domainname":"","User":"","AttachStdin":false,"AttachStdout":false,"AttachStderr":false,"Tty":false,"OpenStdin":false,"StdinOnce":false,"Env":["PATH=/usr/local/sbin:/usr/local/bin:/usr/sbin:/usr/bin:/sbin:/bin"],"Cmd":["/usr/local/bin/cosmos/start.sh"],"Image":"sha256:85ac3e8612ae368a5fc9dee0e24662794bfce330ef19befce5447b51fa401bac","Volumes":null,"WorkingDir":"/usr/local/bin/cosmos","Entrypoint":null,"OnBuild":null,"Labels":null},"Architecture":"amd64","Os":"linux","Size":1890376363,"VirtualSize":1890376363,"GraphDriver":{"Data":{"LowerDir":"/var/lib/docker/overlay2/e14b24df599d42520b96c2d750ec155e6ab1d91157219f65888267a350ae462a/diff:/var/lib/docker/overlay2/34bfa100a0fc64c4f32431263f0eac844330a7cc1966901a6e3901736a55f418/diff:/var/lib/docker/overlay2/feb6dce514c2d6dc73c0e5e1088fbc4e89765e2e845cd493a9288d8074f9f915/diff:/var/lib/docker/overlay2/8f9dfb4304efe794fcfa5dfde6fbde1fca363cba117c72570ddb9b41fb95b018/diff:/var/lib/docker/overlay2/8273ee6acd6eee57ca3ec294e0e9ffe7716e7f4c699d99cbf1eeaa22bf5ad2eb/diff:/var/lib/docker/overlay2/534a0108bf4194d9f23b2e11e3ec1ca8c5248dda9dacdcd24bd601c481be0395/diff:/var/lib/docker/overlay2/3ca750208c45252136683ae82b2a8d0e7e0ab5b68bf20dfa0ffd49e4532e9f04/diff:/var/lib/docker/overlay2/d0d6c9fb19d5dd13153813449c7ec29815081c46bcc4077e1243bb0b05ea1a2a/diff:/var/lib/docker/overlay2/705d7461f91ef0159d7fb0a6a4fda8b6e6b52a584b0e38ed9bc2ea19c5da0b4e/diff:/var/lib/docker/overlay2/bf9b85a528ff44730d25b503d61104690d254df30740fc4c155b2b8f1d4acd39/diff:/var/lib/docker/overlay2/931be94b2811e175792875aee161025ef918be4c06dbaf95a51c821af8582373/diff:/var/lib/docker/overlay2/83dd382aa5c0f3788cf6698bf6df6064f7f312c436b3f7d1484757f8889b010e/diff:/var/lib/docker/overlay2/7883a3e4e5da4fe1ef50d9b2b6b087239382103ffd0a85ee96521900b137ebdd/diff:/var/lib/docker/overlay2/077b9a88d175f0d342f1ef61484bfee566544f5cea24524820cfc9b3e946d5af/diff:/var/lib/docker/overlay2/c126800161fc664c9f5ceb7e3e287e7ed54d738428474099a26a5cd469a866c1/diff:/var/lib/docker/overlay2/49ce62bd1d7b905b2687de4f482d5f0078aec78863ff5f7a13cd07515c3a3700/diff:/var/lib/docker/overlay2/3a16b7f939aece19cfbc8ee9f398b82c17e34a630ea90db38e7dc8d800dfba3a/diff:/var/lib/docker/overlay2/4110e658648d00b3d1f9288a3e5db6599f74b75617ec4f0d78845d706bced349/diff:/var/lib/docker/overlay2/940aa41371a97de1c28ad964ec20ef075a3fb9f72429060d413793127089c1ef/diff","MergedDir":"/var/lib/docker/overlay2/5960045e1d8379eb4831a48d7408b879b62d5c91b75f989c6e4ddd9299580d91/merged","UpperDir":"/var/lib/docker/overlay2/5960045e1d8379eb4831a48d7408b879b62d5c91b75f989c6e4ddd9299580d91/diff","WorkDir":"/var/lib/docker/overlay2/5960045e1d8379eb4831a48d7408b879b62d5c91b75f989c6e4ddd9299580d91/work"},"Name":"overlay2"},"RootFS":{"Type":"layers","Layers":["sha256:af7ed92504ae4c20128a0f01048d41d467fef5c795c38d0defdb998a187ed1d4","sha256:d45b17550b4d69bdc6d42313c89d490564c7991ed41460e03643fd3285515cd8","sha256:e65d8804464fa3ca5ed69ed54616ca145d9896d2956fa1e32d97f97e37a6986e","sha256:1ff95f7a0a0574049a50340f9e4ec2760c68cecaefd19db5b6a4ff4742471a90","sha256:1a91875dca37d1d8d83dbeead276f35bfc84b1715370d4a4d3083fd63b62abfa","sha256:43ae81a158efbea7f0fc3464d2fa03c5c71acd9838d082d58dbea2cbdc46ce89","sha256:a9176b34b069d9ff3e851d75d567f9aa98bb957f357c44da8534b26dc938183d","sha256:3f7b492275360ed0afed50c06fbabaa49774b31067fb84166cb7c9b62ce5d697","sha256:2003df29d68d2da57121a690cb63ef8ab38c125ac52c023d6958ede91c1a0700","sha256:b99eadca0736c284c99fafc05b746ed91cfb4251250b2ad656484bb411923b6b","sha256:84c7788e5d503e29d86e808069704e6f838d50858edb539bdfd20c9faa1643a8","sha256:09933ee20b0b411ff7b556bc4122f06ffd4f1f7568c57e950404362c662426b7","sha256:3b8ccdc65f78a4e9d57281657f9af95b953a6b64e5c95f331fd90b312938df7c","sha256:22403d37d9015476ae32e9ab5a085bdbc476688970290a255a3c49d51519e7ff","sha256:54db6535db778a5dc347c99ae5a36eb5d3716bfe30d6e292594ab3084cd627be","sha256:f9f4c2d4909a9ce0d65587c01fc5f83754530db49e8d653d8100c9a173fdabf2","sha256:21761e6d5a04570d2c09addcc0667e1afb3546a18f07d553c3558b105e834c84","sha256:dd9bba4f07ef4d47c028715b6ab61636ddefccc484a54535fcb8252312904921","sha256:b24e3390e601760517074ccac9a9a0b87f4c6745f76a877d563ffcb798f6ca11","sha256:99565e199d8ed8b92b4ed712e38d249d2a714e1ec694578aa165cc144209fd68"]},"Metadata":{"LastTagTime":"0001-01-01T00:00:00Z"}}[\n]"
18:08:28.729 [main] DEBUG com.github.dockerjava.zerodep.shaded.org.apache.hc.client5.http.wire -- http-outgoing-1 << "[\r][\n]"
18:08:28.729 [main] DEBUG com.github.dockerjava.zerodep.shaded.org.apache.hc.client5.http.wire -- http-outgoing-1 << "0[\r][\n]"
18:08:28.729 [main] DEBUG com.github.dockerjava.zerodep.shaded.org.apache.hc.client5.http.wire -- http-outgoing-1 << "[\r][\n]"
18:08:28.729 [main] DEBUG com.github.dockerjava.zerodep.shaded.org.apache.hc.client5.http.impl.classic.InternalHttpClient -- ep-0000000A: releasing valid endpoint
18:08:28.729 [main] DEBUG com.github.dockerjava.zerodep.shaded.org.apache.hc.client5.http.impl.io.PoolingHttpClientConnectionManager -- ep-0000000A: releasing endpoint
18:08:28.729 [main] DEBUG com.github.dockerjava.zerodep.shaded.org.apache.hc.client5.http.impl.io.PoolingHttpClientConnectionManager -- ep-0000000A: connection http-outgoing-1 can be kept alive for 3 MINUTES
18:08:28.730 [main] DEBUG com.github.dockerjava.zerodep.shaded.org.apache.hc.client5.http.impl.io.PoolingHttpClientConnectionManager -- ep-0000000A: connection released [route: {}->npipe://localhost:2375][total available: 1; route allocated: 1 of 2147483647; total allocated: 1 of 2147483647]
18:08:28.731 [main] DEBUG org.testcontainers.images.AbstractImagePullPolicy -- Using locally available and not pulling image: mcr.microsoft.com/cosmosdb/linux/azure-cosmos-emulator:latest
18:08:28.731 [main] DEBUG tc.mcr.microsoft.com/cosmosdb/linux/azure-cosmos-emulator:latest -- Starting container: mcr.microsoft.com/cosmosdb/linux/azure-cosmos-emulator:latest
18:08:28.731 [main] DEBUG tc.mcr.microsoft.com/cosmosdb/linux/azure-cosmos-emulator:latest -- Trying to start container: mcr.microsoft.com/cosmosdb/linux/azure-cosmos-emulator:latest (attempt 1/1)
18:08:28.731 [main] DEBUG tc.mcr.microsoft.com/cosmosdb/linux/azure-cosmos-emulator:latest -- Starting container: mcr.microsoft.com/cosmosdb/linux/azure-cosmos-emulator:latest
18:08:28.731 [main] INFO tc.mcr.microsoft.com/cosmosdb/linux/azure-cosmos-emulator:latest -- Creating container for image: mcr.microsoft.com/cosmosdb/linux/azure-cosmos-emulator:latest
18:08:28.731 [main] DEBUG org.testcontainers.utility.RegistryAuthLocator -- Looking up auth config for image: mcr.microsoft.com/cosmosdb/linux/azure-cosmos-emulator:latest at registry: mcr.microsoft.com
18:08:28.731 [main] DEBUG org.testcontainers.utility.RegistryAuthLocator -- RegistryAuthLocator has configFile: C:\Users\shcarr\.docker\config.json (exists) configEnv: DOCKER_AUTH_CONFIG (does not exist) and commandPathPrefix: 
18:08:28.731 [main] DEBUG org.testcontainers.utility.RegistryAuthLocator -- RegistryAuthLocator reading from configFile: C:\Users\shcarr\.docker\config.json
18:08:28.731 [main] DEBUG org.testcontainers.utility.RegistryAuthLocator -- registryName [mcr.microsoft.com] for dockerImageName [mcr.microsoft.com/cosmosdb/linux/azure-cosmos-emulator:latest]
18:08:28.731 [main] DEBUG org.testcontainers.utility.RegistryAuthLocator -- Executing docker credential provider: docker-credential-desktop to locate auth config for: mcr.microsoft.com
18:08:28.731 [main] DEBUG org.testcontainers.shaded.org.zeroturnaround.exec.ProcessExecutor -- Executing [cmd, /c, docker-credential-desktop, get].
18:08:28.738 [main] DEBUG org.testcontainers.shaded.org.zeroturnaround.exec.ProcessExecutor -- Started Process[pid=65040, exitValue="not exited"]
18:08:28.810 [WaitForProcess-Process[pid=65040, exitValue="not exited"]] DEBUG org.testcontainers.shaded.org.zeroturnaround.exec.WaitForProcess -- Process[pid=65040, exitValue=1] stopped with exit code 1
18:08:28.811 [main] INFO org.testcontainers.utility.RegistryAuthLocator -- Credential helper/store (docker-credential-desktop) does not have credentials for mcr.microsoft.com
18:08:28.811 [main] DEBUG org.testcontainers.utility.RegistryAuthLocator -- No matching Auth Configs - falling back to defaultAuthConfig [null]
18:08:28.811 [main] DEBUG org.testcontainers.dockerclient.AuthDelegatingDockerClientConfig -- Effective auth config [null]
18:08:28.811 [main] DEBUG org.testcontainers.shaded.com.github.dockerjava.core.command.AbstrDockerCmd -- Cmd: org.testcontainers.shaded.com.github.dockerjava.core.command.CreateContainerCmdImpl@721eb7df[aliases=<null>,argsEscaped=<null>,attachStderr=<null>,attachStdin=<null>,attachStdout=<null>,authConfig=<null>,cmd={},domainName=<null>,entrypoint=<null>,env={AZURE_COSMOS_EMULATOR_ACCEPT_TERMS=yes},exposedPorts=ExposedPorts(exposedPorts=[8081/tcp]),healthcheck=<null>,hostConfig=HostConfig(binds=[], blkioWeight=null, blkioWeightDevice=null, blkioDeviceReadBps=null, blkioDeviceWriteBps=null, blkioDeviceReadIOps=null, blkioDeviceWriteIOps=null, memorySwappiness=null, nanoCPUs=null, capAdd=null, capDrop=null, containerIDFile=null, cpuPeriod=null, cpuRealtimePeriod=null, cpuRealtimeRuntime=null, cpuShares=null, cpuQuota=null, cpusetCpus=null, cpusetMems=null, devices=null, deviceCgroupRules=null, deviceRequests=null, diskQuota=null, dns=null, dnsOptions=null, dnsSearch=null, extraHosts=[], groupAdd=null, ipcMode=null, cgroup=null, links=[], logConfig=LogConfig(type=null, config=null), lxcConf=null, memory=null, memorySwap=null, memoryReservation=null, kernelMemory=null, networkMode=null, oomKillDisable=null, init=null, autoRemove=null, oomScoreAdj=null, portBindings={8081/tcp=[Lcom.github.dockerjava.api.model.Ports$Binding;@5ab9b447}, privileged=null, publishAllPorts=null, readonlyRootfs=null, restartPolicy=null, ulimits=null, cpuCount=null, cpuPercent=null, ioMaximumIOps=null, ioMaximumBandwidth=null, volumesFrom=[], mounts=null, pidMode=null, isolation=null, securityOpts=null, storageOpt=null, cgroupParent=null, volumeDriver=null, shmSize=null, pidsLimit=null, runtime=null, tmpFs=null, utSMode=null, usernsMode=null, sysctls=null, consoleSize=null, cgroupnsMode=null),hostName=<null>,image=mcr.microsoft.com/cosmosdb/linux/azure-cosmos-emulator:latest,ipv4Address=<null>,ipv6Address=<null>,labels={org.testcontainers=true, org.testcontainers.lang=java, org.testcontainers.version=1.18.1, org.testcontainers.sessionId=e0f64824-65da-49ef-ad69-afd5bd4a2a5f},macAddress=<null>,name=<null>,networkDisabled=<null>,networkingConfig=<null>,onBuild=<null>,platform=<null>,portSpecs=<null>,shell=<null>,stdInOnce=<null>,stdinOpen=<null>,stopSignal=<null>,stopTimeout=<null>,tty=<null>,user=<null>,volumes=Volumes(volumes=[]),workingDir=<null>]
18:08:28.812 [main] DEBUG com.github.dockerjava.zerodep.shaded.org.apache.hc.client5.http.impl.classic.InternalHttpClient -- ex-0000000C: preparing request execution
18:08:28.812 [main] DEBUG com.github.dockerjava.zerodep.shaded.org.apache.hc.client5.http.protocol.RequestAddCookies -- Cookie spec selected: strict
18:08:28.812 [main] DEBUG com.github.dockerjava.zerodep.shaded.org.apache.hc.client5.http.protocol.RequestAuthCache -- Auth cache not set in the context
18:08:28.812 [main] DEBUG com.github.dockerjava.zerodep.shaded.org.apache.hc.client5.http.impl.classic.ProtocolExec -- ex-0000000C: target auth state: UNCHALLENGED
18:08:28.812 [main] DEBUG com.github.dockerjava.zerodep.shaded.org.apache.hc.client5.http.impl.classic.ProtocolExec -- ex-0000000C: proxy auth state: UNCHALLENGED
18:08:28.812 [main] DEBUG com.github.dockerjava.zerodep.shaded.org.apache.hc.client5.http.impl.classic.ConnectExec -- ex-0000000C: acquiring connection with route {}->npipe://localhost:2375
18:08:28.812 [main] DEBUG com.github.dockerjava.zerodep.shaded.org.apache.hc.client5.http.impl.classic.InternalHttpClient -- ex-0000000C: acquiring endpoint (3 MINUTES)
18:08:28.812 [main] DEBUG com.github.dockerjava.zerodep.shaded.org.apache.hc.client5.http.impl.io.PoolingHttpClientConnectionManager -- ex-0000000C: endpoint lease request (3 MINUTES) [route: {}->npipe://localhost:2375][total available: 1; route allocated: 1 of 2147483647; total allocated: 1 of 2147483647]
18:08:28.812 [main] DEBUG com.github.dockerjava.zerodep.shaded.org.apache.hc.client5.http.impl.io.PoolingHttpClientConnectionManager -- ex-0000000C: endpoint leased [route: {}->npipe://localhost:2375][total available: 0; route allocated: 1 of 2147483647; total allocated: 1 of 2147483647]
18:08:28.812 [main] DEBUG com.github.dockerjava.zerodep.shaded.org.apache.hc.client5.http.impl.io.PoolingHttpClientConnectionManager -- ex-0000000C: acquired ep-0000000B
18:08:28.812 [main] DEBUG com.github.dockerjava.zerodep.shaded.org.apache.hc.client5.http.impl.classic.InternalHttpClient -- ex-0000000C: acquired endpoint ep-0000000B
18:08:28.812 [main] DEBUG com.github.dockerjava.zerodep.shaded.org.apache.hc.client5.http.impl.classic.MainClientExec -- ex-0000000C: executing POST /v1.32/containers/create HTTP/1.1
18:08:28.812 [main] DEBUG com.github.dockerjava.zerodep.shaded.org.apache.hc.client5.http.impl.classic.InternalHttpClient -- ep-0000000B: start execution ex-0000000C
18:08:28.812 [main] DEBUG com.github.dockerjava.zerodep.shaded.org.apache.hc.client5.http.impl.io.PoolingHttpClientConnectionManager -- ep-0000000B: executing exchange ex-0000000C over http-outgoing-1
18:08:28.812 [main] DEBUG com.github.dockerjava.zerodep.shaded.org.apache.hc.client5.http.headers -- http-outgoing-1 >> POST /v1.32/containers/create HTTP/1.1
18:08:28.812 [main] DEBUG com.github.dockerjava.zerodep.shaded.org.apache.hc.client5.http.headers -- http-outgoing-1 >> accept: application/json
18:08:28.812 [main] DEBUG com.github.dockerjava.zerodep.shaded.org.apache.hc.client5.http.headers -- http-outgoing-1 >> content-type: application/json
18:08:28.812 [main] DEBUG com.github.dockerjava.zerodep.shaded.org.apache.hc.client5.http.headers -- http-outgoing-1 >> x-tc-sid: e0f64824-65da-49ef-ad69-afd5bd4a2a5f
18:08:28.812 [main] DEBUG com.github.dockerjava.zerodep.shaded.org.apache.hc.client5.http.headers -- http-outgoing-1 >> Accept-Encoding: gzip, x-gzip, deflate
18:08:28.812 [main] DEBUG com.github.dockerjava.zerodep.shaded.org.apache.hc.client5.http.headers -- http-outgoing-1 >> Content-Length: 2054
18:08:28.812 [main] DEBUG com.github.dockerjava.zerodep.shaded.org.apache.hc.client5.http.headers -- http-outgoing-1 >> Host: localhost:2375
18:08:28.812 [main] DEBUG com.github.dockerjava.zerodep.shaded.org.apache.hc.client5.http.headers -- http-outgoing-1 >> Connection: keep-alive
18:08:28.812 [main] DEBUG com.github.dockerjava.zerodep.shaded.org.apache.hc.client5.http.headers -- http-outgoing-1 >> User-Agent: Apache-HttpClient/5.0.3 (Java/17.0.2)
18:08:28.812 [main] DEBUG com.github.dockerjava.zerodep.shaded.org.apache.hc.client5.http.wire -- http-outgoing-1 >> "POST /v1.32/containers/create HTTP/1.1[\r][\n]"
18:08:28.812 [main] DEBUG com.github.dockerjava.zerodep.shaded.org.apache.hc.client5.http.wire -- http-outgoing-1 >> "accept: application/json[\r][\n]"
18:08:28.812 [main] DEBUG com.github.dockerjava.zerodep.shaded.org.apache.hc.client5.http.wire -- http-outgoing-1 >> "content-type: application/json[\r][\n]"
18:08:28.812 [main] DEBUG com.github.dockerjava.zerodep.shaded.org.apache.hc.client5.http.wire -- http-outgoing-1 >> "x-tc-sid: e0f64824-65da-49ef-ad69-afd5bd4a2a5f[\r][\n]"
18:08:28.812 [main] DEBUG com.github.dockerjava.zerodep.shaded.org.apache.hc.client5.http.wire -- http-outgoing-1 >> "Accept-Encoding: gzip, x-gzip, deflate[\r][\n]"
18:08:28.812 [main] DEBUG com.github.dockerjava.zerodep.shaded.org.apache.hc.client5.http.wire -- http-outgoing-1 >> "Content-Length: 2054[\r][\n]"
18:08:28.812 [main] DEBUG com.github.dockerjava.zerodep.shaded.org.apache.hc.client5.http.wire -- http-outgoing-1 >> "Host: localhost:2375[\r][\n]"
18:08:28.812 [main] DEBUG com.github.dockerjava.zerodep.shaded.org.apache.hc.client5.http.wire -- http-outgoing-1 >> "Connection: keep-alive[\r][\n]"
18:08:28.812 [main] DEBUG com.github.dockerjava.zerodep.shaded.org.apache.hc.client5.http.wire -- http-outgoing-1 >> "User-Agent: Apache-HttpClient/5.0.3 (Java/17.0.2)[\r][\n]"
18:08:28.812 [main] DEBUG com.github.dockerjava.zerodep.shaded.org.apache.hc.client5.http.wire -- http-outgoing-1 >> "[\r][\n]"
18:08:28.812 [main] DEBUG com.github.dockerjava.zerodep.shaded.org.apache.hc.client5.http.wire -- http-outgoing-1 >> "{"Hostname":null,"Domainname":null,"User":null,"AttachStdin":null,"AttachStdout":null,"AttachStderr":null,"PortSpecs":null,"Tty":null,"OpenStdin":null,"StdinOnce":null,"Env":["AZURE_COSMOS_EMULATOR_ACCEPT_TERMS=yes"],"Cmd":[],"Healthcheck":null,"ArgsEscaped":null,"Entrypoint":null,"Image":"mcr.microsoft.com/cosmosdb/linux/azure-cosmos-emulator:latest","Volumes":{},"WorkingDir":null,"MacAddress":null,"OnBuild":null,"NetworkDisabled":null,"ExposedPorts":{"8081/tcp":{}},"StopSignal":null,"StopTimeout":null,"HostConfig":{"Binds":[],"BlkioWeight":null,"BlkioWeightDevice":null,"BlkioDeviceReadBps":null,"BlkioDeviceWriteBps":null,"BlkioDeviceReadIOps":null,"BlkioDeviceWriteIOps":null,"MemorySwappiness":null,"NanoCpus":null,"CapAdd":null,"CapDrop":null,"ContainerIDFile":null,"CpuPeriod":null,"CpuRealtimePeriod":null,"CpuRealtimeRuntime":null,"CpuShares":null,"CpuQuota":null,"CpusetCpus":null,"CpusetMems":null,"Devices":null,"DeviceCgroupRules":null,"DeviceRequests":null,"DiskQuota":null,"Dns":null,"DnsOptions":null,"DnsSearch":null,"ExtraHosts":[],"GroupAdd":null,"IpcMode":null,"Cgroup":null,"Links":[],"LogConfig":null,"LxcConf":null,"Memory":null,"MemorySwap":null,"MemoryReservation":null,"KernelMemory":null,"NetworkMode":null,"OomKillDisable":null,"Init":null,"AutoRemove":null,"OomScoreAdj":null,"PortBindings":{"8081/tcp":[{"HostIp":"","HostPort":""}]},"Privileged":null,"PublishAllPorts":null,"ReadonlyRootfs":null,"RestartPolicy":null,"Ulimits":null,"CpuCount":null,"CpuPercent":null,"IOMaximumIOps":null,"IOMaximumBandwidth":null,"VolumesFrom":[],"Mounts":null,"PidMode":null,"Isolation":null,"SecurityOpt":null,"StorageOpt":null,"CgroupParent":null,"VolumeDriver":null,"ShmSize":null,"PidsLimit":null,"Runtime":null,"Tmpfs":null,"UTSMode":null,"UsernsMode":null,"Sysctls":null,"ConsoleSize":null,"CgroupnsMode":null},"Labels":{"org.testcontainers":"true","org.testcontainers.lang":"java","org.testcontainers.version":"1.18.1","org.testcontainers.sessionId":"e0f64824-65da-49ef-ad69-afd5bd4a2a5f"},"Shell":null,"NetworkingConfig":null}"
18:08:28.830 [main] DEBUG com.github.dockerjava.zerodep.shaded.org.apache.hc.client5.http.wire -- http-outgoing-1 << "HTTP/1.1 201 Created[\r][\n]"
18:08:28.830 [main] DEBUG com.github.dockerjava.zerodep.shaded.org.apache.hc.client5.http.wire -- http-outgoing-1 << "Api-Version: 1.43[\r][\n]"
18:08:28.830 [main] DEBUG com.github.dockerjava.zerodep.shaded.org.apache.hc.client5.http.wire -- http-outgoing-1 << "Content-Type: application/json[\r][\n]"
18:08:28.830 [main] DEBUG com.github.dockerjava.zerodep.shaded.org.apache.hc.client5.http.wire -- http-outgoing-1 << "Date: Sun, 18 Jun 2023 01:08:28 GMT[\r][\n]"
18:08:28.830 [main] DEBUG com.github.dockerjava.zerodep.shaded.org.apache.hc.client5.http.wire -- http-outgoing-1 << "Docker-Experimental: false[\r][\n]"
18:08:28.830 [main] DEBUG com.github.dockerjava.zerodep.shaded.org.apache.hc.client5.http.wire -- http-outgoing-1 << "Ostype: linux[\r][\n]"
18:08:28.830 [main] DEBUG com.github.dockerjava.zerodep.shaded.org.apache.hc.client5.http.wire -- http-outgoing-1 << "Server: Docker/24.0.2 (linux)[\r][\n]"
18:08:28.830 [main] DEBUG com.github.dockerjava.zerodep.shaded.org.apache.hc.client5.http.wire -- http-outgoing-1 << "Transfer-Encoding: chunked[\r][\n]"
18:08:28.830 [main] DEBUG com.github.dockerjava.zerodep.shaded.org.apache.hc.client5.http.wire -- http-outgoing-1 << "[\r][\n]"
18:08:28.830 [main] DEBUG com.github.dockerjava.zerodep.shaded.org.apache.hc.client5.http.headers -- http-outgoing-1 << HTTP/1.1 201 Created
18:08:28.830 [main] DEBUG com.github.dockerjava.zerodep.shaded.org.apache.hc.client5.http.headers -- http-outgoing-1 << Api-Version: 1.43
18:08:28.830 [main] DEBUG com.github.dockerjava.zerodep.shaded.org.apache.hc.client5.http.headers -- http-outgoing-1 << Content-Type: application/json
18:08:28.830 [main] DEBUG com.github.dockerjava.zerodep.shaded.org.apache.hc.client5.http.headers -- http-outgoing-1 << Date: Sun, 18 Jun 2023 01:08:28 GMT
18:08:28.830 [main] DEBUG com.github.dockerjava.zerodep.shaded.org.apache.hc.client5.http.headers -- http-outgoing-1 << Docker-Experimental: false
18:08:28.830 [main] DEBUG com.github.dockerjava.zerodep.shaded.org.apache.hc.client5.http.headers -- http-outgoing-1 << Ostype: linux
18:08:28.830 [main] DEBUG com.github.dockerjava.zerodep.shaded.org.apache.hc.client5.http.headers -- http-outgoing-1 << Server: Docker/24.0.2 (linux)
18:08:28.830 [main] DEBUG com.github.dockerjava.zerodep.shaded.org.apache.hc.client5.http.headers -- http-outgoing-1 << Transfer-Encoding: chunked
18:08:28.830 [main] DEBUG com.github.dockerjava.zerodep.shaded.org.apache.hc.client5.http.impl.classic.MainClientExec -- ex-0000000C: connection can be kept alive for 3 MINUTES
18:08:28.830 [main] DEBUG com.github.dockerjava.zerodep.shaded.org.apache.hc.client5.http.wire -- http-outgoing-1 << "58[\r][\n]"
18:08:28.830 [main] DEBUG com.github.dockerjava.zerodep.shaded.org.apache.hc.client5.http.wire -- http-outgoing-1 << "{"Id":"ca6063a3595a8abc6e2a82d9e15bf68a6c78e38548b91001899efe1b6e7c5ba2","Warnings":[]}[\n]"
18:08:28.830 [main] DEBUG com.github.dockerjava.zerodep.shaded.org.apache.hc.client5.http.wire -- http-outgoing-1 << "[\r][\n]"
18:08:28.830 [main] DEBUG com.github.dockerjava.zerodep.shaded.org.apache.hc.client5.http.wire -- http-outgoing-1 << "0[\r][\n]"
18:08:28.830 [main] DEBUG com.github.dockerjava.zerodep.shaded.org.apache.hc.client5.http.wire -- http-outgoing-1 << "[\r][\n]"
18:08:28.830 [main] DEBUG com.github.dockerjava.zerodep.shaded.org.apache.hc.client5.http.impl.classic.InternalHttpClient -- ep-0000000B: releasing valid endpoint
18:08:28.830 [main] DEBUG com.github.dockerjava.zerodep.shaded.org.apache.hc.client5.http.impl.io.PoolingHttpClientConnectionManager -- ep-0000000B: releasing endpoint
18:08:28.831 [main] DEBUG com.github.dockerjava.zerodep.shaded.org.apache.hc.client5.http.impl.io.PoolingHttpClientConnectionManager -- ep-0000000B: connection http-outgoing-1 can be kept alive for 3 MINUTES
18:08:28.831 [main] DEBUG com.github.dockerjava.zerodep.shaded.org.apache.hc.client5.http.impl.io.PoolingHttpClientConnectionManager -- ep-0000000B: connection released [route: {}->npipe://localhost:2375][total available: 1; route allocated: 1 of 2147483647; total allocated: 1 of 2147483647]
18:08:28.831 [main] INFO tc.mcr.microsoft.com/cosmosdb/linux/azure-cosmos-emulator:latest -- Container mcr.microsoft.com/cosmosdb/linux/azure-cosmos-emulator:latest is starting: ca6063a3595a8abc6e2a82d9e15bf68a6c78e38548b91001899efe1b6e7c5ba2
18:08:28.831 [main] DEBUG org.testcontainers.shaded.com.github.dockerjava.core.command.AbstrDockerCmd -- Cmd: ca6063a3595a8abc6e2a82d9e15bf68a6c78e38548b91001899efe1b6e7c5ba2
18:08:28.831 [main] DEBUG com.github.dockerjava.zerodep.shaded.org.apache.hc.client5.http.impl.classic.InternalHttpClient -- ex-0000000D: preparing request execution
18:08:28.831 [main] DEBUG com.github.dockerjava.zerodep.shaded.org.apache.hc.client5.http.protocol.RequestAddCookies -- Cookie spec selected: strict
18:08:28.831 [main] DEBUG com.github.dockerjava.zerodep.shaded.org.apache.hc.client5.http.protocol.RequestAuthCache -- Auth cache not set in the context
18:08:28.831 [main] DEBUG com.github.dockerjava.zerodep.shaded.org.apache.hc.client5.http.impl.classic.ProtocolExec -- ex-0000000D: target auth state: UNCHALLENGED
18:08:28.831 [main] DEBUG com.github.dockerjava.zerodep.shaded.org.apache.hc.client5.http.impl.classic.ProtocolExec -- ex-0000000D: proxy auth state: UNCHALLENGED
18:08:28.831 [main] DEBUG com.github.dockerjava.zerodep.shaded.org.apache.hc.client5.http.impl.classic.ConnectExec -- ex-0000000D: acquiring connection with route {}->npipe://localhost:2375
18:08:28.831 [main] DEBUG com.github.dockerjava.zerodep.shaded.org.apache.hc.client5.http.impl.classic.InternalHttpClient -- ex-0000000D: acquiring endpoint (3 MINUTES)
18:08:28.831 [main] DEBUG com.github.dockerjava.zerodep.shaded.org.apache.hc.client5.http.impl.io.PoolingHttpClientConnectionManager -- ex-0000000D: endpoint lease request (3 MINUTES) [route: {}->npipe://localhost:2375][total available: 1; route allocated: 1 of 2147483647; total allocated: 1 of 2147483647]
18:08:28.831 [main] DEBUG com.github.dockerjava.zerodep.shaded.org.apache.hc.client5.http.impl.io.PoolingHttpClientConnectionManager -- ex-0000000D: endpoint leased [route: {}->npipe://localhost:2375][total available: 0; route allocated: 1 of 2147483647; total allocated: 1 of 2147483647]
18:08:28.831 [main] DEBUG com.github.dockerjava.zerodep.shaded.org.apache.hc.client5.http.impl.io.PoolingHttpClientConnectionManager -- ex-0000000D: acquired ep-0000000C
18:08:28.831 [main] DEBUG com.github.dockerjava.zerodep.shaded.org.apache.hc.client5.http.impl.classic.InternalHttpClient -- ex-0000000D: acquired endpoint ep-0000000C
18:08:28.831 [main] DEBUG com.github.dockerjava.zerodep.shaded.org.apache.hc.client5.http.impl.classic.MainClientExec -- ex-0000000D: executing POST /v1.32/containers/ca6063a3595a8abc6e2a82d9e15bf68a6c78e38548b91001899efe1b6e7c5ba2/start HTTP/1.1
18:08:28.831 [main] DEBUG com.github.dockerjava.zerodep.shaded.org.apache.hc.client5.http.impl.classic.InternalHttpClient -- ep-0000000C: start execution ex-0000000D
18:08:28.831 [main] DEBUG com.github.dockerjava.zerodep.shaded.org.apache.hc.client5.http.impl.io.PoolingHttpClientConnectionManager -- ep-0000000C: executing exchange ex-0000000D over http-outgoing-1
18:08:28.831 [main] DEBUG com.github.dockerjava.zerodep.shaded.org.apache.hc.client5.http.headers -- http-outgoing-1 >> POST /v1.32/containers/ca6063a3595a8abc6e2a82d9e15bf68a6c78e38548b91001899efe1b6e7c5ba2/start HTTP/1.1
18:08:28.831 [main] DEBUG com.github.dockerjava.zerodep.shaded.org.apache.hc.client5.http.headers -- http-outgoing-1 >> accept: application/json
18:08:28.831 [main] DEBUG com.github.dockerjava.zerodep.shaded.org.apache.hc.client5.http.headers -- http-outgoing-1 >> content-type: application/json
18:08:28.831 [main] DEBUG com.github.dockerjava.zerodep.shaded.org.apache.hc.client5.http.headers -- http-outgoing-1 >> x-tc-sid: e0f64824-65da-49ef-ad69-afd5bd4a2a5f
18:08:28.831 [main] DEBUG com.github.dockerjava.zerodep.shaded.org.apache.hc.client5.http.headers -- http-outgoing-1 >> Accept-Encoding: gzip, x-gzip, deflate
18:08:28.831 [main] DEBUG com.github.dockerjava.zerodep.shaded.org.apache.hc.client5.http.headers -- http-outgoing-1 >> Host: localhost:2375
18:08:28.831 [main] DEBUG com.github.dockerjava.zerodep.shaded.org.apache.hc.client5.http.headers -- http-outgoing-1 >> Connection: keep-alive
18:08:28.831 [main] DEBUG com.github.dockerjava.zerodep.shaded.org.apache.hc.client5.http.headers -- http-outgoing-1 >> User-Agent: Apache-HttpClient/5.0.3 (Java/17.0.2)
18:08:28.831 [main] DEBUG com.github.dockerjava.zerodep.shaded.org.apache.hc.client5.http.wire -- http-outgoing-1 >> "POST /v1.32/containers/ca6063a3595a8abc6e2a82d9e15bf68a6c78e38548b91001899efe1b6e7c5ba2/start HTTP/1.1[\r][\n]"
18:08:28.831 [main] DEBUG com.github.dockerjava.zerodep.shaded.org.apache.hc.client5.http.wire -- http-outgoing-1 >> "accept: application/json[\r][\n]"
18:08:28.831 [main] DEBUG com.github.dockerjava.zerodep.shaded.org.apache.hc.client5.http.wire -- http-outgoing-1 >> "content-type: application/json[\r][\n]"
18:08:28.831 [main] DEBUG com.github.dockerjava.zerodep.shaded.org.apache.hc.client5.http.wire -- http-outgoing-1 >> "x-tc-sid: e0f64824-65da-49ef-ad69-afd5bd4a2a5f[\r][\n]"
18:08:28.831 [main] DEBUG com.github.dockerjava.zerodep.shaded.org.apache.hc.client5.http.wire -- http-outgoing-1 >> "Accept-Encoding: gzip, x-gzip, deflate[\r][\n]"
18:08:28.831 [main] DEBUG com.github.dockerjava.zerodep.shaded.org.apache.hc.client5.http.wire -- http-outgoing-1 >> "Host: localhost:2375[\r][\n]"
18:08:28.831 [main] DEBUG com.github.dockerjava.zerodep.shaded.org.apache.hc.client5.http.wire -- http-outgoing-1 >> "Connection: keep-alive[\r][\n]"
18:08:28.831 [main] DEBUG com.github.dockerjava.zerodep.shaded.org.apache.hc.client5.http.wire -- http-outgoing-1 >> "User-Agent: Apache-HttpClient/5.0.3 (Java/17.0.2)[\r][\n]"
18:08:28.831 [main] DEBUG com.github.dockerjava.zerodep.shaded.org.apache.hc.client5.http.wire -- http-outgoing-1 >> "[\r][\n]"
18:08:29.091 [main] DEBUG com.github.dockerjava.zerodep.shaded.org.apache.hc.client5.http.wire -- http-outgoing-1 << "HTTP/1.1 204 No Content[\r][\n]"
18:08:29.092 [main] DEBUG com.github.dockerjava.zerodep.shaded.org.apache.hc.client5.http.wire -- http-outgoing-1 << "Api-Version: 1.43[\r][\n]"
18:08:29.092 [main] DEBUG com.github.dockerjava.zerodep.shaded.org.apache.hc.client5.http.wire -- http-outgoing-1 << "Date: Sun, 18 Jun 2023 01:08:29 GMT[\r][\n]"
18:08:29.092 [main] DEBUG com.github.dockerjava.zerodep.shaded.org.apache.hc.client5.http.wire -- http-outgoing-1 << "Docker-Experimental: false[\r][\n]"
18:08:29.092 [main] DEBUG com.github.dockerjava.zerodep.shaded.org.apache.hc.client5.http.wire -- http-outgoing-1 << "Ostype: linux[\r][\n]"
18:08:29.092 [main] DEBUG com.github.dockerjava.zerodep.shaded.org.apache.hc.client5.http.wire -- http-outgoing-1 << "Server: Docker/24.0.2 (linux)[\r][\n]"
18:08:29.092 [main] DEBUG com.github.dockerjava.zerodep.shaded.org.apache.hc.client5.http.wire -- http-outgoing-1 << "[\r][\n]"
18:08:29.092 [main] DEBUG com.github.dockerjava.zerodep.shaded.org.apache.hc.client5.http.headers -- http-outgoing-1 << HTTP/1.1 204 No Content
18:08:29.092 [main] DEBUG com.github.dockerjava.zerodep.shaded.org.apache.hc.client5.http.headers -- http-outgoing-1 << Api-Version: 1.43
18:08:29.092 [main] DEBUG com.github.dockerjava.zerodep.shaded.org.apache.hc.client5.http.headers -- http-outgoing-1 << Date: Sun, 18 Jun 2023 01:08:29 GMT
18:08:29.092 [main] DEBUG com.github.dockerjava.zerodep.shaded.org.apache.hc.client5.http.headers -- http-outgoing-1 << Docker-Experimental: false
18:08:29.092 [main] DEBUG com.github.dockerjava.zerodep.shaded.org.apache.hc.client5.http.headers -- http-outgoing-1 << Ostype: linux
18:08:29.092 [main] DEBUG com.github.dockerjava.zerodep.shaded.org.apache.hc.client5.http.headers -- http-outgoing-1 << Server: Docker/24.0.2 (linux)
18:08:29.092 [main] DEBUG com.github.dockerjava.zerodep.shaded.org.apache.hc.client5.http.impl.classic.MainClientExec -- ex-0000000D: connection can be kept alive for 3 MINUTES
18:08:29.092 [main] DEBUG com.github.dockerjava.zerodep.shaded.org.apache.hc.client5.http.impl.classic.InternalHttpClient -- ep-0000000C: releasing valid endpoint
18:08:29.092 [main] DEBUG com.github.dockerjava.zerodep.shaded.org.apache.hc.client5.http.impl.io.PoolingHttpClientConnectionManager -- ep-0000000C: releasing endpoint
18:08:29.092 [main] DEBUG com.github.dockerjava.zerodep.shaded.org.apache.hc.client5.http.impl.io.PoolingHttpClientConnectionManager -- ep-0000000C: connection http-outgoing-1 can be kept alive for 3 MINUTES
18:08:29.092 [main] DEBUG com.github.dockerjava.zerodep.shaded.org.apache.hc.client5.http.impl.io.PoolingHttpClientConnectionManager -- ep-0000000C: connection released [route: {}->npipe://localhost:2375][total available: 1; route allocated: 1 of 2147483647; total allocated: 1 of 2147483647]
18:08:29.093 [main] DEBUG org.testcontainers.shaded.com.github.dockerjava.core.command.AbstrDockerCmd -- Cmd: ca6063a3595a8abc6e2a82d9e15bf68a6c78e38548b91001899efe1b6e7c5ba2,false
18:08:29.093 [main] DEBUG org.testcontainers.shaded.com.github.dockerjava.core.exec.InspectContainerCmdExec -- GET: DefaultWebTarget{path=[/containers/ca6063a3595a8abc6e2a82d9e15bf68a6c78e38548b91001899efe1b6e7c5ba2/json], queryParams={}}
18:08:29.093 [main] DEBUG com.github.dockerjava.zerodep.shaded.org.apache.hc.client5.http.impl.classic.InternalHttpClient -- ex-0000000E: preparing request execution
18:08:29.093 [main] DEBUG com.github.dockerjava.zerodep.shaded.org.apache.hc.client5.http.protocol.RequestAddCookies -- Cookie spec selected: strict
18:08:29.093 [main] DEBUG com.github.dockerjava.zerodep.shaded.org.apache.hc.client5.http.protocol.RequestAuthCache -- Auth cache not set in the context
18:08:29.093 [main] DEBUG com.github.dockerjava.zerodep.shaded.org.apache.hc.client5.http.impl.classic.ProtocolExec -- ex-0000000E: target auth state: UNCHALLENGED
18:08:29.093 [main] DEBUG com.github.dockerjava.zerodep.shaded.org.apache.hc.client5.http.impl.classic.ProtocolExec -- ex-0000000E: proxy auth state: UNCHALLENGED
18:08:29.093 [main] DEBUG com.github.dockerjava.zerodep.shaded.org.apache.hc.client5.http.impl.classic.ConnectExec -- ex-0000000E: acquiring connection with route {}->npipe://localhost:2375
18:08:29.093 [main] DEBUG com.github.dockerjava.zerodep.shaded.org.apache.hc.client5.http.impl.classic.InternalHttpClient -- ex-0000000E: acquiring endpoint (3 MINUTES)
18:08:29.093 [main] DEBUG com.github.dockerjava.zerodep.shaded.org.apache.hc.client5.http.impl.io.PoolingHttpClientConnectionManager -- ex-0000000E: endpoint lease request (3 MINUTES) [route: {}->npipe://localhost:2375][total available: 1; route allocated: 1 of 2147483647; total allocated: 1 of 2147483647]
18:08:29.093 [main] DEBUG com.github.dockerjava.zerodep.shaded.org.apache.hc.client5.http.impl.io.PoolingHttpClientConnectionManager -- ex-0000000E: endpoint leased [route: {}->npipe://localhost:2375][total available: 0; route allocated: 1 of 2147483647; total allocated: 1 of 2147483647]
18:08:29.093 [main] DEBUG com.github.dockerjava.zerodep.shaded.org.apache.hc.client5.http.impl.io.PoolingHttpClientConnectionManager -- ex-0000000E: acquired ep-0000000D
18:08:29.093 [main] DEBUG com.github.dockerjava.zerodep.shaded.org.apache.hc.client5.http.impl.classic.InternalHttpClient -- ex-0000000E: acquired endpoint ep-0000000D
18:08:29.093 [main] DEBUG com.github.dockerjava.zerodep.shaded.org.apache.hc.client5.http.impl.classic.MainClientExec -- ex-0000000E: executing GET /v1.32/containers/ca6063a3595a8abc6e2a82d9e15bf68a6c78e38548b91001899efe1b6e7c5ba2/json HTTP/1.1
18:08:29.093 [main] DEBUG com.github.dockerjava.zerodep.shaded.org.apache.hc.client5.http.impl.classic.InternalHttpClient -- ep-0000000D: start execution ex-0000000E
18:08:29.093 [main] DEBUG com.github.dockerjava.zerodep.shaded.org.apache.hc.client5.http.impl.io.PoolingHttpClientConnectionManager -- ep-0000000D: executing exchange ex-0000000E over http-outgoing-1
18:08:29.093 [main] DEBUG com.github.dockerjava.zerodep.shaded.org.apache.hc.client5.http.headers -- http-outgoing-1 >> GET /v1.32/containers/ca6063a3595a8abc6e2a82d9e15bf68a6c78e38548b91001899efe1b6e7c5ba2/json HTTP/1.1
18:08:29.093 [main] DEBUG com.github.dockerjava.zerodep.shaded.org.apache.hc.client5.http.headers -- http-outgoing-1 >> accept: application/json
18:08:29.093 [main] DEBUG com.github.dockerjava.zerodep.shaded.org.apache.hc.client5.http.headers -- http-outgoing-1 >> x-tc-sid: e0f64824-65da-49ef-ad69-afd5bd4a2a5f
18:08:29.093 [main] DEBUG com.github.dockerjava.zerodep.shaded.org.apache.hc.client5.http.headers -- http-outgoing-1 >> Accept-Encoding: gzip, x-gzip, deflate
18:08:29.093 [main] DEBUG com.github.dockerjava.zerodep.shaded.org.apache.hc.client5.http.headers -- http-outgoing-1 >> Host: localhost:2375
18:08:29.093 [main] DEBUG com.github.dockerjava.zerodep.shaded.org.apache.hc.client5.http.headers -- http-outgoing-1 >> Connection: keep-alive
18:08:29.093 [main] DEBUG com.github.dockerjava.zerodep.shaded.org.apache.hc.client5.http.headers -- http-outgoing-1 >> User-Agent: Apache-HttpClient/5.0.3 (Java/17.0.2)
18:08:29.093 [main] DEBUG com.github.dockerjava.zerodep.shaded.org.apache.hc.client5.http.wire -- http-outgoing-1 >> "GET /v1.32/containers/ca6063a3595a8abc6e2a82d9e15bf68a6c78e38548b91001899efe1b6e7c5ba2/json HTTP/1.1[\r][\n]"
18:08:29.093 [main] DEBUG com.github.dockerjava.zerodep.shaded.org.apache.hc.client5.http.wire -- http-outgoing-1 >> "accept: application/json[\r][\n]"
18:08:29.093 [main] DEBUG com.github.dockerjava.zerodep.shaded.org.apache.hc.client5.http.wire -- http-outgoing-1 >> "x-tc-sid: e0f64824-65da-49ef-ad69-afd5bd4a2a5f[\r][\n]"
18:08:29.093 [main] DEBUG com.github.dockerjava.zerodep.shaded.org.apache.hc.client5.http.wire -- http-outgoing-1 >> "Accept-Encoding: gzip, x-gzip, deflate[\r][\n]"
18:08:29.093 [main] DEBUG com.github.dockerjava.zerodep.shaded.org.apache.hc.client5.http.wire -- http-outgoing-1 >> "Host: localhost:2375[\r][\n]"
18:08:29.093 [main] DEBUG com.github.dockerjava.zerodep.shaded.org.apache.hc.client5.http.wire -- http-outgoing-1 >> "Connection: keep-alive[\r][\n]"
18:08:29.093 [main] DEBUG com.github.dockerjava.zerodep.shaded.org.apache.hc.client5.http.wire -- http-outgoing-1 >> "User-Agent: Apache-HttpClient/5.0.3 (Java/17.0.2)[\r][\n]"
18:08:29.093 [main] DEBUG com.github.dockerjava.zerodep.shaded.org.apache.hc.client5.http.wire -- http-outgoing-1 >> "[\r][\n]"
18:08:29.095 [main] DEBUG com.github.dockerjava.zerodep.shaded.org.apache.hc.client5.http.wire -- http-outgoing-1 << "HTTP/1.1 200 OK[\r][\n]"
18:08:29.095 [main] DEBUG com.github.dockerjava.zerodep.shaded.org.apache.hc.client5.http.wire -- http-outgoing-1 << "Api-Version: 1.43[\r][\n]"
18:08:29.095 [main] DEBUG com.github.dockerjava.zerodep.shaded.org.apache.hc.client5.http.wire -- http-outgoing-1 << "Content-Type: application/json[\r][\n]"
18:08:29.095 [main] DEBUG com.github.dockerjava.zerodep.shaded.org.apache.hc.client5.http.wire -- http-outgoing-1 << "Date: Sun, 18 Jun 2023 01:08:29 GMT[\r][\n]"
18:08:29.095 [main] DEBUG com.github.dockerjava.zerodep.shaded.org.apache.hc.client5.http.wire -- http-outgoing-1 << "Docker-Experimental: false[\r][\n]"
18:08:29.095 [main] DEBUG com.github.dockerjava.zerodep.shaded.org.apache.hc.client5.http.wire -- http-outgoing-1 << "Ostype: linux[\r][\n]"
18:08:29.095 [main] DEBUG com.github.dockerjava.zerodep.shaded.org.apache.hc.client5.http.wire -- http-outgoing-1 << "Server: Docker/24.0.2 (linux)[\r][\n]"
18:08:29.095 [main] DEBUG com.github.dockerjava.zerodep.shaded.org.apache.hc.client5.http.wire -- http-outgoing-1 << "Transfer-Encoding: chunked[\r][\n]"
18:08:29.095 [main] DEBUG com.github.dockerjava.zerodep.shaded.org.apache.hc.client5.http.wire -- http-outgoing-1 << "[\r][\n]"
18:08:29.095 [main] DEBUG com.github.dockerjava.zerodep.shaded.org.apache.hc.client5.http.headers -- http-outgoing-1 << HTTP/1.1 200 OK
18:08:29.095 [main] DEBUG com.github.dockerjava.zerodep.shaded.org.apache.hc.client5.http.headers -- http-outgoing-1 << Api-Version: 1.43
18:08:29.095 [main] DEBUG com.github.dockerjava.zerodep.shaded.org.apache.hc.client5.http.headers -- http-outgoing-1 << Content-Type: application/json
18:08:29.095 [main] DEBUG com.github.dockerjava.zerodep.shaded.org.apache.hc.client5.http.headers -- http-outgoing-1 << Date: Sun, 18 Jun 2023 01:08:29 GMT
18:08:29.095 [main] DEBUG com.github.dockerjava.zerodep.shaded.org.apache.hc.client5.http.headers -- http-outgoing-1 << Docker-Experimental: false
18:08:29.095 [main] DEBUG com.github.dockerjava.zerodep.shaded.org.apache.hc.client5.http.headers -- http-outgoing-1 << Ostype: linux
18:08:29.095 [main] DEBUG com.github.dockerjava.zerodep.shaded.org.apache.hc.client5.http.headers -- http-outgoing-1 << Server: Docker/24.0.2 (linux)
18:08:29.095 [main] DEBUG com.github.dockerjava.zerodep.shaded.org.apache.hc.client5.http.headers -- http-outgoing-1 << Transfer-Encoding: chunked
18:08:29.095 [main] DEBUG com.github.dockerjava.zerodep.shaded.org.apache.hc.client5.http.impl.classic.MainClientExec -- ex-0000000E: connection can be kept alive for 3 MINUTES
18:08:29.097 [main] DEBUG com.github.dockerjava.zerodep.shaded.org.apache.hc.client5.http.wire -- http-outgoing-1 << "1a3f[\r][\n]"
18:08:29.098 [main] DEBUG com.github.dockerjava.zerodep.shaded.org.apache.hc.client5.http.wire -- http-outgoing-1 << "{"Id":"ca6063a3595a8abc6e2a82d9e15bf68a6c78e38548b91001899efe1b6e7c5ba2","Created":"2023-06-18T01:08:28.818374804Z","Path":"/usr/local/bin/cosmos/start.sh","Args":[],"State":{"Status":"running","Running":true,"Paused":false,"Restarting":false,"OOMKilled":false,"Dead":false,"Pid":158471,"ExitCode":0,"Error":"","StartedAt":"2023-06-18T01:08:29.087872599Z","FinishedAt":"0001-01-01T00:00:00Z"},"Image":"sha256:2259132d2738c35748cf20296ac1f064c25cfa823bdf3cdb1fd02ae4a7103871","ResolvConfPath":"/var/lib/docker/containers/ca6063a3595a8abc6e2a82d9e15bf68a6c78e38548b91001899efe1b6e7c5ba2/resolv.conf","HostnamePath":"/var/lib/docker/containers/ca6063a3595a8abc6e2a82d9e15bf68a6c78e38548b91001899efe1b6e7c5ba2/hostname","HostsPath":"/var/lib/docker/containers/ca6063a3595a8abc6e2a82d9e15bf68a6c78e38548b91001899efe1b6e7c5ba2/hosts","LogPath":"/var/lib/docker/containers/ca6063a3595a8abc6e2a82d9e15bf68a6c78e38548b91001899efe1b6e7c5ba2/ca6063a3595a8abc6e2a82d9e15bf68a6c78e38548b91001899efe1b6e7c5ba2-json.log","Name":"/stupefied_tharp","RestartCount":0,"Driver":"overlay2","Platform":"linux","MountLabel":"","ProcessLabel":"","AppArmorProfile":"","ExecIDs":null,"HostConfig":{"Binds":[],"ContainerIDFile":"","LogConfig":{"Type":"json-file","Config":{}},"NetworkMode":"default","PortBindings":{"8081/tcp":[{"HostIp":"0.0.0.0","HostPort":"0"}]},"RestartPolicy":{"Name":"","MaximumRetryCount":0},"AutoRemove":false,"VolumeDriver":"","VolumesFrom":[],"ConsoleSize":[0,0],"CapAdd":null,"CapDrop":null,"CgroupnsMode":"host","Dns":null,"DnsOptions":null,"DnsSearch":null,"ExtraHosts":[],"GroupAdd":null,"IpcMode":"shareable","Cgroup":"","Links":null,"OomScoreAdj":0,"PidMode":"","Privileged":false,"PublishAllPorts":false,"ReadonlyRootfs":false,"SecurityOpt":null,"UTSMode":"","UsernsMode":"","ShmSize":67108864,"Runtime":"runc","Isolation":"","CpuShares":0,"Memory":0,"NanoCpus":0,"CgroupParent":"","BlkioWeight":0,"BlkioWeightDevice":null,"BlkioDeviceReadBps":null,"BlkioDeviceWriteBps":null,"BlkioDeviceReadIOps":null,"BlkioDeviceWriteIOps":null,"CpuPeriod":0,"CpuQuota":0,"CpuRealtimePeriod":0,"CpuRealtimeRuntime":0,"CpusetCpus":"","CpusetMems":"","Devices":null,"DeviceCgroupRules":null,"DeviceRequests":null,"MemoryReservation":0,"MemorySwap":0,"MemorySwappiness":null,"OomKillDisable":false,"PidsLimit":null,"Ulimits":null,"CpuCount":0,"CpuPercent":0,"IOMaximumIOps":0,"IOMaximumBandwidth":0,"MaskedPaths":["/proc/asound","/proc/acpi","/proc/kcore","/proc/keys","/proc/latency_stats","/proc/timer_list","/proc/timer_stats","/proc/sched_debug","/proc/scsi","/sys/firmware"],"ReadonlyPaths":["/proc/bus","/proc/fs","/proc/irq","/proc/sys","/proc/sysrq-trigger"]},"GraphDriver":{"Data":{"LowerDir":"/var/lib/docker/overlay2/ca450b325e586d144c00833d78ac5148c2133a33b7b080f1fa73e8fbd61a5b27-init/diff:/var/lib/docker/overlay2/5960045e1d8379eb4831a48d7408b879b62d5c91b75f989c6e4ddd9299580d91/diff:/var/lib/docker/overlay2/e14b24df599d42520b96c2d750ec155e6ab1d91157219f65888267a350ae462a/diff:/var/lib/docker/overlay2/34bfa100a0fc64c4f32431263f0eac844330a7cc1966901a6e3901736a55f418/diff:/var/lib/docker/overlay2/feb6dce514c2d6dc73c0e5e1088fbc4e89765e2e845cd493a9288d8074f9f915/diff:/var/lib/docker/overlay2/8f9dfb4304efe794fcfa5dfde6fbde1fca363cba117c72570ddb9b41fb95b018/diff:/var/lib/docker/overlay2/8273ee6acd6eee57ca3ec294e0e9ffe7716e7f4c699d99cbf1eeaa22bf5ad2eb/diff:/var/lib/docker/overlay2/534a0108bf4194d9f23b2e11e3ec1ca8c5248dda9dacdcd24bd601c481be0395/diff:/var/lib/docker/overlay2/3ca750208c45252136683ae82b2a8d0e7e0ab5b68bf20dfa0ffd49e4532e9f04/diff:/var/lib/docker/overlay2/d0d6c9fb19d5dd13153813449c7ec29815081c46bcc4077e1243bb0b05ea1a2a/diff:/var/lib/docker/overlay2/705d7461f91ef0159d7fb0a6a4fda8b6e6b52a584b0e38ed9bc2ea19c5da0b4e/diff:/var/lib/docker/overlay2/bf9b85a528ff44730d25b503d61104690d254df30740fc4c155b2b8f1d4acd39/diff:/var/lib/docker/overlay2/931be94b2811e175792875aee161025ef918be4c06dbaf95a51c821af8582373/diff:/var/lib/docker/overlay2/83dd382aa5c0f3788cf6698bf6df6064f7f312c436b3f7d1484757f8889b010e/diff:/var/lib/docker/overlay2/7883a3e4e5da4fe1ef50d9b2b6b0872393821"
18:08:29.098 [main] DEBUG com.github.dockerjava.zerodep.shaded.org.apache.hc.client5.http.wire -- http-outgoing-1 << "03ffd0a85ee96521900b137ebdd/diff:/var/lib/docker/overlay2/077b9a88d175f0d342f1ef61484bfee566544f5cea24524820cfc9b3e946d5af/diff:/var/lib/docker/overlay2/c126800161fc664c9f5ceb7e3e287e7ed54d738428474099a26a5cd469a866c1/diff:/var/lib/docker/overlay2/49ce62bd1d7b905b2687de4f482d5f0078aec78863ff5f7a13cd07515c3a3700/diff:/var/lib/docker/overlay2/3a16b7f939aece19cfbc8ee9f398b82c17e34a630ea90db38e7dc8d800dfba3a/diff:/var/lib/docker/overlay2/4110e658648d00b3d1f9288a3e5db6599f74b75617ec4f0d78845d706bced349/diff:/var/lib/docker/overlay2/940aa41371a97de1c28ad964ec20ef075a3fb9f72429060d413793127089c1ef/diff","MergedDir":"/var/lib/docker/overlay2/ca450b325e586d144c00833d78ac5148c2133a33b7b080f1fa73e8fbd61a5b27/merged","UpperDir":"/var/lib/docker/overlay2/ca450b325e586d144c00833d78ac5148c2133a33b7b080f1fa73e8fbd61a5b27/diff","WorkDir":"/var/lib/docker/overlay2/ca450b325e586d144c00833d78ac5148c2133a33b7b080f1fa73e8fbd61a5b27/work"},"Name":"overlay2"},"Mounts":[],"Config":{"Hostname":"ca6063a3595a","Domainname":"","User":"","AttachStdin":false,"AttachStdout":false,"AttachStderr":false,"ExposedPorts":{"8081/tcp":{}},"Tty":false,"OpenStdin":false,"StdinOnce":false,"Env":["AZURE_COSMOS_EMULATOR_ACCEPT_TERMS=yes","PATH=/usr/local/sbin:/usr/local/bin:/usr/sbin:/usr/bin:/sbin:/bin"],"Cmd":["/usr/local/bin/cosmos/start.sh"],"Image":"mcr.microsoft.com/cosmosdb/linux/azure-cosmos-emulator:latest","Volumes":null,"WorkingDir":"/usr/local/bin/cosmos","Entrypoint":null,"OnBuild":null,"Labels":{"org.testcontainers":"true","org.testcontainers.lang":"java","org.testcontainers.sessionId":"e0f64824-65da-49ef-ad69-afd5bd4a2a5f","org.testcontainers.version":"1.18.1"}},"NetworkSettings":{"Bridge":"","SandboxID":"7306e13d4a7b6a067c1507dbb1fdd0f3ae1ac44aa94b25972cd3e1a248314d33","HairpinMode":false,"LinkLocalIPv6Address":"","LinkLocalIPv6PrefixLen":0,"Ports":{"8081/tcp":[]},"SandboxKey":"/var/run/docker/netns/7306e13d4a7b","SecondaryIPAddresses":null,"SecondaryIPv6Addresses":null,"EndpointID":"0a404ef2969c2ebe9be420e3d2b3660fabbfa933b082663cae82d7e553978f91","Gateway":"172.17.0.1","GlobalIPv6Address":"","GlobalIPv6PrefixLen":0,"IPAddress":"172.17.0.3","IPPrefixLen":16,"IPv6Gateway":"","MacAddress":"02:42:ac:11:00:03","Networks":{"bridge":{"IPAMConfig":null,"Links":null,"Aliases":null,"NetworkID":"8c73b9d22428bb7e7008f8f22d56fe5fa922947537d30f2190abea08496121e9","EndpointID":"0a404ef2969c2ebe9be420e3d2b3660fabbfa933b082663cae82d7e553978f91","Gateway":"172.17.0.1","IPAddress":"172.17.0.3","IPPrefixLen":16,"IPv6Gateway":"","GlobalIPv6Address":"","GlobalIPv6PrefixLen":0,"MacAddress":"02:42:ac:11:00:03","DriverOpts":null}}}}[\n]"
18:08:29.099 [main] DEBUG com.github.dockerjava.zerodep.shaded.org.apache.hc.client5.http.wire -- http-outgoing-1 << "[\r][\n]"
18:08:29.099 [main] DEBUG com.github.dockerjava.zerodep.shaded.org.apache.hc.client5.http.wire -- http-outgoing-1 << "0[\r][\n]"
18:08:29.099 [main] DEBUG com.github.dockerjava.zerodep.shaded.org.apache.hc.client5.http.wire -- http-outgoing-1 << "[\r][\n]"
18:08:29.099 [main] DEBUG com.github.dockerjava.zerodep.shaded.org.apache.hc.client5.http.impl.classic.InternalHttpClient -- ep-0000000D: releasing valid endpoint
18:08:29.099 [main] DEBUG com.github.dockerjava.zerodep.shaded.org.apache.hc.client5.http.impl.io.PoolingHttpClientConnectionManager -- ep-0000000D: releasing endpoint
18:08:29.099 [main] DEBUG com.github.dockerjava.zerodep.shaded.org.apache.hc.client5.http.impl.io.PoolingHttpClientConnectionManager -- ep-0000000D: connection http-outgoing-1 can be kept alive for 3 MINUTES
18:08:29.099 [main] DEBUG com.github.dockerjava.zerodep.shaded.org.apache.hc.client5.http.impl.io.PoolingHttpClientConnectionManager -- ep-0000000D: connection released [route: {}->npipe://localhost:2375][total available: 1; route allocated: 1 of 2147483647; total allocated: 1 of 2147483647]
18:08:29.146 [main] DEBUG org.testcontainers.shaded.com.github.dockerjava.core.command.AbstrDockerCmd -- Cmd: ca6063a3595a8abc6e2a82d9e15bf68a6c78e38548b91001899efe1b6e7c5ba2,false
18:08:29.146 [main] DEBUG org.testcontainers.shaded.com.github.dockerjava.core.exec.InspectContainerCmdExec -- GET: DefaultWebTarget{path=[/containers/ca6063a3595a8abc6e2a82d9e15bf68a6c78e38548b91001899efe1b6e7c5ba2/json], queryParams={}}
18:08:29.146 [main] DEBUG com.github.dockerjava.zerodep.shaded.org.apache.hc.client5.http.impl.classic.InternalHttpClient -- ex-0000000F: preparing request execution
18:08:29.146 [main] DEBUG com.github.dockerjava.zerodep.shaded.org.apache.hc.client5.http.protocol.RequestAddCookies -- Cookie spec selected: strict
18:08:29.146 [main] DEBUG com.github.dockerjava.zerodep.shaded.org.apache.hc.client5.http.protocol.RequestAuthCache -- Auth cache not set in the context
18:08:29.146 [main] DEBUG com.github.dockerjava.zerodep.shaded.org.apache.hc.client5.http.impl.classic.ProtocolExec -- ex-0000000F: target auth state: UNCHALLENGED
18:08:29.146 [main] DEBUG com.github.dockerjava.zerodep.shaded.org.apache.hc.client5.http.impl.classic.ProtocolExec -- ex-0000000F: proxy auth state: UNCHALLENGED
18:08:29.146 [main] DEBUG com.github.dockerjava.zerodep.shaded.org.apache.hc.client5.http.impl.classic.ConnectExec -- ex-0000000F: acquiring connection with route {}->npipe://localhost:2375
18:08:29.146 [main] DEBUG com.github.dockerjava.zerodep.shaded.org.apache.hc.client5.http.impl.classic.InternalHttpClient -- ex-0000000F: acquiring endpoint (3 MINUTES)
18:08:29.146 [main] DEBUG com.github.dockerjava.zerodep.shaded.org.apache.hc.client5.http.impl.io.PoolingHttpClientConnectionManager -- ex-0000000F: endpoint lease request (3 MINUTES) [route: {}->npipe://localhost:2375][total available: 1; route allocated: 1 of 2147483647; total allocated: 1 of 2147483647]
18:08:29.146 [main] DEBUG com.github.dockerjava.zerodep.shaded.org.apache.hc.client5.http.impl.io.PoolingHttpClientConnectionManager -- ex-0000000F: endpoint leased [route: {}->npipe://localhost:2375][total available: 0; route allocated: 1 of 2147483647; total allocated: 1 of 2147483647]
18:08:29.146 [main] DEBUG com.github.dockerjava.zerodep.shaded.org.apache.hc.client5.http.impl.io.PoolingHttpClientConnectionManager -- ex-0000000F: acquired ep-0000000E
18:08:29.146 [main] DEBUG com.github.dockerjava.zerodep.shaded.org.apache.hc.client5.http.impl.classic.InternalHttpClient -- ex-0000000F: acquired endpoint ep-0000000E
18:08:29.146 [main] DEBUG com.github.dockerjava.zerodep.shaded.org.apache.hc.client5.http.impl.classic.MainClientExec -- ex-0000000F: executing GET /v1.32/containers/ca6063a3595a8abc6e2a82d9e15bf68a6c78e38548b91001899efe1b6e7c5ba2/json HTTP/1.1
18:08:29.146 [main] DEBUG com.github.dockerjava.zerodep.shaded.org.apache.hc.client5.http.impl.classic.InternalHttpClient -- ep-0000000E: start execution ex-0000000F
18:08:29.146 [main] DEBUG com.github.dockerjava.zerodep.shaded.org.apache.hc.client5.http.impl.io.PoolingHttpClientConnectionManager -- ep-0000000E: executing exchange ex-0000000F over http-outgoing-1
18:08:29.146 [main] DEBUG com.github.dockerjava.zerodep.shaded.org.apache.hc.client5.http.headers -- http-outgoing-1 >> GET /v1.32/containers/ca6063a3595a8abc6e2a82d9e15bf68a6c78e38548b91001899efe1b6e7c5ba2/json HTTP/1.1
18:08:29.146 [main] DEBUG com.github.dockerjava.zerodep.shaded.org.apache.hc.client5.http.headers -- http-outgoing-1 >> accept: application/json
18:08:29.146 [main] DEBUG com.github.dockerjava.zerodep.shaded.org.apache.hc.client5.http.headers -- http-outgoing-1 >> x-tc-sid: e0f64824-65da-49ef-ad69-afd5bd4a2a5f
18:08:29.146 [main] DEBUG com.github.dockerjava.zerodep.shaded.org.apache.hc.client5.http.headers -- http-outgoing-1 >> Accept-Encoding: gzip, x-gzip, deflate
18:08:29.146 [main] DEBUG com.github.dockerjava.zerodep.shaded.org.apache.hc.client5.http.headers -- http-outgoing-1 >> Host: localhost:2375
18:08:29.146 [main] DEBUG com.github.dockerjava.zerodep.shaded.org.apache.hc.client5.http.headers -- http-outgoing-1 >> Connection: keep-alive
18:08:29.146 [main] DEBUG com.github.dockerjava.zerodep.shaded.org.apache.hc.client5.http.headers -- http-outgoing-1 >> User-Agent: Apache-HttpClient/5.0.3 (Java/17.0.2)
18:08:29.146 [main] DEBUG com.github.dockerjava.zerodep.shaded.org.apache.hc.client5.http.wire -- http-outgoing-1 >> "GET /v1.32/containers/ca6063a3595a8abc6e2a82d9e15bf68a6c78e38548b91001899efe1b6e7c5ba2/json HTTP/1.1[\r][\n]"
18:08:29.146 [main] DEBUG com.github.dockerjava.zerodep.shaded.org.apache.hc.client5.http.wire -- http-outgoing-1 >> "accept: application/json[\r][\n]"
18:08:29.146 [main] DEBUG com.github.dockerjava.zerodep.shaded.org.apache.hc.client5.http.wire -- http-outgoing-1 >> "x-tc-sid: e0f64824-65da-49ef-ad69-afd5bd4a2a5f[\r][\n]"
18:08:29.146 [main] DEBUG com.github.dockerjava.zerodep.shaded.org.apache.hc.client5.http.wire -- http-outgoing-1 >> "Accept-Encoding: gzip, x-gzip, deflate[\r][\n]"
18:08:29.146 [main] DEBUG com.github.dockerjava.zerodep.shaded.org.apache.hc.client5.http.wire -- http-outgoing-1 >> "Host: localhost:2375[\r][\n]"
18:08:29.146 [main] DEBUG com.github.dockerjava.zerodep.shaded.org.apache.hc.client5.http.wire -- http-outgoing-1 >> "Connection: keep-alive[\r][\n]"
18:08:29.146 [main] DEBUG com.github.dockerjava.zerodep.shaded.org.apache.hc.client5.http.wire -- http-outgoing-1 >> "User-Agent: Apache-HttpClient/5.0.3 (Java/17.0.2)[\r][\n]"
18:08:29.146 [main] DEBUG com.github.dockerjava.zerodep.shaded.org.apache.hc.client5.http.wire -- http-outgoing-1 >> "[\r][\n]"
18:08:29.150 [main] DEBUG com.github.dockerjava.zerodep.shaded.org.apache.hc.client5.http.wire -- http-outgoing-1 << "HTTP/1.1 200 OK[\r][\n]"
18:08:29.150 [main] DEBUG com.github.dockerjava.zerodep.shaded.org.apache.hc.client5.http.wire -- http-outgoing-1 << "Api-Version: 1.43[\r][\n]"
18:08:29.150 [main] DEBUG com.github.dockerjava.zerodep.shaded.org.apache.hc.client5.http.wire -- http-outgoing-1 << "Content-Type: application/json[\r][\n]"
18:08:29.150 [main] DEBUG com.github.dockerjava.zerodep.shaded.org.apache.hc.client5.http.wire -- http-outgoing-1 << "Date: Sun, 18 Jun 2023 01:08:29 GMT[\r][\n]"
18:08:29.150 [main] DEBUG com.github.dockerjava.zerodep.shaded.org.apache.hc.client5.http.wire -- http-outgoing-1 << "Docker-Experimental: false[\r][\n]"
18:08:29.150 [main] DEBUG com.github.dockerjava.zerodep.shaded.org.apache.hc.client5.http.wire -- http-outgoing-1 << "Ostype: linux[\r][\n]"
18:08:29.150 [main] DEBUG com.github.dockerjava.zerodep.shaded.org.apache.hc.client5.http.wire -- http-outgoing-1 << "Server: Docker/24.0.2 (linux)[\r][\n]"
18:08:29.150 [main] DEBUG com.github.dockerjava.zerodep.shaded.org.apache.hc.client5.http.wire -- http-outgoing-1 << "Transfer-Encoding: chunked[\r][\n]"
18:08:29.150 [main] DEBUG com.github.dockerjava.zerodep.shaded.org.apache.hc.client5.http.wire -- http-outgoing-1 << "[\r][\n]"
18:08:29.150 [main] DEBUG com.github.dockerjava.zerodep.shaded.org.apache.hc.client5.http.headers -- http-outgoing-1 << HTTP/1.1 200 OK
18:08:29.150 [main] DEBUG com.github.dockerjava.zerodep.shaded.org.apache.hc.client5.http.headers -- http-outgoing-1 << Api-Version: 1.43
18:08:29.150 [main] DEBUG com.github.dockerjava.zerodep.shaded.org.apache.hc.client5.http.headers -- http-outgoing-1 << Content-Type: application/json
18:08:29.150 [main] DEBUG com.github.dockerjava.zerodep.shaded.org.apache.hc.client5.http.headers -- http-outgoing-1 << Date: Sun, 18 Jun 2023 01:08:29 GMT
18:08:29.150 [main] DEBUG com.github.dockerjava.zerodep.shaded.org.apache.hc.client5.http.headers -- http-outgoing-1 << Docker-Experimental: false
18:08:29.150 [main] DEBUG com.github.dockerjava.zerodep.shaded.org.apache.hc.client5.http.headers -- http-outgoing-1 << Ostype: linux
18:08:29.150 [main] DEBUG com.github.dockerjava.zerodep.shaded.org.apache.hc.client5.http.headers -- http-outgoing-1 << Server: Docker/24.0.2 (linux)
18:08:29.150 [main] DEBUG com.github.dockerjava.zerodep.shaded.org.apache.hc.client5.http.headers -- http-outgoing-1 << Transfer-Encoding: chunked
18:08:29.150 [main] DEBUG com.github.dockerjava.zerodep.shaded.org.apache.hc.client5.http.impl.classic.MainClientExec -- ex-0000000F: connection can be kept alive for 3 MINUTES
18:08:29.151 [main] DEBUG com.github.dockerjava.zerodep.shaded.org.apache.hc.client5.http.wire -- http-outgoing-1 << "1a66[\r][\n]"
18:08:29.152 [main] DEBUG com.github.dockerjava.zerodep.shaded.org.apache.hc.client5.http.wire -- http-outgoing-1 << "{"Id":"ca6063a3595a8abc6e2a82d9e15bf68a6c78e38548b91001899efe1b6e7c5ba2","Created":"2023-06-18T01:08:28.818374804Z","Path":"/usr/local/bin/cosmos/start.sh","Args":[],"State":{"Status":"running","Running":true,"Paused":false,"Restarting":false,"OOMKilled":false,"Dead":false,"Pid":158471,"ExitCode":0,"Error":"","StartedAt":"2023-06-18T01:08:29.087872599Z","FinishedAt":"0001-01-01T00:00:00Z"},"Image":"sha256:2259132d2738c35748cf20296ac1f064c25cfa823bdf3cdb1fd02ae4a7103871","ResolvConfPath":"/var/lib/docker/containers/ca6063a3595a8abc6e2a82d9e15bf68a6c78e38548b91001899efe1b6e7c5ba2/resolv.conf","HostnamePath":"/var/lib/docker/containers/ca6063a3595a8abc6e2a82d9e15bf68a6c78e38548b91001899efe1b6e7c5ba2/hostname","HostsPath":"/var/lib/docker/containers/ca6063a3595a8abc6e2a82d9e15bf68a6c78e38548b91001899efe1b6e7c5ba2/hosts","LogPath":"/var/lib/docker/containers/ca6063a3595a8abc6e2a82d9e15bf68a6c78e38548b91001899efe1b6e7c5ba2/ca6063a3595a8abc6e2a82d9e15bf68a6c78e38548b91001899efe1b6e7c5ba2-json.log","Name":"/stupefied_tharp","RestartCount":0,"Driver":"overlay2","Platform":"linux","MountLabel":"","ProcessLabel":"","AppArmorProfile":"","ExecIDs":null,"HostConfig":{"Binds":[],"ContainerIDFile":"","LogConfig":{"Type":"json-file","Config":{}},"NetworkMode":"default","PortBindings":{"8081/tcp":[{"HostIp":"0.0.0.0","HostPort":"0"}]},"RestartPolicy":{"Name":"","MaximumRetryCount":0},"AutoRemove":false,"VolumeDriver":"","VolumesFrom":[],"ConsoleSize":[0,0],"CapAdd":null,"CapDrop":null,"CgroupnsMode":"host","Dns":null,"DnsOptions":null,"DnsSearch":null,"ExtraHosts":[],"GroupAdd":null,"IpcMode":"shareable","Cgroup":"","Links":null,"OomScoreAdj":0,"PidMode":"","Privileged":false,"PublishAllPorts":false,"ReadonlyRootfs":false,"SecurityOpt":null,"UTSMode":"","UsernsMode":"","ShmSize":67108864,"Runtime":"runc","Isolation":"","CpuShares":0,"Memory":0,"NanoCpus":0,"CgroupParent":"","BlkioWeight":0,"BlkioWeightDevice":null,"BlkioDeviceReadBps":null,"BlkioDeviceWriteBps":null,"BlkioDeviceReadIOps":null,"BlkioDeviceWriteIOps":null,"CpuPeriod":0,"CpuQuota":0,"CpuRealtimePeriod":0,"CpuRealtimeRuntime":0,"CpusetCpus":"","CpusetMems":"","Devices":null,"DeviceCgroupRules":null,"DeviceRequests":null,"MemoryReservation":0,"MemorySwap":0,"MemorySwappiness":null,"OomKillDisable":false,"PidsLimit":null,"Ulimits":null,"CpuCount":0,"CpuPercent":0,"IOMaximumIOps":0,"IOMaximumBandwidth":0,"MaskedPaths":["/proc/asound","/proc/acpi","/proc/kcore","/proc/keys","/proc/latency_stats","/proc/timer_list","/proc/timer_stats","/proc/sched_debug","/proc/scsi","/sys/firmware"],"ReadonlyPaths":["/proc/bus","/proc/fs","/proc/irq","/proc/sys","/proc/sysrq-trigger"]},"GraphDriver":{"Data":{"LowerDir":"/var/lib/docker/overlay2/ca450b325e586d144c00833d78ac5148c2133a33b7b080f1fa73e8fbd61a5b27-init/diff:/var/lib/docker/overlay2/5960045e1d8379eb4831a48d7408b879b62d5c91b75f989c6e4ddd9299580d91/diff:/var/lib/docker/overlay2/e14b24df599d42520b96c2d750ec155e6ab1d91157219f65888267a350ae462a/diff:/var/lib/docker/overlay2/34bfa100a0fc64c4f32431263f0eac844330a7cc1966901a6e3901736a55f418/diff:/var/lib/docker/overlay2/feb6dce514c2d6dc73c0e5e1088fbc4e89765e2e845cd493a9288d8074f9f915/diff:/var/lib/docker/overlay2/8f9dfb4304efe794fcfa5dfde6fbde1fca363cba117c72570ddb9b41fb95b018/diff:/var/lib/docker/overlay2/8273ee6acd6eee57ca3ec294e0e9ffe7716e7f4c699d99cbf1eeaa22bf5ad2eb/diff:/var/lib/docker/overlay2/534a0108bf4194d9f23b2e11e3ec1ca8c5248dda9dacdcd24bd601c481be0395/diff:/var/lib/docker/overlay2/3ca750208c45252136683ae82b2a8d0e7e0ab5b68bf20dfa0ffd49e4532e9f04/diff:/var/lib/docker/overlay2/d0d6c9fb19d5dd13153813449c7ec29815081c46bcc4077e1243bb0b05ea1a2a/diff:/var/lib/docker/overlay2/705d7461f91ef0159d7fb0a6a4fda8b6e6b52a584b0e38ed9bc2ea19c5da0b4e/diff:/var/lib/docker/overlay2/bf9b85a528ff44730d25b503d61104690d254df30740fc4c155b2b8f1d4acd39/diff:/var/lib/docker/overlay2/931be94b2811e175792875aee161025ef918be4c06dbaf95a51c821af8582373/diff:/var/lib/docker/overlay2/83dd382aa5c0f3788cf6698bf6df6064f7f312c436b3f7d1484757f8889b010e/diff:/var/lib/docker/overlay2/7883a3e4e5da4fe1ef50d9b2b6b0872393821"
18:08:29.152 [main] DEBUG com.github.dockerjava.zerodep.shaded.org.apache.hc.client5.http.wire -- http-outgoing-1 << "03ffd0a85ee96521900b137ebdd/diff:/var/lib/docker/overlay2/077b9a88d175f0d342f1ef61484bfee566544f5cea24524820cfc9b3e946d5af/diff:/var/lib/docker/overlay2/c126800161fc664c9f5ceb7e3e287e7ed54d738428474099a26a5cd469a866c1/diff:/var/lib/docker/overlay2/49ce62bd1d7b905b2687de4f482d5f0078aec78863ff5f7a13cd07515c3a3700/diff:/var/lib/docker/overlay2/3a16b7f939aece19cfbc8ee9f398b82c17e34a630ea90db38e7dc8d800dfba3a/diff:/var/lib/docker/overlay2/4110e658648d00b3d1f9288a3e5db6599f74b75617ec4f0d78845d706bced349/diff:/var/lib/docker/overlay2/940aa41371a97de1c28ad964ec20ef075a3fb9f72429060d413793127089c1ef/diff","MergedDir":"/var/lib/docker/overlay2/ca450b325e586d144c00833d78ac5148c2133a33b7b080f1fa73e8fbd61a5b27/merged","UpperDir":"/var/lib/docker/overlay2/ca450b325e586d144c00833d78ac5148c2133a33b7b080f1fa73e8fbd61a5b27/diff","WorkDir":"/var/lib/docker/overlay2/ca450b325e586d144c00833d78ac5148c2133a33b7b080f1fa73e8fbd61a5b27/work"},"Name":"overlay2"},"Mounts":[],"Config":{"Hostname":"ca6063a3595a","Domainname":"","User":"","AttachStdin":false,"AttachStdout":false,"AttachStderr":false,"ExposedPorts":{"8081/tcp":{}},"Tty":false,"OpenStdin":false,"StdinOnce":false,"Env":["AZURE_COSMOS_EMULATOR_ACCEPT_TERMS=yes","PATH=/usr/local/sbin:/usr/local/bin:/usr/sbin:/usr/bin:/sbin:/bin"],"Cmd":["/usr/local/bin/cosmos/start.sh"],"Image":"mcr.microsoft.com/cosmosdb/linux/azure-cosmos-emulator:latest","Volumes":null,"WorkingDir":"/usr/local/bin/cosmos","Entrypoint":null,"OnBuild":null,"Labels":{"org.testcontainers":"true","org.testcontainers.lang":"java","org.testcontainers.sessionId":"e0f64824-65da-49ef-ad69-afd5bd4a2a5f","org.testcontainers.version":"1.18.1"}},"NetworkSettings":{"Bridge":"","SandboxID":"7306e13d4a7b6a067c1507dbb1fdd0f3ae1ac44aa94b25972cd3e1a248314d33","HairpinMode":false,"LinkLocalIPv6Address":"","LinkLocalIPv6PrefixLen":0,"Ports":{"8081/tcp":[{"HostIp":"0.0.0.0","HostPort":"58474"}]},"SandboxKey":"/var/run/docker/netns/7306e13d4a7b","SecondaryIPAddresses":null,"SecondaryIPv6Addresses":null,"EndpointID":"0a404ef2969c2ebe9be420e3d2b3660fabbfa933b082663cae82d7e553978f91","Gateway":"172.17.0.1","GlobalIPv6Address":"","GlobalIPv6PrefixLen":0,"IPAddress":"172.17.0.3","IPPrefixLen":16,"IPv6Gateway":"","MacAddress":"02:42:ac:11:00:03","Networks":{"bridge":{"IPAMConfig":null,"Links":null,"Aliases":null,"NetworkID":"8c73b9d22428bb7e7008f8f22d56fe5fa922947537d30f2190abea08496121e9","EndpointID":"0a404ef2969c2ebe9be420e3d2b3660fabbfa933b082663cae82d7e553978f91","Gateway":"172.17.0.1","IPAddress":"172.17.0.3","IPPrefixLen":16,"IPv6Gateway":"","GlobalIPv6Address":"","GlobalIPv6PrefixLen":0,"MacAddress":"02:42:ac:11:00:03","DriverOpts":null}}}}[\n]"
18:08:29.153 [main] DEBUG com.github.dockerjava.zerodep.shaded.org.apache.hc.client5.http.wire -- http-outgoing-1 << "[\r][\n]"
18:08:29.154 [main] DEBUG com.github.dockerjava.zerodep.shaded.org.apache.hc.client5.http.wire -- http-outgoing-1 << "0[\r][\n]"
18:08:29.154 [main] DEBUG com.github.dockerjava.zerodep.shaded.org.apache.hc.client5.http.wire -- http-outgoing-1 << "[\r][\n]"
18:08:29.154 [main] DEBUG com.github.dockerjava.zerodep.shaded.org.apache.hc.client5.http.impl.classic.InternalHttpClient -- ep-0000000E: releasing valid endpoint
18:08:29.154 [main] DEBUG com.github.dockerjava.zerodep.shaded.org.apache.hc.client5.http.impl.io.PoolingHttpClientConnectionManager -- ep-0000000E: releasing endpoint
18:08:29.154 [main] DEBUG com.github.dockerjava.zerodep.shaded.org.apache.hc.client5.http.impl.io.PoolingHttpClientConnectionManager -- ep-0000000E: connection http-outgoing-1 can be kept alive for 3 MINUTES
18:08:29.154 [main] DEBUG com.github.dockerjava.zerodep.shaded.org.apache.hc.client5.http.impl.io.PoolingHttpClientConnectionManager -- ep-0000000E: connection released [route: {}->npipe://localhost:2375][total available: 1; route allocated: 1 of 2147483647; total allocated: 1 of 2147483647]
18:08:29.154 [main] DEBUG org.testcontainers.shaded.com.github.dockerjava.core.command.AbstrDockerCmd -- Cmd: sha256:2259132d2738c35748cf20296ac1f064c25cfa823bdf3cdb1fd02ae4a7103871
18:08:29.154 [main] DEBUG com.github.dockerjava.zerodep.shaded.org.apache.hc.client5.http.impl.classic.InternalHttpClient -- ex-00000010: preparing request execution
18:08:29.154 [main] DEBUG com.github.dockerjava.zerodep.shaded.org.apache.hc.client5.http.protocol.RequestAddCookies -- Cookie spec selected: strict
18:08:29.154 [main] DEBUG com.github.dockerjava.zerodep.shaded.org.apache.hc.client5.http.protocol.RequestAuthCache -- Auth cache not set in the context
18:08:29.154 [main] DEBUG com.github.dockerjava.zerodep.shaded.org.apache.hc.client5.http.impl.classic.ProtocolExec -- ex-00000010: target auth state: UNCHALLENGED
18:08:29.154 [main] DEBUG com.github.dockerjava.zerodep.shaded.org.apache.hc.client5.http.impl.classic.ProtocolExec -- ex-00000010: proxy auth state: UNCHALLENGED
18:08:29.154 [main] DEBUG com.github.dockerjava.zerodep.shaded.org.apache.hc.client5.http.impl.classic.ConnectExec -- ex-00000010: acquiring connection with route {}->npipe://localhost:2375
18:08:29.154 [main] DEBUG com.github.dockerjava.zerodep.shaded.org.apache.hc.client5.http.impl.classic.InternalHttpClient -- ex-00000010: acquiring endpoint (3 MINUTES)
18:08:29.154 [main] DEBUG com.github.dockerjava.zerodep.shaded.org.apache.hc.client5.http.impl.io.PoolingHttpClientConnectionManager -- ex-00000010: endpoint lease request (3 MINUTES) [route: {}->npipe://localhost:2375][total available: 1; route allocated: 1 of 2147483647; total allocated: 1 of 2147483647]
18:08:29.154 [main] DEBUG com.github.dockerjava.zerodep.shaded.org.apache.hc.client5.http.impl.io.PoolingHttpClientConnectionManager -- ex-00000010: endpoint leased [route: {}->npipe://localhost:2375][total available: 0; route allocated: 1 of 2147483647; total allocated: 1 of 2147483647]
18:08:29.154 [main] DEBUG com.github.dockerjava.zerodep.shaded.org.apache.hc.client5.http.impl.io.PoolingHttpClientConnectionManager -- ex-00000010: acquired ep-0000000F
18:08:29.154 [main] DEBUG com.github.dockerjava.zerodep.shaded.org.apache.hc.client5.http.impl.classic.InternalHttpClient -- ex-00000010: acquired endpoint ep-0000000F
18:08:29.154 [main] DEBUG com.github.dockerjava.zerodep.shaded.org.apache.hc.client5.http.impl.classic.MainClientExec -- ex-00000010: executing GET /v1.32/images/sha256:2259132d2738c35748cf20296ac1f064c25cfa823bdf3cdb1fd02ae4a7103871/json HTTP/1.1
18:08:29.154 [main] DEBUG com.github.dockerjava.zerodep.shaded.org.apache.hc.client5.http.impl.classic.InternalHttpClient -- ep-0000000F: start execution ex-00000010
18:08:29.154 [main] DEBUG com.github.dockerjava.zerodep.shaded.org.apache.hc.client5.http.impl.io.PoolingHttpClientConnectionManager -- ep-0000000F: executing exchange ex-00000010 over http-outgoing-1
18:08:29.154 [main] DEBUG com.github.dockerjava.zerodep.shaded.org.apache.hc.client5.http.headers -- http-outgoing-1 >> GET /v1.32/images/sha256:2259132d2738c35748cf20296ac1f064c25cfa823bdf3cdb1fd02ae4a7103871/json HTTP/1.1
18:08:29.154 [main] DEBUG com.github.dockerjava.zerodep.shaded.org.apache.hc.client5.http.headers -- http-outgoing-1 >> accept: application/json
18:08:29.154 [main] DEBUG com.github.dockerjava.zerodep.shaded.org.apache.hc.client5.http.headers -- http-outgoing-1 >> x-tc-sid: e0f64824-65da-49ef-ad69-afd5bd4a2a5f
18:08:29.154 [main] DEBUG com.github.dockerjava.zerodep.shaded.org.apache.hc.client5.http.headers -- http-outgoing-1 >> Accept-Encoding: gzip, x-gzip, deflate
18:08:29.154 [main] DEBUG com.github.dockerjava.zerodep.shaded.org.apache.hc.client5.http.headers -- http-outgoing-1 >> Host: localhost:2375
18:08:29.154 [main] DEBUG com.github.dockerjava.zerodep.shaded.org.apache.hc.client5.http.headers -- http-outgoing-1 >> Connection: keep-alive
18:08:29.154 [main] DEBUG com.github.dockerjava.zerodep.shaded.org.apache.hc.client5.http.headers -- http-outgoing-1 >> User-Agent: Apache-HttpClient/5.0.3 (Java/17.0.2)
18:08:29.154 [main] DEBUG com.github.dockerjava.zerodep.shaded.org.apache.hc.client5.http.wire -- http-outgoing-1 >> "GET /v1.32/images/sha256:2259132d2738c35748cf20296ac1f064c25cfa823bdf3cdb1fd02ae4a7103871/json HTTP/1.1[\r][\n]"
18:08:29.154 [main] DEBUG com.github.dockerjava.zerodep.shaded.org.apache.hc.client5.http.wire -- http-outgoing-1 >> "accept: application/json[\r][\n]"
18:08:29.154 [main] DEBUG com.github.dockerjava.zerodep.shaded.org.apache.hc.client5.http.wire -- http-outgoing-1 >> "x-tc-sid: e0f64824-65da-49ef-ad69-afd5bd4a2a5f[\r][\n]"
18:08:29.154 [main] DEBUG com.github.dockerjava.zerodep.shaded.org.apache.hc.client5.http.wire -- http-outgoing-1 >> "Accept-Encoding: gzip, x-gzip, deflate[\r][\n]"
18:08:29.154 [main] DEBUG com.github.dockerjava.zerodep.shaded.org.apache.hc.client5.http.wire -- http-outgoing-1 >> "Host: localhost:2375[\r][\n]"
18:08:29.154 [main] DEBUG com.github.dockerjava.zerodep.shaded.org.apache.hc.client5.http.wire -- http-outgoing-1 >> "Connection: keep-alive[\r][\n]"
18:08:29.154 [main] DEBUG com.github.dockerjava.zerodep.shaded.org.apache.hc.client5.http.wire -- http-outgoing-1 >> "User-Agent: Apache-HttpClient/5.0.3 (Java/17.0.2)[\r][\n]"
18:08:29.154 [main] DEBUG com.github.dockerjava.zerodep.shaded.org.apache.hc.client5.http.wire -- http-outgoing-1 >> "[\r][\n]"
18:08:29.157 [main] DEBUG com.github.dockerjava.zerodep.shaded.org.apache.hc.client5.http.wire -- http-outgoing-1 << "HTTP/1.1 200 OK[\r][\n]"
18:08:29.157 [main] DEBUG com.github.dockerjava.zerodep.shaded.org.apache.hc.client5.http.wire -- http-outgoing-1 << "Api-Version: 1.43[\r][\n]"
18:08:29.157 [main] DEBUG com.github.dockerjava.zerodep.shaded.org.apache.hc.client5.http.wire -- http-outgoing-1 << "Content-Type: application/json[\r][\n]"
18:08:29.157 [main] DEBUG com.github.dockerjava.zerodep.shaded.org.apache.hc.client5.http.wire -- http-outgoing-1 << "Date: Sun, 18 Jun 2023 01:08:29 GMT[\r][\n]"
18:08:29.157 [main] DEBUG com.github.dockerjava.zerodep.shaded.org.apache.hc.client5.http.wire -- http-outgoing-1 << "Docker-Experimental: false[\r][\n]"
18:08:29.157 [main] DEBUG com.github.dockerjava.zerodep.shaded.org.apache.hc.client5.http.wire -- http-outgoing-1 << "Ostype: linux[\r][\n]"
18:08:29.157 [main] DEBUG com.github.dockerjava.zerodep.shaded.org.apache.hc.client5.http.wire -- http-outgoing-1 << "Server: Docker/24.0.2 (linux)[\r][\n]"
18:08:29.157 [main] DEBUG com.github.dockerjava.zerodep.shaded.org.apache.hc.client5.http.wire -- http-outgoing-1 << "Transfer-Encoding: chunked[\r][\n]"
18:08:29.157 [main] DEBUG com.github.dockerjava.zerodep.shaded.org.apache.hc.client5.http.wire -- http-outgoing-1 << "[\r][\n]"
18:08:29.157 [main] DEBUG com.github.dockerjava.zerodep.shaded.org.apache.hc.client5.http.headers -- http-outgoing-1 << HTTP/1.1 200 OK
18:08:29.157 [main] DEBUG com.github.dockerjava.zerodep.shaded.org.apache.hc.client5.http.headers -- http-outgoing-1 << Api-Version: 1.43
18:08:29.157 [main] DEBUG com.github.dockerjava.zerodep.shaded.org.apache.hc.client5.http.headers -- http-outgoing-1 << Content-Type: application/json
18:08:29.157 [main] DEBUG com.github.dockerjava.zerodep.shaded.org.apache.hc.client5.http.headers -- http-outgoing-1 << Date: Sun, 18 Jun 2023 01:08:29 GMT
18:08:29.157 [main] DEBUG com.github.dockerjava.zerodep.shaded.org.apache.hc.client5.http.headers -- http-outgoing-1 << Docker-Experimental: false
18:08:29.157 [main] DEBUG com.github.dockerjava.zerodep.shaded.org.apache.hc.client5.http.headers -- http-outgoing-1 << Ostype: linux
18:08:29.157 [main] DEBUG com.github.dockerjava.zerodep.shaded.org.apache.hc.client5.http.headers -- http-outgoing-1 << Server: Docker/24.0.2 (linux)
18:08:29.157 [main] DEBUG com.github.dockerjava.zerodep.shaded.org.apache.hc.client5.http.headers -- http-outgoing-1 << Transfer-Encoding: chunked
18:08:29.158 [main] DEBUG com.github.dockerjava.zerodep.shaded.org.apache.hc.client5.http.impl.classic.MainClientExec -- ex-00000010: connection can be kept alive for 3 MINUTES
18:08:29.158 [main] DEBUG com.github.dockerjava.zerodep.shaded.org.apache.hc.client5.http.wire -- http-outgoing-1 << "14af[\r][\n]"
18:08:29.158 [main] DEBUG com.github.dockerjava.zerodep.shaded.org.apache.hc.client5.http.wire -- http-outgoing-1 << "{"Id":"sha256:2259132d2738c35748cf20296ac1f064c25cfa823bdf3cdb1fd02ae4a7103871","RepoTags":["mcr.microsoft.com/cosmosdb/linux/azure-cosmos-emulator:latest"],"RepoDigests":["mcr.microsoft.com/cosmosdb/linux/azure-cosmos-emulator@sha256:a5c37b10b4f03122cdb0073a522955c0874ce1bd10a3c16b44c326c3085cf27d"],"Parent":"","Comment":"","Created":"2023-05-12T03:21:39.398812501Z","Container":"1a511f6ae9666f5f6eeb90323554b95a42e80cf540a74fe7c6ac96921494a706","ContainerConfig":{"Hostname":"1a511f6ae966","Domainname":"","User":"","AttachStdin":false,"AttachStdout":false,"AttachStderr":false,"Tty":false,"OpenStdin":false,"StdinOnce":false,"Env":["PATH=/usr/local/sbin:/usr/local/bin:/usr/sbin:/usr/bin:/sbin:/bin"],"Cmd":["/bin/sh","-c","#(nop) ","CMD [\"/usr/local/bin/cosmos/start.sh\"]"],"Image":"sha256:85ac3e8612ae368a5fc9dee0e24662794bfce330ef19befce5447b51fa401bac","Volumes":null,"WorkingDir":"/usr/local/bin/cosmos","Entrypoint":null,"OnBuild":null,"Labels":{}},"DockerVersion":"20.10.22","Author":"","Config":{"Hostname":"","Domainname":"","User":"","AttachStdin":false,"AttachStdout":false,"AttachStderr":false,"Tty":false,"OpenStdin":false,"StdinOnce":false,"Env":["PATH=/usr/local/sbin:/usr/local/bin:/usr/sbin:/usr/bin:/sbin:/bin"],"Cmd":["/usr/local/bin/cosmos/start.sh"],"Image":"sha256:85ac3e8612ae368a5fc9dee0e24662794bfce330ef19befce5447b51fa401bac","Volumes":null,"WorkingDir":"/usr/local/bin/cosmos","Entrypoint":null,"OnBuild":null,"Labels":null},"Architecture":"amd64","Os":"linux","Size":1890376363,"VirtualSize":1890376363,"GraphDriver":{"Data":{"LowerDir":"/var/lib/docker/overlay2/e14b24df599d42520b96c2d750ec155e6ab1d91157219f65888267a350ae462a/diff:/var/lib/docker/overlay2/34bfa100a0fc64c4f32431263f0eac844330a7cc1966901a6e3901736a55f418/diff:/var/lib/docker/overlay2/feb6dce514c2d6dc73c0e5e1088fbc4e89765e2e845cd493a9288d8074f9f915/diff:/var/lib/docker/overlay2/8f9dfb4304efe794fcfa5dfde6fbde1fca363cba117c72570ddb9b41fb95b018/diff:/var/lib/docker/overlay2/8273ee6acd6eee57ca3ec294e0e9ffe7716e7f4c699d99cbf1eeaa22bf5ad2eb/diff:/var/lib/docker/overlay2/534a0108bf4194d9f23b2e11e3ec1ca8c5248dda9dacdcd24bd601c481be0395/diff:/var/lib/docker/overlay2/3ca750208c45252136683ae82b2a8d0e7e0ab5b68bf20dfa0ffd49e4532e9f04/diff:/var/lib/docker/overlay2/d0d6c9fb19d5dd13153813449c7ec29815081c46bcc4077e1243bb0b05ea1a2a/diff:/var/lib/docker/overlay2/705d7461f91ef0159d7fb0a6a4fda8b6e6b52a584b0e38ed9bc2ea19c5da0b4e/diff:/var/lib/docker/overlay2/bf9b85a528ff44730d25b503d61104690d254df30740fc4c155b2b8f1d4acd39/diff:/var/lib/docker/overlay2/931be94b2811e175792875aee161025ef918be4c06dbaf95a51c821af8582373/diff:/var/lib/docker/overlay2/83dd382aa5c0f3788cf6698bf6df6064f7f312c436b3f7d1484757f8889b010e/diff:/var/lib/docker/overlay2/7883a3e4e5da4fe1ef50d9b2b6b087239382103ffd0a85ee96521900b137ebdd/diff:/var/lib/docker/overlay2/077b9a88d175f0d342f1ef61484bfee566544f5cea24524820cfc9b3e946d5af/diff:/var/lib/docker/overlay2/c126800161fc664c9f5ceb7e3e287e7ed54d738428474099a26a5cd469a866c1/diff:/var/lib/docker/overlay2/49ce62bd1d7b905b2687de4f482d5f0078aec78863ff5f7a13cd07515c3a3700/diff:/var/lib/docker/overlay2/3a16b7f939aece19cfbc8ee9f398b82c17e34a630ea90db38e7dc8d800dfba3a/diff:/var/lib/docker/overlay2/4110e658648d00b3d1f9288a3e5db6599f74b75617ec4f0d78845d706bced349/diff:/var/lib/docker/overlay2/940aa41371a97de1c28ad964ec20ef075a3fb9f72429060d413793127089c1ef/diff","MergedDir":"/var/lib/docker/overlay2/5960045e1d8379eb4831a48d7408b879b62d5c91b75f989c6e4ddd9299580d91/merged","UpperDir":"/var/lib/docker/overlay2/5960045e1d8379eb4831a48d7408b879b62d5c91b75f989c6e4ddd9299580d91/diff","WorkDir":"/var/lib/docker/overlay2/5960045e1d8379eb4831a48d7408b879b62d5c91b75f989c6e4ddd9299580d91/work"},"Name":"overlay2"},"RootFS":{"Type":"layers","Layers":["sha256:af7ed92504ae4c20128a0f01048d41d467fef5c795c38d0defdb998a187ed1d4","sha256:d45b17550b4d69bdc6d42313c89d490564c7991ed41460e03643fd3285515cd8","sha256:e65d8804464fa3ca5ed69ed54616ca145d9896d2956fa1e32d97f97e37a6986e","sha256:1ff95f7a0a0574049a50340f9e4ec2760c68cecaefd19db5b6a4ff4742471a90","sha256:1a91875dca37d1d8d83dbeead276f35bfc84b1715370d4a4d3083fd63b62abfa","sha256:43ae81a158efbea7f0fc3464d2fa03c5c71acd9838d082d58dbea2cbdc46ce89","sha256:a9176b34b069d9ff3e851d75d567f9aa98bb957f357c44da8534b26dc938183d","sha256:3f7b492275360ed0afed50c06fbabaa49774b31067fb84166cb7c9b62ce5d697","sha256:2003df29d68d2da57121a690cb63ef8ab38c125ac52c023d6958ede91c1a0700","sha256:b99eadca0736c284c99fafc05b746ed91cfb4251250b2ad656484bb411923b6b","sha256:84c7788e5d503e29d86e808069704e6f838d50858edb539bdfd20c9faa1643a8","sha256:09933ee20b0b411ff7b556bc4122f06ffd4f1f7568c57e950404362c662426b7","sha256:3b8ccdc65f78a4e9d57281657f9af95b953a6b64e5c95f331fd90b312938df7c","sha256:22403d37d9015476ae32e9ab5a085bdbc476688970290a255a3c49d51519e7ff","sha256:54db6535db778a5dc347c99ae5a36eb5d3716bfe30d6e292594ab3084cd627be","sha256:f9f4c2d4909a9ce0d65587c01fc5f83754530db49e8d653d8100c9a173fdabf2","sha256:21761e6d5a04570d2c09addcc0667e1afb3546a18f07d553c3558b105e834c84","sha256:dd9bba4f07ef4d47c028715b6ab61636ddefccc484a54535fcb8252312904921","sha256:b24e3390e601760517074ccac9a9a0b87f4c6745f76a877d563ffcb798f6ca11","sha256:99565e199d8ed8b92b4ed712e38d249d2a714e1ec694578aa165cc144209fd68"]},"Metadata":{"LastTagTime":"0001-01-01T00:00:00Z"}}[\n]"
18:08:29.158 [main] DEBUG com.github.dockerjava.zerodep.shaded.org.apache.hc.client5.http.wire -- http-outgoing-1 << "[\r][\n]"
18:08:29.158 [main] DEBUG com.github.dockerjava.zerodep.shaded.org.apache.hc.client5.http.wire -- http-outgoing-1 << "0[\r][\n]"
18:08:29.158 [main] DEBUG com.github.dockerjava.zerodep.shaded.org.apache.hc.client5.http.wire -- http-outgoing-1 << "[\r][\n]"
18:08:29.158 [main] DEBUG com.github.dockerjava.zerodep.shaded.org.apache.hc.client5.http.impl.classic.InternalHttpClient -- ep-0000000F: releasing valid endpoint
18:08:29.158 [main] DEBUG com.github.dockerjava.zerodep.shaded.org.apache.hc.client5.http.impl.io.PoolingHttpClientConnectionManager -- ep-0000000F: releasing endpoint
18:08:29.158 [main] DEBUG com.github.dockerjava.zerodep.shaded.org.apache.hc.client5.http.impl.io.PoolingHttpClientConnectionManager -- ep-0000000F: connection http-outgoing-1 can be kept alive for 3 MINUTES
18:08:29.158 [main] DEBUG com.github.dockerjava.zerodep.shaded.org.apache.hc.client5.http.impl.io.PoolingHttpClientConnectionManager -- ep-0000000F: connection released [route: {}->npipe://localhost:2375][total available: 1; route allocated: 1 of 2147483647; total allocated: 1 of 2147483647]
18:08:29.158 [main] DEBUG org.testcontainers.shaded.com.github.dockerjava.core.command.AbstrDockerCmd -- Cmd: 
18:08:29.158 [main] DEBUG com.github.dockerjava.zerodep.shaded.org.apache.hc.client5.http.impl.classic.InternalHttpClient -- ex-00000011: preparing request execution
18:08:29.159 [main] DEBUG com.github.dockerjava.zerodep.shaded.org.apache.hc.client5.http.protocol.RequestAddCookies -- Cookie spec selected: strict
18:08:29.159 [main] DEBUG com.github.dockerjava.zerodep.shaded.org.apache.hc.client5.http.protocol.RequestAuthCache -- Auth cache not set in the context
18:08:29.159 [main] DEBUG com.github.dockerjava.zerodep.shaded.org.apache.hc.client5.http.impl.classic.ProtocolExec -- ex-00000011: target auth state: UNCHALLENGED
18:08:29.159 [main] DEBUG com.github.dockerjava.zerodep.shaded.org.apache.hc.client5.http.impl.classic.ProtocolExec -- ex-00000011: proxy auth state: UNCHALLENGED
18:08:29.159 [main] DEBUG com.github.dockerjava.zerodep.shaded.org.apache.hc.client5.http.impl.classic.ConnectExec -- ex-00000011: acquiring connection with route {}->npipe://localhost:2375
18:08:29.159 [main] DEBUG com.github.dockerjava.zerodep.shaded.org.apache.hc.client5.http.impl.classic.InternalHttpClient -- ex-00000011: acquiring endpoint (3 MINUTES)
18:08:29.159 [main] DEBUG com.github.dockerjava.zerodep.shaded.org.apache.hc.client5.http.impl.io.PoolingHttpClientConnectionManager -- ex-00000011: endpoint lease request (3 MINUTES) [route: {}->npipe://localhost:2375][total available: 1; route allocated: 1 of 2147483647; total allocated: 1 of 2147483647]
18:08:29.159 [main] DEBUG com.github.dockerjava.zerodep.shaded.org.apache.hc.client5.http.impl.io.PoolingHttpClientConnectionManager -- ex-00000011: endpoint leased [route: {}->npipe://localhost:2375][total available: 0; route allocated: 1 of 2147483647; total allocated: 1 of 2147483647]
18:08:29.159 [main] DEBUG com.github.dockerjava.zerodep.shaded.org.apache.hc.client5.http.impl.io.PoolingHttpClientConnectionManager -- ex-00000011: acquired ep-00000010
18:08:29.159 [main] DEBUG com.github.dockerjava.zerodep.shaded.org.apache.hc.client5.http.impl.classic.InternalHttpClient -- ex-00000011: acquired endpoint ep-00000010
18:08:29.159 [main] DEBUG com.github.dockerjava.zerodep.shaded.org.apache.hc.client5.http.impl.classic.MainClientExec -- ex-00000011: executing GET /v1.32/version HTTP/1.1
18:08:29.159 [main] DEBUG com.github.dockerjava.zerodep.shaded.org.apache.hc.client5.http.impl.classic.InternalHttpClient -- ep-00000010: start execution ex-00000011
18:08:29.159 [main] DEBUG com.github.dockerjava.zerodep.shaded.org.apache.hc.client5.http.impl.io.PoolingHttpClientConnectionManager -- ep-00000010: executing exchange ex-00000011 over http-outgoing-1
18:08:29.159 [main] DEBUG com.github.dockerjava.zerodep.shaded.org.apache.hc.client5.http.headers -- http-outgoing-1 >> GET /v1.32/version HTTP/1.1
18:08:29.159 [main] DEBUG com.github.dockerjava.zerodep.shaded.org.apache.hc.client5.http.headers -- http-outgoing-1 >> accept: application/json
18:08:29.159 [main] DEBUG com.github.dockerjava.zerodep.shaded.org.apache.hc.client5.http.headers -- http-outgoing-1 >> x-tc-sid: e0f64824-65da-49ef-ad69-afd5bd4a2a5f
18:08:29.159 [main] DEBUG com.github.dockerjava.zerodep.shaded.org.apache.hc.client5.http.headers -- http-outgoing-1 >> Accept-Encoding: gzip, x-gzip, deflate
18:08:29.159 [main] DEBUG com.github.dockerjava.zerodep.shaded.org.apache.hc.client5.http.headers -- http-outgoing-1 >> Host: localhost:2375
18:08:29.159 [main] DEBUG com.github.dockerjava.zerodep.shaded.org.apache.hc.client5.http.headers -- http-outgoing-1 >> Connection: keep-alive
18:08:29.159 [main] DEBUG com.github.dockerjava.zerodep.shaded.org.apache.hc.client5.http.headers -- http-outgoing-1 >> User-Agent: Apache-HttpClient/5.0.3 (Java/17.0.2)
18:08:29.159 [main] DEBUG com.github.dockerjava.zerodep.shaded.org.apache.hc.client5.http.wire -- http-outgoing-1 >> "GET /v1.32/version HTTP/1.1[\r][\n]"
18:08:29.159 [main] DEBUG com.github.dockerjava.zerodep.shaded.org.apache.hc.client5.http.wire -- http-outgoing-1 >> "accept: application/json[\r][\n]"
18:08:29.159 [main] DEBUG com.github.dockerjava.zerodep.shaded.org.apache.hc.client5.http.wire -- http-outgoing-1 >> "x-tc-sid: e0f64824-65da-49ef-ad69-afd5bd4a2a5f[\r][\n]"
18:08:29.159 [main] DEBUG com.github.dockerjava.zerodep.shaded.org.apache.hc.client5.http.wire -- http-outgoing-1 >> "Accept-Encoding: gzip, x-gzip, deflate[\r][\n]"
18:08:29.159 [main] DEBUG com.github.dockerjava.zerodep.shaded.org.apache.hc.client5.http.wire -- http-outgoing-1 >> "Host: localhost:2375[\r][\n]"
18:08:29.159 [main] DEBUG com.github.dockerjava.zerodep.shaded.org.apache.hc.client5.http.wire -- http-outgoing-1 >> "Connection: keep-alive[\r][\n]"
18:08:29.159 [main] DEBUG com.github.dockerjava.zerodep.shaded.org.apache.hc.client5.http.wire -- http-outgoing-1 >> "User-Agent: Apache-HttpClient/5.0.3 (Java/17.0.2)[\r][\n]"
18:08:29.159 [main] DEBUG com.github.dockerjava.zerodep.shaded.org.apache.hc.client5.http.wire -- http-outgoing-1 >> "[\r][\n]"
18:08:29.163 [main] DEBUG com.github.dockerjava.zerodep.shaded.org.apache.hc.client5.http.wire -- http-outgoing-1 << "HTTP/1.1 200 OK[\r][\n]"
18:08:29.164 [main] DEBUG com.github.dockerjava.zerodep.shaded.org.apache.hc.client5.http.wire -- http-outgoing-1 << "Api-Version: 1.43[\r][\n]"
18:08:29.164 [main] DEBUG com.github.dockerjava.zerodep.shaded.org.apache.hc.client5.http.wire -- http-outgoing-1 << "Content-Type: application/json[\r][\n]"
18:08:29.164 [main] DEBUG com.github.dockerjava.zerodep.shaded.org.apache.hc.client5.http.wire -- http-outgoing-1 << "Date: Sun, 18 Jun 2023 01:08:29 GMT[\r][\n]"
18:08:29.164 [main] DEBUG com.github.dockerjava.zerodep.shaded.org.apache.hc.client5.http.wire -- http-outgoing-1 << "Docker-Experimental: false[\r][\n]"
18:08:29.164 [main] DEBUG com.github.dockerjava.zerodep.shaded.org.apache.hc.client5.http.wire -- http-outgoing-1 << "Ostype: linux[\r][\n]"
18:08:29.164 [main] DEBUG com.github.dockerjava.zerodep.shaded.org.apache.hc.client5.http.wire -- http-outgoing-1 << "Server: Docker/24.0.2 (linux)[\r][\n]"
18:08:29.164 [main] DEBUG com.github.dockerjava.zerodep.shaded.org.apache.hc.client5.http.wire -- http-outgoing-1 << "Transfer-Encoding: chunked[\r][\n]"
18:08:29.164 [main] DEBUG com.github.dockerjava.zerodep.shaded.org.apache.hc.client5.http.wire -- http-outgoing-1 << "[\r][\n]"
18:08:29.164 [main] DEBUG com.github.dockerjava.zerodep.shaded.org.apache.hc.client5.http.headers -- http-outgoing-1 << HTTP/1.1 200 OK
18:08:29.164 [main] DEBUG com.github.dockerjava.zerodep.shaded.org.apache.hc.client5.http.headers -- http-outgoing-1 << Api-Version: 1.43
18:08:29.164 [main] DEBUG com.github.dockerjava.zerodep.shaded.org.apache.hc.client5.http.headers -- http-outgoing-1 << Content-Type: application/json
18:08:29.164 [main] DEBUG com.github.dockerjava.zerodep.shaded.org.apache.hc.client5.http.headers -- http-outgoing-1 << Date: Sun, 18 Jun 2023 01:08:29 GMT
18:08:29.164 [main] DEBUG com.github.dockerjava.zerodep.shaded.org.apache.hc.client5.http.headers -- http-outgoing-1 << Docker-Experimental: false
18:08:29.164 [main] DEBUG com.github.dockerjava.zerodep.shaded.org.apache.hc.client5.http.headers -- http-outgoing-1 << Ostype: linux
18:08:29.164 [main] DEBUG com.github.dockerjava.zerodep.shaded.org.apache.hc.client5.http.headers -- http-outgoing-1 << Server: Docker/24.0.2 (linux)
18:08:29.164 [main] DEBUG com.github.dockerjava.zerodep.shaded.org.apache.hc.client5.http.headers -- http-outgoing-1 << Transfer-Encoding: chunked
18:08:29.164 [main] DEBUG com.github.dockerjava.zerodep.shaded.org.apache.hc.client5.http.impl.classic.MainClientExec -- ex-00000011: connection can be kept alive for 3 MINUTES
18:08:29.164 [main] DEBUG com.github.dockerjava.zerodep.shaded.org.apache.hc.client5.http.wire -- http-outgoing-1 << "35b[\r][\n]"
18:08:29.164 [main] DEBUG com.github.dockerjava.zerodep.shaded.org.apache.hc.client5.http.wire -- http-outgoing-1 << "{"Platform":{"Name":"Docker Desktop 4.20.1 (110738)"},"Components":[{"Name":"Engine","Version":"24.0.2","Details":{"ApiVersion":"1.43","Arch":"amd64","BuildTime":"2023-05-25T21:52:17.000000000+00:00","Experimental":"false","GitCommit":"659604f","GoVersion":"go1.20.4","KernelVersion":"5.15.90.1-microsoft-standard-WSL2","MinAPIVersion":"1.12","Os":"linux"}},{"Name":"containerd","Version":"1.6.21","Details":{"GitCommit":"3dce8eb055cbb6872793272b4f20ed16117344f8"}},{"Name":"runc","Version":"1.1.7","Details":{"GitCommit":"v1.1.7-0-g860f061"}},{"Name":"docker-init","Version":"0.19.0","Details":{"GitCommit":"de40ad0"}}],"Version":"24.0.2","ApiVersion":"1.43","MinAPIVersion":"1.12","GitCommit":"659604f","GoVersion":"go1.20.4","Os":"linux","Arch":"amd64","KernelVersion":"5.15.90.1-microsoft-standard-WSL2","BuildTime":"2023-05-25T21:52:17.000000000+00:00"}[\n]"
18:08:29.164 [main] DEBUG com.github.dockerjava.zerodep.shaded.org.apache.hc.client5.http.wire -- http-outgoing-1 << "[\r][\n]"
18:08:29.164 [main] DEBUG com.github.dockerjava.zerodep.shaded.org.apache.hc.client5.http.wire -- http-outgoing-1 << "0[\r][\n]"
18:08:29.164 [main] DEBUG com.github.dockerjava.zerodep.shaded.org.apache.hc.client5.http.wire -- http-outgoing-1 << "[\r][\n]"
18:08:29.164 [main] DEBUG com.github.dockerjava.zerodep.shaded.org.apache.hc.client5.http.impl.classic.InternalHttpClient -- ep-00000010: releasing valid endpoint
18:08:29.164 [main] DEBUG com.github.dockerjava.zerodep.shaded.org.apache.hc.client5.http.impl.io.PoolingHttpClientConnectionManager -- ep-00000010: releasing endpoint
18:08:29.164 [main] DEBUG com.github.dockerjava.zerodep.shaded.org.apache.hc.client5.http.impl.io.PoolingHttpClientConnectionManager -- ep-00000010: connection http-outgoing-1 can be kept alive for 3 MINUTES
18:08:29.164 [main] DEBUG com.github.dockerjava.zerodep.shaded.org.apache.hc.client5.http.impl.io.PoolingHttpClientConnectionManager -- ep-00000010: connection released [route: {}->npipe://localhost:2375][total available: 1; route allocated: 1 of 2147483647; total allocated: 1 of 2147483647]
18:08:29.167 [testcontainers-wait-0] DEBUG org.testcontainers.containers.ExecInContainerPattern -- /stupefied_tharp: Running "exec" command: /bin/sh -c while true; do ( true  &&  (grep -i ':0*1f91' /proc/net/tcp* || nc -vz -w 1 localhost 8081 || /bin/bash -c '</dev/tcp/localhost/8081') ) && exit 0 || sleep 0.1; done
18:08:29.167 [testcontainers-wait-1] DEBUG org.testcontainers.shaded.com.github.dockerjava.core.command.AbstrDockerCmd -- Cmd: ca6063a3595a8abc6e2a82d9e15bf68a6c78e38548b91001899efe1b6e7c5ba2,false
18:08:29.167 [testcontainers-wait-1] DEBUG org.testcontainers.shaded.com.github.dockerjava.core.exec.InspectContainerCmdExec -- GET: DefaultWebTarget{path=[/containers/ca6063a3595a8abc6e2a82d9e15bf68a6c78e38548b91001899efe1b6e7c5ba2/json], queryParams={}}
18:08:29.168 [testcontainers-wait-1] DEBUG com.github.dockerjava.zerodep.shaded.org.apache.hc.client5.http.impl.classic.InternalHttpClient -- ex-00000012: preparing request execution
18:08:29.168 [testcontainers-wait-0] DEBUG org.testcontainers.shaded.com.github.dockerjava.core.command.AbstrDockerCmd -- Cmd: true,<null>,true,{/bin/sh,-c,while true; do ( true  &&  (grep -i ':0*1f91' /proc/net/tcp* || nc -vz -w 1 localhost 8081 || /bin/bash -c '</dev/tcp/localhost/8081') ) && exit 0 || sleep 0.1; done},ca6063a3595a8abc6e2a82d9e15bf68a6c78e38548b91001899efe1b6e7c5ba2,<null>,<null>,<null>,<null>,<null>
18:08:29.168 [testcontainers-wait-1] DEBUG com.github.dockerjava.zerodep.shaded.org.apache.hc.client5.http.protocol.RequestAddCookies -- Cookie spec selected: strict
18:08:29.168 [testcontainers-wait-1] DEBUG com.github.dockerjava.zerodep.shaded.org.apache.hc.client5.http.protocol.RequestAuthCache -- Auth cache not set in the context
18:08:29.168 [testcontainers-wait-1] DEBUG com.github.dockerjava.zerodep.shaded.org.apache.hc.client5.http.impl.classic.ProtocolExec -- ex-00000012: target auth state: UNCHALLENGED
18:08:29.168 [testcontainers-wait-1] DEBUG com.github.dockerjava.zerodep.shaded.org.apache.hc.client5.http.impl.classic.ProtocolExec -- ex-00000012: proxy auth state: UNCHALLENGED
18:08:29.168 [testcontainers-wait-1] DEBUG com.github.dockerjava.zerodep.shaded.org.apache.hc.client5.http.impl.classic.ConnectExec -- ex-00000012: acquiring connection with route {}->npipe://localhost:2375
18:08:29.168 [testcontainers-wait-1] DEBUG com.github.dockerjava.zerodep.shaded.org.apache.hc.client5.http.impl.classic.InternalHttpClient -- ex-00000012: acquiring endpoint (3 MINUTES)
18:08:29.168 [testcontainers-wait-1] DEBUG com.github.dockerjava.zerodep.shaded.org.apache.hc.client5.http.impl.io.PoolingHttpClientConnectionManager -- ex-00000012: endpoint lease request (3 MINUTES) [route: {}->npipe://localhost:2375][total available: 1; route allocated: 1 of 2147483647; total allocated: 1 of 2147483647]
18:08:29.169 [testcontainers-wait-1] DEBUG com.github.dockerjava.zerodep.shaded.org.apache.hc.client5.http.impl.io.PoolingHttpClientConnectionManager -- ex-00000012: endpoint leased [route: {}->npipe://localhost:2375][total available: 0; route allocated: 1 of 2147483647; total allocated: 1 of 2147483647]
18:08:29.169 [testcontainers-wait-1] DEBUG com.github.dockerjava.zerodep.shaded.org.apache.hc.client5.http.impl.io.PoolingHttpClientConnectionManager -- ex-00000012: acquired ep-00000011
18:08:29.169 [testcontainers-wait-1] DEBUG com.github.dockerjava.zerodep.shaded.org.apache.hc.client5.http.impl.classic.InternalHttpClient -- ex-00000012: acquired endpoint ep-00000011
18:08:29.169 [testcontainers-wait-1] DEBUG com.github.dockerjava.zerodep.shaded.org.apache.hc.client5.http.impl.classic.MainClientExec -- ex-00000012: executing GET /v1.32/containers/ca6063a3595a8abc6e2a82d9e15bf68a6c78e38548b91001899efe1b6e7c5ba2/json HTTP/1.1
18:08:29.169 [testcontainers-wait-1] DEBUG com.github.dockerjava.zerodep.shaded.org.apache.hc.client5.http.impl.classic.InternalHttpClient -- ep-00000011: start execution ex-00000012
18:08:29.169 [testcontainers-wait-1] DEBUG com.github.dockerjava.zerodep.shaded.org.apache.hc.client5.http.impl.io.PoolingHttpClientConnectionManager -- ep-00000011: executing exchange ex-00000012 over http-outgoing-1
18:08:29.169 [testcontainers-wait-1] DEBUG com.github.dockerjava.zerodep.shaded.org.apache.hc.client5.http.headers -- http-outgoing-1 >> GET /v1.32/containers/ca6063a3595a8abc6e2a82d9e15bf68a6c78e38548b91001899efe1b6e7c5ba2/json HTTP/1.1
18:08:29.169 [testcontainers-wait-1] DEBUG com.github.dockerjava.zerodep.shaded.org.apache.hc.client5.http.headers -- http-outgoing-1 >> accept: application/json
18:08:29.169 [testcontainers-wait-1] DEBUG com.github.dockerjava.zerodep.shaded.org.apache.hc.client5.http.headers -- http-outgoing-1 >> x-tc-sid: e0f64824-65da-49ef-ad69-afd5bd4a2a5f
18:08:29.169 [testcontainers-wait-1] DEBUG com.github.dockerjava.zerodep.shaded.org.apache.hc.client5.http.headers -- http-outgoing-1 >> Accept-Encoding: gzip, x-gzip, deflate
18:08:29.169 [testcontainers-wait-1] DEBUG com.github.dockerjava.zerodep.shaded.org.apache.hc.client5.http.headers -- http-outgoing-1 >> Host: localhost:2375
18:08:29.169 [testcontainers-wait-1] DEBUG com.github.dockerjava.zerodep.shaded.org.apache.hc.client5.http.headers -- http-outgoing-1 >> Connection: keep-alive
18:08:29.169 [testcontainers-wait-1] DEBUG com.github.dockerjava.zerodep.shaded.org.apache.hc.client5.http.headers -- http-outgoing-1 >> User-Agent: Apache-HttpClient/5.0.3 (Java/17.0.2)
18:08:29.169 [testcontainers-wait-1] DEBUG com.github.dockerjava.zerodep.shaded.org.apache.hc.client5.http.wire -- http-outgoing-1 >> "GET /v1.32/containers/ca6063a3595a8abc6e2a82d9e15bf68a6c78e38548b91001899efe1b6e7c5ba2/json HTTP/1.1[\r][\n]"
18:08:29.169 [testcontainers-wait-1] DEBUG com.github.dockerjava.zerodep.shaded.org.apache.hc.client5.http.wire -- http-outgoing-1 >> "accept: application/json[\r][\n]"
18:08:29.169 [testcontainers-wait-1] DEBUG com.github.dockerjava.zerodep.shaded.org.apache.hc.client5.http.wire -- http-outgoing-1 >> "x-tc-sid: e0f64824-65da-49ef-ad69-afd5bd4a2a5f[\r][\n]"
18:08:29.169 [testcontainers-wait-1] DEBUG com.github.dockerjava.zerodep.shaded.org.apache.hc.client5.http.wire -- http-outgoing-1 >> "Accept-Encoding: gzip, x-gzip, deflate[\r][\n]"
18:08:29.169 [testcontainers-wait-1] DEBUG com.github.dockerjava.zerodep.shaded.org.apache.hc.client5.http.wire -- http-outgoing-1 >> "Host: localhost:2375[\r][\n]"
18:08:29.169 [testcontainers-wait-1] DEBUG com.github.dockerjava.zerodep.shaded.org.apache.hc.client5.http.wire -- http-outgoing-1 >> "Connection: keep-alive[\r][\n]"
18:08:29.169 [testcontainers-wait-1] DEBUG com.github.dockerjava.zerodep.shaded.org.apache.hc.client5.http.wire -- http-outgoing-1 >> "User-Agent: Apache-HttpClient/5.0.3 (Java/17.0.2)[\r][\n]"
18:08:29.169 [testcontainers-wait-1] DEBUG com.github.dockerjava.zerodep.shaded.org.apache.hc.client5.http.wire -- http-outgoing-1 >> "[\r][\n]"
18:08:29.170 [testcontainers-wait-0] DEBUG com.github.dockerjava.zerodep.shaded.org.apache.hc.client5.http.impl.classic.InternalHttpClient -- ex-00000013: preparing request execution
18:08:29.171 [testcontainers-wait-0] DEBUG com.github.dockerjava.zerodep.shaded.org.apache.hc.client5.http.protocol.RequestAddCookies -- Cookie spec selected: strict
18:08:29.171 [testcontainers-wait-0] DEBUG com.github.dockerjava.zerodep.shaded.org.apache.hc.client5.http.protocol.RequestAuthCache -- Auth cache not set in the context
18:08:29.171 [testcontainers-wait-0] DEBUG com.github.dockerjava.zerodep.shaded.org.apache.hc.client5.http.impl.classic.ProtocolExec -- ex-00000013: target auth state: UNCHALLENGED
18:08:29.171 [testcontainers-wait-0] DEBUG com.github.dockerjava.zerodep.shaded.org.apache.hc.client5.http.impl.classic.ProtocolExec -- ex-00000013: proxy auth state: UNCHALLENGED
18:08:29.171 [testcontainers-wait-0] DEBUG com.github.dockerjava.zerodep.shaded.org.apache.hc.client5.http.impl.classic.ConnectExec -- ex-00000013: acquiring connection with route {}->npipe://localhost:2375
18:08:29.171 [testcontainers-wait-0] DEBUG com.github.dockerjava.zerodep.shaded.org.apache.hc.client5.http.impl.classic.InternalHttpClient -- ex-00000013: acquiring endpoint (3 MINUTES)
18:08:29.171 [testcontainers-wait-0] DEBUG com.github.dockerjava.zerodep.shaded.org.apache.hc.client5.http.impl.io.PoolingHttpClientConnectionManager -- ex-00000013: endpoint lease request (3 MINUTES) [route: {}->npipe://localhost:2375][total available: 0; route allocated: 1 of 2147483647; total allocated: 1 of 2147483647]
18:08:29.171 [testcontainers-wait-0] DEBUG com.github.dockerjava.zerodep.shaded.org.apache.hc.client5.http.impl.io.PoolingHttpClientConnectionManager -- ex-00000013: endpoint leased [route: {}->npipe://localhost:2375][total available: 0; route allocated: 2 of 2147483647; total allocated: 2 of 2147483647]
18:08:29.171 [testcontainers-wait-0] DEBUG com.github.dockerjava.zerodep.shaded.org.apache.hc.client5.http.impl.io.PoolingHttpClientConnectionManager -- ex-00000013: acquired ep-00000012
18:08:29.171 [testcontainers-wait-0] DEBUG com.github.dockerjava.zerodep.shaded.org.apache.hc.client5.http.impl.classic.InternalHttpClient -- ex-00000013: acquired endpoint ep-00000012
18:08:29.171 [testcontainers-wait-0] DEBUG com.github.dockerjava.zerodep.shaded.org.apache.hc.client5.http.impl.classic.ConnectExec -- ex-00000013: opening connection {}->npipe://localhost:2375
18:08:29.171 [testcontainers-wait-0] DEBUG com.github.dockerjava.zerodep.shaded.org.apache.hc.client5.http.impl.classic.InternalHttpClient -- ep-00000012: connecting endpoint (3 MINUTES)
18:08:29.171 [testcontainers-wait-0] DEBUG com.github.dockerjava.zerodep.shaded.org.apache.hc.client5.http.impl.io.PoolingHttpClientConnectionManager -- ep-00000012: connecting endpoint to npipe://localhost:2375 (3 MINUTES)
18:08:29.171 [testcontainers-wait-1] DEBUG com.github.dockerjava.zerodep.shaded.org.apache.hc.client5.http.wire -- http-outgoing-1 << "HTTP/1.1 200 OK[\r][\n]"
18:08:29.171 [testcontainers-wait-1] DEBUG com.github.dockerjava.zerodep.shaded.org.apache.hc.client5.http.wire -- http-outgoing-1 << "Api-Version: 1.43[\r][\n]"
18:08:29.171 [testcontainers-wait-0] DEBUG com.github.dockerjava.zerodep.shaded.org.apache.hc.client5.http.impl.io.DefaultHttpClientConnectionOperator -- http-outgoing-2: connecting to localhost/127.0.0.1:2375
18:08:29.171 [testcontainers-wait-1] DEBUG com.github.dockerjava.zerodep.shaded.org.apache.hc.client5.http.wire -- http-outgoing-1 << "Content-Type: application/json[\r][\n]"
18:08:29.171 [testcontainers-wait-1] DEBUG com.github.dockerjava.zerodep.shaded.org.apache.hc.client5.http.wire -- http-outgoing-1 << "Date: Sun, 18 Jun 2023 01:08:29 GMT[\r][\n]"
18:08:29.171 [testcontainers-wait-1] DEBUG com.github.dockerjava.zerodep.shaded.org.apache.hc.client5.http.wire -- http-outgoing-1 << "Docker-Experimental: false[\r][\n]"
18:08:29.171 [testcontainers-wait-1] DEBUG com.github.dockerjava.zerodep.shaded.org.apache.hc.client5.http.wire -- http-outgoing-1 << "Ostype: linux[\r][\n]"
18:08:29.171 [testcontainers-wait-1] DEBUG com.github.dockerjava.zerodep.shaded.org.apache.hc.client5.http.wire -- http-outgoing-1 << "Server: Docker/24.0.2 (linux)[\r][\n]"
18:08:29.171 [testcontainers-wait-1] DEBUG com.github.dockerjava.zerodep.shaded.org.apache.hc.client5.http.wire -- http-outgoing-1 << "Transfer-Encoding: chunked[\r][\n]"
18:08:29.171 [testcontainers-wait-1] DEBUG com.github.dockerjava.zerodep.shaded.org.apache.hc.client5.http.wire -- http-outgoing-1 << "[\r][\n]"
18:08:29.171 [testcontainers-wait-1] DEBUG com.github.dockerjava.zerodep.shaded.org.apache.hc.client5.http.headers -- http-outgoing-1 << HTTP/1.1 200 OK
18:08:29.171 [testcontainers-wait-1] DEBUG com.github.dockerjava.zerodep.shaded.org.apache.hc.client5.http.headers -- http-outgoing-1 << Api-Version: 1.43
18:08:29.171 [testcontainers-wait-1] DEBUG com.github.dockerjava.zerodep.shaded.org.apache.hc.client5.http.headers -- http-outgoing-1 << Content-Type: application/json
18:08:29.171 [testcontainers-wait-1] DEBUG com.github.dockerjava.zerodep.shaded.org.apache.hc.client5.http.headers -- http-outgoing-1 << Date: Sun, 18 Jun 2023 01:08:29 GMT
18:08:29.171 [testcontainers-wait-1] DEBUG com.github.dockerjava.zerodep.shaded.org.apache.hc.client5.http.headers -- http-outgoing-1 << Docker-Experimental: false
18:08:29.171 [testcontainers-wait-1] DEBUG com.github.dockerjava.zerodep.shaded.org.apache.hc.client5.http.headers -- http-outgoing-1 << Ostype: linux
18:08:29.171 [testcontainers-wait-1] DEBUG com.github.dockerjava.zerodep.shaded.org.apache.hc.client5.http.headers -- http-outgoing-1 << Server: Docker/24.0.2 (linux)
18:08:29.171 [testcontainers-wait-1] DEBUG com.github.dockerjava.zerodep.shaded.org.apache.hc.client5.http.headers -- http-outgoing-1 << Transfer-Encoding: chunked
18:08:29.171 [testcontainers-wait-1] DEBUG com.github.dockerjava.zerodep.shaded.org.apache.hc.client5.http.impl.classic.MainClientExec -- ex-00000012: connection can be kept alive for 3 MINUTES
18:08:29.171 [testcontainers-wait-0] DEBUG com.github.dockerjava.zerodep.shaded.org.apache.hc.client5.http.impl.io.DefaultHttpClientConnectionOperator -- http-outgoing-2: connection established 
18:08:29.171 [testcontainers-wait-0] DEBUG com.github.dockerjava.zerodep.shaded.org.apache.hc.client5.http.impl.io.PoolingHttpClientConnectionManager -- ep-00000012: connected http-outgoing-2
18:08:29.171 [testcontainers-wait-0] DEBUG com.github.dockerjava.zerodep.shaded.org.apache.hc.client5.http.impl.classic.InternalHttpClient -- ep-00000012: endpoint connected
18:08:29.171 [testcontainers-wait-0] DEBUG com.github.dockerjava.zerodep.shaded.org.apache.hc.client5.http.impl.classic.MainClientExec -- ex-00000013: executing POST /v1.32/containers/ca6063a3595a8abc6e2a82d9e15bf68a6c78e38548b91001899efe1b6e7c5ba2/exec HTTP/1.1
18:08:29.171 [testcontainers-wait-0] DEBUG com.github.dockerjava.zerodep.shaded.org.apache.hc.client5.http.impl.classic.InternalHttpClient -- ep-00000012: start execution ex-00000013
18:08:29.171 [testcontainers-wait-0] DEBUG com.github.dockerjava.zerodep.shaded.org.apache.hc.client5.http.impl.io.PoolingHttpClientConnectionManager -- ep-00000012: executing exchange ex-00000013 over http-outgoing-2
18:08:29.171 [testcontainers-wait-0] DEBUG com.github.dockerjava.zerodep.shaded.org.apache.hc.client5.http.headers -- http-outgoing-2 >> POST /v1.32/containers/ca6063a3595a8abc6e2a82d9e15bf68a6c78e38548b91001899efe1b6e7c5ba2/exec HTTP/1.1
18:08:29.171 [testcontainers-wait-0] DEBUG com.github.dockerjava.zerodep.shaded.org.apache.hc.client5.http.headers -- http-outgoing-2 >> accept: application/json
18:08:29.171 [testcontainers-wait-0] DEBUG com.github.dockerjava.zerodep.shaded.org.apache.hc.client5.http.headers -- http-outgoing-2 >> content-type: application/json
18:08:29.171 [testcontainers-wait-0] DEBUG com.github.dockerjava.zerodep.shaded.org.apache.hc.client5.http.headers -- http-outgoing-2 >> x-tc-sid: e0f64824-65da-49ef-ad69-afd5bd4a2a5f
18:08:29.171 [testcontainers-wait-0] DEBUG com.github.dockerjava.zerodep.shaded.org.apache.hc.client5.http.headers -- http-outgoing-2 >> Accept-Encoding: gzip, x-gzip, deflate
18:08:29.171 [testcontainers-wait-0] DEBUG com.github.dockerjava.zerodep.shaded.org.apache.hc.client5.http.headers -- http-outgoing-2 >> Content-Length: 402
18:08:29.171 [testcontainers-wait-0] DEBUG com.github.dockerjava.zerodep.shaded.org.apache.hc.client5.http.headers -- http-outgoing-2 >> Host: localhost:2375
18:08:29.172 [testcontainers-wait-0] DEBUG com.github.dockerjava.zerodep.shaded.org.apache.hc.client5.http.headers -- http-outgoing-2 >> Connection: keep-alive
18:08:29.172 [testcontainers-wait-0] DEBUG com.github.dockerjava.zerodep.shaded.org.apache.hc.client5.http.headers -- http-outgoing-2 >> User-Agent: Apache-HttpClient/5.0.3 (Java/17.0.2)
18:08:29.172 [testcontainers-wait-0] DEBUG com.github.dockerjava.zerodep.shaded.org.apache.hc.client5.http.wire -- http-outgoing-2 >> "POST /v1.32/containers/ca6063a3595a8abc6e2a82d9e15bf68a6c78e38548b91001899efe1b6e7c5ba2/exec HTTP/1.1[\r][\n]"
18:08:29.172 [testcontainers-wait-0] DEBUG com.github.dockerjava.zerodep.shaded.org.apache.hc.client5.http.wire -- http-outgoing-2 >> "accept: application/json[\r][\n]"
18:08:29.172 [testcontainers-wait-0] DEBUG com.github.dockerjava.zerodep.shaded.org.apache.hc.client5.http.wire -- http-outgoing-2 >> "content-type: application/json[\r][\n]"
18:08:29.172 [testcontainers-wait-0] DEBUG com.github.dockerjava.zerodep.shaded.org.apache.hc.client5.http.wire -- http-outgoing-2 >> "x-tc-sid: e0f64824-65da-49ef-ad69-afd5bd4a2a5f[\r][\n]"
18:08:29.172 [testcontainers-wait-0] DEBUG com.github.dockerjava.zerodep.shaded.org.apache.hc.client5.http.wire -- http-outgoing-2 >> "Accept-Encoding: gzip, x-gzip, deflate[\r][\n]"
18:08:29.172 [testcontainers-wait-0] DEBUG com.github.dockerjava.zerodep.shaded.org.apache.hc.client5.http.wire -- http-outgoing-2 >> "Content-Length: 402[\r][\n]"
18:08:29.172 [testcontainers-wait-0] DEBUG com.github.dockerjava.zerodep.shaded.org.apache.hc.client5.http.wire -- http-outgoing-2 >> "Host: localhost:2375[\r][\n]"
18:08:29.172 [testcontainers-wait-0] DEBUG com.github.dockerjava.zerodep.shaded.org.apache.hc.client5.http.wire -- http-outgoing-2 >> "Connection: keep-alive[\r][\n]"
18:08:29.172 [testcontainers-wait-0] DEBUG com.github.dockerjava.zerodep.shaded.org.apache.hc.client5.http.wire -- http-outgoing-2 >> "User-Agent: Apache-HttpClient/5.0.3 (Java/17.0.2)[\r][\n]"
18:08:29.172 [testcontainers-wait-0] DEBUG com.github.dockerjava.zerodep.shaded.org.apache.hc.client5.http.wire -- http-outgoing-2 >> "[\r][\n]"
18:08:29.172 [testcontainers-wait-0] DEBUG com.github.dockerjava.zerodep.shaded.org.apache.hc.client5.http.wire -- http-outgoing-2 >> "{"containerId":"ca6063a3595a8abc6e2a82d9e15bf68a6c78e38548b91001899efe1b6e7c5ba2","AttachStdin":null,"AttachStdout":true,"AttachStderr":true,"Tty":null,"Privileged":null,"User":null,"Cmd":["/bin/sh","-c","while true; do ( true  &&  (grep -i ':0*1f91' /proc/net/tcp* || nc -vz -w 1 localhost 8081 || /bin/bash -c '</dev/tcp/localhost/8081') ) && exit 0 || sleep 0.1; done"],"Env":null,"WorkingDir":null}"
18:08:29.172 [testcontainers-wait-1] DEBUG com.github.dockerjava.zerodep.shaded.org.apache.hc.client5.http.wire -- http-outgoing-1 << "1a66[\r][\n]"
18:08:29.172 [testcontainers-wait-1] DEBUG com.github.dockerjava.zerodep.shaded.org.apache.hc.client5.http.wire -- http-outgoing-1 << "{"Id":"ca6063a3595a8abc6e2a82d9e15bf68a6c78e38548b91001899efe1b6e7c5ba2","Created":"2023-06-18T01:08:28.818374804Z","Path":"/usr/local/bin/cosmos/start.sh","Args":[],"State":{"Status":"running","Running":true,"Paused":false,"Restarting":false,"OOMKilled":false,"Dead":false,"Pid":158471,"ExitCode":0,"Error":"","StartedAt":"2023-06-18T01:08:29.087872599Z","FinishedAt":"0001-01-01T00:00:00Z"},"Image":"sha256:2259132d2738c35748cf20296ac1f064c25cfa823bdf3cdb1fd02ae4a7103871","ResolvConfPath":"/var/lib/docker/containers/ca6063a3595a8abc6e2a82d9e15bf68a6c78e38548b91001899efe1b6e7c5ba2/resolv.conf","HostnamePath":"/var/lib/docker/containers/ca6063a3595a8abc6e2a82d9e15bf68a6c78e38548b91001899efe1b6e7c5ba2/hostname","HostsPath":"/var/lib/docker/containers/ca6063a3595a8abc6e2a82d9e15bf68a6c78e38548b91001899efe1b6e7c5ba2/hosts","LogPath":"/var/lib/docker/containers/ca6063a3595a8abc6e2a82d9e15bf68a6c78e38548b91001899efe1b6e7c5ba2/ca6063a3595a8abc6e2a82d9e15bf68a6c78e38548b91001899efe1b6e7c5ba2-json.log","Name":"/stupefied_tharp","RestartCount":0,"Driver":"overlay2","Platform":"linux","MountLabel":"","ProcessLabel":"","AppArmorProfile":"","ExecIDs":null,"HostConfig":{"Binds":[],"ContainerIDFile":"","LogConfig":{"Type":"json-file","Config":{}},"NetworkMode":"default","PortBindings":{"8081/tcp":[{"HostIp":"0.0.0.0","HostPort":"0"}]},"RestartPolicy":{"Name":"","MaximumRetryCount":0},"AutoRemove":false,"VolumeDriver":"","VolumesFrom":[],"ConsoleSize":[0,0],"CapAdd":null,"CapDrop":null,"CgroupnsMode":"host","Dns":null,"DnsOptions":null,"DnsSearch":null,"ExtraHosts":[],"GroupAdd":null,"IpcMode":"shareable","Cgroup":"","Links":null,"OomScoreAdj":0,"PidMode":"","Privileged":false,"PublishAllPorts":false,"ReadonlyRootfs":false,"SecurityOpt":null,"UTSMode":"","UsernsMode":"","ShmSize":67108864,"Runtime":"runc","Isolation":"","CpuShares":0,"Memory":0,"NanoCpus":0,"CgroupParent":"","BlkioWeight":0,"BlkioWeightDevice":null,"BlkioDeviceReadBps":null,"BlkioDeviceWriteBps":null,"BlkioDeviceReadIOps":null,"BlkioDeviceWriteIOps":null,"CpuPeriod":0,"CpuQuota":0,"CpuRealtimePeriod":0,"CpuRealtimeRuntime":0,"CpusetCpus":"","CpusetMems":"","Devices":null,"DeviceCgroupRules":null,"DeviceRequests":null,"MemoryReservation":0,"MemorySwap":0,"MemorySwappiness":null,"OomKillDisable":false,"PidsLimit":null,"Ulimits":null,"CpuCount":0,"CpuPercent":0,"IOMaximumIOps":0,"IOMaximumBandwidth":0,"MaskedPaths":["/proc/asound","/proc/acpi","/proc/kcore","/proc/keys","/proc/latency_stats","/proc/timer_list","/proc/timer_stats","/proc/sched_debug","/proc/scsi","/sys/firmware"],"ReadonlyPaths":["/proc/bus","/proc/fs","/proc/irq","/proc/sys","/proc/sysrq-trigger"]},"GraphDriver":{"Data":{"LowerDir":"/var/lib/docker/overlay2/ca450b325e586d144c00833d78ac5148c2133a33b7b080f1fa73e8fbd61a5b27-init/diff:/var/lib/docker/overlay2/5960045e1d8379eb4831a48d7408b879b62d5c91b75f989c6e4ddd9299580d91/diff:/var/lib/docker/overlay2/e14b24df599d42520b96c2d750ec155e6ab1d91157219f65888267a350ae462a/diff:/var/lib/docker/overlay2/34bfa100a0fc64c4f32431263f0eac844330a7cc1966901a6e3901736a55f418/diff:/var/lib/docker/overlay2/feb6dce514c2d6dc73c0e5e1088fbc4e89765e2e845cd493a9288d8074f9f915/diff:/var/lib/docker/overlay2/8f9dfb4304efe794fcfa5dfde6fbde1fca363cba117c72570ddb9b41fb95b018/diff:/var/lib/docker/overlay2/8273ee6acd6eee57ca3ec294e0e9ffe7716e7f4c699d99cbf1eeaa22bf5ad2eb/diff:/var/lib/docker/overlay2/534a0108bf4194d9f23b2e11e3ec1ca8c5248dda9dacdcd24bd601c481be0395/diff:/var/lib/docker/overlay2/3ca750208c45252136683ae82b2a8d0e7e0ab5b68bf20dfa0ffd49e4532e9f04/diff:/var/lib/docker/overlay2/d0d6c9fb19d5dd13153813449c7ec29815081c46bcc4077e1243bb0b05ea1a2a/diff:/var/lib/docker/overlay2/705d7461f91ef0159d7fb0a6a4fda8b6e6b52a584b0e38ed9bc2ea19c5da0b4e/diff:/var/lib/docker/overlay2/bf9b85a528ff44730d25b503d61104690d254df30740fc4c155b2b8f1d4acd39/diff:/var/lib/docker/overlay2/931be94b2811e175792875aee161025ef918be4c06dbaf95a51c821af8582373/diff:/var/lib/docker/overlay2/83dd382aa5c0f3788cf6698bf6df6064f7f312c436b3f7d1484757f8889b010e/diff:/var/lib/docker/overlay2/7883a3e4e5da4fe1ef50d9b2b6b0872393821"
18:08:29.173 [testcontainers-wait-1] DEBUG com.github.dockerjava.zerodep.shaded.org.apache.hc.client5.http.wire -- http-outgoing-1 << "03ffd0a85ee96521900b137ebdd/diff:/var/lib/docker/overlay2/077b9a88d175f0d342f1ef61484bfee566544f5cea24524820cfc9b3e946d5af/diff:/var/lib/docker/overlay2/c126800161fc664c9f5ceb7e3e287e7ed54d738428474099a26a5cd469a866c1/diff:/var/lib/docker/overlay2/49ce62bd1d7b905b2687de4f482d5f0078aec78863ff5f7a13cd07515c3a3700/diff:/var/lib/docker/overlay2/3a16b7f939aece19cfbc8ee9f398b82c17e34a630ea90db38e7dc8d800dfba3a/diff:/var/lib/docker/overlay2/4110e658648d00b3d1f9288a3e5db6599f74b75617ec4f0d78845d706bced349/diff:/var/lib/docker/overlay2/940aa41371a97de1c28ad964ec20ef075a3fb9f72429060d413793127089c1ef/diff","MergedDir":"/var/lib/docker/overlay2/ca450b325e586d144c00833d78ac5148c2133a33b7b080f1fa73e8fbd61a5b27/merged","UpperDir":"/var/lib/docker/overlay2/ca450b325e586d144c00833d78ac5148c2133a33b7b080f1fa73e8fbd61a5b27/diff","WorkDir":"/var/lib/docker/overlay2/ca450b325e586d144c00833d78ac5148c2133a33b7b080f1fa73e8fbd61a5b27/work"},"Name":"overlay2"},"Mounts":[],"Config":{"Hostname":"ca6063a3595a","Domainname":"","User":"","AttachStdin":false,"AttachStdout":false,"AttachStderr":false,"ExposedPorts":{"8081/tcp":{}},"Tty":false,"OpenStdin":false,"StdinOnce":false,"Env":["AZURE_COSMOS_EMULATOR_ACCEPT_TERMS=yes","PATH=/usr/local/sbin:/usr/local/bin:/usr/sbin:/usr/bin:/sbin:/bin"],"Cmd":["/usr/local/bin/cosmos/start.sh"],"Image":"mcr.microsoft.com/cosmosdb/linux/azure-cosmos-emulator:latest","Volumes":null,"WorkingDir":"/usr/local/bin/cosmos","Entrypoint":null,"OnBuild":null,"Labels":{"org.testcontainers":"true","org.testcontainers.lang":"java","org.testcontainers.sessionId":"e0f64824-65da-49ef-ad69-afd5bd4a2a5f","org.testcontainers.version":"1.18.1"}},"NetworkSettings":{"Bridge":"","SandboxID":"7306e13d4a7b6a067c1507dbb1fdd0f3ae1ac44aa94b25972cd3e1a248314d33","HairpinMode":false,"LinkLocalIPv6Address":"","LinkLocalIPv6PrefixLen":0,"Ports":{"8081/tcp":[{"HostIp":"0.0.0.0","HostPort":"58474"}]},"SandboxKey":"/var/run/docker/netns/7306e13d4a7b","SecondaryIPAddresses":null,"SecondaryIPv6Addresses":null,"EndpointID":"0a404ef2969c2ebe9be420e3d2b3660fabbfa933b082663cae82d7e553978f91","Gateway":"172.17.0.1","GlobalIPv6Address":"","GlobalIPv6PrefixLen":0,"IPAddress":"172.17.0.3","IPPrefixLen":16,"IPv6Gateway":"","MacAddress":"02:42:ac:11:00:03","Networks":{"bridge":{"IPAMConfig":null,"Links":null,"Aliases":null,"NetworkID":"8c73b9d22428bb7e7008f8f22d56fe5fa922947537d30f2190abea08496121e9","EndpointID":"0a404ef2969c2ebe9be420e3d2b3660fabbfa933b082663cae82d7e553978f91","Gateway":"172.17.0.1","IPAddress":"172.17.0.3","IPPrefixLen":16,"IPv6Gateway":"","GlobalIPv6Address":"","GlobalIPv6PrefixLen":0,"MacAddress":"02:42:ac:11:00:03","DriverOpts":null}}}}[\n]"
18:08:29.174 [testcontainers-wait-1] DEBUG com.github.dockerjava.zerodep.shaded.org.apache.hc.client5.http.wire -- http-outgoing-1 << "[\r][\n]"
18:08:29.174 [testcontainers-wait-1] DEBUG com.github.dockerjava.zerodep.shaded.org.apache.hc.client5.http.wire -- http-outgoing-1 << "0[\r][\n]"
18:08:29.174 [testcontainers-wait-1] DEBUG com.github.dockerjava.zerodep.shaded.org.apache.hc.client5.http.wire -- http-outgoing-1 << "[\r][\n]"
18:08:29.174 [testcontainers-wait-1] DEBUG com.github.dockerjava.zerodep.shaded.org.apache.hc.client5.http.impl.classic.InternalHttpClient -- ep-00000011: releasing valid endpoint
18:08:29.174 [testcontainers-wait-1] DEBUG com.github.dockerjava.zerodep.shaded.org.apache.hc.client5.http.impl.io.PoolingHttpClientConnectionManager -- ep-00000011: releasing endpoint
18:08:29.174 [testcontainers-wait-1] DEBUG com.github.dockerjava.zerodep.shaded.org.apache.hc.client5.http.impl.io.PoolingHttpClientConnectionManager -- ep-00000011: connection http-outgoing-1 can be kept alive for 3 MINUTES
18:08:29.174 [testcontainers-wait-1] DEBUG com.github.dockerjava.zerodep.shaded.org.apache.hc.client5.http.impl.io.PoolingHttpClientConnectionManager -- ep-00000011: connection released [route: {}->npipe://localhost:2375][total available: 1; route allocated: 2 of 2147483647; total allocated: 2 of 2147483647]
18:08:29.174 [testcontainers-wait-0] DEBUG com.github.dockerjava.zerodep.shaded.org.apache.hc.client5.http.wire -- http-outgoing-2 << "HTTP/1.1 201 Created[\r][\n]"
18:08:29.174 [testcontainers-wait-0] DEBUG com.github.dockerjava.zerodep.shaded.org.apache.hc.client5.http.wire -- http-outgoing-2 << "Api-Version: 1.43[\r][\n]"
18:08:29.174 [testcontainers-wait-0] DEBUG com.github.dockerjava.zerodep.shaded.org.apache.hc.client5.http.wire -- http-outgoing-2 << "Content-Type: application/json[\r][\n]"
18:08:29.175 [testcontainers-wait-0] DEBUG com.github.dockerjava.zerodep.shaded.org.apache.hc.client5.http.wire -- http-outgoing-2 << "Date: Sun, 18 Jun 2023 01:08:29 GMT[\r][\n]"
18:08:29.175 [testcontainers-wait-0] DEBUG com.github.dockerjava.zerodep.shaded.org.apache.hc.client5.http.wire -- http-outgoing-2 << "Docker-Experimental: false[\r][\n]"
18:08:29.175 [testcontainers-wait-0] DEBUG com.github.dockerjava.zerodep.shaded.org.apache.hc.client5.http.wire -- http-outgoing-2 << "Ostype: linux[\r][\n]"
18:08:29.175 [testcontainers-wait-0] DEBUG com.github.dockerjava.zerodep.shaded.org.apache.hc.client5.http.wire -- http-outgoing-2 << "Server: Docker/24.0.2 (linux)[\r][\n]"
18:08:29.175 [testcontainers-wait-0] DEBUG com.github.dockerjava.zerodep.shaded.org.apache.hc.client5.http.wire -- http-outgoing-2 << "Transfer-Encoding: chunked[\r][\n]"
18:08:29.175 [testcontainers-wait-0] DEBUG com.github.dockerjava.zerodep.shaded.org.apache.hc.client5.http.wire -- http-outgoing-2 << "[\r][\n]"
18:08:29.175 [testcontainers-wait-0] DEBUG com.github.dockerjava.zerodep.shaded.org.apache.hc.client5.http.headers -- http-outgoing-2 << HTTP/1.1 201 Created
18:08:29.175 [testcontainers-wait-0] DEBUG com.github.dockerjava.zerodep.shaded.org.apache.hc.client5.http.headers -- http-outgoing-2 << Api-Version: 1.43
18:08:29.175 [testcontainers-wait-0] DEBUG com.github.dockerjava.zerodep.shaded.org.apache.hc.client5.http.headers -- http-outgoing-2 << Content-Type: application/json
18:08:29.175 [testcontainers-wait-0] DEBUG com.github.dockerjava.zerodep.shaded.org.apache.hc.client5.http.headers -- http-outgoing-2 << Date: Sun, 18 Jun 2023 01:08:29 GMT
18:08:29.175 [testcontainers-wait-0] DEBUG com.github.dockerjava.zerodep.shaded.org.apache.hc.client5.http.headers -- http-outgoing-2 << Docker-Experimental: false
18:08:29.175 [testcontainers-wait-0] DEBUG com.github.dockerjava.zerodep.shaded.org.apache.hc.client5.http.headers -- http-outgoing-2 << Ostype: linux
18:08:29.175 [testcontainers-wait-0] DEBUG com.github.dockerjava.zerodep.shaded.org.apache.hc.client5.http.headers -- http-outgoing-2 << Server: Docker/24.0.2 (linux)
18:08:29.175 [testcontainers-wait-0] DEBUG com.github.dockerjava.zerodep.shaded.org.apache.hc.client5.http.headers -- http-outgoing-2 << Transfer-Encoding: chunked
18:08:29.175 [testcontainers-wait-0] DEBUG com.github.dockerjava.zerodep.shaded.org.apache.hc.client5.http.impl.classic.MainClientExec -- ex-00000013: connection can be kept alive for 3 MINUTES
18:08:29.175 [testcontainers-wait-0] DEBUG com.github.dockerjava.zerodep.shaded.org.apache.hc.client5.http.wire -- http-outgoing-2 << "4a[\r][\n]"
18:08:29.175 [testcontainers-wait-0] DEBUG com.github.dockerjava.zerodep.shaded.org.apache.hc.client5.http.wire -- http-outgoing-2 << "{"Id":"ec53fe4e231e02c57b866cfc08da0da499dc9cf8245ec404edfdbe3eb84115ad"}[\n]"
18:08:29.175 [testcontainers-wait-0] DEBUG com.github.dockerjava.zerodep.shaded.org.apache.hc.client5.http.wire -- http-outgoing-2 << "[\r][\n]"
18:08:29.175 [testcontainers-wait-0] DEBUG com.github.dockerjava.zerodep.shaded.org.apache.hc.client5.http.wire -- http-outgoing-2 << "0[\r][\n]"
18:08:29.175 [testcontainers-wait-0] DEBUG com.github.dockerjava.zerodep.shaded.org.apache.hc.client5.http.wire -- http-outgoing-2 << "[\r][\n]"
18:08:29.176 [testcontainers-wait-0] DEBUG com.github.dockerjava.zerodep.shaded.org.apache.hc.client5.http.impl.classic.InternalHttpClient -- ep-00000012: releasing valid endpoint
18:08:29.176 [testcontainers-wait-1] DEBUG org.testcontainers.containers.wait.strategy.HostPortWaitStrategy -- External port check passed for [8081] mapped as [58474] in PT0.0100575S
18:08:29.176 [testcontainers-wait-0] DEBUG com.github.dockerjava.zerodep.shaded.org.apache.hc.client5.http.impl.io.PoolingHttpClientConnectionManager -- ep-00000012: releasing endpoint
18:08:29.176 [testcontainers-wait-0] DEBUG com.github.dockerjava.zerodep.shaded.org.apache.hc.client5.http.impl.io.PoolingHttpClientConnectionManager -- ep-00000012: connection http-outgoing-2 can be kept alive for 3 MINUTES
18:08:29.176 [testcontainers-wait-0] DEBUG com.github.dockerjava.zerodep.shaded.org.apache.hc.client5.http.impl.io.PoolingHttpClientConnectionManager -- ep-00000012: connection released [route: {}->npipe://localhost:2375][total available: 2; route allocated: 2 of 2147483647; total allocated: 2 of 2147483647]
18:08:29.180 [docker-java-stream--1800955464] DEBUG com.github.dockerjava.zerodep.shaded.org.apache.hc.client5.http.impl.classic.InternalHttpClient -- ex-00000014: preparing request execution
18:08:29.180 [docker-java-stream--1800955464] DEBUG com.github.dockerjava.zerodep.shaded.org.apache.hc.client5.http.protocol.RequestAddCookies -- Cookie spec selected: strict
18:08:29.180 [docker-java-stream--1800955464] DEBUG com.github.dockerjava.zerodep.shaded.org.apache.hc.client5.http.protocol.RequestAuthCache -- Auth cache not set in the context
18:08:29.180 [docker-java-stream--1800955464] DEBUG com.github.dockerjava.zerodep.shaded.org.apache.hc.client5.http.impl.classic.ProtocolExec -- ex-00000014: target auth state: UNCHALLENGED
18:08:29.180 [docker-java-stream--1800955464] DEBUG com.github.dockerjava.zerodep.shaded.org.apache.hc.client5.http.impl.classic.ProtocolExec -- ex-00000014: proxy auth state: UNCHALLENGED
18:08:29.180 [docker-java-stream--1800955464] DEBUG com.github.dockerjava.zerodep.shaded.org.apache.hc.client5.http.impl.classic.ConnectExec -- ex-00000014: acquiring connection with route {}->npipe://localhost:2375
18:08:29.180 [docker-java-stream--1800955464] DEBUG com.github.dockerjava.zerodep.shaded.org.apache.hc.client5.http.impl.classic.InternalHttpClient -- ex-00000014: acquiring endpoint (3 MINUTES)
18:08:29.180 [docker-java-stream--1800955464] DEBUG com.github.dockerjava.zerodep.shaded.org.apache.hc.client5.http.impl.io.PoolingHttpClientConnectionManager -- ex-00000014: endpoint lease request (3 MINUTES) [route: {}->npipe://localhost:2375][total available: 2; route allocated: 2 of 2147483647; total allocated: 2 of 2147483647]
18:08:29.180 [docker-java-stream--1800955464] DEBUG com.github.dockerjava.zerodep.shaded.org.apache.hc.client5.http.impl.io.PoolingHttpClientConnectionManager -- ex-00000014: endpoint leased [route: {}->npipe://localhost:2375][total available: 1; route allocated: 2 of 2147483647; total allocated: 2 of 2147483647]
18:08:29.180 [docker-java-stream--1800955464] DEBUG com.github.dockerjava.zerodep.shaded.org.apache.hc.client5.http.impl.io.PoolingHttpClientConnectionManager -- ex-00000014: acquired ep-00000013
18:08:29.180 [docker-java-stream--1800955464] DEBUG com.github.dockerjava.zerodep.shaded.org.apache.hc.client5.http.impl.classic.InternalHttpClient -- ex-00000014: acquired endpoint ep-00000013
18:08:29.180 [docker-java-stream--1800955464] DEBUG com.github.dockerjava.zerodep.shaded.org.apache.hc.client5.http.impl.classic.MainClientExec -- ex-00000014: executing POST /v1.32/exec/ec53fe4e231e02c57b866cfc08da0da499dc9cf8245ec404edfdbe3eb84115ad/start HTTP/1.1
18:08:29.180 [docker-java-stream--1800955464] DEBUG com.github.dockerjava.zerodep.shaded.org.apache.hc.client5.http.impl.classic.InternalHttpClient -- ep-00000013: start execution ex-00000014
18:08:29.180 [docker-java-stream--1800955464] DEBUG com.github.dockerjava.zerodep.shaded.org.apache.hc.client5.http.impl.io.PoolingHttpClientConnectionManager -- ep-00000013: executing exchange ex-00000014 over http-outgoing-2
18:08:29.180 [docker-java-stream--1800955464] DEBUG com.github.dockerjava.zerodep.shaded.org.apache.hc.client5.http.headers -- http-outgoing-2 >> POST /v1.32/exec/ec53fe4e231e02c57b866cfc08da0da499dc9cf8245ec404edfdbe3eb84115ad/start HTTP/1.1
18:08:29.180 [docker-java-stream--1800955464] DEBUG com.github.dockerjava.zerodep.shaded.org.apache.hc.client5.http.headers -- http-outgoing-2 >> accept: application/json
18:08:29.180 [docker-java-stream--1800955464] DEBUG com.github.dockerjava.zerodep.shaded.org.apache.hc.client5.http.headers -- http-outgoing-2 >> content-type: application/json
18:08:29.180 [docker-java-stream--1800955464] DEBUG com.github.dockerjava.zerodep.shaded.org.apache.hc.client5.http.headers -- http-outgoing-2 >> x-tc-sid: e0f64824-65da-49ef-ad69-afd5bd4a2a5f
18:08:29.181 [docker-java-stream--1800955464] DEBUG com.github.dockerjava.zerodep.shaded.org.apache.hc.client5.http.headers -- http-outgoing-2 >> Accept-Encoding: gzip, x-gzip, deflate
18:08:29.181 [docker-java-stream--1800955464] DEBUG com.github.dockerjava.zerodep.shaded.org.apache.hc.client5.http.headers -- http-outgoing-2 >> Content-Length: 26
18:08:29.181 [docker-java-stream--1800955464] DEBUG com.github.dockerjava.zerodep.shaded.org.apache.hc.client5.http.headers -- http-outgoing-2 >> Host: localhost:2375
18:08:29.181 [docker-java-stream--1800955464] DEBUG com.github.dockerjava.zerodep.shaded.org.apache.hc.client5.http.headers -- http-outgoing-2 >> Connection: keep-alive
18:08:29.181 [docker-java-stream--1800955464] DEBUG com.github.dockerjava.zerodep.shaded.org.apache.hc.client5.http.headers -- http-outgoing-2 >> User-Agent: Apache-HttpClient/5.0.3 (Java/17.0.2)
18:08:29.181 [docker-java-stream--1800955464] DEBUG com.github.dockerjava.zerodep.shaded.org.apache.hc.client5.http.wire -- http-outgoing-2 >> "POST /v1.32/exec/ec53fe4e231e02c57b866cfc08da0da499dc9cf8245ec404edfdbe3eb84115ad/start HTTP/1.1[\r][\n]"
18:08:29.181 [docker-java-stream--1800955464] DEBUG com.github.dockerjava.zerodep.shaded.org.apache.hc.client5.http.wire -- http-outgoing-2 >> "accept: application/json[\r][\n]"
18:08:29.181 [docker-java-stream--1800955464] DEBUG com.github.dockerjava.zerodep.shaded.org.apache.hc.client5.http.wire -- http-outgoing-2 >> "content-type: application/json[\r][\n]"
18:08:29.181 [docker-java-stream--1800955464] DEBUG com.github.dockerjava.zerodep.shaded.org.apache.hc.client5.http.wire -- http-outgoing-2 >> "x-tc-sid: e0f64824-65da-49ef-ad69-afd5bd4a2a5f[\r][\n]"
18:08:29.181 [docker-java-stream--1800955464] DEBUG com.github.dockerjava.zerodep.shaded.org.apache.hc.client5.http.wire -- http-outgoing-2 >> "Accept-Encoding: gzip, x-gzip, deflate[\r][\n]"
18:08:29.181 [docker-java-stream--1800955464] DEBUG com.github.dockerjava.zerodep.shaded.org.apache.hc.client5.http.wire -- http-outgoing-2 >> "Content-Length: 26[\r][\n]"
18:08:29.181 [docker-java-stream--1800955464] DEBUG com.github.dockerjava.zerodep.shaded.org.apache.hc.client5.http.wire -- http-outgoing-2 >> "Host: localhost:2375[\r][\n]"
18:08:29.181 [docker-java-stream--1800955464] DEBUG com.github.dockerjava.zerodep.shaded.org.apache.hc.client5.http.wire -- http-outgoing-2 >> "Connection: keep-alive[\r][\n]"
18:08:29.181 [docker-java-stream--1800955464] DEBUG com.github.dockerjava.zerodep.shaded.org.apache.hc.client5.http.wire -- http-outgoing-2 >> "User-Agent: Apache-HttpClient/5.0.3 (Java/17.0.2)[\r][\n]"
18:08:29.181 [docker-java-stream--1800955464] DEBUG com.github.dockerjava.zerodep.shaded.org.apache.hc.client5.http.wire -- http-outgoing-2 >> "[\r][\n]"
18:08:29.181 [docker-java-stream--1800955464] DEBUG com.github.dockerjava.zerodep.shaded.org.apache.hc.client5.http.wire -- http-outgoing-2 >> "{"Detach":null,"Tty":null}"
18:08:29.185 [docker-java-stream--1800955464] DEBUG com.github.dockerjava.zerodep.shaded.org.apache.hc.client5.http.wire -- http-outgoing-2 << "HTTP/1.1 200 OK[\r][\n]"
18:08:29.185 [docker-java-stream--1800955464] DEBUG com.github.dockerjava.zerodep.shaded.org.apache.hc.client5.http.wire -- http-outgoing-2 << "Api-Version: 1.43[\r][\n]"
18:08:29.185 [docker-java-stream--1800955464] DEBUG com.github.dockerjava.zerodep.shaded.org.apache.hc.client5.http.wire -- http-outgoing-2 << "Content-Type: application/vnd.docker.raw-stream[\r][\n]"
18:08:29.185 [docker-java-stream--1800955464] DEBUG com.github.dockerjava.zerodep.shaded.org.apache.hc.client5.http.wire -- http-outgoing-2 << "Date: Sun, 18 Jun 2023 01:08:29 GMT[\r][\n]"
18:08:29.185 [docker-java-stream--1800955464] DEBUG com.github.dockerjava.zerodep.shaded.org.apache.hc.client5.http.wire -- http-outgoing-2 << "Docker-Experimental: false[\r][\n]"
18:08:29.185 [docker-java-stream--1800955464] DEBUG com.github.dockerjava.zerodep.shaded.org.apache.hc.client5.http.wire -- http-outgoing-2 << "Ostype: linux[\r][\n]"
18:08:29.185 [docker-java-stream--1800955464] DEBUG com.github.dockerjava.zerodep.shaded.org.apache.hc.client5.http.wire -- http-outgoing-2 << "Server: Docker/24.0.2 (linux)[\r][\n]"
18:08:29.185 [docker-java-stream--1800955464] DEBUG com.github.dockerjava.zerodep.shaded.org.apache.hc.client5.http.wire -- http-outgoing-2 << "Transfer-Encoding: chunked[\r][\n]"
18:08:29.185 [docker-java-stream--1800955464] DEBUG com.github.dockerjava.zerodep.shaded.org.apache.hc.client5.http.wire -- http-outgoing-2 << "[\r][\n]"
18:08:29.185 [docker-java-stream--1800955464] DEBUG com.github.dockerjava.zerodep.shaded.org.apache.hc.client5.http.headers -- http-outgoing-2 << HTTP/1.1 200 OK
18:08:29.185 [docker-java-stream--1800955464] DEBUG com.github.dockerjava.zerodep.shaded.org.apache.hc.client5.http.headers -- http-outgoing-2 << Api-Version: 1.43
18:08:29.185 [docker-java-stream--1800955464] DEBUG com.github.dockerjava.zerodep.shaded.org.apache.hc.client5.http.headers -- http-outgoing-2 << Content-Type: application/vnd.docker.raw-stream
18:08:29.185 [docker-java-stream--1800955464] DEBUG com.github.dockerjava.zerodep.shaded.org.apache.hc.client5.http.headers -- http-outgoing-2 << Date: Sun, 18 Jun 2023 01:08:29 GMT
18:08:29.185 [docker-java-stream--1800955464] DEBUG com.github.dockerjava.zerodep.shaded.org.apache.hc.client5.http.headers -- http-outgoing-2 << Docker-Experimental: false
18:08:29.185 [docker-java-stream--1800955464] DEBUG com.github.dockerjava.zerodep.shaded.org.apache.hc.client5.http.headers -- http-outgoing-2 << Ostype: linux
18:08:29.185 [docker-java-stream--1800955464] DEBUG com.github.dockerjava.zerodep.shaded.org.apache.hc.client5.http.headers -- http-outgoing-2 << Server: Docker/24.0.2 (linux)
18:08:29.185 [docker-java-stream--1800955464] DEBUG com.github.dockerjava.zerodep.shaded.org.apache.hc.client5.http.headers -- http-outgoing-2 << Transfer-Encoding: chunked
18:08:29.186 [docker-java-stream--1800955464] DEBUG com.github.dockerjava.zerodep.shaded.org.apache.hc.client5.http.impl.classic.MainClientExec -- ex-00000014: connection can be kept alive for 3 MINUTES
18:08:29.324 [docker-java-stream--1800955464] DEBUG com.github.dockerjava.zerodep.shaded.org.apache.hc.client5.http.wire -- http-outgoing-2 << "22[\r][\n]"
18:08:29.324 [docker-java-stream--1800955464] DEBUG com.github.dockerjava.zerodep.shaded.org.apache.hc.client5.http.wire -- http-outgoing-2 << "[0x2][0x0][0x0][0x0][0x0][0x0][0x0][0x1a]/bin/sh: 1: nc: not found[\n]"
18:08:29.324 [docker-java-stream--1800955464] DEBUG com.github.dockerjava.zerodep.shaded.org.apache.hc.client5.http.wire -- http-outgoing-2 << "[\r][\n]"
18:08:29.324 [docker-java-stream--1800955464] DEBUG com.github.dockerjava.zerodep.shaded.org.apache.hc.client5.http.wire -- http-outgoing-2 << "80[\r][\n]"
18:08:29.324 [docker-java-stream--1800955464] DEBUG com.github.dockerjava.zerodep.shaded.org.apache.hc.client5.http.wire -- http-outgoing-2 << "[0x2][0x0][0x0][0x0][0x0][0x0][0x0]x/bin/bash: connect: Cannot assign requested address[\n]"
18:08:29.324 [docker-java-stream--1800955464] DEBUG com.github.dockerjava.zerodep.shaded.org.apache.hc.client5.http.wire -- http-outgoing-2 << "/bin/bash: /dev/tcp/localhost/8081: Cannot assign requested address[\n]"
18:08:29.324 [docker-java-stream--1800955464] DEBUG com.github.dockerjava.zerodep.shaded.org.apache.hc.client5.http.wire -- http-outgoing-2 << "[\r][\n]"
18:08:29.430 [docker-java-stream--1800955464] DEBUG com.github.dockerjava.zerodep.shaded.org.apache.hc.client5.http.wire -- http-outgoing-2 << "22[\r][\n]"
18:08:29.430 [docker-java-stream--1800955464] DEBUG com.github.dockerjava.zerodep.shaded.org.apache.hc.client5.http.wire -- http-outgoing-2 << "[0x2][0x0][0x0][0x0][0x0][0x0][0x0][0x1a]/bin/sh: 1: nc: not found[\n]"
18:08:29.430 [docker-java-stream--1800955464] DEBUG com.github.dockerjava.zerodep.shaded.org.apache.hc.client5.http.wire -- http-outgoing-2 << "[\r][\n]"
18:08:29.431 [docker-java-stream--1800955464] DEBUG com.github.dockerjava.zerodep.shaded.org.apache.hc.client5.http.wire -- http-outgoing-2 << "80[\r][\n]"
18:08:29.431 [docker-java-stream--1800955464] DEBUG com.github.dockerjava.zerodep.shaded.org.apache.hc.client5.http.wire -- http-outgoing-2 << "[0x2][0x0][0x0][0x0][0x0][0x0][0x0]x/bin/bash: connect: Cannot assign requested address[\n]"
18:08:29.431 [docker-java-stream--1800955464] DEBUG com.github.dockerjava.zerodep.shaded.org.apache.hc.client5.http.wire -- http-outgoing-2 << "/bin/bash: /dev/tcp/localhost/8081: Cannot assign requested address[\n]"
18:08:29.431 [docker-java-stream--1800955464] DEBUG com.github.dockerjava.zerodep.shaded.org.apache.hc.client5.http.wire -- http-outgoing-2 << "[\r][\n]"
18:08:29.535 [docker-java-stream--1800955464] DEBUG com.github.dockerjava.zerodep.shaded.org.apache.hc.client5.http.wire -- http-outgoing-2 << "22[\r][\n]"
18:08:29.535 [docker-java-stream--1800955464] DEBUG com.github.dockerjava.zerodep.shaded.org.apache.hc.client5.http.wire -- http-outgoing-2 << "[0x2][0x0][0x0][0x0][0x0][0x0][0x0][0x1a]/bin/sh: 1: nc: not found[\n]"
18:08:29.535 [docker-java-stream--1800955464] DEBUG com.github.dockerjava.zerodep.shaded.org.apache.hc.client5.http.wire -- http-outgoing-2 << "[\r][\n]"
18:08:29.535 [docker-java-stream--1800955464] DEBUG com.github.dockerjava.zerodep.shaded.org.apache.hc.client5.http.wire -- http-outgoing-2 << "80[\r][\n]"
18:08:29.535 [docker-java-stream--1800955464] DEBUG com.github.dockerjava.zerodep.shaded.org.apache.hc.client5.http.wire -- http-outgoing-2 << "[0x2][0x0][0x0][0x0][0x0][0x0][0x0]x/bin/bash: connect: Cannot assign requested address[\n]"
18:08:29.535 [docker-java-stream--1800955464] DEBUG com.github.dockerjava.zerodep.shaded.org.apache.hc.client5.http.wire -- http-outgoing-2 << "/bin/bash: /dev/tcp/localhost/8081: Cannot assign requested address[\n]"
18:08:29.535 [docker-java-stream--1800955464] DEBUG com.github.dockerjava.zerodep.shaded.org.apache.hc.client5.http.wire -- http-outgoing-2 << "[\r][\n]"
18:08:29.640 [docker-java-stream--1800955464] DEBUG com.github.dockerjava.zerodep.shaded.org.apache.hc.client5.http.wire -- http-outgoing-2 << "22[\r][\n]"
18:08:29.640 [docker-java-stream--1800955464] DEBUG com.github.dockerjava.zerodep.shaded.org.apache.hc.client5.http.wire -- http-outgoing-2 << "[0x2][0x0][0x0][0x0][0x0][0x0][0x0][0x1a]/bin/sh: 1: nc: not found[\n]"
18:08:29.640 [docker-java-stream--1800955464] DEBUG com.github.dockerjava.zerodep.shaded.org.apache.hc.client5.http.wire -- http-outgoing-2 << "[\r][\n]"
18:08:29.640 [docker-java-stream--1800955464] DEBUG com.github.dockerjava.zerodep.shaded.org.apache.hc.client5.http.wire -- http-outgoing-2 << "80[\r][\n]"
18:08:29.640 [docker-java-stream--1800955464] DEBUG com.github.dockerjava.zerodep.shaded.org.apache.hc.client5.http.wire -- http-outgoing-2 << "[0x2][0x0][0x0][0x0][0x0][0x0][0x0]x/bin/bash: connect: Cannot assign requested address[\n]"
18:08:29.640 [docker-java-stream--1800955464] DEBUG com.github.dockerjava.zerodep.shaded.org.apache.hc.client5.http.wire -- http-outgoing-2 << "/bin/bash: /dev/tcp/localhost/8081: Cannot assign requested address[\n]"
18:08:29.640 [docker-java-stream--1800955464] DEBUG com.github.dockerjava.zerodep.shaded.org.apache.hc.client5.http.wire -- http-outgoing-2 << "[\r][\n]"
18:08:29.744 [docker-java-stream--1800955464] DEBUG com.github.dockerjava.zerodep.shaded.org.apache.hc.client5.http.wire -- http-outgoing-2 << "22[\r][\n]"
18:08:29.744 [docker-java-stream--1800955464] DEBUG com.github.dockerjava.zerodep.shaded.org.apache.hc.client5.http.wire -- http-outgoing-2 << "[0x2][0x0][0x0][0x0][0x0][0x0][0x0][0x1a]/bin/sh: 1: nc: not found[\n]"
18:08:29.744 [docker-java-stream--1800955464] DEBUG com.github.dockerjava.zerodep.shaded.org.apache.hc.client5.http.wire -- http-outgoing-2 << "[\r][\n]"
18:08:29.745 [docker-java-stream--1800955464] DEBUG com.github.dockerjava.zerodep.shaded.org.apache.hc.client5.http.wire -- http-outgoing-2 << "80[\r][\n]"
18:08:29.745 [docker-java-stream--1800955464] DEBUG com.github.dockerjava.zerodep.shaded.org.apache.hc.client5.http.wire -- http-outgoing-2 << "[0x2][0x0][0x0][0x0][0x0][0x0][0x0]x/bin/bash: connect: Cannot assign requested address[\n]"
18:08:29.745 [docker-java-stream--1800955464] DEBUG com.github.dockerjava.zerodep.shaded.org.apache.hc.client5.http.wire -- http-outgoing-2 << "/bin/bash: /dev/tcp/localhost/8081: Cannot assign requested address[\n]"
18:08:29.745 [docker-java-stream--1800955464] DEBUG com.github.dockerjava.zerodep.shaded.org.apache.hc.client5.http.wire -- http-outgoing-2 << "[\r][\n]"
18:08:29.849 [docker-java-stream--1800955464] DEBUG com.github.dockerjava.zerodep.shaded.org.apache.hc.client5.http.wire -- http-outgoing-2 << "22[\r][\n]"
18:08:29.849 [docker-java-stream--1800955464] DEBUG com.github.dockerjava.zerodep.shaded.org.apache.hc.client5.http.wire -- http-outgoing-2 << "[0x2][0x0][0x0][0x0][0x0][0x0][0x0][0x1a]/bin/sh: 1: nc: not found[\n]"
18:08:29.849 [docker-java-stream--1800955464] DEBUG com.github.dockerjava.zerodep.shaded.org.apache.hc.client5.http.wire -- http-outgoing-2 << "[\r][\n]"
18:08:29.850 [docker-java-stream--1800955464] DEBUG com.github.dockerjava.zerodep.shaded.org.apache.hc.client5.http.wire -- http-outgoing-2 << "80[\r][\n]"
18:08:29.850 [docker-java-stream--1800955464] DEBUG com.github.dockerjava.zerodep.shaded.org.apache.hc.client5.http.wire -- http-outgoing-2 << "[0x2][0x0][0x0][0x0][0x0][0x0][0x0]x/bin/bash: connect: Cannot assign requested address[\n]"
18:08:29.850 [docker-java-stream--1800955464] DEBUG com.github.dockerjava.zerodep.shaded.org.apache.hc.client5.http.wire -- http-outgoing-2 << "/bin/bash: /dev/tcp/localhost/8081: Cannot assign requested address[\n]"
18:08:29.850 [docker-java-stream--1800955464] DEBUG com.github.dockerjava.zerodep.shaded.org.apache.hc.client5.http.wire -- http-outgoing-2 << "[\r][\n]"
18:08:29.954 [docker-java-stream--1800955464] DEBUG com.github.dockerjava.zerodep.shaded.org.apache.hc.client5.http.wire -- http-outgoing-2 << "22[\r][\n]"
18:08:29.954 [docker-java-stream--1800955464] DEBUG com.github.dockerjava.zerodep.shaded.org.apache.hc.client5.http.wire -- http-outgoing-2 << "[0x2][0x0][0x0][0x0][0x0][0x0][0x0][0x1a]/bin/sh: 1: nc: not found[\n]"
18:08:29.954 [docker-java-stream--1800955464] DEBUG com.github.dockerjava.zerodep.shaded.org.apache.hc.client5.http.wire -- http-outgoing-2 << "[\r][\n]"
18:08:29.955 [docker-java-stream--1800955464] DEBUG com.github.dockerjava.zerodep.shaded.org.apache.hc.client5.http.wire -- http-outgoing-2 << "80[\r][\n]"
18:08:29.955 [docker-java-stream--1800955464] DEBUG com.github.dockerjava.zerodep.shaded.org.apache.hc.client5.http.wire -- http-outgoing-2 << "[0x2][0x0][0x0][0x0][0x0][0x0][0x0]x/bin/bash: connect: Cannot assign requested address[\n]"
18:08:29.955 [docker-java-stream--1800955464] DEBUG com.github.dockerjava.zerodep.shaded.org.apache.hc.client5.http.wire -- http-outgoing-2 << "/bin/bash: /dev/tcp/localhost/8081: Cannot assign requested address[\n]"
18:08:29.955 [docker-java-stream--1800955464] DEBUG com.github.dockerjava.zerodep.shaded.org.apache.hc.client5.http.wire -- http-outgoing-2 << "[\r][\n]"
18:08:30.059 [docker-java-stream--1800955464] DEBUG com.github.dockerjava.zerodep.shaded.org.apache.hc.client5.http.wire -- http-outgoing-2 << "22[\r][\n]"
18:08:30.059 [docker-java-stream--1800955464] DEBUG com.github.dockerjava.zerodep.shaded.org.apache.hc.client5.http.wire -- http-outgoing-2 << "[0x2][0x0][0x0][0x0][0x0][0x0][0x0][0x1a]/bin/sh: 1: nc: not found[\n]"
18:08:30.059 [docker-java-stream--1800955464] DEBUG com.github.dockerjava.zerodep.shaded.org.apache.hc.client5.http.wire -- http-outgoing-2 << "[\r][\n]"
18:08:30.060 [docker-java-stream--1800955464] DEBUG com.github.dockerjava.zerodep.shaded.org.apache.hc.client5.http.wire -- http-outgoing-2 << "80[\r][\n]"
18:08:30.061 [docker-java-stream--1800955464] DEBUG com.github.dockerjava.zerodep.shaded.org.apache.hc.client5.http.wire -- http-outgoing-2 << "[0x2][0x0][0x0][0x0][0x0][0x0][0x0]x/bin/bash: connect: Cannot assign requested address[\n]"
18:08:30.061 [docker-java-stream--1800955464] DEBUG com.github.dockerjava.zerodep.shaded.org.apache.hc.client5.http.wire -- http-outgoing-2 << "/bin/bash: /dev/tcp/localhost/8081: Cannot assign requested address[\n]"
18:08:30.061 [docker-java-stream--1800955464] DEBUG com.github.dockerjava.zerodep.shaded.org.apache.hc.client5.http.wire -- http-outgoing-2 << "[\r][\n]"
18:08:30.165 [docker-java-stream--1800955464] DEBUG com.github.dockerjava.zerodep.shaded.org.apache.hc.client5.http.wire -- http-outgoing-2 << "22[\r][\n]"
18:08:30.165 [docker-java-stream--1800955464] DEBUG com.github.dockerjava.zerodep.shaded.org.apache.hc.client5.http.wire -- http-outgoing-2 << "[0x2][0x0][0x0][0x0][0x0][0x0][0x0][0x1a]/bin/sh: 1: nc: not found[\n]"
18:08:30.165 [docker-java-stream--1800955464] DEBUG com.github.dockerjava.zerodep.shaded.org.apache.hc.client5.http.wire -- http-outgoing-2 << "[\r][\n]"
18:08:30.166 [docker-java-stream--1800955464] DEBUG com.github.dockerjava.zerodep.shaded.org.apache.hc.client5.http.wire -- http-outgoing-2 << "80[\r][\n]"
18:08:30.166 [docker-java-stream--1800955464] DEBUG com.github.dockerjava.zerodep.shaded.org.apache.hc.client5.http.wire -- http-outgoing-2 << "[0x2][0x0][0x0][0x0][0x0][0x0][0x0]x/bin/bash: connect: Cannot assign requested address[\n]"
18:08:30.166 [docker-java-stream--1800955464] DEBUG com.github.dockerjava.zerodep.shaded.org.apache.hc.client5.http.wire -- http-outgoing-2 << "/bin/bash: /dev/tcp/localhost/8081: Cannot assign requested address[\n]"
18:08:30.166 [docker-java-stream--1800955464] DEBUG com.github.dockerjava.zerodep.shaded.org.apache.hc.client5.http.wire -- http-outgoing-2 << "[\r][\n]"
18:08:30.269 [docker-java-stream--1800955464] DEBUG com.github.dockerjava.zerodep.shaded.org.apache.hc.client5.http.wire -- http-outgoing-2 << "22[\r][\n]"
18:08:30.269 [docker-java-stream--1800955464] DEBUG com.github.dockerjava.zerodep.shaded.org.apache.hc.client5.http.wire -- http-outgoing-2 << "[0x2][0x0][0x0][0x0][0x0][0x0][0x0][0x1a]/bin/sh: 1: nc: not found[\n]"
18:08:30.269 [docker-java-stream--1800955464] DEBUG com.github.dockerjava.zerodep.shaded.org.apache.hc.client5.http.wire -- http-outgoing-2 << "[\r][\n]"
18:08:30.270 [docker-java-stream--1800955464] DEBUG com.github.dockerjava.zerodep.shaded.org.apache.hc.client5.http.wire -- http-outgoing-2 << "80[\r][\n]"
18:08:30.270 [docker-java-stream--1800955464] DEBUG com.github.dockerjava.zerodep.shaded.org.apache.hc.client5.http.wire -- http-outgoing-2 << "[0x2][0x0][0x0][0x0][0x0][0x0][0x0]x/bin/bash: connect: Cannot assign requested address[\n]"
18:08:30.270 [docker-java-stream--1800955464] DEBUG com.github.dockerjava.zerodep.shaded.org.apache.hc.client5.http.wire -- http-outgoing-2 << "/bin/bash: /dev/tcp/localhost/8081: Cannot assign requested address[\n]"
18:08:30.270 [docker-java-stream--1800955464] DEBUG com.github.dockerjava.zerodep.shaded.org.apache.hc.client5.http.wire -- http-outgoing-2 << "[\r][\n]"
18:08:30.374 [docker-java-stream--1800955464] DEBUG com.github.dockerjava.zerodep.shaded.org.apache.hc.client5.http.wire -- http-outgoing-2 << "22[\r][\n]"
18:08:30.374 [docker-java-stream--1800955464] DEBUG com.github.dockerjava.zerodep.shaded.org.apache.hc.client5.http.wire -- http-outgoing-2 << "[0x2][0x0][0x0][0x0][0x0][0x0][0x0][0x1a]/bin/sh: 1: nc: not found[\n]"
18:08:30.374 [docker-java-stream--1800955464] DEBUG com.github.dockerjava.zerodep.shaded.org.apache.hc.client5.http.wire -- http-outgoing-2 << "[\r][\n]"
18:08:30.375 [docker-java-stream--1800955464] DEBUG com.github.dockerjava.zerodep.shaded.org.apache.hc.client5.http.wire -- http-outgoing-2 << "80[\r][\n]"
18:08:30.375 [docker-java-stream--1800955464] DEBUG com.github.dockerjava.zerodep.shaded.org.apache.hc.client5.http.wire -- http-outgoing-2 << "[0x2][0x0][0x0][0x0][0x0][0x0][0x0]x/bin/bash: connect: Cannot assign requested address[\n]"
18:08:30.375 [docker-java-stream--1800955464] DEBUG com.github.dockerjava.zerodep.shaded.org.apache.hc.client5.http.wire -- http-outgoing-2 << "/bin/bash: /dev/tcp/localhost/8081: Cannot assign requested address[\n]"
18:08:30.375 [docker-java-stream--1800955464] DEBUG com.github.dockerjava.zerodep.shaded.org.apache.hc.client5.http.wire -- http-outgoing-2 << "[\r][\n]"
18:08:30.479 [docker-java-stream--1800955464] DEBUG com.github.dockerjava.zerodep.shaded.org.apache.hc.client5.http.wire -- http-outgoing-2 << "22[\r][\n]"
18:08:30.479 [docker-java-stream--1800955464] DEBUG com.github.dockerjava.zerodep.shaded.org.apache.hc.client5.http.wire -- http-outgoing-2 << "[0x2][0x0][0x0][0x0][0x0][0x0][0x0][0x1a]/bin/sh: 1: nc: not found[\n]"
18:08:30.479 [docker-java-stream--1800955464] DEBUG com.github.dockerjava.zerodep.shaded.org.apache.hc.client5.http.wire -- http-outgoing-2 << "[\r][\n]"
18:08:30.480 [docker-java-stream--1800955464] DEBUG com.github.dockerjava.zerodep.shaded.org.apache.hc.client5.http.wire -- http-outgoing-2 << "80[\r][\n]"
18:08:30.480 [docker-java-stream--1800955464] DEBUG com.github.dockerjava.zerodep.shaded.org.apache.hc.client5.http.wire -- http-outgoing-2 << "[0x2][0x0][0x0][0x0][0x0][0x0][0x0]x/bin/bash: connect: Cannot assign requested address[\n]"
18:08:30.480 [docker-java-stream--1800955464] DEBUG com.github.dockerjava.zerodep.shaded.org.apache.hc.client5.http.wire -- http-outgoing-2 << "/bin/bash: /dev/tcp/localhost/8081: Cannot assign requested address[\n]"
18:08:30.480 [docker-java-stream--1800955464] DEBUG com.github.dockerjava.zerodep.shaded.org.apache.hc.client5.http.wire -- http-outgoing-2 << "[\r][\n]"
18:08:30.584 [docker-java-stream--1800955464] DEBUG com.github.dockerjava.zerodep.shaded.org.apache.hc.client5.http.wire -- http-outgoing-2 << "22[\r][\n]"
18:08:30.584 [docker-java-stream--1800955464] DEBUG com.github.dockerjava.zerodep.shaded.org.apache.hc.client5.http.wire -- http-outgoing-2 << "[0x2][0x0][0x0][0x0][0x0][0x0][0x0][0x1a]/bin/sh: 1: nc: not found[\n]"
18:08:30.584 [docker-java-stream--1800955464] DEBUG com.github.dockerjava.zerodep.shaded.org.apache.hc.client5.http.wire -- http-outgoing-2 << "[\r][\n]"
18:08:30.584 [docker-java-stream--1800955464] DEBUG com.github.dockerjava.zerodep.shaded.org.apache.hc.client5.http.wire -- http-outgoing-2 << "80[\r][\n]"
18:08:30.584 [docker-java-stream--1800955464] DEBUG com.github.dockerjava.zerodep.shaded.org.apache.hc.client5.http.wire -- http-outgoing-2 << "[0x2][0x0][0x0][0x0][0x0][0x0][0x0]x/bin/bash: connect: Cannot assign requested address[\n]"
18:08:30.584 [docker-java-stream--1800955464] DEBUG com.github.dockerjava.zerodep.shaded.org.apache.hc.client5.http.wire -- http-outgoing-2 << "/bin/bash: /dev/tcp/localhost/8081: Cannot assign requested address[\n]"
18:08:30.584 [docker-java-stream--1800955464] DEBUG com.github.dockerjava.zerodep.shaded.org.apache.hc.client5.http.wire -- http-outgoing-2 << "[\r][\n]"
18:08:30.689 [docker-java-stream--1800955464] DEBUG com.github.dockerjava.zerodep.shaded.org.apache.hc.client5.http.wire -- http-outgoing-2 << "22[\r][\n]"
18:08:30.689 [docker-java-stream--1800955464] DEBUG com.github.dockerjava.zerodep.shaded.org.apache.hc.client5.http.wire -- http-outgoing-2 << "[0x2][0x0][0x0][0x0][0x0][0x0][0x0][0x1a]/bin/sh: 1: nc: not found[\n]"
18:08:30.689 [docker-java-stream--1800955464] DEBUG com.github.dockerjava.zerodep.shaded.org.apache.hc.client5.http.wire -- http-outgoing-2 << "[\r][\n]"
18:08:30.690 [docker-java-stream--1800955464] DEBUG com.github.dockerjava.zerodep.shaded.org.apache.hc.client5.http.wire -- http-outgoing-2 << "80[\r][\n]"
18:08:30.690 [docker-java-stream--1800955464] DEBUG com.github.dockerjava.zerodep.shaded.org.apache.hc.client5.http.wire -- http-outgoing-2 << "[0x2][0x0][0x0][0x0][0x0][0x0][0x0]x/bin/bash: connect: Cannot assign requested address[\n]"
18:08:30.690 [docker-java-stream--1800955464] DEBUG com.github.dockerjava.zerodep.shaded.org.apache.hc.client5.http.wire -- http-outgoing-2 << "/bin/bash: /dev/tcp/localhost/8081: Cannot assign requested address[\n]"
18:08:30.690 [docker-java-stream--1800955464] DEBUG com.github.dockerjava.zerodep.shaded.org.apache.hc.client5.http.wire -- http-outgoing-2 << "[\r][\n]"
18:08:30.793 [docker-java-stream--1800955464] DEBUG com.github.dockerjava.zerodep.shaded.org.apache.hc.client5.http.wire -- http-outgoing-2 << "22[\r][\n]"
18:08:30.793 [docker-java-stream--1800955464] DEBUG com.github.dockerjava.zerodep.shaded.org.apache.hc.client5.http.wire -- http-outgoing-2 << "[0x2][0x0][0x0][0x0][0x0][0x0][0x0][0x1a]/bin/sh: 1: nc: not found[\n]"
18:08:30.793 [docker-java-stream--1800955464] DEBUG com.github.dockerjava.zerodep.shaded.org.apache.hc.client5.http.wire -- http-outgoing-2 << "[\r][\n]"
18:08:30.794 [docker-java-stream--1800955464] DEBUG com.github.dockerjava.zerodep.shaded.org.apache.hc.client5.http.wire -- http-outgoing-2 << "80[\r][\n]"
18:08:30.795 [docker-java-stream--1800955464] DEBUG com.github.dockerjava.zerodep.shaded.org.apache.hc.client5.http.wire -- http-outgoing-2 << "[0x2][0x0][0x0][0x0][0x0][0x0][0x0]x/bin/bash: connect: Cannot assign requested address[\n]"
18:08:30.795 [docker-java-stream--1800955464] DEBUG com.github.dockerjava.zerodep.shaded.org.apache.hc.client5.http.wire -- http-outgoing-2 << "/bin/bash: /dev/tcp/localhost/8081: Cannot assign requested address[\n]"
18:08:30.795 [docker-java-stream--1800955464] DEBUG com.github.dockerjava.zerodep.shaded.org.apache.hc.client5.http.wire -- http-outgoing-2 << "[\r][\n]"
18:08:30.898 [docker-java-stream--1800955464] DEBUG com.github.dockerjava.zerodep.shaded.org.apache.hc.client5.http.wire -- http-outgoing-2 << "22[\r][\n]"
18:08:30.898 [docker-java-stream--1800955464] DEBUG com.github.dockerjava.zerodep.shaded.org.apache.hc.client5.http.wire -- http-outgoing-2 << "[0x2][0x0][0x0][0x0][0x0][0x0][0x0][0x1a]/bin/sh: 1: nc: not found[\n]"
18:08:30.898 [docker-java-stream--1800955464] DEBUG com.github.dockerjava.zerodep.shaded.org.apache.hc.client5.http.wire -- http-outgoing-2 << "[\r][\n]"
18:08:30.899 [docker-java-stream--1800955464] DEBUG com.github.dockerjava.zerodep.shaded.org.apache.hc.client5.http.wire -- http-outgoing-2 << "80[\r][\n]"
18:08:30.899 [docker-java-stream--1800955464] DEBUG com.github.dockerjava.zerodep.shaded.org.apache.hc.client5.http.wire -- http-outgoing-2 << "[0x2][0x0][0x0][0x0][0x0][0x0][0x0]x/bin/bash: connect: Cannot assign requested address[\n]"
18:08:30.899 [docker-java-stream--1800955464] DEBUG com.github.dockerjava.zerodep.shaded.org.apache.hc.client5.http.wire -- http-outgoing-2 << "/bin/bash: /dev/tcp/localhost/8081: Cannot assign requested address[\n]"
18:08:30.899 [docker-java-stream--1800955464] DEBUG com.github.dockerjava.zerodep.shaded.org.apache.hc.client5.http.wire -- http-outgoing-2 << "[\r][\n]"
18:08:31.003 [docker-java-stream--1800955464] DEBUG com.github.dockerjava.zerodep.shaded.org.apache.hc.client5.http.wire -- http-outgoing-2 << "22[\r][\n]"
18:08:31.003 [docker-java-stream--1800955464] DEBUG com.github.dockerjava.zerodep.shaded.org.apache.hc.client5.http.wire -- http-outgoing-2 << "[0x2][0x0][0x0][0x0][0x0][0x0][0x0][0x1a]/bin/sh: 1: nc: not found[\n]"
18:08:31.003 [docker-java-stream--1800955464] DEBUG com.github.dockerjava.zerodep.shaded.org.apache.hc.client5.http.wire -- http-outgoing-2 << "[\r][\n]"
18:08:31.004 [docker-java-stream--1800955464] DEBUG com.github.dockerjava.zerodep.shaded.org.apache.hc.client5.http.wire -- http-outgoing-2 << "80[\r][\n]"
18:08:31.004 [docker-java-stream--1800955464] DEBUG com.github.dockerjava.zerodep.shaded.org.apache.hc.client5.http.wire -- http-outgoing-2 << "[0x2][0x0][0x0][0x0][0x0][0x0][0x0]x/bin/bash: connect: Cannot assign requested address[\n]"
18:08:31.004 [docker-java-stream--1800955464] DEBUG com.github.dockerjava.zerodep.shaded.org.apache.hc.client5.http.wire -- http-outgoing-2 << "/bin/bash: /dev/tcp/localhost/8081: Cannot assign requested address[\n]"
18:08:31.004 [docker-java-stream--1800955464] DEBUG com.github.dockerjava.zerodep.shaded.org.apache.hc.client5.http.wire -- http-outgoing-2 << "[\r][\n]"
18:08:31.108 [docker-java-stream--1800955464] DEBUG com.github.dockerjava.zerodep.shaded.org.apache.hc.client5.http.wire -- http-outgoing-2 << "22[\r][\n]"
18:08:31.108 [docker-java-stream--1800955464] DEBUG com.github.dockerjava.zerodep.shaded.org.apache.hc.client5.http.wire -- http-outgoing-2 << "[0x2][0x0][0x0][0x0][0x0][0x0][0x0][0x1a]/bin/sh: 1: nc: not found[\n]"
18:08:31.108 [docker-java-stream--1800955464] DEBUG com.github.dockerjava.zerodep.shaded.org.apache.hc.client5.http.wire -- http-outgoing-2 << "[\r][\n]"
18:08:31.109 [docker-java-stream--1800955464] DEBUG com.github.dockerjava.zerodep.shaded.org.apache.hc.client5.http.wire -- http-outgoing-2 << "80[\r][\n]"
18:08:31.109 [docker-java-stream--1800955464] DEBUG com.github.dockerjava.zerodep.shaded.org.apache.hc.client5.http.wire -- http-outgoing-2 << "[0x2][0x0][0x0][0x0][0x0][0x0][0x0]x/bin/bash: connect: Cannot assign requested address[\n]"
18:08:31.109 [docker-java-stream--1800955464] DEBUG com.github.dockerjava.zerodep.shaded.org.apache.hc.client5.http.wire -- http-outgoing-2 << "/bin/bash: /dev/tcp/localhost/8081: Cannot assign requested address[\n]"
18:08:31.109 [docker-java-stream--1800955464] DEBUG com.github.dockerjava.zerodep.shaded.org.apache.hc.client5.http.wire -- http-outgoing-2 << "[\r][\n]"
18:08:31.214 [docker-java-stream--1800955464] DEBUG com.github.dockerjava.zerodep.shaded.org.apache.hc.client5.http.wire -- http-outgoing-2 << "22[\r][\n]"
18:08:31.214 [docker-java-stream--1800955464] DEBUG com.github.dockerjava.zerodep.shaded.org.apache.hc.client5.http.wire -- http-outgoing-2 << "[0x2][0x0][0x0][0x0][0x0][0x0][0x0][0x1a]/bin/sh: 1: nc: not found[\n]"
18:08:31.214 [docker-java-stream--1800955464] DEBUG com.github.dockerjava.zerodep.shaded.org.apache.hc.client5.http.wire -- http-outgoing-2 << "[\r][\n]"
18:08:31.214 [docker-java-stream--1800955464] DEBUG com.github.dockerjava.zerodep.shaded.org.apache.hc.client5.http.wire -- http-outgoing-2 << "80[\r][\n]"
18:08:31.214 [docker-java-stream--1800955464] DEBUG com.github.dockerjava.zerodep.shaded.org.apache.hc.client5.http.wire -- http-outgoing-2 << "[0x2][0x0][0x0][0x0][0x0][0x0][0x0]x/bin/bash: connect: Cannot assign requested address[\n]"
18:08:31.214 [docker-java-stream--1800955464] DEBUG com.github.dockerjava.zerodep.shaded.org.apache.hc.client5.http.wire -- http-outgoing-2 << "/bin/bash: /dev/tcp/localhost/8081: Cannot assign requested address[\n]"
18:08:31.214 [docker-java-stream--1800955464] DEBUG com.github.dockerjava.zerodep.shaded.org.apache.hc.client5.http.wire -- http-outgoing-2 << "[\r][\n]"
18:08:31.320 [docker-java-stream--1800955464] DEBUG com.github.dockerjava.zerodep.shaded.org.apache.hc.client5.http.wire -- http-outgoing-2 << "22[\r][\n]"
18:08:31.320 [docker-java-stream--1800955464] DEBUG com.github.dockerjava.zerodep.shaded.org.apache.hc.client5.http.wire -- http-outgoing-2 << "[0x2][0x0][0x0][0x0][0x0][0x0][0x0][0x1a]/bin/sh: 1: nc: not found[\n]"
18:08:31.320 [docker-java-stream--1800955464] DEBUG com.github.dockerjava.zerodep.shaded.org.apache.hc.client5.http.wire -- http-outgoing-2 << "[\r][\n]"
18:08:31.321 [docker-java-stream--1800955464] DEBUG com.github.dockerjava.zerodep.shaded.org.apache.hc.client5.http.wire -- http-outgoing-2 << "80[\r][\n]"
18:08:31.321 [docker-java-stream--1800955464] DEBUG com.github.dockerjava.zerodep.shaded.org.apache.hc.client5.http.wire -- http-outgoing-2 << "[0x2][0x0][0x0][0x0][0x0][0x0][0x0]x/bin/bash: connect: Cannot assign requested address[\n]"
18:08:31.321 [docker-java-stream--1800955464] DEBUG com.github.dockerjava.zerodep.shaded.org.apache.hc.client5.http.wire -- http-outgoing-2 << "/bin/bash: /dev/tcp/localhost/8081: Cannot assign requested address[\n]"
18:08:31.321 [docker-java-stream--1800955464] DEBUG com.github.dockerjava.zerodep.shaded.org.apache.hc.client5.http.wire -- http-outgoing-2 << "[\r][\n]"
18:08:31.423 [docker-java-stream--1800955464] DEBUG com.github.dockerjava.zerodep.shaded.org.apache.hc.client5.http.wire -- http-outgoing-2 << "22[\r][\n]"
18:08:31.423 [docker-java-stream--1800955464] DEBUG com.github.dockerjava.zerodep.shaded.org.apache.hc.client5.http.wire -- http-outgoing-2 << "[0x2][0x0][0x0][0x0][0x0][0x0][0x0][0x1a]/bin/sh: 1: nc: not found[\n]"
18:08:31.423 [docker-java-stream--1800955464] DEBUG com.github.dockerjava.zerodep.shaded.org.apache.hc.client5.http.wire -- http-outgoing-2 << "[\r][\n]"
18:08:31.425 [docker-java-stream--1800955464] DEBUG com.github.dockerjava.zerodep.shaded.org.apache.hc.client5.http.wire -- http-outgoing-2 << "80[\r][\n]"
18:08:31.425 [docker-java-stream--1800955464] DEBUG com.github.dockerjava.zerodep.shaded.org.apache.hc.client5.http.wire -- http-outgoing-2 << "[0x2][0x0][0x0][0x0][0x0][0x0][0x0]x/bin/bash: connect: Cannot assign requested address[\n]"
18:08:31.425 [docker-java-stream--1800955464] DEBUG com.github.dockerjava.zerodep.shaded.org.apache.hc.client5.http.wire -- http-outgoing-2 << "/bin/bash: /dev/tcp/localhost/8081: Cannot assign requested address[\n]"
18:08:31.425 [docker-java-stream--1800955464] DEBUG com.github.dockerjava.zerodep.shaded.org.apache.hc.client5.http.wire -- http-outgoing-2 << "[\r][\n]"
18:08:31.529 [docker-java-stream--1800955464] DEBUG com.github.dockerjava.zerodep.shaded.org.apache.hc.client5.http.wire -- http-outgoing-2 << "22[\r][\n]"
18:08:31.529 [docker-java-stream--1800955464] DEBUG com.github.dockerjava.zerodep.shaded.org.apache.hc.client5.http.wire -- http-outgoing-2 << "[0x2][0x0][0x0][0x0][0x0][0x0][0x0][0x1a]/bin/sh: 1: nc: not found[\n]"
18:08:31.529 [docker-java-stream--1800955464] DEBUG com.github.dockerjava.zerodep.shaded.org.apache.hc.client5.http.wire -- http-outgoing-2 << "[\r][\n]"
18:08:31.529 [docker-java-stream--1800955464] DEBUG com.github.dockerjava.zerodep.shaded.org.apache.hc.client5.http.wire -- http-outgoing-2 << "80[\r][\n]"
18:08:31.529 [docker-java-stream--1800955464] DEBUG com.github.dockerjava.zerodep.shaded.org.apache.hc.client5.http.wire -- http-outgoing-2 << "[0x2][0x0][0x0][0x0][0x0][0x0][0x0]x/bin/bash: connect: Cannot assign requested address[\n]"
18:08:31.529 [docker-java-stream--1800955464] DEBUG com.github.dockerjava.zerodep.shaded.org.apache.hc.client5.http.wire -- http-outgoing-2 << "/bin/bash: /dev/tcp/localhost/8081: Cannot assign requested address[\n]"
18:08:31.530 [docker-java-stream--1800955464] DEBUG com.github.dockerjava.zerodep.shaded.org.apache.hc.client5.http.wire -- http-outgoing-2 << "[\r][\n]"
18:08:31.634 [docker-java-stream--1800955464] DEBUG com.github.dockerjava.zerodep.shaded.org.apache.hc.client5.http.wire -- http-outgoing-2 << "22[\r][\n]"
18:08:31.634 [docker-java-stream--1800955464] DEBUG com.github.dockerjava.zerodep.shaded.org.apache.hc.client5.http.wire -- http-outgoing-2 << "[0x2][0x0][0x0][0x0][0x0][0x0][0x0][0x1a]/bin/sh: 1: nc: not found[\n]"
18:08:31.634 [docker-java-stream--1800955464] DEBUG com.github.dockerjava.zerodep.shaded.org.apache.hc.client5.http.wire -- http-outgoing-2 << "[\r][\n]"
18:08:31.634 [docker-java-stream--1800955464] DEBUG com.github.dockerjava.zerodep.shaded.org.apache.hc.client5.http.wire -- http-outgoing-2 << "80[\r][\n]"
18:08:31.635 [docker-java-stream--1800955464] DEBUG com.github.dockerjava.zerodep.shaded.org.apache.hc.client5.http.wire -- http-outgoing-2 << "[0x2][0x0][0x0][0x0][0x0][0x0][0x0]x/bin/bash: connect: Cannot assign requested address[\n]"
18:08:31.635 [docker-java-stream--1800955464] DEBUG com.github.dockerjava.zerodep.shaded.org.apache.hc.client5.http.wire -- http-outgoing-2 << "/bin/bash: /dev/tcp/localhost/8081: Cannot assign requested address[\n]"
18:08:31.635 [docker-java-stream--1800955464] DEBUG com.github.dockerjava.zerodep.shaded.org.apache.hc.client5.http.wire -- http-outgoing-2 << "[\r][\n]"
18:08:31.739 [docker-java-stream--1800955464] DEBUG com.github.dockerjava.zerodep.shaded.org.apache.hc.client5.http.wire -- http-outgoing-2 << "22[\r][\n]"
18:08:31.739 [docker-java-stream--1800955464] DEBUG com.github.dockerjava.zerodep.shaded.org.apache.hc.client5.http.wire -- http-outgoing-2 << "[0x2][0x0][0x0][0x0][0x0][0x0][0x0][0x1a]/bin/sh: 1: nc: not found[\n]"
18:08:31.739 [docker-java-stream--1800955464] DEBUG com.github.dockerjava.zerodep.shaded.org.apache.hc.client5.http.wire -- http-outgoing-2 << "[\r][\n]"
18:08:31.739 [docker-java-stream--1800955464] DEBUG com.github.dockerjava.zerodep.shaded.org.apache.hc.client5.http.wire -- http-outgoing-2 << "80[\r][\n]"
18:08:31.739 [docker-java-stream--1800955464] DEBUG com.github.dockerjava.zerodep.shaded.org.apache.hc.client5.http.wire -- http-outgoing-2 << "[0x2][0x0][0x0][0x0][0x0][0x0][0x0]x/bin/bash: connect: Cannot assign requested address[\n]"
18:08:31.739 [docker-java-stream--1800955464] DEBUG com.github.dockerjava.zerodep.shaded.org.apache.hc.client5.http.wire -- http-outgoing-2 << "/bin/bash: /dev/tcp/localhost/8081: Cannot assign requested address[\n]"
18:08:31.739 [docker-java-stream--1800955464] DEBUG com.github.dockerjava.zerodep.shaded.org.apache.hc.client5.http.wire -- http-outgoing-2 << "[\r][\n]"
18:08:31.844 [docker-java-stream--1800955464] DEBUG com.github.dockerjava.zerodep.shaded.org.apache.hc.client5.http.wire -- http-outgoing-2 << "22[\r][\n]"
18:08:31.844 [docker-java-stream--1800955464] DEBUG com.github.dockerjava.zerodep.shaded.org.apache.hc.client5.http.wire -- http-outgoing-2 << "[0x2][0x0][0x0][0x0][0x0][0x0][0x0][0x1a]/bin/sh: 1: nc: not found[\n]"
18:08:31.844 [docker-java-stream--1800955464] DEBUG com.github.dockerjava.zerodep.shaded.org.apache.hc.client5.http.wire -- http-outgoing-2 << "[\r][\n]"
18:08:31.845 [docker-java-stream--1800955464] DEBUG com.github.dockerjava.zerodep.shaded.org.apache.hc.client5.http.wire -- http-outgoing-2 << "80[\r][\n]"
18:08:31.845 [docker-java-stream--1800955464] DEBUG com.github.dockerjava.zerodep.shaded.org.apache.hc.client5.http.wire -- http-outgoing-2 << "[0x2][0x0][0x0][0x0][0x0][0x0][0x0]x/bin/bash: connect: Cannot assign requested address[\n]"
18:08:31.845 [docker-java-stream--1800955464] DEBUG com.github.dockerjava.zerodep.shaded.org.apache.hc.client5.http.wire -- http-outgoing-2 << "/bin/bash: /dev/tcp/localhost/8081: Cannot assign requested address[\n]"
18:08:31.845 [docker-java-stream--1800955464] DEBUG com.github.dockerjava.zerodep.shaded.org.apache.hc.client5.http.wire -- http-outgoing-2 << "[\r][\n]"
18:08:31.949 [docker-java-stream--1800955464] DEBUG com.github.dockerjava.zerodep.shaded.org.apache.hc.client5.http.wire -- http-outgoing-2 << "22[\r][\n]"
18:08:31.949 [docker-java-stream--1800955464] DEBUG com.github.dockerjava.zerodep.shaded.org.apache.hc.client5.http.wire -- http-outgoing-2 << "[0x2][0x0][0x0][0x0][0x0][0x0][0x0][0x1a]/bin/sh: 1: nc: not found[\n]"
18:08:31.949 [docker-java-stream--1800955464] DEBUG com.github.dockerjava.zerodep.shaded.org.apache.hc.client5.http.wire -- http-outgoing-2 << "[\r][\n]"
18:08:31.949 [docker-java-stream--1800955464] DEBUG com.github.dockerjava.zerodep.shaded.org.apache.hc.client5.http.wire -- http-outgoing-2 << "80[\r][\n]"
18:08:31.949 [docker-java-stream--1800955464] DEBUG com.github.dockerjava.zerodep.shaded.org.apache.hc.client5.http.wire -- http-outgoing-2 << "[0x2][0x0][0x0][0x0][0x0][0x0][0x0]x/bin/bash: connect: Cannot assign requested address[\n]"
18:08:31.949 [docker-java-stream--1800955464] DEBUG com.github.dockerjava.zerodep.shaded.org.apache.hc.client5.http.wire -- http-outgoing-2 << "/bin/bash: /dev/tcp/localhost/8081: Cannot assign requested address[\n]"
18:08:31.949 [docker-java-stream--1800955464] DEBUG com.github.dockerjava.zerodep.shaded.org.apache.hc.client5.http.wire -- http-outgoing-2 << "[\r][\n]"
18:08:32.054 [docker-java-stream--1800955464] DEBUG com.github.dockerjava.zerodep.shaded.org.apache.hc.client5.http.wire -- http-outgoing-2 << "22[\r][\n]"
18:08:32.054 [docker-java-stream--1800955464] DEBUG com.github.dockerjava.zerodep.shaded.org.apache.hc.client5.http.wire -- http-outgoing-2 << "[0x2][0x0][0x0][0x0][0x0][0x0][0x0][0x1a]/bin/sh: 1: nc: not found[\n]"
18:08:32.054 [docker-java-stream--1800955464] DEBUG com.github.dockerjava.zerodep.shaded.org.apache.hc.client5.http.wire -- http-outgoing-2 << "[\r][\n]"
18:08:32.054 [docker-java-stream--1800955464] DEBUG com.github.dockerjava.zerodep.shaded.org.apache.hc.client5.http.wire -- http-outgoing-2 << "80[\r][\n]"
18:08:32.054 [docker-java-stream--1800955464] DEBUG com.github.dockerjava.zerodep.shaded.org.apache.hc.client5.http.wire -- http-outgoing-2 << "[0x2][0x0][0x0][0x0][0x0][0x0][0x0]x/bin/bash: connect: Cannot assign requested address[\n]"
18:08:32.054 [docker-java-stream--1800955464] DEBUG com.github.dockerjava.zerodep.shaded.org.apache.hc.client5.http.wire -- http-outgoing-2 << "/bin/bash: /dev/tcp/localhost/8081: Cannot assign requested address[\n]"
18:08:32.054 [docker-java-stream--1800955464] DEBUG com.github.dockerjava.zerodep.shaded.org.apache.hc.client5.http.wire -- http-outgoing-2 << "[\r][\n]"
18:08:32.158 [docker-java-stream--1800955464] DEBUG com.github.dockerjava.zerodep.shaded.org.apache.hc.client5.http.wire -- http-outgoing-2 << "22[\r][\n]"
18:08:32.158 [docker-java-stream--1800955464] DEBUG com.github.dockerjava.zerodep.shaded.org.apache.hc.client5.http.wire -- http-outgoing-2 << "[0x2][0x0][0x0][0x0][0x0][0x0][0x0][0x1a]/bin/sh: 1: nc: not found[\n]"
18:08:32.158 [docker-java-stream--1800955464] DEBUG com.github.dockerjava.zerodep.shaded.org.apache.hc.client5.http.wire -- http-outgoing-2 << "[\r][\n]"
18:08:32.159 [docker-java-stream--1800955464] DEBUG com.github.dockerjava.zerodep.shaded.org.apache.hc.client5.http.wire -- http-outgoing-2 << "80[\r][\n]"
18:08:32.159 [docker-java-stream--1800955464] DEBUG com.github.dockerjava.zerodep.shaded.org.apache.hc.client5.http.wire -- http-outgoing-2 << "[0x2][0x0][0x0][0x0][0x0][0x0][0x0]x/bin/bash: connect: Cannot assign requested address[\n]"
18:08:32.159 [docker-java-stream--1800955464] DEBUG com.github.dockerjava.zerodep.shaded.org.apache.hc.client5.http.wire -- http-outgoing-2 << "/bin/bash: /dev/tcp/localhost/8081: Cannot assign requested address[\n]"
18:08:32.159 [docker-java-stream--1800955464] DEBUG com.github.dockerjava.zerodep.shaded.org.apache.hc.client5.http.wire -- http-outgoing-2 << "[\r][\n]"
18:08:32.264 [docker-java-stream--1800955464] DEBUG com.github.dockerjava.zerodep.shaded.org.apache.hc.client5.http.wire -- http-outgoing-2 << "22[\r][\n]"
18:08:32.264 [docker-java-stream--1800955464] DEBUG com.github.dockerjava.zerodep.shaded.org.apache.hc.client5.http.wire -- http-outgoing-2 << "[0x2][0x0][0x0][0x0][0x0][0x0][0x0][0x1a]/bin/sh: 1: nc: not found[\n]"
18:08:32.264 [docker-java-stream--1800955464] DEBUG com.github.dockerjava.zerodep.shaded.org.apache.hc.client5.http.wire -- http-outgoing-2 << "[\r][\n]"
18:08:32.264 [docker-java-stream--1800955464] DEBUG com.github.dockerjava.zerodep.shaded.org.apache.hc.client5.http.wire -- http-outgoing-2 << "80[\r][\n]"
18:08:32.264 [docker-java-stream--1800955464] DEBUG com.github.dockerjava.zerodep.shaded.org.apache.hc.client5.http.wire -- http-outgoing-2 << "[0x2][0x0][0x0][0x0][0x0][0x0][0x0]x/bin/bash: connect: Cannot assign requested address[\n]"
18:08:32.264 [docker-java-stream--1800955464] DEBUG com.github.dockerjava.zerodep.shaded.org.apache.hc.client5.http.wire -- http-outgoing-2 << "/bin/bash: /dev/tcp/localhost/8081: Cannot assign requested address[\n]"
18:08:32.264 [docker-java-stream--1800955464] DEBUG com.github.dockerjava.zerodep.shaded.org.apache.hc.client5.http.wire -- http-outgoing-2 << "[\r][\n]"
18:08:32.368 [docker-java-stream--1800955464] DEBUG com.github.dockerjava.zerodep.shaded.org.apache.hc.client5.http.wire -- http-outgoing-2 << "22[\r][\n]"
18:08:32.368 [docker-java-stream--1800955464] DEBUG com.github.dockerjava.zerodep.shaded.org.apache.hc.client5.http.wire -- http-outgoing-2 << "[0x2][0x0][0x0][0x0][0x0][0x0][0x0][0x1a]/bin/sh: 1: nc: not found[\n]"
18:08:32.368 [docker-java-stream--1800955464] DEBUG com.github.dockerjava.zerodep.shaded.org.apache.hc.client5.http.wire -- http-outgoing-2 << "[\r][\n]"
18:08:32.369 [docker-java-stream--1800955464] DEBUG com.github.dockerjava.zerodep.shaded.org.apache.hc.client5.http.wire -- http-outgoing-2 << "80[\r][\n]"
18:08:32.369 [docker-java-stream--1800955464] DEBUG com.github.dockerjava.zerodep.shaded.org.apache.hc.client5.http.wire -- http-outgoing-2 << "[0x2][0x0][0x0][0x0][0x0][0x0][0x0]x/bin/bash: connect: Cannot assign requested address[\n]"
18:08:32.369 [docker-java-stream--1800955464] DEBUG com.github.dockerjava.zerodep.shaded.org.apache.hc.client5.http.wire -- http-outgoing-2 << "/bin/bash: /dev/tcp/localhost/8081: Cannot assign requested address[\n]"
18:08:32.369 [docker-java-stream--1800955464] DEBUG com.github.dockerjava.zerodep.shaded.org.apache.hc.client5.http.wire -- http-outgoing-2 << "[\r][\n]"
18:08:32.473 [docker-java-stream--1800955464] DEBUG com.github.dockerjava.zerodep.shaded.org.apache.hc.client5.http.wire -- http-outgoing-2 << "22[\r][\n]"
18:08:32.473 [docker-java-stream--1800955464] DEBUG com.github.dockerjava.zerodep.shaded.org.apache.hc.client5.http.wire -- http-outgoing-2 << "[0x2][0x0][0x0][0x0][0x0][0x0][0x0][0x1a]/bin/sh: 1: nc: not found[\n]"
18:08:32.473 [docker-java-stream--1800955464] DEBUG com.github.dockerjava.zerodep.shaded.org.apache.hc.client5.http.wire -- http-outgoing-2 << "[\r][\n]"
18:08:32.474 [docker-java-stream--1800955464] DEBUG com.github.dockerjava.zerodep.shaded.org.apache.hc.client5.http.wire -- http-outgoing-2 << "80[\r][\n]"
18:08:32.474 [docker-java-stream--1800955464] DEBUG com.github.dockerjava.zerodep.shaded.org.apache.hc.client5.http.wire -- http-outgoing-2 << "[0x2][0x0][0x0][0x0][0x0][0x0][0x0]x/bin/bash: connect: Cannot assign requested address[\n]"
18:08:32.474 [docker-java-stream--1800955464] DEBUG com.github.dockerjava.zerodep.shaded.org.apache.hc.client5.http.wire -- http-outgoing-2 << "/bin/bash: /dev/tcp/localhost/8081: Cannot assign requested address[\n]"
18:08:32.474 [docker-java-stream--1800955464] DEBUG com.github.dockerjava.zerodep.shaded.org.apache.hc.client5.http.wire -- http-outgoing-2 << "[\r][\n]"
18:08:32.578 [docker-java-stream--1800955464] DEBUG com.github.dockerjava.zerodep.shaded.org.apache.hc.client5.http.wire -- http-outgoing-2 << "22[\r][\n]"
18:08:32.578 [docker-java-stream--1800955464] DEBUG com.github.dockerjava.zerodep.shaded.org.apache.hc.client5.http.wire -- http-outgoing-2 << "[0x2][0x0][0x0][0x0][0x0][0x0][0x0][0x1a]/bin/sh: 1: nc: not found[\n]"
18:08:32.578 [docker-java-stream--1800955464] DEBUG com.github.dockerjava.zerodep.shaded.org.apache.hc.client5.http.wire -- http-outgoing-2 << "[\r][\n]"
18:08:32.579 [docker-java-stream--1800955464] DEBUG com.github.dockerjava.zerodep.shaded.org.apache.hc.client5.http.wire -- http-outgoing-2 << "80[\r][\n]"
18:08:32.579 [docker-java-stream--1800955464] DEBUG com.github.dockerjava.zerodep.shaded.org.apache.hc.client5.http.wire -- http-outgoing-2 << "[0x2][0x0][0x0][0x0][0x0][0x0][0x0]x/bin/bash: connect: Cannot assign requested address[\n]"
18:08:32.579 [docker-java-stream--1800955464] DEBUG com.github.dockerjava.zerodep.shaded.org.apache.hc.client5.http.wire -- http-outgoing-2 << "/bin/bash: /dev/tcp/localhost/8081: Cannot assign requested address[\n]"
18:08:32.579 [docker-java-stream--1800955464] DEBUG com.github.dockerjava.zerodep.shaded.org.apache.hc.client5.http.wire -- http-outgoing-2 << "[\r][\n]"
18:08:32.682 [docker-java-stream--1800955464] DEBUG com.github.dockerjava.zerodep.shaded.org.apache.hc.client5.http.wire -- http-outgoing-2 << "22[\r][\n]"
18:08:32.683 [docker-java-stream--1800955464] DEBUG com.github.dockerjava.zerodep.shaded.org.apache.hc.client5.http.wire -- http-outgoing-2 << "[0x2][0x0][0x0][0x0][0x0][0x0][0x0][0x1a]/bin/sh: 1: nc: not found[\n]"
18:08:32.683 [docker-java-stream--1800955464] DEBUG com.github.dockerjava.zerodep.shaded.org.apache.hc.client5.http.wire -- http-outgoing-2 << "[\r][\n]"
18:08:32.683 [docker-java-stream--1800955464] DEBUG com.github.dockerjava.zerodep.shaded.org.apache.hc.client5.http.wire -- http-outgoing-2 << "80[\r][\n]"
18:08:32.683 [docker-java-stream--1800955464] DEBUG com.github.dockerjava.zerodep.shaded.org.apache.hc.client5.http.wire -- http-outgoing-2 << "[0x2][0x0][0x0][0x0][0x0][0x0][0x0]x/bin/bash: connect: Cannot assign requested address[\n]"
18:08:32.683 [docker-java-stream--1800955464] DEBUG com.github.dockerjava.zerodep.shaded.org.apache.hc.client5.http.wire -- http-outgoing-2 << "/bin/bash: /dev/tcp/localhost/8081: Cannot assign requested address[\n]"
18:08:32.683 [docker-java-stream--1800955464] DEBUG com.github.dockerjava.zerodep.shaded.org.apache.hc.client5.http.wire -- http-outgoing-2 << "[\r][\n]"
18:08:32.787 [docker-java-stream--1800955464] DEBUG com.github.dockerjava.zerodep.shaded.org.apache.hc.client5.http.wire -- http-outgoing-2 << "22[\r][\n]"
18:08:32.787 [docker-java-stream--1800955464] DEBUG com.github.dockerjava.zerodep.shaded.org.apache.hc.client5.http.wire -- http-outgoing-2 << "[0x2][0x0][0x0][0x0][0x0][0x0][0x0][0x1a]/bin/sh: 1: nc: not found[\n]"
18:08:32.787 [docker-java-stream--1800955464] DEBUG com.github.dockerjava.zerodep.shaded.org.apache.hc.client5.http.wire -- http-outgoing-2 << "[\r][\n]"
18:08:32.788 [docker-java-stream--1800955464] DEBUG com.github.dockerjava.zerodep.shaded.org.apache.hc.client5.http.wire -- http-outgoing-2 << "80[\r][\n]"
18:08:32.788 [docker-java-stream--1800955464] DEBUG com.github.dockerjava.zerodep.shaded.org.apache.hc.client5.http.wire -- http-outgoing-2 << "[0x2][0x0][0x0][0x0][0x0][0x0][0x0]x/bin/bash: connect: Cannot assign requested address[\n]"
18:08:32.788 [docker-java-stream--1800955464] DEBUG com.github.dockerjava.zerodep.shaded.org.apache.hc.client5.http.wire -- http-outgoing-2 << "/bin/bash: /dev/tcp/localhost/8081: Cannot assign requested address[\n]"
18:08:32.788 [docker-java-stream--1800955464] DEBUG com.github.dockerjava.zerodep.shaded.org.apache.hc.client5.http.wire -- http-outgoing-2 << "[\r][\n]"
18:08:32.892 [docker-java-stream--1800955464] DEBUG com.github.dockerjava.zerodep.shaded.org.apache.hc.client5.http.wire -- http-outgoing-2 << "22[\r][\n]"
18:08:32.893 [docker-java-stream--1800955464] DEBUG com.github.dockerjava.zerodep.shaded.org.apache.hc.client5.http.wire -- http-outgoing-2 << "[0x2][0x0][0x0][0x0][0x0][0x0][0x0][0x1a]/bin/sh: 1: nc: not found[\n]"
18:08:32.893 [docker-java-stream--1800955464] DEBUG com.github.dockerjava.zerodep.shaded.org.apache.hc.client5.http.wire -- http-outgoing-2 << "[\r][\n]"
18:08:32.893 [docker-java-stream--1800955464] DEBUG com.github.dockerjava.zerodep.shaded.org.apache.hc.client5.http.wire -- http-outgoing-2 << "80[\r][\n]"
18:08:32.893 [docker-java-stream--1800955464] DEBUG com.github.dockerjava.zerodep.shaded.org.apache.hc.client5.http.wire -- http-outgoing-2 << "[0x2][0x0][0x0][0x0][0x0][0x0][0x0]x/bin/bash: connect: Cannot assign requested address[\n]"
18:08:32.893 [docker-java-stream--1800955464] DEBUG com.github.dockerjava.zerodep.shaded.org.apache.hc.client5.http.wire -- http-outgoing-2 << "/bin/bash: /dev/tcp/localhost/8081: Cannot assign requested address[\n]"
18:08:32.893 [docker-java-stream--1800955464] DEBUG com.github.dockerjava.zerodep.shaded.org.apache.hc.client5.http.wire -- http-outgoing-2 << "[\r][\n]"
18:08:32.997 [docker-java-stream--1800955464] DEBUG com.github.dockerjava.zerodep.shaded.org.apache.hc.client5.http.wire -- http-outgoing-2 << "ca[\r][\n]"
18:08:32.997 [docker-java-stream--1800955464] DEBUG com.github.dockerjava.zerodep.shaded.org.apache.hc.client5.http.wire -- http-outgoing-2 << "[0x1][0x0][0x0][0x0][0x0][0x0][0x0][0xffffffc2]/proc/net/tcp6:   0: 00000000000000000000000000000000:1F91 00000000000000000000000000000000:0000 0A 00000000:00000000 00:00000000 00000000     0        0 1990366 1 0000000000000000 100 0 0 10 0[\n]"
18:08:32.997 [docker-java-stream--1800955464] DEBUG com.github.dockerjava.zerodep.shaded.org.apache.hc.client5.http.wire -- http-outgoing-2 << "[\r][\n]"
18:08:32.998 [docker-java-stream--1800955464] DEBUG com.github.dockerjava.zerodep.shaded.org.apache.hc.client5.http.wire -- http-outgoing-2 << "0[\r][\n]"
18:08:32.998 [docker-java-stream--1800955464] DEBUG com.github.dockerjava.zerodep.shaded.org.apache.hc.client5.http.wire -- http-outgoing-2 << "[\r][\n]"
18:08:32.998 [docker-java-stream--1800955464] DEBUG com.github.dockerjava.zerodep.shaded.org.apache.hc.client5.http.impl.classic.InternalHttpClient -- ep-00000013: releasing valid endpoint
18:08:32.998 [docker-java-stream--1800955464] DEBUG com.github.dockerjava.zerodep.shaded.org.apache.hc.client5.http.impl.io.PoolingHttpClientConnectionManager -- ep-00000013: releasing endpoint
18:08:32.998 [docker-java-stream--1800955464] DEBUG com.github.dockerjava.zerodep.shaded.org.apache.hc.client5.http.impl.io.PoolingHttpClientConnectionManager -- ep-00000013: connection http-outgoing-2 can be kept alive for 3 MINUTES
18:08:32.998 [docker-java-stream--1800955464] DEBUG com.github.dockerjava.zerodep.shaded.org.apache.hc.client5.http.impl.io.PoolingHttpClientConnectionManager -- ep-00000013: connection released [route: {}->npipe://localhost:2375][total available: 2; route allocated: 2 of 2147483647; total allocated: 2 of 2147483647]
18:08:32.999 [testcontainers-wait-0] DEBUG org.testcontainers.shaded.com.github.dockerjava.core.command.AbstrDockerCmd -- Cmd: ec53fe4e231e02c57b866cfc08da0da499dc9cf8245ec404edfdbe3eb84115ad
18:08:32.999 [testcontainers-wait-0] DEBUG org.testcontainers.shaded.com.github.dockerjava.core.exec.InspectExecCmdExec -- GET: DefaultWebTarget{path=[/exec/ec53fe4e231e02c57b866cfc08da0da499dc9cf8245ec404edfdbe3eb84115ad/json], queryParams={}}
18:08:33.000 [testcontainers-wait-0] DEBUG com.github.dockerjava.zerodep.shaded.org.apache.hc.client5.http.impl.classic.InternalHttpClient -- ex-00000015: preparing request execution
18:08:33.000 [testcontainers-wait-0] DEBUG com.github.dockerjava.zerodep.shaded.org.apache.hc.client5.http.protocol.RequestAddCookies -- Cookie spec selected: strict
18:08:33.000 [testcontainers-wait-0] DEBUG com.github.dockerjava.zerodep.shaded.org.apache.hc.client5.http.protocol.RequestAuthCache -- Auth cache not set in the context
18:08:33.000 [testcontainers-wait-0] DEBUG com.github.dockerjava.zerodep.shaded.org.apache.hc.client5.http.impl.classic.ProtocolExec -- ex-00000015: target auth state: UNCHALLENGED
18:08:33.000 [testcontainers-wait-0] DEBUG com.github.dockerjava.zerodep.shaded.org.apache.hc.client5.http.impl.classic.ProtocolExec -- ex-00000015: proxy auth state: UNCHALLENGED
18:08:33.000 [testcontainers-wait-0] DEBUG com.github.dockerjava.zerodep.shaded.org.apache.hc.client5.http.impl.classic.ConnectExec -- ex-00000015: acquiring connection with route {}->npipe://localhost:2375
18:08:33.000 [testcontainers-wait-0] DEBUG com.github.dockerjava.zerodep.shaded.org.apache.hc.client5.http.impl.classic.InternalHttpClient -- ex-00000015: acquiring endpoint (3 MINUTES)
18:08:33.000 [testcontainers-wait-0] DEBUG com.github.dockerjava.zerodep.shaded.org.apache.hc.client5.http.impl.io.PoolingHttpClientConnectionManager -- ex-00000015: endpoint lease request (3 MINUTES) [route: {}->npipe://localhost:2375][total available: 2; route allocated: 2 of 2147483647; total allocated: 2 of 2147483647]
18:08:33.000 [testcontainers-wait-0] DEBUG com.github.dockerjava.zerodep.shaded.org.apache.hc.client5.http.impl.io.PoolingHttpClientConnectionManager -- ex-00000015: endpoint leased [route: {}->npipe://localhost:2375][total available: 1; route allocated: 2 of 2147483647; total allocated: 2 of 2147483647]
18:08:33.000 [testcontainers-wait-0] DEBUG com.github.dockerjava.zerodep.shaded.org.apache.hc.client5.http.impl.io.PoolingHttpClientConnectionManager -- ex-00000015: acquired ep-00000014
18:08:33.000 [testcontainers-wait-0] DEBUG com.github.dockerjava.zerodep.shaded.org.apache.hc.client5.http.impl.classic.InternalHttpClient -- ex-00000015: acquired endpoint ep-00000014
18:08:33.000 [testcontainers-wait-0] DEBUG com.github.dockerjava.zerodep.shaded.org.apache.hc.client5.http.impl.classic.MainClientExec -- ex-00000015: executing GET /v1.32/exec/ec53fe4e231e02c57b866cfc08da0da499dc9cf8245ec404edfdbe3eb84115ad/json HTTP/1.1
18:08:33.000 [testcontainers-wait-0] DEBUG com.github.dockerjava.zerodep.shaded.org.apache.hc.client5.http.impl.classic.InternalHttpClient -- ep-00000014: start execution ex-00000015
18:08:33.000 [testcontainers-wait-0] DEBUG com.github.dockerjava.zerodep.shaded.org.apache.hc.client5.http.impl.io.PoolingHttpClientConnectionManager -- ep-00000014: executing exchange ex-00000015 over http-outgoing-2
18:08:33.000 [testcontainers-wait-0] DEBUG com.github.dockerjava.zerodep.shaded.org.apache.hc.client5.http.headers -- http-outgoing-2 >> GET /v1.32/exec/ec53fe4e231e02c57b866cfc08da0da499dc9cf8245ec404edfdbe3eb84115ad/json HTTP/1.1
18:08:33.000 [testcontainers-wait-0] DEBUG com.github.dockerjava.zerodep.shaded.org.apache.hc.client5.http.headers -- http-outgoing-2 >> accept: application/json
18:08:33.000 [testcontainers-wait-0] DEBUG com.github.dockerjava.zerodep.shaded.org.apache.hc.client5.http.headers -- http-outgoing-2 >> x-tc-sid: e0f64824-65da-49ef-ad69-afd5bd4a2a5f
18:08:33.000 [testcontainers-wait-0] DEBUG com.github.dockerjava.zerodep.shaded.org.apache.hc.client5.http.headers -- http-outgoing-2 >> Accept-Encoding: gzip, x-gzip, deflate
18:08:33.000 [testcontainers-wait-0] DEBUG com.github.dockerjava.zerodep.shaded.org.apache.hc.client5.http.headers -- http-outgoing-2 >> Host: localhost:2375
18:08:33.000 [testcontainers-wait-0] DEBUG com.github.dockerjava.zerodep.shaded.org.apache.hc.client5.http.headers -- http-outgoing-2 >> Connection: keep-alive
18:08:33.000 [testcontainers-wait-0] DEBUG com.github.dockerjava.zerodep.shaded.org.apache.hc.client5.http.headers -- http-outgoing-2 >> User-Agent: Apache-HttpClient/5.0.3 (Java/17.0.2)
18:08:33.000 [testcontainers-wait-0] DEBUG com.github.dockerjava.zerodep.shaded.org.apache.hc.client5.http.wire -- http-outgoing-2 >> "GET /v1.32/exec/ec53fe4e231e02c57b866cfc08da0da499dc9cf8245ec404edfdbe3eb84115ad/json HTTP/1.1[\r][\n]"
18:08:33.000 [testcontainers-wait-0] DEBUG com.github.dockerjava.zerodep.shaded.org.apache.hc.client5.http.wire -- http-outgoing-2 >> "accept: application/json[\r][\n]"
18:08:33.000 [testcontainers-wait-0] DEBUG com.github.dockerjava.zerodep.shaded.org.apache.hc.client5.http.wire -- http-outgoing-2 >> "x-tc-sid: e0f64824-65da-49ef-ad69-afd5bd4a2a5f[\r][\n]"
18:08:33.000 [testcontainers-wait-0] DEBUG com.github.dockerjava.zerodep.shaded.org.apache.hc.client5.http.wire -- http-outgoing-2 >> "Accept-Encoding: gzip, x-gzip, deflate[\r][\n]"
18:08:33.000 [testcontainers-wait-0] DEBUG com.github.dockerjava.zerodep.shaded.org.apache.hc.client5.http.wire -- http-outgoing-2 >> "Host: localhost:2375[\r][\n]"
18:08:33.000 [testcontainers-wait-0] DEBUG com.github.dockerjava.zerodep.shaded.org.apache.hc.client5.http.wire -- http-outgoing-2 >> "Connection: keep-alive[\r][\n]"
18:08:33.000 [testcontainers-wait-0] DEBUG com.github.dockerjava.zerodep.shaded.org.apache.hc.client5.http.wire -- http-outgoing-2 >> "User-Agent: Apache-HttpClient/5.0.3 (Java/17.0.2)[\r][\n]"
18:08:33.000 [testcontainers-wait-0] DEBUG com.github.dockerjava.zerodep.shaded.org.apache.hc.client5.http.wire -- http-outgoing-2 >> "[\r][\n]"
18:08:33.003 [testcontainers-wait-0] DEBUG com.github.dockerjava.zerodep.shaded.org.apache.hc.client5.http.wire -- http-outgoing-2 << "HTTP/1.1 200 OK[\r][\n]"
18:08:33.003 [testcontainers-wait-0] DEBUG com.github.dockerjava.zerodep.shaded.org.apache.hc.client5.http.wire -- http-outgoing-2 << "Api-Version: 1.43[\r][\n]"
18:08:33.003 [testcontainers-wait-0] DEBUG com.github.dockerjava.zerodep.shaded.org.apache.hc.client5.http.wire -- http-outgoing-2 << "Content-Type: application/json[\r][\n]"
18:08:33.003 [testcontainers-wait-0] DEBUG com.github.dockerjava.zerodep.shaded.org.apache.hc.client5.http.wire -- http-outgoing-2 << "Date: Sun, 18 Jun 2023 01:08:33 GMT[\r][\n]"
18:08:33.003 [testcontainers-wait-0] DEBUG com.github.dockerjava.zerodep.shaded.org.apache.hc.client5.http.wire -- http-outgoing-2 << "Docker-Experimental: false[\r][\n]"
18:08:33.003 [testcontainers-wait-0] DEBUG com.github.dockerjava.zerodep.shaded.org.apache.hc.client5.http.wire -- http-outgoing-2 << "Ostype: linux[\r][\n]"
18:08:33.003 [testcontainers-wait-0] DEBUG com.github.dockerjava.zerodep.shaded.org.apache.hc.client5.http.wire -- http-outgoing-2 << "Server: Docker/24.0.2 (linux)[\r][\n]"
18:08:33.003 [testcontainers-wait-0] DEBUG com.github.dockerjava.zerodep.shaded.org.apache.hc.client5.http.wire -- http-outgoing-2 << "Transfer-Encoding: chunked[\r][\n]"
18:08:33.003 [testcontainers-wait-0] DEBUG com.github.dockerjava.zerodep.shaded.org.apache.hc.client5.http.wire -- http-outgoing-2 << "[\r][\n]"
18:08:33.003 [testcontainers-wait-0] DEBUG com.github.dockerjava.zerodep.shaded.org.apache.hc.client5.http.headers -- http-outgoing-2 << HTTP/1.1 200 OK
18:08:33.003 [testcontainers-wait-0] DEBUG com.github.dockerjava.zerodep.shaded.org.apache.hc.client5.http.headers -- http-outgoing-2 << Api-Version: 1.43
18:08:33.003 [testcontainers-wait-0] DEBUG com.github.dockerjava.zerodep.shaded.org.apache.hc.client5.http.headers -- http-outgoing-2 << Content-Type: application/json
18:08:33.003 [testcontainers-wait-0] DEBUG com.github.dockerjava.zerodep.shaded.org.apache.hc.client5.http.headers -- http-outgoing-2 << Date: Sun, 18 Jun 2023 01:08:33 GMT
18:08:33.003 [testcontainers-wait-0] DEBUG com.github.dockerjava.zerodep.shaded.org.apache.hc.client5.http.headers -- http-outgoing-2 << Docker-Experimental: false
18:08:33.003 [testcontainers-wait-0] DEBUG com.github.dockerjava.zerodep.shaded.org.apache.hc.client5.http.headers -- http-outgoing-2 << Ostype: linux
18:08:33.003 [testcontainers-wait-0] DEBUG com.github.dockerjava.zerodep.shaded.org.apache.hc.client5.http.headers -- http-outgoing-2 << Server: Docker/24.0.2 (linux)
18:08:33.004 [testcontainers-wait-0] DEBUG com.github.dockerjava.zerodep.shaded.org.apache.hc.client5.http.headers -- http-outgoing-2 << Transfer-Encoding: chunked
18:08:33.004 [testcontainers-wait-0] DEBUG com.github.dockerjava.zerodep.shaded.org.apache.hc.client5.http.impl.classic.MainClientExec -- ex-00000015: connection can be kept alive for 3 MINUTES
18:08:33.004 [testcontainers-wait-0] DEBUG com.github.dockerjava.zerodep.shaded.org.apache.hc.client5.http.wire -- http-outgoing-2 << "220[\r][\n]"
18:08:33.004 [testcontainers-wait-0] DEBUG com.github.dockerjava.zerodep.shaded.org.apache.hc.client5.http.wire -- http-outgoing-2 << "{"ID":"ec53fe4e231e02c57b866cfc08da0da499dc9cf8245ec404edfdbe3eb84115ad","Running":false,"ExitCode":0,"ProcessConfig":{"tty":false,"entrypoint":"/bin/sh","arguments":["-c","while true; do ( true  &&  (grep -i ':0*1f91' /proc/net/tcp* || nc -vz -w 1 localhost 8081 || /bin/bash -c '</dev/tcp/localhost/8081') ) && exit 0 || sleep 0.1; done"],"privileged":false},"OpenStdin":false,"OpenStderr":true,"OpenStdout":true,"CanRemove":false,"ContainerID":"ca6063a3595a8abc6e2a82d9e15bf68a6c78e38548b91001899efe1b6e7c5ba2","DetachKeys":"","Pid":158527}[\n]"
18:08:33.004 [testcontainers-wait-0] DEBUG com.github.dockerjava.zerodep.shaded.org.apache.hc.client5.http.wire -- http-outgoing-2 << "[\r][\n]"
18:08:33.004 [testcontainers-wait-0] DEBUG com.github.dockerjava.zerodep.shaded.org.apache.hc.client5.http.wire -- http-outgoing-2 << "0[\r][\n]"
18:08:33.004 [testcontainers-wait-0] DEBUG com.github.dockerjava.zerodep.shaded.org.apache.hc.client5.http.wire -- http-outgoing-2 << "[\r][\n]"
18:08:33.007 [testcontainers-wait-0] DEBUG com.github.dockerjava.zerodep.shaded.org.apache.hc.client5.http.impl.classic.InternalHttpClient -- ep-00000014: releasing valid endpoint
18:08:33.007 [testcontainers-wait-0] DEBUG com.github.dockerjava.zerodep.shaded.org.apache.hc.client5.http.impl.io.PoolingHttpClientConnectionManager -- ep-00000014: releasing endpoint
18:08:33.007 [testcontainers-wait-0] DEBUG com.github.dockerjava.zerodep.shaded.org.apache.hc.client5.http.impl.io.PoolingHttpClientConnectionManager -- ep-00000014: connection http-outgoing-2 can be kept alive for 3 MINUTES
18:08:33.007 [testcontainers-wait-0] DEBUG com.github.dockerjava.zerodep.shaded.org.apache.hc.client5.http.impl.io.PoolingHttpClientConnectionManager -- ep-00000014: connection released [route: {}->npipe://localhost:2375][total available: 2; route allocated: 2 of 2147483647; total allocated: 2 of 2147483647]
18:08:33.008 [testcontainers-wait-0] DEBUG org.testcontainers.containers.wait.strategy.HostPortWaitStrategy -- Internal port check passed for [8081] in PT3.8413706S
18:08:33.008 [main] INFO tc.mcr.microsoft.com/cosmosdb/linux/azure-cosmos-emulator:latest -- Container mcr.microsoft.com/cosmosdb/linux/azure-cosmos-emulator:latest started in PT4.2827117S
INFO  [2023-06-18 01:08:33,715] io.dropwizard.core.server.DefaultServerFactory: Registering jersey handler with root path prefix: /
INFO  [2023-06-18 01:08:33,715] io.dropwizard.core.server.DefaultServerFactory: Registering admin handler with root path prefix: /
INFO  [2023-06-18 01:08:33,716] com.jersey.App: Registering Jersey Client
INFO  [2023-06-18 01:08:33,865] com.jersey.App: Registering cosmos
INFO  [2023-06-18 01:08:34,107] com.azure.cosmos.implementation.RxDocumentClientImpl: Initializing DocumentClient [1] with serviceEndpoint [https://localhost:8081], connectionPolicy [ConnectionPolicy{httpNetworkRequestTimeout=PT1M, tcpNetworkRequestTimeout=PT5S, connectionMode=DIRECT, maxConnectionPoolSize=1000, idleHttpConnectionTimeout=PT1M, idleTcpConnectionTimeout=PT0S, userAgentSuffix='', throttlingRetryOptions=RetryOptions{maxRetryAttemptsOnThrottledRequests=9, maxRetryWaitTime=PT30S}, endpointDiscoveryEnabled=true, preferredRegions=null, multipleWriteRegionsEnabled=true, proxyType=null, inetSocketProxyAddress=null, readRequestsFallbackEnabled=true, connectTimeout=PT5S, idleTcpEndpointTimeout=PT1H, maxConnectionsPerEndpoint=130, maxRequestsPerConnection=30, tcpConnectionEndpointRediscoveryEnabled=true, ioThreadPriority=5, ioThreadCountPerCoreFactor=2, tcpHealthCheckTimeoutDetectionEnabled=true, minConnectionsPerEndpoint=1, defensiveWarmupConcurrency=1, aggressiveWarmupConcurrency=32}], consistencyLevel [null], directModeProtocol [Tcp]
INFO  [2023-06-18 01:08:34,235] com.azure.cosmos.implementation.RxDocumentClientImpl: Getting database account endpoint from https://localhost:8081
ERROR [2023-06-18 01:08:34,415] com.azure.cosmos.implementation.RxGatewayStoreModel: Network failure
! java.net.ConnectException: Connection refused: no further information
! at java.base/sun.nio.ch.Net.pollConnect(Native Method)
! at java.base/sun.nio.ch.Net.pollConnectNow(Net.java:672)
! at java.base/sun.nio.ch.SocketChannelImpl.finishConnect(SocketChannelImpl.java:946)
! at io.netty.channel.socket.nio.NioSocketChannel.doFinishConnect(NioSocketChannel.java:337)
! at io.netty.channel.nio.AbstractNioChannel$AbstractNioUnsafe.finishConnect(AbstractNioChannel.java:334)
! at io.netty.channel.nio.NioEventLoop.processSelectedKey(NioEventLoop.java:776)
! at io.netty.channel.nio.NioEventLoop.processSelectedKeysOptimized(NioEventLoop.java:724)
! at io.netty.channel.nio.NioEventLoop.processSelectedKeys(NioEventLoop.java:650)
! at io.netty.channel.nio.NioEventLoop.run(NioEventLoop.java:562)
! at io.netty.util.concurrent.SingleThreadEventExecutor$4.run(SingleThreadEventExecutor.java:997)
! at io.netty.util.internal.ThreadExecutorMap$2.run(ThreadExecutorMap.java:74)
! at io.netty.util.concurrent.FastThreadLocalRunnable.run(FastThreadLocalRunnable.java:30)
! at java.base/java.lang.Thread.run(Thread.java:833)
! Causing: io.netty.channel.AbstractChannel$AnnotatedConnectException: Connection refused: no further information: localhost/[0:0:0:0:0:0:0:1]:8081
WARN  [2023-06-18 01:08:34,419] com.azure.cosmos.implementation.WebExceptionRetryPolicy: Received retriable web exception, will retry
! java.net.ConnectException: Connection refused: no further information
! at java.base/sun.nio.ch.Net.pollConnect(Native Method)
! at java.base/sun.nio.ch.Net.pollConnectNow(Net.java:672)
! at java.base/sun.nio.ch.SocketChannelImpl.finishConnect(SocketChannelImpl.java:946)
! at io.netty.channel.socket.nio.NioSocketChannel.doFinishConnect(NioSocketChannel.java:337)
! at io.netty.channel.nio.AbstractNioChannel$AbstractNioUnsafe.finishConnect(AbstractNioChannel.java:334)
! at io.netty.channel.nio.NioEventLoop.processSelectedKey(NioEventLoop.java:776)
! at io.netty.channel.nio.NioEventLoop.processSelectedKeysOptimized(NioEventLoop.java:724)
! at io.netty.channel.nio.NioEventLoop.processSelectedKeys(NioEventLoop.java:650)
! at io.netty.channel.nio.NioEventLoop.run(NioEventLoop.java:562)
! at io.netty.util.concurrent.SingleThreadEventExecutor$4.run(SingleThreadEventExecutor.java:997)
! at io.netty.util.internal.ThreadExecutorMap$2.run(ThreadExecutorMap.java:74)
! at io.netty.util.concurrent.FastThreadLocalRunnable.run(FastThreadLocalRunnable.java:30)
! at java.base/java.lang.Thread.run(Thread.java:833)
! Causing: io.netty.channel.AbstractChannel$AnnotatedConnectException: Connection refused: no further information: localhost/[0:0:0:0:0:0:0:1]:8081
! Causing: com.azure.cosmos.CosmosException: {"innerErrorMessage":null,"cosmosDiagnostics":{"userAgent":"azsdk-java-cosmos/4.45.1 Windows11/10.0 JRE/17.0.2","activityId":null,"requestLatencyInMs":155,"requestStartTimeUTC":"2023-06-18T01:08:34.263265700Z","requestEndTimeUTC":"2023-06-18T01:08:34.418935Z","responseStatisticsList":[],"supplementalResponseStatisticsList":[],"addressResolutionStatistics":{},"regionsContacted":[],"retryContext":{"statusAndSubStatusCodes":null,"retryCount":0,"retryLatency":0},"metadataDiagnosticsContext":{"metadataDiagnosticList":null},"serializationDiagnosticsContext":{"serializationDiagnosticsList":null},"gatewayStatistics":{"sessionToken":null,"operationType":"Read","resourceType":"DatabaseAccount","statusCode":503,"subStatusCode":10001,"requestCharge":0.0,"requestTimeline":[{"eventName":"connectionAcquired","startTimeUTC":"2023-06-18T01:08:34.264266700Z","durationInMilliSecs":152.668},{"eventName":"connectionConfigured","startTimeUTC":null,"durationInMilliSecs":0.0},{"eventName":"requestSent","startTimeUTC":null,"durationInMilliSecs":0.0},{"eventName":"transitTime","startTimeUTC":null,"durationInMilliSecs":0.0},{"eventName":"received","startTimeUTC":null,"durationInMilliSecs":0.0}],"partitionKeyRangeId":null,"exceptionMessage":null,"exceptionResponseHeaders":"{x-ms-substatus=10001}","responsePayloadSizeInBytes":0},"samplingRateSnapshot":1.0,"systemInformation":{"usedMemory":"39570 KB","availableMemory":"31384942 KB","systemCpuLoad":"empty","availableProcessors":32},"clientCfgs":{"id":1,"machineId":"uuid:48e81931-5b2e-4d65-bc31-a8cd8bc5804a","connectionMode":"DIRECT","numberOfClients":1,"clientEndpoints":{"https://localhost:8081":1},"connCfg":{"rntbd":null,"gw":"(cps:1000, nrto:PT1M, icto:PT1M, p:false)","other":"(ed: true, cs: false, rv: true)"},"consistencyCfg":"(consistency: null, mm: true, prgns: [])","proactiveInit":null}}}
! at com.azure.cosmos.BridgeInternal.createCosmosException(BridgeInternal.java:462)
! at com.azure.cosmos.implementation.RxGatewayStoreModel.lambda$toDocumentServiceResponse$3(RxGatewayStoreModel.java:403)
! at reactor.core.publisher.FluxOnErrorResume$ResumeSubscriber.onError(FluxOnErrorResume.java:94)
! at reactor.core.publisher.FluxMapFuseable$MapFuseableSubscriber.onError(FluxMapFuseable.java:142)
! at reactor.core.publisher.MonoFlatMap$FlatMapMain.onError(MonoFlatMap.java:172)
! at reactor.core.publisher.MonoSingle$SingleSubscriber.onError(MonoSingle.java:150)
! at reactor.core.publisher.FluxOnErrorResume$ResumeSubscriber.onError(FluxOnErrorResume.java:106)
! at reactor.core.publisher.Operators.error(Operators.java:198)
! at reactor.core.publisher.MonoError.subscribe(MonoError.java:53)
! at reactor.core.publisher.Mono.subscribe(Mono.java:4490)
! at reactor.core.publisher.FluxOnErrorResume$ResumeSubscriber.onError(FluxOnErrorResume.java:103)
! at reactor.core.publisher.FluxPeekFuseable$PeekFuseableSubscriber.onError(FluxPeekFuseable.java:234)
! at reactor.core.publisher.FluxContextWrite$ContextWriteSubscriber.onError(FluxContextWrite.java:121)
! at reactor.core.publisher.MonoFlatMapMany$FlatMapManyMain.onError(MonoFlatMapMany.java:204)
! at reactor.core.publisher.SerializedSubscriber.onError(SerializedSubscriber.java:124)
! at reactor.core.publisher.FluxRetryWhen$RetryWhenMainSubscriber.whenError(FluxRetryWhen.java:225)
! at reactor.core.publisher.FluxRetryWhen$RetryWhenOtherSubscriber.onError(FluxRetryWhen.java:274)
! at reactor.core.publisher.FluxContextWrite$ContextWriteSubscriber.onError(FluxContextWrite.java:121)
! at reactor.core.publisher.FluxConcatMap$ConcatMapImmediate.drain(FluxConcatMap.java:415)
! at reactor.core.publisher.FluxConcatMap$ConcatMapImmediate.onNext(FluxConcatMap.java:251)
! at reactor.core.publisher.FluxContextWrite$ContextWriteSubscriber.onNext(FluxContextWrite.java:107)
! at reactor.core.publisher.EmitterProcessor.drain(EmitterProcessor.java:537)
! at reactor.core.publisher.EmitterProcessor.tryEmitNext(EmitterProcessor.java:343)
! at reactor.core.publisher.SinkManySerialized.tryEmitNext(SinkManySerialized.java:100)
! at reactor.core.publisher.InternalManySink.emitNext(InternalManySink.java:27)
! at reactor.core.publisher.FluxRetryWhen$RetryWhenMainSubscriber.onError(FluxRetryWhen.java:190)
! at reactor.core.publisher.MonoCreate$DefaultMonoSink.error(MonoCreate.java:201)
! at reactor.netty.http.client.HttpClientConnect$MonoHttpConnect$ClientTransportSubscriber.onError(HttpClientConnect.java:311)
! at reactor.core.publisher.MonoCreate$DefaultMonoSink.error(MonoCreate.java:201)
! at reactor.netty.resources.DefaultPooledConnectionProvider$DisposableAcquire.onError(DefaultPooledConnectionProvider.java:160)
! at reactor.netty.internal.shaded.reactor.pool.AbstractPool$Borrower.fail(AbstractPool.java:475)
! at reactor.netty.internal.shaded.reactor.pool.SimpleDequePool.lambda$drainLoop$9(SimpleDequePool.java:431)
! at reactor.core.publisher.FluxDoOnEach$DoOnEachSubscriber.onError(FluxDoOnEach.java:186)
! at reactor.core.publisher.MonoCreate$DefaultMonoSink.error(MonoCreate.java:201)
! at reactor.netty.resources.DefaultPooledConnectionProvider$PooledConnectionAllocator$PooledConnectionInitializer.onError(DefaultPooledConnectionProvider.java:558)
! at reactor.core.publisher.MonoFlatMap$FlatMapMain.secondError(MonoFlatMap.java:192)
! at reactor.core.publisher.MonoFlatMap$FlatMapInner.onError(MonoFlatMap.java:259)
! at reactor.core.publisher.FluxOnErrorResume$ResumeSubscriber.onError(FluxOnErrorResume.java:106)
! at reactor.core.publisher.SerializedSubscriber.onError(SerializedSubscriber.java:124)
! at reactor.core.publisher.FluxRetryWhen$RetryWhenMainSubscriber.whenError(FluxRetryWhen.java:225)
! at reactor.core.publisher.FluxRetryWhen$RetryWhenOtherSubscriber.onError(FluxRetryWhen.java:274)
! at reactor.core.publisher.FluxContextWrite$ContextWriteSubscriber.onError(FluxContextWrite.java:121)
! at reactor.core.publisher.FluxConcatMap$ConcatMapImmediate.drain(FluxConcatMap.java:415)
! at reactor.core.publisher.FluxConcatMap$ConcatMapImmediate.onNext(FluxConcatMap.java:251)
! at reactor.core.publisher.FluxContextWrite$ContextWriteSubscriber.onNext(FluxContextWrite.java:107)
! at reactor.core.publisher.EmitterProcessor.drain(EmitterProcessor.java:537)
! at reactor.core.publisher.EmitterProcessor.tryEmitNext(EmitterProcessor.java:343)
! at reactor.core.publisher.SinkManySerialized.tryEmitNext(SinkManySerialized.java:100)
! at reactor.core.publisher.InternalManySink.emitNext(InternalManySink.java:27)
! at reactor.core.publisher.FluxRetryWhen$RetryWhenMainSubscriber.onError(FluxRetryWhen.java:190)
! at reactor.core.publisher.MonoFlatMap$FlatMapMain.secondError(MonoFlatMap.java:192)
! at reactor.core.publisher.MonoFlatMap$FlatMapInner.onError(MonoFlatMap.java:259)
! at reactor.netty.transport.TransportConnector$MonoChannelPromise.tryFailure(TransportConnector.java:580)
! at reactor.netty.transport.TransportConnector$MonoChannelPromise.setFailure(TransportConnector.java:534)
! at reactor.netty.transport.TransportConnector.lambda$doConnect$7(TransportConnector.java:265)
! at io.netty.util.concurrent.DefaultPromise.notifyListener0(DefaultPromise.java:590)
! at io.netty.util.concurrent.DefaultPromise.notifyListeners0(DefaultPromise.java:583)
! at io.netty.util.concurrent.DefaultPromise.notifyListenersNow(DefaultPromise.java:559)
! at io.netty.util.concurrent.DefaultPromise.notifyListeners(DefaultPromise.java:492)
! at io.netty.util.concurrent.DefaultPromise.setValue0(DefaultPromise.java:636)
! at io.netty.util.concurrent.DefaultPromise.setFailure0(DefaultPromise.java:629)
! at io.netty.util.concurrent.DefaultPromise.tryFailure(DefaultPromise.java:118)
! at io.netty.channel.nio.AbstractNioChannel$AbstractNioUnsafe.fulfillConnectPromise(AbstractNioChannel.java:321)
! at io.netty.channel.nio.AbstractNioChannel$AbstractNioUnsafe.finishConnect(AbstractNioChannel.java:337)
! at io.netty.channel.nio.NioEventLoop.processSelectedKey(NioEventLoop.java:776)
! at io.netty.channel.nio.NioEventLoop.processSelectedKeysOptimized(NioEventLoop.java:724)
! at io.netty.channel.nio.NioEventLoop.processSelectedKeys(NioEventLoop.java:650)
! at io.netty.channel.nio.NioEventLoop.run(NioEventLoop.java:562)
! at io.netty.util.concurrent.SingleThreadEventExecutor$4.run(SingleThreadEventExecutor.java:997)
! at io.netty.util.internal.ThreadExecutorMap$2.run(ThreadExecutorMap.java:74)
! at io.netty.util.concurrent.FastThreadLocalRunnable.run(FastThreadLocalRunnable.java:30)
! at java.base/java.lang.Thread.run(Thread.java:833)
ERROR [2023-06-18 01:08:34,434] com.azure.cosmos.implementation.RxGatewayStoreModel: Network failure
! java.net.ConnectException: Connection refused: no further information
! at java.base/sun.nio.ch.Net.pollConnect(Native Method)
! at java.base/sun.nio.ch.Net.pollConnectNow(Net.java:672)
! at java.base/sun.nio.ch.SocketChannelImpl.finishConnect(SocketChannelImpl.java:946)
! at io.netty.channel.socket.nio.NioSocketChannel.doFinishConnect(NioSocketChannel.java:337)
! at io.netty.channel.nio.AbstractNioChannel$AbstractNioUnsafe.finishConnect(AbstractNioChannel.java:334)
! at io.netty.channel.nio.NioEventLoop.processSelectedKey(NioEventLoop.java:776)
! at io.netty.channel.nio.NioEventLoop.processSelectedKeysOptimized(NioEventLoop.java:724)
! at io.netty.channel.nio.NioEventLoop.processSelectedKeys(NioEventLoop.java:650)
! at io.netty.channel.nio.NioEventLoop.run(NioEventLoop.java:562)
! at io.netty.util.concurrent.SingleThreadEventExecutor$4.run(SingleThreadEventExecutor.java:997)
! at io.netty.util.internal.ThreadExecutorMap$2.run(ThreadExecutorMap.java:74)
! at io.netty.util.concurrent.FastThreadLocalRunnable.run(FastThreadLocalRunnable.java:30)
! at java.base/java.lang.Thread.run(Thread.java:833)
! Causing: io.netty.channel.AbstractChannel$AnnotatedConnectException: Connection refused: no further information: localhost/[0:0:0:0:0:0:0:1]:8081
WARN  [2023-06-18 01:08:34,434] com.azure.cosmos.implementation.WebExceptionRetryPolicy: Received retriable web exception, will retry
! java.net.ConnectException: Connection refused: no further information
! at java.base/sun.nio.ch.Net.pollConnect(Native Method)
! at java.base/sun.nio.ch.Net.pollConnectNow(Net.java:672)
! at java.base/sun.nio.ch.SocketChannelImpl.finishConnect(SocketChannelImpl.java:946)
! at io.netty.channel.socket.nio.NioSocketChannel.doFinishConnect(NioSocketChannel.java:337)
! at io.netty.channel.nio.AbstractNioChannel$AbstractNioUnsafe.finishConnect(AbstractNioChannel.java:334)
! at io.netty.channel.nio.NioEventLoop.processSelectedKey(NioEventLoop.java:776)
! at io.netty.channel.nio.NioEventLoop.processSelectedKeysOptimized(NioEventLoop.java:724)
! at io.netty.channel.nio.NioEventLoop.processSelectedKeys(NioEventLoop.java:650)
! at io.netty.channel.nio.NioEventLoop.run(NioEventLoop.java:562)
! at io.netty.util.concurrent.SingleThreadEventExecutor$4.run(SingleThreadEventExecutor.java:997)
! at io.netty.util.internal.ThreadExecutorMap$2.run(ThreadExecutorMap.java:74)
! at io.netty.util.concurrent.FastThreadLocalRunnable.run(FastThreadLocalRunnable.java:30)
! at java.base/java.lang.Thread.run(Thread.java:833)
! Causing: io.netty.channel.AbstractChannel$AnnotatedConnectException: Connection refused: no further information: localhost/[0:0:0:0:0:0:0:1]:8081
! Causing: com.azure.cosmos.CosmosException: {"innerErrorMessage":null,"cosmosDiagnostics":{"userAgent":"azsdk-java-cosmos/4.45.1 Windows11/10.0 JRE/17.0.2","activityId":null,"requestLatencyInMs":171,"requestStartTimeUTC":"2023-06-18T01:08:34.263265700Z","requestEndTimeUTC":"2023-06-18T01:08:34.434438800Z","responseStatisticsList":[],"supplementalResponseStatisticsList":[],"addressResolutionStatistics":{},"regionsContacted":[],"retryContext":{"statusAndSubStatusCodes":null,"retryCount":0,"retryLatency":0},"metadataDiagnosticsContext":{"metadataDiagnosticList":null},"serializationDiagnosticsContext":{"serializationDiagnosticsList":null},"gatewayStatistics":{"sessionToken":null,"operationType":"Read","resourceType":"DatabaseAccount","statusCode":503,"subStatusCode":10001,"requestCharge":0.0,"requestTimeline":[{"eventName":"connectionAcquired","startTimeUTC":"2023-06-18T01:08:34.431934900Z","durationInMilliSecs":2.5039},{"eventName":"connectionConfigured","startTimeUTC":null,"durationInMilliSecs":0.0},{"eventName":"requestSent","startTimeUTC":null,"durationInMilliSecs":0.0},{"eventName":"transitTime","startTimeUTC":null,"durationInMilliSecs":0.0},{"eventName":"received","startTimeUTC":null,"durationInMilliSecs":0.0}],"partitionKeyRangeId":null,"exceptionMessage":null,"exceptionResponseHeaders":"{x-ms-substatus=10001}","responsePayloadSizeInBytes":0},"samplingRateSnapshot":1.0,"systemInformation":{"usedMemory":"41033 KB","availableMemory":"31383479 KB","systemCpuLoad":"empty","availableProcessors":32},"clientCfgs":{"id":1,"machineId":"uuid:48e81931-5b2e-4d65-bc31-a8cd8bc5804a","connectionMode":"DIRECT","numberOfClients":1,"clientEndpoints":{"https://localhost:8081":1},"connCfg":{"rntbd":null,"gw":"(cps:1000, nrto:PT1M, icto:PT1M, p:false)","other":"(ed: true, cs: false, rv: true)"},"consistencyCfg":"(consistency: null, mm: true, prgns: [])","proactiveInit":null}}}
! at com.azure.cosmos.BridgeInternal.createCosmosException(BridgeInternal.java:462)
! at com.azure.cosmos.implementation.RxGatewayStoreModel.lambda$toDocumentServiceResponse$3(RxGatewayStoreModel.java:403)
! at reactor.core.publisher.FluxOnErrorResume$ResumeSubscriber.onError(FluxOnErrorResume.java:94)
! at reactor.core.publisher.FluxMapFuseable$MapFuseableSubscriber.onError(FluxMapFuseable.java:142)
! at reactor.core.publisher.MonoFlatMap$FlatMapMain.onError(MonoFlatMap.java:172)
! at reactor.core.publisher.MonoSingle$SingleSubscriber.onError(MonoSingle.java:150)
! at reactor.core.publisher.FluxOnErrorResume$ResumeSubscriber.onError(FluxOnErrorResume.java:106)
! at reactor.core.publisher.Operators.error(Operators.java:198)
! at reactor.core.publisher.MonoError.subscribe(MonoError.java:53)
! at reactor.core.publisher.Mono.subscribe(Mono.java:4490)
! at reactor.core.publisher.FluxOnErrorResume$ResumeSubscriber.onError(FluxOnErrorResume.java:103)
! at reactor.core.publisher.FluxPeekFuseable$PeekFuseableSubscriber.onError(FluxPeekFuseable.java:234)
! at reactor.core.publisher.FluxContextWrite$ContextWriteSubscriber.onError(FluxContextWrite.java:121)
! at reactor.core.publisher.MonoFlatMapMany$FlatMapManyMain.onError(MonoFlatMapMany.java:204)
! at reactor.core.publisher.SerializedSubscriber.onError(SerializedSubscriber.java:124)
! at reactor.core.publisher.FluxRetryWhen$RetryWhenMainSubscriber.whenError(FluxRetryWhen.java:225)
! at reactor.core.publisher.FluxRetryWhen$RetryWhenOtherSubscriber.onError(FluxRetryWhen.java:274)
! at reactor.core.publisher.FluxContextWrite$ContextWriteSubscriber.onError(FluxContextWrite.java:121)
! at reactor.core.publisher.FluxConcatMap$ConcatMapImmediate.drain(FluxConcatMap.java:415)
! at reactor.core.publisher.FluxConcatMap$ConcatMapImmediate.onNext(FluxConcatMap.java:251)
! at reactor.core.publisher.FluxContextWrite$ContextWriteSubscriber.onNext(FluxContextWrite.java:107)
! at reactor.core.publisher.EmitterProcessor.drain(EmitterProcessor.java:537)
! at reactor.core.publisher.EmitterProcessor.tryEmitNext(EmitterProcessor.java:343)
! at reactor.core.publisher.SinkManySerialized.tryEmitNext(SinkManySerialized.java:100)
! at reactor.core.publisher.InternalManySink.emitNext(InternalManySink.java:27)
! at reactor.core.publisher.FluxRetryWhen$RetryWhenMainSubscriber.onError(FluxRetryWhen.java:190)
! at reactor.core.publisher.MonoCreate$DefaultMonoSink.error(MonoCreate.java:201)
! at reactor.netty.http.client.HttpClientConnect$MonoHttpConnect$ClientTransportSubscriber.onError(HttpClientConnect.java:311)
! at reactor.core.publisher.MonoCreate$DefaultMonoSink.error(MonoCreate.java:201)
! at reactor.netty.resources.DefaultPooledConnectionProvider$DisposableAcquire.onError(DefaultPooledConnectionProvider.java:160)
! at reactor.netty.internal.shaded.reactor.pool.AbstractPool$Borrower.fail(AbstractPool.java:475)
! at reactor.netty.internal.shaded.reactor.pool.SimpleDequePool.lambda$drainLoop$9(SimpleDequePool.java:431)
! at reactor.core.publisher.FluxDoOnEach$DoOnEachSubscriber.onError(FluxDoOnEach.java:186)
! at reactor.core.publisher.MonoCreate$DefaultMonoSink.error(MonoCreate.java:201)
! at reactor.netty.resources.DefaultPooledConnectionProvider$PooledConnectionAllocator$PooledConnectionInitializer.onError(DefaultPooledConnectionProvider.java:558)
! at reactor.core.publisher.MonoFlatMap$FlatMapMain.secondError(MonoFlatMap.java:192)
! at reactor.core.publisher.MonoFlatMap$FlatMapInner.onError(MonoFlatMap.java:259)
! at reactor.core.publisher.FluxOnErrorResume$ResumeSubscriber.onError(FluxOnErrorResume.java:106)
! at reactor.core.publisher.SerializedSubscriber.onError(SerializedSubscriber.java:124)
! at reactor.core.publisher.FluxRetryWhen$RetryWhenMainSubscriber.whenError(FluxRetryWhen.java:225)
! at reactor.core.publisher.FluxRetryWhen$RetryWhenOtherSubscriber.onError(FluxRetryWhen.java:274)
! at reactor.core.publisher.FluxContextWrite$ContextWriteSubscriber.onError(FluxContextWrite.java:121)
! at reactor.core.publisher.FluxConcatMap$ConcatMapImmediate.drain(FluxConcatMap.java:415)
! at reactor.core.publisher.FluxConcatMap$ConcatMapImmediate.onNext(FluxConcatMap.java:251)
! at reactor.core.publisher.FluxContextWrite$ContextWriteSubscriber.onNext(FluxContextWrite.java:107)
! at reactor.core.publisher.EmitterProcessor.drain(EmitterProcessor.java:537)
! at reactor.core.publisher.EmitterProcessor.tryEmitNext(EmitterProcessor.java:343)
! at reactor.core.publisher.SinkManySerialized.tryEmitNext(SinkManySerialized.java:100)
! at reactor.core.publisher.InternalManySink.emitNext(InternalManySink.java:27)
! at reactor.core.publisher.FluxRetryWhen$RetryWhenMainSubscriber.onError(FluxRetryWhen.java:190)
! at reactor.core.publisher.MonoFlatMap$FlatMapMain.secondError(MonoFlatMap.java:192)
! at reactor.core.publisher.MonoFlatMap$FlatMapInner.onError(MonoFlatMap.java:259)
! at reactor.netty.transport.TransportConnector$MonoChannelPromise.tryFailure(TransportConnector.java:580)
! at reactor.netty.transport.TransportConnector$MonoChannelPromise.setFailure(TransportConnector.java:534)
! at reactor.netty.transport.TransportConnector.lambda$doConnect$7(TransportConnector.java:265)
! at io.netty.util.concurrent.DefaultPromise.notifyListener0(DefaultPromise.java:590)
! at io.netty.util.concurrent.DefaultPromise.notifyListeners0(DefaultPromise.java:583)
! at io.netty.util.concurrent.DefaultPromise.notifyListenersNow(DefaultPromise.java:559)
! at io.netty.util.concurrent.DefaultPromise.notifyListeners(DefaultPromise.java:492)
! at io.netty.util.concurrent.DefaultPromise.setValue0(DefaultPromise.java:636)
! at io.netty.util.concurrent.DefaultPromise.setFailure0(DefaultPromise.java:629)
! at io.netty.util.concurrent.DefaultPromise.tryFailure(DefaultPromise.java:118)
! at io.netty.channel.nio.AbstractNioChannel$AbstractNioUnsafe.fulfillConnectPromise(AbstractNioChannel.java:321)
! at io.netty.channel.nio.AbstractNioChannel$AbstractNioUnsafe.finishConnect(AbstractNioChannel.java:337)
! at io.netty.channel.nio.NioEventLoop.processSelectedKey(NioEventLoop.java:776)
! at io.netty.channel.nio.NioEventLoop.processSelectedKeysOptimized(NioEventLoop.java:724)
! at io.netty.channel.nio.NioEventLoop.processSelectedKeys(NioEventLoop.java:650)
! at io.netty.channel.nio.NioEventLoop.run(NioEventLoop.java:562)
! at io.netty.util.concurrent.SingleThreadEventExecutor$4.run(SingleThreadEventExecutor.java:997)
! at io.netty.util.internal.ThreadExecutorMap$2.run(ThreadExecutorMap.java:74)
! at io.netty.util.concurrent.FastThreadLocalRunnable.run(FastThreadLocalRunnable.java:30)
! at java.base/java.lang.Thread.run(Thread.java:833)
ERROR [2023-06-18 01:08:35,444] com.azure.cosmos.implementation.RxGatewayStoreModel: Network failure
! java.net.ConnectException: Connection refused: no further information
! at java.base/sun.nio.ch.Net.pollConnect(Native Method)
! at java.base/sun.nio.ch.Net.pollConnectNow(Net.java:672)
! at java.base/sun.nio.ch.SocketChannelImpl.finishConnect(SocketChannelImpl.java:946)
! at io.netty.channel.socket.nio.NioSocketChannel.doFinishConnect(NioSocketChannel.java:337)
! at io.netty.channel.nio.AbstractNioChannel$AbstractNioUnsafe.finishConnect(AbstractNioChannel.java:334)
! at io.netty.channel.nio.NioEventLoop.processSelectedKey(NioEventLoop.java:776)
! at io.netty.channel.nio.NioEventLoop.processSelectedKeysOptimized(NioEventLoop.java:724)
! at io.netty.channel.nio.NioEventLoop.processSelectedKeys(NioEventLoop.java:650)
! at io.netty.channel.nio.NioEventLoop.run(NioEventLoop.java:562)
! at io.netty.util.concurrent.SingleThreadEventExecutor$4.run(SingleThreadEventExecutor.java:997)
! at io.netty.util.internal.ThreadExecutorMap$2.run(ThreadExecutorMap.java:74)
! at io.netty.util.concurrent.FastThreadLocalRunnable.run(FastThreadLocalRunnable.java:30)
! at java.base/java.lang.Thread.run(Thread.java:833)
! Causing: io.netty.channel.AbstractChannel$AnnotatedConnectException: Connection refused: no further information: localhost/[0:0:0:0:0:0:0:1]:8081
WARN  [2023-06-18 01:08:35,444] com.azure.cosmos.implementation.WebExceptionRetryPolicy: Received retriable web exception, will retry
! java.net.ConnectException: Connection refused: no further information
! at java.base/sun.nio.ch.Net.pollConnect(Native Method)
! at java.base/sun.nio.ch.Net.pollConnectNow(Net.java:672)
! at java.base/sun.nio.ch.SocketChannelImpl.finishConnect(SocketChannelImpl.java:946)
! at io.netty.channel.socket.nio.NioSocketChannel.doFinishConnect(NioSocketChannel.java:337)
! at io.netty.channel.nio.AbstractNioChannel$AbstractNioUnsafe.finishConnect(AbstractNioChannel.java:334)
! at io.netty.channel.nio.NioEventLoop.processSelectedKey(NioEventLoop.java:776)
! at io.netty.channel.nio.NioEventLoop.processSelectedKeysOptimized(NioEventLoop.java:724)
! at io.netty.channel.nio.NioEventLoop.processSelectedKeys(NioEventLoop.java:650)
! at io.netty.channel.nio.NioEventLoop.run(NioEventLoop.java:562)
! at io.netty.util.concurrent.SingleThreadEventExecutor$4.run(SingleThreadEventExecutor.java:997)
! at io.netty.util.internal.ThreadExecutorMap$2.run(ThreadExecutorMap.java:74)
! at io.netty.util.concurrent.FastThreadLocalRunnable.run(FastThreadLocalRunnable.java:30)
! at java.base/java.lang.Thread.run(Thread.java:833)
! Causing: io.netty.channel.AbstractChannel$AnnotatedConnectException: Connection refused: no further information: localhost/[0:0:0:0:0:0:0:1]:8081
! Causing: com.azure.cosmos.CosmosException: {"innerErrorMessage":null,"cosmosDiagnostics":{"userAgent":"azsdk-java-cosmos/4.45.1 Windows11/10.0 JRE/17.0.2","activityId":null,"requestLatencyInMs":1180,"requestStartTimeUTC":"2023-06-18T01:08:34.263265700Z","requestEndTimeUTC":"2023-06-18T01:08:35.444156800Z","responseStatisticsList":[],"supplementalResponseStatisticsList":[],"addressResolutionStatistics":{},"regionsContacted":[],"retryContext":{"statusAndSubStatusCodes":null,"retryCount":0,"retryLatency":0},"metadataDiagnosticsContext":{"metadataDiagnosticList":null},"serializationDiagnosticsContext":{"serializationDiagnosticsList":null},"gatewayStatistics":{"sessionToken":null,"operationType":"Read","resourceType":"DatabaseAccount","statusCode":503,"subStatusCode":10001,"requestCharge":0.0,"requestTimeline":[{"eventName":"connectionAcquired","startTimeUTC":"2023-06-18T01:08:35.442153400Z","durationInMilliSecs":2.0034},{"eventName":"connectionConfigured","startTimeUTC":null,"durationInMilliSecs":0.0},{"eventName":"requestSent","startTimeUTC":null,"durationInMilliSecs":0.0},{"eventName":"transitTime","startTimeUTC":null,"durationInMilliSecs":0.0},{"eventName":"received","startTimeUTC":null,"durationInMilliSecs":0.0}],"partitionKeyRangeId":null,"exceptionMessage":null,"exceptionResponseHeaders":"{x-ms-substatus=10001}","responsePayloadSizeInBytes":0},"samplingRateSnapshot":1.0,"systemInformation":{"usedMemory":"43476 KB","availableMemory":"31381036 KB","systemCpuLoad":"(2023-06-18T01:08:34.228998100Z 100.0%)","availableProcessors":32},"clientCfgs":{"id":1,"machineId":"uuid:48e81931-5b2e-4d65-bc31-a8cd8bc5804a","connectionMode":"DIRECT","numberOfClients":1,"clientEndpoints":{"https://localhost:8081":1},"connCfg":{"rntbd":null,"gw":"(cps:1000, nrto:PT1M, icto:PT1M, p:false)","other":"(ed: true, cs: false, rv: true)"},"consistencyCfg":"(consistency: null, mm: true, prgns: [])","proactiveInit":null}}}
! at com.azure.cosmos.BridgeInternal.createCosmosException(BridgeInternal.java:462)
! at com.azure.cosmos.implementation.RxGatewayStoreModel.lambda$toDocumentServiceResponse$3(RxGatewayStoreModel.java:403)
! at reactor.core.publisher.FluxOnErrorResume$ResumeSubscriber.onError(FluxOnErrorResume.java:94)
! at reactor.core.publisher.FluxMapFuseable$MapFuseableSubscriber.onError(FluxMapFuseable.java:142)
! at reactor.core.publisher.MonoFlatMap$FlatMapMain.onError(MonoFlatMap.java:172)
! at reactor.core.publisher.MonoSingle$SingleSubscriber.onError(MonoSingle.java:150)
! at reactor.core.publisher.FluxOnErrorResume$ResumeSubscriber.onError(FluxOnErrorResume.java:106)
! at reactor.core.publisher.Operators.error(Operators.java:198)
! at reactor.core.publisher.MonoError.subscribe(MonoError.java:53)
! at reactor.core.publisher.Mono.subscribe(Mono.java:4490)
! at reactor.core.publisher.FluxOnErrorResume$ResumeSubscriber.onError(FluxOnErrorResume.java:103)
! at reactor.core.publisher.FluxPeekFuseable$PeekFuseableSubscriber.onError(FluxPeekFuseable.java:234)
! at reactor.core.publisher.FluxContextWrite$ContextWriteSubscriber.onError(FluxContextWrite.java:121)
! at reactor.core.publisher.MonoFlatMapMany$FlatMapManyMain.onError(MonoFlatMapMany.java:204)
! at reactor.core.publisher.SerializedSubscriber.onError(SerializedSubscriber.java:124)
! at reactor.core.publisher.FluxRetryWhen$RetryWhenMainSubscriber.whenError(FluxRetryWhen.java:225)
! at reactor.core.publisher.FluxRetryWhen$RetryWhenOtherSubscriber.onError(FluxRetryWhen.java:274)
! at reactor.core.publisher.FluxContextWrite$ContextWriteSubscriber.onError(FluxContextWrite.java:121)
! at reactor.core.publisher.FluxConcatMap$ConcatMapImmediate.drain(FluxConcatMap.java:415)
! at reactor.core.publisher.FluxConcatMap$ConcatMapImmediate.onNext(FluxConcatMap.java:251)
! at reactor.core.publisher.FluxContextWrite$ContextWriteSubscriber.onNext(FluxContextWrite.java:107)
! at reactor.core.publisher.EmitterProcessor.drain(EmitterProcessor.java:537)
! at reactor.core.publisher.EmitterProcessor.tryEmitNext(EmitterProcessor.java:343)
! at reactor.core.publisher.SinkManySerialized.tryEmitNext(SinkManySerialized.java:100)
! at reactor.core.publisher.InternalManySink.emitNext(InternalManySink.java:27)
! at reactor.core.publisher.FluxRetryWhen$RetryWhenMainSubscriber.onError(FluxRetryWhen.java:190)
! at reactor.core.publisher.MonoCreate$DefaultMonoSink.error(MonoCreate.java:201)
! at reactor.netty.http.client.HttpClientConnect$MonoHttpConnect$ClientTransportSubscriber.onError(HttpClientConnect.java:311)
! at reactor.core.publisher.MonoCreate$DefaultMonoSink.error(MonoCreate.java:201)
! at reactor.netty.resources.DefaultPooledConnectionProvider$DisposableAcquire.onError(DefaultPooledConnectionProvider.java:160)
! at reactor.netty.internal.shaded.reactor.pool.AbstractPool$Borrower.fail(AbstractPool.java:475)
! at reactor.netty.internal.shaded.reactor.pool.SimpleDequePool.lambda$drainLoop$9(SimpleDequePool.java:431)
! at reactor.core.publisher.FluxDoOnEach$DoOnEachSubscriber.onError(FluxDoOnEach.java:186)
! at reactor.core.publisher.MonoCreate$DefaultMonoSink.error(MonoCreate.java:201)
! at reactor.netty.resources.DefaultPooledConnectionProvider$PooledConnectionAllocator$PooledConnectionInitializer.onError(DefaultPooledConnectionProvider.java:558)
! at reactor.core.publisher.MonoFlatMap$FlatMapMain.secondError(MonoFlatMap.java:192)
! at reactor.core.publisher.MonoFlatMap$FlatMapInner.onError(MonoFlatMap.java:259)
! at reactor.core.publisher.FluxOnErrorResume$ResumeSubscriber.onError(FluxOnErrorResume.java:106)
! at reactor.core.publisher.SerializedSubscriber.onError(SerializedSubscriber.java:124)
! at reactor.core.publisher.FluxRetryWhen$RetryWhenMainSubscriber.whenError(FluxRetryWhen.java:225)
! at reactor.core.publisher.FluxRetryWhen$RetryWhenOtherSubscriber.onError(FluxRetryWhen.java:274)
! at reactor.core.publisher.FluxContextWrite$ContextWriteSubscriber.onError(FluxContextWrite.java:121)
! at reactor.core.publisher.FluxConcatMap$ConcatMapImmediate.drain(FluxConcatMap.java:415)
! at reactor.core.publisher.FluxConcatMap$ConcatMapImmediate.onNext(FluxConcatMap.java:251)
! at reactor.core.publisher.FluxContextWrite$ContextWriteSubscriber.onNext(FluxContextWrite.java:107)
! at reactor.core.publisher.EmitterProcessor.drain(EmitterProcessor.java:537)
! at reactor.core.publisher.EmitterProcessor.tryEmitNext(EmitterProcessor.java:343)
! at reactor.core.publisher.SinkManySerialized.tryEmitNext(SinkManySerialized.java:100)
! at reactor.core.publisher.InternalManySink.emitNext(InternalManySink.java:27)
! at reactor.core.publisher.FluxRetryWhen$RetryWhenMainSubscriber.onError(FluxRetryWhen.java:190)
! at reactor.core.publisher.MonoFlatMap$FlatMapMain.secondError(MonoFlatMap.java:192)
! at reactor.core.publisher.MonoFlatMap$FlatMapInner.onError(MonoFlatMap.java:259)
! at reactor.netty.transport.TransportConnector$MonoChannelPromise.tryFailure(TransportConnector.java:580)
! at reactor.netty.transport.TransportConnector$MonoChannelPromise.setFailure(TransportConnector.java:534)
! at reactor.netty.transport.TransportConnector.lambda$doConnect$7(TransportConnector.java:265)
! at io.netty.util.concurrent.DefaultPromise.notifyListener0(DefaultPromise.java:590)
! at io.netty.util.concurrent.DefaultPromise.notifyListeners0(DefaultPromise.java:583)
! at io.netty.util.concurrent.DefaultPromise.notifyListenersNow(DefaultPromise.java:559)
! at io.netty.util.concurrent.DefaultPromise.notifyListeners(DefaultPromise.java:492)
! at io.netty.util.concurrent.DefaultPromise.setValue0(DefaultPromise.java:636)
! at io.netty.util.concurrent.DefaultPromise.setFailure0(DefaultPromise.java:629)
! at io.netty.util.concurrent.DefaultPromise.tryFailure(DefaultPromise.java:118)
! at io.netty.channel.nio.AbstractNioChannel$AbstractNioUnsafe.fulfillConnectPromise(AbstractNioChannel.java:321)
! at io.netty.channel.nio.AbstractNioChannel$AbstractNioUnsafe.finishConnect(AbstractNioChannel.java:337)
! at io.netty.channel.nio.NioEventLoop.processSelectedKey(NioEventLoop.java:776)
! at io.netty.channel.nio.NioEventLoop.processSelectedKeysOptimized(NioEventLoop.java:724)
! at io.netty.channel.nio.NioEventLoop.processSelectedKeys(NioEventLoop.java:650)
! at io.netty.channel.nio.NioEventLoop.run(NioEventLoop.java:562)
! at io.netty.util.concurrent.SingleThreadEventExecutor$4.run(SingleThreadEventExecutor.java:997)
! at io.netty.util.internal.ThreadExecutorMap$2.run(ThreadExecutorMap.java:74)
! at io.netty.util.concurrent.FastThreadLocalRunnable.run(FastThreadLocalRunnable.java:30)
! at java.base/java.lang.Thread.run(Thread.java:833)
ERROR [2023-06-18 01:08:37,448] com.azure.cosmos.implementation.RxGatewayStoreModel: Network failure
! java.net.ConnectException: Connection refused: no further information
! at java.base/sun.nio.ch.Net.pollConnect(Native Method)
! at java.base/sun.nio.ch.Net.pollConnectNow(Net.java:672)
! at java.base/sun.nio.ch.SocketChannelImpl.finishConnect(SocketChannelImpl.java:946)
! at io.netty.channel.socket.nio.NioSocketChannel.doFinishConnect(NioSocketChannel.java:337)
! at io.netty.channel.nio.AbstractNioChannel$AbstractNioUnsafe.finishConnect(AbstractNioChannel.java:334)
! at io.netty.channel.nio.NioEventLoop.processSelectedKey(NioEventLoop.java:776)
! at io.netty.channel.nio.NioEventLoop.processSelectedKeysOptimized(NioEventLoop.java:724)
! at io.netty.channel.nio.NioEventLoop.processSelectedKeys(NioEventLoop.java:650)
! at io.netty.channel.nio.NioEventLoop.run(NioEventLoop.java:562)
! at io.netty.util.concurrent.SingleThreadEventExecutor$4.run(SingleThreadEventExecutor.java:997)
! at io.netty.util.internal.ThreadExecutorMap$2.run(ThreadExecutorMap.java:74)
! at io.netty.util.concurrent.FastThreadLocalRunnable.run(FastThreadLocalRunnable.java:30)
! at java.base/java.lang.Thread.run(Thread.java:833)
! Causing: io.netty.channel.AbstractChannel$AnnotatedConnectException: Connection refused: no further information: localhost/[0:0:0:0:0:0:0:1]:8081
WARN  [2023-06-18 01:08:37,448] com.azure.cosmos.implementation.WebExceptionRetryPolicy: Received retriable web exception, will retry
! java.net.ConnectException: Connection refused: no further information
! at java.base/sun.nio.ch.Net.pollConnect(Native Method)
! at java.base/sun.nio.ch.Net.pollConnectNow(Net.java:672)
! at java.base/sun.nio.ch.SocketChannelImpl.finishConnect(SocketChannelImpl.java:946)
! at io.netty.channel.socket.nio.NioSocketChannel.doFinishConnect(NioSocketChannel.java:337)
! at io.netty.channel.nio.AbstractNioChannel$AbstractNioUnsafe.finishConnect(AbstractNioChannel.java:334)
! at io.netty.channel.nio.NioEventLoop.processSelectedKey(NioEventLoop.java:776)
! at io.netty.channel.nio.NioEventLoop.processSelectedKeysOptimized(NioEventLoop.java:724)
! at io.netty.channel.nio.NioEventLoop.processSelectedKeys(NioEventLoop.java:650)
! at io.netty.channel.nio.NioEventLoop.run(NioEventLoop.java:562)
! at io.netty.util.concurrent.SingleThreadEventExecutor$4.run(SingleThreadEventExecutor.java:997)
! at io.netty.util.internal.ThreadExecutorMap$2.run(ThreadExecutorMap.java:74)
! at io.netty.util.concurrent.FastThreadLocalRunnable.run(FastThreadLocalRunnable.java:30)
! at java.base/java.lang.Thread.run(Thread.java:833)
! Causing: io.netty.channel.AbstractChannel$AnnotatedConnectException: Connection refused: no further information: localhost/[0:0:0:0:0:0:0:1]:8081
! Causing: com.azure.cosmos.CosmosException: {"innerErrorMessage":null,"cosmosDiagnostics":{"userAgent":"azsdk-java-cosmos/4.45.1 Windows11/10.0 JRE/17.0.2","activityId":null,"requestLatencyInMs":3185,"requestStartTimeUTC":"2023-06-18T01:08:34.263265700Z","requestEndTimeUTC":"2023-06-18T01:08:37.448601200Z","responseStatisticsList":[],"supplementalResponseStatisticsList":[],"addressResolutionStatistics":{},"regionsContacted":[],"retryContext":{"statusAndSubStatusCodes":null,"retryCount":0,"retryLatency":0},"metadataDiagnosticsContext":{"metadataDiagnosticList":null},"serializationDiagnosticsContext":{"serializationDiagnosticsList":null},"gatewayStatistics":{"sessionToken":null,"operationType":"Read","resourceType":"DatabaseAccount","statusCode":503,"subStatusCode":10001,"requestCharge":0.0,"requestTimeline":[{"eventName":"connectionAcquired","startTimeUTC":"2023-06-18T01:08:37.446262600Z","durationInMilliSecs":2.3386},{"eventName":"connectionConfigured","startTimeUTC":null,"durationInMilliSecs":0.0},{"eventName":"requestSent","startTimeUTC":null,"durationInMilliSecs":0.0},{"eventName":"transitTime","startTimeUTC":null,"durationInMilliSecs":0.0},{"eventName":"received","startTimeUTC":null,"durationInMilliSecs":0.0}],"partitionKeyRangeId":null,"exceptionMessage":null,"exceptionResponseHeaders":"{x-ms-substatus=10001}","responsePayloadSizeInBytes":0},"samplingRateSnapshot":1.0,"systemInformation":{"usedMemory":"43943 KB","availableMemory":"31380569 KB","systemCpuLoad":"(2023-06-18T01:08:34.228998100Z 100.0%)","availableProcessors":32},"clientCfgs":{"id":1,"machineId":"uuid:48e81931-5b2e-4d65-bc31-a8cd8bc5804a","connectionMode":"DIRECT","numberOfClients":1,"clientEndpoints":{"https://localhost:8081":1},"connCfg":{"rntbd":null,"gw":"(cps:1000, nrto:PT1M, icto:PT1M, p:false)","other":"(ed: true, cs: false, rv: true)"},"consistencyCfg":"(consistency: null, mm: true, prgns: [])","proactiveInit":null}}}
! at com.azure.cosmos.BridgeInternal.createCosmosException(BridgeInternal.java:462)
! at com.azure.cosmos.implementation.RxGatewayStoreModel.lambda$toDocumentServiceResponse$3(RxGatewayStoreModel.java:403)
! at reactor.core.publisher.FluxOnErrorResume$ResumeSubscriber.onError(FluxOnErrorResume.java:94)
! at reactor.core.publisher.FluxMapFuseable$MapFuseableSubscriber.onError(FluxMapFuseable.java:142)
! at reactor.core.publisher.MonoFlatMap$FlatMapMain.onError(MonoFlatMap.java:172)
! at reactor.core.publisher.MonoSingle$SingleSubscriber.onError(MonoSingle.java:150)
! at reactor.core.publisher.FluxOnErrorResume$ResumeSubscriber.onError(FluxOnErrorResume.java:106)
! at reactor.core.publisher.Operators.error(Operators.java:198)
! at reactor.core.publisher.MonoError.subscribe(MonoError.java:53)
! at reactor.core.publisher.Mono.subscribe(Mono.java:4490)
! at reactor.core.publisher.FluxOnErrorResume$ResumeSubscriber.onError(FluxOnErrorResume.java:103)
! at reactor.core.publisher.FluxPeekFuseable$PeekFuseableSubscriber.onError(FluxPeekFuseable.java:234)
! at reactor.core.publisher.FluxContextWrite$ContextWriteSubscriber.onError(FluxContextWrite.java:121)
! at reactor.core.publisher.MonoFlatMapMany$FlatMapManyMain.onError(MonoFlatMapMany.java:204)
! at reactor.core.publisher.SerializedSubscriber.onError(SerializedSubscriber.java:124)
! at reactor.core.publisher.FluxRetryWhen$RetryWhenMainSubscriber.whenError(FluxRetryWhen.java:225)
! at reactor.core.publisher.FluxRetryWhen$RetryWhenOtherSubscriber.onError(FluxRetryWhen.java:274)
! at reactor.core.publisher.FluxContextWrite$ContextWriteSubscriber.onError(FluxContextWrite.java:121)
! at reactor.core.publisher.FluxConcatMap$ConcatMapImmediate.drain(FluxConcatMap.java:415)
! at reactor.core.publisher.FluxConcatMap$ConcatMapImmediate.onNext(FluxConcatMap.java:251)
! at reactor.core.publisher.FluxContextWrite$ContextWriteSubscriber.onNext(FluxContextWrite.java:107)
! at reactor.core.publisher.EmitterProcessor.drain(EmitterProcessor.java:537)
! at reactor.core.publisher.EmitterProcessor.tryEmitNext(EmitterProcessor.java:343)
! at reactor.core.publisher.SinkManySerialized.tryEmitNext(SinkManySerialized.java:100)
! at reactor.core.publisher.InternalManySink.emitNext(InternalManySink.java:27)
! at reactor.core.publisher.FluxRetryWhen$RetryWhenMainSubscriber.onError(FluxRetryWhen.java:190)
! at reactor.core.publisher.MonoCreate$DefaultMonoSink.error(MonoCreate.java:201)
! at reactor.netty.http.client.HttpClientConnect$MonoHttpConnect$ClientTransportSubscriber.onError(HttpClientConnect.java:311)
! at reactor.core.publisher.MonoCreate$DefaultMonoSink.error(MonoCreate.java:201)
! at reactor.netty.resources.DefaultPooledConnectionProvider$DisposableAcquire.onError(DefaultPooledConnectionProvider.java:160)
! at reactor.netty.internal.shaded.reactor.pool.AbstractPool$Borrower.fail(AbstractPool.java:475)
! at reactor.netty.internal.shaded.reactor.pool.SimpleDequePool.lambda$drainLoop$9(SimpleDequePool.java:431)
! at reactor.core.publisher.FluxDoOnEach$DoOnEachSubscriber.onError(FluxDoOnEach.java:186)
! at reactor.core.publisher.MonoCreate$DefaultMonoSink.error(MonoCreate.java:201)
! at reactor.netty.resources.DefaultPooledConnectionProvider$PooledConnectionAllocator$PooledConnectionInitializer.onError(DefaultPooledConnectionProvider.java:558)
! at reactor.core.publisher.MonoFlatMap$FlatMapMain.secondError(MonoFlatMap.java:192)
! at reactor.core.publisher.MonoFlatMap$FlatMapInner.onError(MonoFlatMap.java:259)
! at reactor.core.publisher.FluxOnErrorResume$ResumeSubscriber.onError(FluxOnErrorResume.java:106)
! at reactor.core.publisher.SerializedSubscriber.onError(SerializedSubscriber.java:124)
! at reactor.core.publisher.FluxRetryWhen$RetryWhenMainSubscriber.whenError(FluxRetryWhen.java:225)
! at reactor.core.publisher.FluxRetryWhen$RetryWhenOtherSubscriber.onError(FluxRetryWhen.java:274)
! at reactor.core.publisher.FluxContextWrite$ContextWriteSubscriber.onError(FluxContextWrite.java:121)
! at reactor.core.publisher.FluxConcatMap$ConcatMapImmediate.drain(FluxConcatMap.java:415)
! at reactor.core.publisher.FluxConcatMap$ConcatMapImmediate.onNext(FluxConcatMap.java:251)
! at reactor.core.publisher.FluxContextWrite$ContextWriteSubscriber.onNext(FluxContextWrite.java:107)
! at reactor.core.publisher.EmitterProcessor.drain(EmitterProcessor.java:537)
! at reactor.core.publisher.EmitterProcessor.tryEmitNext(EmitterProcessor.java:343)
! at reactor.core.publisher.SinkManySerialized.tryEmitNext(SinkManySerialized.java:100)
! at reactor.core.publisher.InternalManySink.emitNext(InternalManySink.java:27)
! at reactor.core.publisher.FluxRetryWhen$RetryWhenMainSubscriber.onError(FluxRetryWhen.java:190)
! at reactor.core.publisher.MonoFlatMap$FlatMapMain.secondError(MonoFlatMap.java:192)
! at reactor.core.publisher.MonoFlatMap$FlatMapInner.onError(MonoFlatMap.java:259)
! at reactor.netty.transport.TransportConnector$MonoChannelPromise.tryFailure(TransportConnector.java:580)
! at reactor.netty.transport.TransportConnector$MonoChannelPromise.setFailure(TransportConnector.java:534)
! at reactor.netty.transport.TransportConnector.lambda$doConnect$7(TransportConnector.java:265)
! at io.netty.util.concurrent.DefaultPromise.notifyListener0(DefaultPromise.java:590)
! at io.netty.util.concurrent.DefaultPromise.notifyListeners0(DefaultPromise.java:583)
! at io.netty.util.concurrent.DefaultPromise.notifyListenersNow(DefaultPromise.java:559)
! at io.netty.util.concurrent.DefaultPromise.notifyListeners(DefaultPromise.java:492)
! at io.netty.util.concurrent.DefaultPromise.setValue0(DefaultPromise.java:636)
! at io.netty.util.concurrent.DefaultPromise.setFailure0(DefaultPromise.java:629)
! at io.netty.util.concurrent.DefaultPromise.tryFailure(DefaultPromise.java:118)
! at io.netty.channel.nio.AbstractNioChannel$AbstractNioUnsafe.fulfillConnectPromise(AbstractNioChannel.java:321)
! at io.netty.channel.nio.AbstractNioChannel$AbstractNioUnsafe.finishConnect(AbstractNioChannel.java:337)
! at io.netty.channel.nio.NioEventLoop.processSelectedKey(NioEventLoop.java:776)
! at io.netty.channel.nio.NioEventLoop.processSelectedKeysOptimized(NioEventLoop.java:724)
! at io.netty.channel.nio.NioEventLoop.processSelectedKeys(NioEventLoop.java:650)
! at io.netty.channel.nio.NioEventLoop.run(NioEventLoop.java:562)
! at io.netty.util.concurrent.SingleThreadEventExecutor$4.run(SingleThreadEventExecutor.java:997)
! at io.netty.util.internal.ThreadExecutorMap$2.run(ThreadExecutorMap.java:74)
! at io.netty.util.concurrent.FastThreadLocalRunnable.run(FastThreadLocalRunnable.java:30)
! at java.base/java.lang.Thread.run(Thread.java:833)
ERROR [2023-06-18 01:08:41,456] com.azure.cosmos.implementation.RxGatewayStoreModel: Network failure
! java.net.ConnectException: Connection refused: no further information
! at java.base/sun.nio.ch.Net.pollConnect(Native Method)
! at java.base/sun.nio.ch.Net.pollConnectNow(Net.java:672)
! at java.base/sun.nio.ch.SocketChannelImpl.finishConnect(SocketChannelImpl.java:946)
! at io.netty.channel.socket.nio.NioSocketChannel.doFinishConnect(NioSocketChannel.java:337)
! at io.netty.channel.nio.AbstractNioChannel$AbstractNioUnsafe.finishConnect(AbstractNioChannel.java:334)
! at io.netty.channel.nio.NioEventLoop.processSelectedKey(NioEventLoop.java:776)
! at io.netty.channel.nio.NioEventLoop.processSelectedKeysOptimized(NioEventLoop.java:724)
! at io.netty.channel.nio.NioEventLoop.processSelectedKeys(NioEventLoop.java:650)
! at io.netty.channel.nio.NioEventLoop.run(NioEventLoop.java:562)
! at io.netty.util.concurrent.SingleThreadEventExecutor$4.run(SingleThreadEventExecutor.java:997)
! at io.netty.util.internal.ThreadExecutorMap$2.run(ThreadExecutorMap.java:74)
! at io.netty.util.concurrent.FastThreadLocalRunnable.run(FastThreadLocalRunnable.java:30)
! at java.base/java.lang.Thread.run(Thread.java:833)
! Causing: io.netty.channel.AbstractChannel$AnnotatedConnectException: Connection refused: no further information: localhost/[0:0:0:0:0:0:0:1]:8081
WARN  [2023-06-18 01:08:41,456] com.azure.cosmos.implementation.WebExceptionRetryPolicy: Received retriable web exception, will retry
! java.net.ConnectException: Connection refused: no further information
! at java.base/sun.nio.ch.Net.pollConnect(Native Method)
! at java.base/sun.nio.ch.Net.pollConnectNow(Net.java:672)
! at java.base/sun.nio.ch.SocketChannelImpl.finishConnect(SocketChannelImpl.java:946)
! at io.netty.channel.socket.nio.NioSocketChannel.doFinishConnect(NioSocketChannel.java:337)
! at io.netty.channel.nio.AbstractNioChannel$AbstractNioUnsafe.finishConnect(AbstractNioChannel.java:334)
! at io.netty.channel.nio.NioEventLoop.processSelectedKey(NioEventLoop.java:776)
! at io.netty.channel.nio.NioEventLoop.processSelectedKeysOptimized(NioEventLoop.java:724)
! at io.netty.channel.nio.NioEventLoop.processSelectedKeys(NioEventLoop.java:650)
! at io.netty.channel.nio.NioEventLoop.run(NioEventLoop.java:562)
! at io.netty.util.concurrent.SingleThreadEventExecutor$4.run(SingleThreadEventExecutor.java:997)
! at io.netty.util.internal.ThreadExecutorMap$2.run(ThreadExecutorMap.java:74)
! at io.netty.util.concurrent.FastThreadLocalRunnable.run(FastThreadLocalRunnable.java:30)
! at java.base/java.lang.Thread.run(Thread.java:833)
! Causing: io.netty.channel.AbstractChannel$AnnotatedConnectException: Connection refused: no further information: localhost/[0:0:0:0:0:0:0:1]:8081
! Causing: com.azure.cosmos.CosmosException: {"innerErrorMessage":null,"cosmosDiagnostics":{"userAgent":"azsdk-java-cosmos/4.45.1 Windows11/10.0 JRE/17.0.2","activityId":null,"requestLatencyInMs":7193,"requestStartTimeUTC":"2023-06-18T01:08:34.263265700Z","requestEndTimeUTC":"2023-06-18T01:08:41.456378800Z","responseStatisticsList":[],"supplementalResponseStatisticsList":[],"addressResolutionStatistics":{},"regionsContacted":[],"retryContext":{"statusAndSubStatusCodes":null,"retryCount":0,"retryLatency":0},"metadataDiagnosticsContext":{"metadataDiagnosticList":null},"serializationDiagnosticsContext":{"serializationDiagnosticsList":null},"gatewayStatistics":{"sessionToken":null,"operationType":"Read","resourceType":"DatabaseAccount","statusCode":503,"subStatusCode":10001,"requestCharge":0.0,"requestTimeline":[{"eventName":"connectionAcquired","startTimeUTC":"2023-06-18T01:08:41.454377300Z","durationInMilliSecs":2.0015},{"eventName":"connectionConfigured","startTimeUTC":null,"durationInMilliSecs":0.0},{"eventName":"requestSent","startTimeUTC":null,"durationInMilliSecs":0.0},{"eventName":"transitTime","startTimeUTC":null,"durationInMilliSecs":0.0},{"eventName":"received","startTimeUTC":null,"durationInMilliSecs":0.0}],"partitionKeyRangeId":null,"exceptionMessage":null,"exceptionResponseHeaders":"{x-ms-substatus=10001}","responsePayloadSizeInBytes":0},"samplingRateSnapshot":1.0,"systemInformation":{"usedMemory":"44406 KB","availableMemory":"31380106 KB","systemCpuLoad":"(2023-06-18T01:08:34.228998100Z 100.0%), (2023-06-18T01:08:39.232446700Z 2.5%)","availableProcessors":32},"clientCfgs":{"id":1,"machineId":"uuid:48e81931-5b2e-4d65-bc31-a8cd8bc5804a","connectionMode":"DIRECT","numberOfClients":1,"clientEndpoints":{"https://localhost:8081":1},"connCfg":{"rntbd":null,"gw":"(cps:1000, nrto:PT1M, icto:PT1M, p:false)","other":"(ed: true, cs: false, rv: true)"},"consistencyCfg":"(consistency: null, mm: true, prgns: [])","proactiveInit":null}}}
! at com.azure.cosmos.BridgeInternal.createCosmosException(BridgeInternal.java:462)
! at com.azure.cosmos.implementation.RxGatewayStoreModel.lambda$toDocumentServiceResponse$3(RxGatewayStoreModel.java:403)
! at reactor.core.publisher.FluxOnErrorResume$ResumeSubscriber.onError(FluxOnErrorResume.java:94)
! at reactor.core.publisher.FluxMapFuseable$MapFuseableSubscriber.onError(FluxMapFuseable.java:142)
! at reactor.core.publisher.MonoFlatMap$FlatMapMain.onError(MonoFlatMap.java:172)
! at reactor.core.publisher.MonoSingle$SingleSubscriber.onError(MonoSingle.java:150)
! at reactor.core.publisher.FluxOnErrorResume$ResumeSubscriber.onError(FluxOnErrorResume.java:106)
! at reactor.core.publisher.Operators.error(Operators.java:198)
! at reactor.core.publisher.MonoError.subscribe(MonoError.java:53)
! at reactor.core.publisher.Mono.subscribe(Mono.java:4490)
! at reactor.core.publisher.FluxOnErrorResume$ResumeSubscriber.onError(FluxOnErrorResume.java:103)
! at reactor.core.publisher.FluxPeekFuseable$PeekFuseableSubscriber.onError(FluxPeekFuseable.java:234)
! at reactor.core.publisher.FluxContextWrite$ContextWriteSubscriber.onError(FluxContextWrite.java:121)
! at reactor.core.publisher.MonoFlatMapMany$FlatMapManyMain.onError(MonoFlatMapMany.java:204)
! at reactor.core.publisher.SerializedSubscriber.onError(SerializedSubscriber.java:124)
! at reactor.core.publisher.FluxRetryWhen$RetryWhenMainSubscriber.whenError(FluxRetryWhen.java:225)
! at reactor.core.publisher.FluxRetryWhen$RetryWhenOtherSubscriber.onError(FluxRetryWhen.java:274)
! at reactor.core.publisher.FluxContextWrite$ContextWriteSubscriber.onError(FluxContextWrite.java:121)
! at reactor.core.publisher.FluxConcatMap$ConcatMapImmediate.drain(FluxConcatMap.java:415)
! at reactor.core.publisher.FluxConcatMap$ConcatMapImmediate.onNext(FluxConcatMap.java:251)
! at reactor.core.publisher.FluxContextWrite$ContextWriteSubscriber.onNext(FluxContextWrite.java:107)
! at reactor.core.publisher.EmitterProcessor.drain(EmitterProcessor.java:537)
! at reactor.core.publisher.EmitterProcessor.tryEmitNext(EmitterProcessor.java:343)
! at reactor.core.publisher.SinkManySerialized.tryEmitNext(SinkManySerialized.java:100)
! at reactor.core.publisher.InternalManySink.emitNext(InternalManySink.java:27)
! at reactor.core.publisher.FluxRetryWhen$RetryWhenMainSubscriber.onError(FluxRetryWhen.java:190)
! at reactor.core.publisher.MonoCreate$DefaultMonoSink.error(MonoCreate.java:201)
! at reactor.netty.http.client.HttpClientConnect$MonoHttpConnect$ClientTransportSubscriber.onError(HttpClientConnect.java:311)
! at reactor.core.publisher.MonoCreate$DefaultMonoSink.error(MonoCreate.java:201)
! at reactor.netty.resources.DefaultPooledConnectionProvider$DisposableAcquire.onError(DefaultPooledConnectionProvider.java:160)
! at reactor.netty.internal.shaded.reactor.pool.AbstractPool$Borrower.fail(AbstractPool.java:475)
! at reactor.netty.internal.shaded.reactor.pool.SimpleDequePool.lambda$drainLoop$9(SimpleDequePool.java:431)
! at reactor.core.publisher.FluxDoOnEach$DoOnEachSubscriber.onError(FluxDoOnEach.java:186)
! at reactor.core.publisher.MonoCreate$DefaultMonoSink.error(MonoCreate.java:201)
! at reactor.netty.resources.DefaultPooledConnectionProvider$PooledConnectionAllocator$PooledConnectionInitializer.onError(DefaultPooledConnectionProvider.java:558)
! at reactor.core.publisher.MonoFlatMap$FlatMapMain.secondError(MonoFlatMap.java:192)
! at reactor.core.publisher.MonoFlatMap$FlatMapInner.onError(MonoFlatMap.java:259)
! at reactor.core.publisher.FluxOnErrorResume$ResumeSubscriber.onError(FluxOnErrorResume.java:106)
! at reactor.core.publisher.SerializedSubscriber.onError(SerializedSubscriber.java:124)
! at reactor.core.publisher.FluxRetryWhen$RetryWhenMainSubscriber.whenError(FluxRetryWhen.java:225)
! at reactor.core.publisher.FluxRetryWhen$RetryWhenOtherSubscriber.onError(FluxRetryWhen.java:274)
! at reactor.core.publisher.FluxContextWrite$ContextWriteSubscriber.onError(FluxContextWrite.java:121)
! at reactor.core.publisher.FluxConcatMap$ConcatMapImmediate.drain(FluxConcatMap.java:415)
! at reactor.core.publisher.FluxConcatMap$ConcatMapImmediate.onNext(FluxConcatMap.java:251)
! at reactor.core.publisher.FluxContextWrite$ContextWriteSubscriber.onNext(FluxContextWrite.java:107)
! at reactor.core.publisher.EmitterProcessor.drain(EmitterProcessor.java:537)
! at reactor.core.publisher.EmitterProcessor.tryEmitNext(EmitterProcessor.java:343)
! at reactor.core.publisher.SinkManySerialized.tryEmitNext(SinkManySerialized.java:100)
! at reactor.core.publisher.InternalManySink.emitNext(InternalManySink.java:27)
! at reactor.core.publisher.FluxRetryWhen$RetryWhenMainSubscriber.onError(FluxRetryWhen.java:190)
! at reactor.core.publisher.MonoFlatMap$FlatMapMain.secondError(MonoFlatMap.java:192)
! at reactor.core.publisher.MonoFlatMap$FlatMapInner.onError(MonoFlatMap.java:259)
! at reactor.netty.transport.TransportConnector$MonoChannelPromise.tryFailure(TransportConnector.java:580)
! at reactor.netty.transport.TransportConnector$MonoChannelPromise.setFailure(TransportConnector.java:534)
! at reactor.netty.transport.TransportConnector.lambda$doConnect$7(TransportConnector.java:265)
! at io.netty.util.concurrent.DefaultPromise.notifyListener0(DefaultPromise.java:590)
! at io.netty.util.concurrent.DefaultPromise.notifyListeners0(DefaultPromise.java:583)
! at io.netty.util.concurrent.DefaultPromise.notifyListenersNow(DefaultPromise.java:559)
! at io.netty.util.concurrent.DefaultPromise.notifyListeners(DefaultPromise.java:492)
! at io.netty.util.concurrent.DefaultPromise.setValue0(DefaultPromise.java:636)
! at io.netty.util.concurrent.DefaultPromise.setFailure0(DefaultPromise.java:629)
! at io.netty.util.concurrent.DefaultPromise.tryFailure(DefaultPromise.java:118)
! at io.netty.channel.nio.AbstractNioChannel$AbstractNioUnsafe.fulfillConnectPromise(AbstractNioChannel.java:321)
! at io.netty.channel.nio.AbstractNioChannel$AbstractNioUnsafe.finishConnect(AbstractNioChannel.java:337)
! at io.netty.channel.nio.NioEventLoop.processSelectedKey(NioEventLoop.java:776)
! at io.netty.channel.nio.NioEventLoop.processSelectedKeysOptimized(NioEventLoop.java:724)
! at io.netty.channel.nio.NioEventLoop.processSelectedKeys(NioEventLoop.java:650)
! at io.netty.channel.nio.NioEventLoop.run(NioEventLoop.java:562)
! at io.netty.util.concurrent.SingleThreadEventExecutor$4.run(SingleThreadEventExecutor.java:997)
! at io.netty.util.internal.ThreadExecutorMap$2.run(ThreadExecutorMap.java:74)
! at io.netty.util.concurrent.FastThreadLocalRunnable.run(FastThreadLocalRunnable.java:30)
! at java.base/java.lang.Thread.run(Thread.java:833)
ERROR [2023-06-18 01:08:49,467] com.azure.cosmos.implementation.RxGatewayStoreModel: Network failure
! java.net.ConnectException: Connection refused: no further information
! at java.base/sun.nio.ch.Net.pollConnect(Native Method)
! at java.base/sun.nio.ch.Net.pollConnectNow(Net.java:672)
! at java.base/sun.nio.ch.SocketChannelImpl.finishConnect(SocketChannelImpl.java:946)
! at io.netty.channel.socket.nio.NioSocketChannel.doFinishConnect(NioSocketChannel.java:337)
! at io.netty.channel.nio.AbstractNioChannel$AbstractNioUnsafe.finishConnect(AbstractNioChannel.java:334)
! at io.netty.channel.nio.NioEventLoop.processSelectedKey(NioEventLoop.java:776)
! at io.netty.channel.nio.NioEventLoop.processSelectedKeysOptimized(NioEventLoop.java:724)
! at io.netty.channel.nio.NioEventLoop.processSelectedKeys(NioEventLoop.java:650)
! at io.netty.channel.nio.NioEventLoop.run(NioEventLoop.java:562)
! at io.netty.util.concurrent.SingleThreadEventExecutor$4.run(SingleThreadEventExecutor.java:997)
! at io.netty.util.internal.ThreadExecutorMap$2.run(ThreadExecutorMap.java:74)
! at io.netty.util.concurrent.FastThreadLocalRunnable.run(FastThreadLocalRunnable.java:30)
! at java.base/java.lang.Thread.run(Thread.java:833)
! Causing: io.netty.channel.AbstractChannel$AnnotatedConnectException: Connection refused: no further information: localhost/[0:0:0:0:0:0:0:1]:8081
WARN  [2023-06-18 01:08:49,467] com.azure.cosmos.implementation.WebExceptionRetryPolicy: Received retriable web exception, will retry
! java.net.ConnectException: Connection refused: no further information
! at java.base/sun.nio.ch.Net.pollConnect(Native Method)
! at java.base/sun.nio.ch.Net.pollConnectNow(Net.java:672)
! at java.base/sun.nio.ch.SocketChannelImpl.finishConnect(SocketChannelImpl.java:946)
! at io.netty.channel.socket.nio.NioSocketChannel.doFinishConnect(NioSocketChannel.java:337)
! at io.netty.channel.nio.AbstractNioChannel$AbstractNioUnsafe.finishConnect(AbstractNioChannel.java:334)
! at io.netty.channel.nio.NioEventLoop.processSelectedKey(NioEventLoop.java:776)
! at io.netty.channel.nio.NioEventLoop.processSelectedKeysOptimized(NioEventLoop.java:724)
! at io.netty.channel.nio.NioEventLoop.processSelectedKeys(NioEventLoop.java:650)
! at io.netty.channel.nio.NioEventLoop.run(NioEventLoop.java:562)
! at io.netty.util.concurrent.SingleThreadEventExecutor$4.run(SingleThreadEventExecutor.java:997)
! at io.netty.util.internal.ThreadExecutorMap$2.run(ThreadExecutorMap.java:74)
! at io.netty.util.concurrent.FastThreadLocalRunnable.run(FastThreadLocalRunnable.java:30)
! at java.base/java.lang.Thread.run(Thread.java:833)
! Causing: io.netty.channel.AbstractChannel$AnnotatedConnectException: Connection refused: no further information: localhost/[0:0:0:0:0:0:0:1]:8081
! Causing: com.azure.cosmos.CosmosException: {"innerErrorMessage":null,"cosmosDiagnostics":{"userAgent":"azsdk-java-cosmos/4.45.1 Windows11/10.0 JRE/17.0.2","activityId":null,"requestLatencyInMs":15204,"requestStartTimeUTC":"2023-06-18T01:08:34.263265700Z","requestEndTimeUTC":"2023-06-18T01:08:49.467380100Z","responseStatisticsList":[],"supplementalResponseStatisticsList":[],"addressResolutionStatistics":{},"regionsContacted":[],"retryContext":{"statusAndSubStatusCodes":null,"retryCount":0,"retryLatency":0},"metadataDiagnosticsContext":{"metadataDiagnosticList":null},"serializationDiagnosticsContext":{"serializationDiagnosticsList":null},"gatewayStatistics":{"sessionToken":null,"operationType":"Read","resourceType":"DatabaseAccount","statusCode":503,"subStatusCode":10001,"requestCharge":0.0,"requestTimeline":[{"eventName":"connectionAcquired","startTimeUTC":"2023-06-18T01:08:49.465378400Z","durationInMilliSecs":2.0017},{"eventName":"connectionConfigured","startTimeUTC":null,"durationInMilliSecs":0.0},{"eventName":"requestSent","startTimeUTC":null,"durationInMilliSecs":0.0},{"eventName":"transitTime","startTimeUTC":null,"durationInMilliSecs":0.0},{"eventName":"received","startTimeUTC":null,"durationInMilliSecs":0.0}],"partitionKeyRangeId":null,"exceptionMessage":null,"exceptionResponseHeaders":"{x-ms-substatus=10001}","responsePayloadSizeInBytes":0},"samplingRateSnapshot":1.0,"systemInformation":{"usedMemory":"45106 KB","availableMemory":"31379406 KB","systemCpuLoad":"(2023-06-18T01:08:34.228998100Z 100.0%), (2023-06-18T01:08:39.232446700Z 2.5%), (2023-06-18T01:08:44.241302400Z 0.9%), (2023-06-18T01:08:49.232632300Z 1.3%)","availableProcessors":32},"clientCfgs":{"id":1,"machineId":"uuid:48e81931-5b2e-4d65-bc31-a8cd8bc5804a","connectionMode":"DIRECT","numberOfClients":1,"clientEndpoints":{"https://localhost:8081":1},"connCfg":{"rntbd":null,"gw":"(cps:1000, nrto:PT1M, icto:PT1M, p:false)","other":"(ed: true, cs: false, rv: true)"},"consistencyCfg":"(consistency: null, mm: true, prgns: [])","proactiveInit":null}}}
! at com.azure.cosmos.BridgeInternal.createCosmosException(BridgeInternal.java:462)
! at com.azure.cosmos.implementation.RxGatewayStoreModel.lambda$toDocumentServiceResponse$3(RxGatewayStoreModel.java:403)
! at reactor.core.publisher.FluxOnErrorResume$ResumeSubscriber.onError(FluxOnErrorResume.java:94)
! at reactor.core.publisher.FluxMapFuseable$MapFuseableSubscriber.onError(FluxMapFuseable.java:142)
! at reactor.core.publisher.MonoFlatMap$FlatMapMain.onError(MonoFlatMap.java:172)
! at reactor.core.publisher.MonoSingle$SingleSubscriber.onError(MonoSingle.java:150)
! at reactor.core.publisher.FluxOnErrorResume$ResumeSubscriber.onError(FluxOnErrorResume.java:106)
! at reactor.core.publisher.Operators.error(Operators.java:198)
! at reactor.core.publisher.MonoError.subscribe(MonoError.java:53)
! at reactor.core.publisher.Mono.subscribe(Mono.java:4490)
! at reactor.core.publisher.FluxOnErrorResume$ResumeSubscriber.onError(FluxOnErrorResume.java:103)
! at reactor.core.publisher.FluxPeekFuseable$PeekFuseableSubscriber.onError(FluxPeekFuseable.java:234)
! at reactor.core.publisher.FluxContextWrite$ContextWriteSubscriber.onError(FluxContextWrite.java:121)
! at reactor.core.publisher.MonoFlatMapMany$FlatMapManyMain.onError(MonoFlatMapMany.java:204)
! at reactor.core.publisher.SerializedSubscriber.onError(SerializedSubscriber.java:124)
! at reactor.core.publisher.FluxRetryWhen$RetryWhenMainSubscriber.whenError(FluxRetryWhen.java:225)
! at reactor.core.publisher.FluxRetryWhen$RetryWhenOtherSubscriber.onError(FluxRetryWhen.java:274)
! at reactor.core.publisher.FluxContextWrite$ContextWriteSubscriber.onError(FluxContextWrite.java:121)
! at reactor.core.publisher.FluxConcatMap$ConcatMapImmediate.drain(FluxConcatMap.java:415)
! at reactor.core.publisher.FluxConcatMap$ConcatMapImmediate.onNext(FluxConcatMap.java:251)
! at reactor.core.publisher.FluxContextWrite$ContextWriteSubscriber.onNext(FluxContextWrite.java:107)
! at reactor.core.publisher.EmitterProcessor.drain(EmitterProcessor.java:537)
! at reactor.core.publisher.EmitterProcessor.tryEmitNext(EmitterProcessor.java:343)
! at reactor.core.publisher.SinkManySerialized.tryEmitNext(SinkManySerialized.java:100)
! at reactor.core.publisher.InternalManySink.emitNext(InternalManySink.java:27)
! at reactor.core.publisher.FluxRetryWhen$RetryWhenMainSubscriber.onError(FluxRetryWhen.java:190)
! at reactor.core.publisher.MonoCreate$DefaultMonoSink.error(MonoCreate.java:201)
! at reactor.netty.http.client.HttpClientConnect$MonoHttpConnect$ClientTransportSubscriber.onError(HttpClientConnect.java:311)
! at reactor.core.publisher.MonoCreate$DefaultMonoSink.error(MonoCreate.java:201)
! at reactor.netty.resources.DefaultPooledConnectionProvider$DisposableAcquire.onError(DefaultPooledConnectionProvider.java:160)
! at reactor.netty.internal.shaded.reactor.pool.AbstractPool$Borrower.fail(AbstractPool.java:475)
! at reactor.netty.internal.shaded.reactor.pool.SimpleDequePool.lambda$drainLoop$9(SimpleDequePool.java:431)
! at reactor.core.publisher.FluxDoOnEach$DoOnEachSubscriber.onError(FluxDoOnEach.java:186)
! at reactor.core.publisher.MonoCreate$DefaultMonoSink.error(MonoCreate.java:201)
! at reactor.netty.resources.DefaultPooledConnectionProvider$PooledConnectionAllocator$PooledConnectionInitializer.onError(DefaultPooledConnectionProvider.java:558)
! at reactor.core.publisher.MonoFlatMap$FlatMapMain.secondError(MonoFlatMap.java:192)
! at reactor.core.publisher.MonoFlatMap$FlatMapInner.onError(MonoFlatMap.java:259)
! at reactor.core.publisher.FluxOnErrorResume$ResumeSubscriber.onError(FluxOnErrorResume.java:106)
! at reactor.core.publisher.SerializedSubscriber.onError(SerializedSubscriber.java:124)
! at reactor.core.publisher.FluxRetryWhen$RetryWhenMainSubscriber.whenError(FluxRetryWhen.java:225)
! at reactor.core.publisher.FluxRetryWhen$RetryWhenOtherSubscriber.onError(FluxRetryWhen.java:274)
! at reactor.core.publisher.FluxContextWrite$ContextWriteSubscriber.onError(FluxContextWrite.java:121)
! at reactor.core.publisher.FluxConcatMap$ConcatMapImmediate.drain(FluxConcatMap.java:415)
! at reactor.core.publisher.FluxConcatMap$ConcatMapImmediate.onNext(FluxConcatMap.java:251)
! at reactor.core.publisher.FluxContextWrite$ContextWriteSubscriber.onNext(FluxContextWrite.java:107)
! at reactor.core.publisher.EmitterProcessor.drain(EmitterProcessor.java:537)
! at reactor.core.publisher.EmitterProcessor.tryEmitNext(EmitterProcessor.java:343)
! at reactor.core.publisher.SinkManySerialized.tryEmitNext(SinkManySerialized.java:100)
! at reactor.core.publisher.InternalManySink.emitNext(InternalManySink.java:27)
! at reactor.core.publisher.FluxRetryWhen$RetryWhenMainSubscriber.onError(FluxRetryWhen.java:190)
! at reactor.core.publisher.MonoFlatMap$FlatMapMain.secondError(MonoFlatMap.java:192)
! at reactor.core.publisher.MonoFlatMap$FlatMapInner.onError(MonoFlatMap.java:259)
! at reactor.netty.transport.TransportConnector$MonoChannelPromise.tryFailure(TransportConnector.java:580)
! at reactor.netty.transport.TransportConnector$MonoChannelPromise.setFailure(TransportConnector.java:534)
! at reactor.netty.transport.TransportConnector.lambda$doConnect$7(TransportConnector.java:265)
! at io.netty.util.concurrent.DefaultPromise.notifyListener0(DefaultPromise.java:590)
! at io.netty.util.concurrent.DefaultPromise.notifyListeners0(DefaultPromise.java:583)
! at io.netty.util.concurrent.DefaultPromise.notifyListenersNow(DefaultPromise.java:559)
! at io.netty.util.concurrent.DefaultPromise.notifyListeners(DefaultPromise.java:492)
! at io.netty.util.concurrent.DefaultPromise.setValue0(DefaultPromise.java:636)
! at io.netty.util.concurrent.DefaultPromise.setFailure0(DefaultPromise.java:629)
! at io.netty.util.concurrent.DefaultPromise.tryFailure(DefaultPromise.java:118)
! at io.netty.channel.nio.AbstractNioChannel$AbstractNioUnsafe.fulfillConnectPromise(AbstractNioChannel.java:321)
! at io.netty.channel.nio.AbstractNioChannel$AbstractNioUnsafe.finishConnect(AbstractNioChannel.java:337)
! at io.netty.channel.nio.NioEventLoop.processSelectedKey(NioEventLoop.java:776)
! at io.netty.channel.nio.NioEventLoop.processSelectedKeysOptimized(NioEventLoop.java:724)
! at io.netty.channel.nio.NioEventLoop.processSelectedKeys(NioEventLoop.java:650)
! at io.netty.channel.nio.NioEventLoop.run(NioEventLoop.java:562)
! at io.netty.util.concurrent.SingleThreadEventExecutor$4.run(SingleThreadEventExecutor.java:997)
! at io.netty.util.internal.ThreadExecutorMap$2.run(ThreadExecutorMap.java:74)
! at io.netty.util.concurrent.FastThreadLocalRunnable.run(FastThreadLocalRunnable.java:30)
! at java.base/java.lang.Thread.run(Thread.java:833)
ERROR [2023-06-18 01:09:04,497] com.azure.cosmos.implementation.RxGatewayStoreModel: Network failure
! java.net.ConnectException: Connection refused: no further information
! at java.base/sun.nio.ch.Net.pollConnect(Native Method)
! at java.base/sun.nio.ch.Net.pollConnectNow(Net.java:672)
! at java.base/sun.nio.ch.SocketChannelImpl.finishConnect(SocketChannelImpl.java:946)
! at io.netty.channel.socket.nio.NioSocketChannel.doFinishConnect(NioSocketChannel.java:337)
! at io.netty.channel.nio.AbstractNioChannel$AbstractNioUnsafe.finishConnect(AbstractNioChannel.java:334)
! at io.netty.channel.nio.NioEventLoop.processSelectedKey(NioEventLoop.java:776)
! at io.netty.channel.nio.NioEventLoop.processSelectedKeysOptimized(NioEventLoop.java:724)
! at io.netty.channel.nio.NioEventLoop.processSelectedKeys(NioEventLoop.java:650)
! at io.netty.channel.nio.NioEventLoop.run(NioEventLoop.java:562)
! at io.netty.util.concurrent.SingleThreadEventExecutor$4.run(SingleThreadEventExecutor.java:997)
! at io.netty.util.internal.ThreadExecutorMap$2.run(ThreadExecutorMap.java:74)
! at io.netty.util.concurrent.FastThreadLocalRunnable.run(FastThreadLocalRunnable.java:30)
! at java.base/java.lang.Thread.run(Thread.java:833)
! Causing: io.netty.channel.AbstractChannel$AnnotatedConnectException: Connection refused: no further information: localhost/[0:0:0:0:0:0:0:1]:8081
WARN  [2023-06-18 01:09:04,497] com.azure.cosmos.implementation.RxDocumentClientImpl: Failed to retrieve database account information. io.netty.channel.AbstractChannel$AnnotatedConnectException: Connection refused: no further information: localhost/[0:0:0:0:0:0:0:1]:8081
ERROR [2023-06-18 01:09:04,498] com.azure.cosmos.implementation.GlobalEndpointManager: Fail to reach global gateway [https://localhost:8081], [{"innerErrorMessage":null,"cosmosDiagnostics":{"userAgent":"azsdk-java-cosmos/4.45.1 Windows11/10.0 JRE/17.0.2","activityId":null,"requestLatencyInMs":30234,"requestStartTimeUTC":"2023-06-18T01:08:34.263265700Z","requestEndTimeUTC":"2023-06-18T01:09:04.497421500Z","responseStatisticsList":[],"supplementalResponseStatisticsList":[],"addressResolutionStatistics":{},"regionsContacted":[],"retryContext":{"statusAndSubStatusCodes":null,"retryCount":0,"retryLatency":0},"metadataDiagnosticsContext":{"metadataDiagnosticList":null},"serializationDiagnosticsContext":{"serializationDiagnosticsList":null},"gatewayStatistics":{"sessionToken":null,"operationType":"Read","resourceType":"DatabaseAccount","statusCode":503,"subStatusCode":10001,"requestCharge":0.0,"requestTimeline":[{"eventName":"connectionAcquired","startTimeUTC":"2023-06-18T01:09:04.481349700Z","durationInMilliSecs":16.0718},{"eventName":"connectionConfigured","startTimeUTC":null,"durationInMilliSecs":0.0},{"eventName":"requestSent","startTimeUTC":null,"durationInMilliSecs":0.0},{"eventName":"transitTime","startTimeUTC":null,"durationInMilliSecs":0.0},{"eventName":"received","startTimeUTC":null,"durationInMilliSecs":0.0}],"partitionKeyRangeId":null,"exceptionMessage":null,"exceptionResponseHeaders":"{x-ms-substatus=10001}","responsePayloadSizeInBytes":0},"samplingRateSnapshot":1.0,"systemInformation":{"usedMemory":"46060 KB","availableMemory":"31378452 KB","systemCpuLoad":"(2023-06-18T01:08:39.232446700Z 2.5%), (2023-06-18T01:08:44.241302400Z 0.9%), (2023-06-18T01:08:49.232632300Z 1.3%), (2023-06-18T01:08:54.241065Z 0.8%), (2023-06-18T01:08:59.244282Z 0.7%), (2023-06-18T01:09:04.232280600Z 0.5%)","availableProcessors":32},"clientCfgs":{"id":1,"machineId":"uuid:48e81931-5b2e-4d65-bc31-a8cd8bc5804a","connectionMode":"DIRECT","numberOfClients":1,"clientEndpoints":{"https://localhost:8081":1},"connCfg":{"rntbd":null,"gw":"(cps:1000, nrto:PT1M, icto:PT1M, p:false)","other":"(ed: true, cs: false, rv: true)"},"consistencyCfg":"(consistency: null, mm: true, prgns: [])","proactiveInit":null}}}]
ERROR [2023-06-18 01:09:04,498] com.azure.cosmos.implementation.GlobalEndpointManager: startRefreshLocationTimerAsync() - Unable to refresh database account from any location. Exception: {"ClassName":"CosmosException","userAgent":"azsdk-java-cosmos/4.45.1 Windows11/10.0 JRE/17.0.2","statusCode":503,"resourceAddress":"https://localhost:8081/","innerErrorMessage":null,"causeInfo":"[class: class io.netty.channel.AbstractChannel$AnnotatedConnectException, message: Connection refused: no further information: localhost/[0:0:0:0:0:0:0:1]:8081]","responseHeaders":"{x-ms-substatus=10001}","requestHeaders":"[x-ms-cosmos-sdk-supportedcapabilities=1, Accept=application/json, x-ms-date=Sun, 18 Jun 2023 01:08:34 GMT]","cosmosDiagnostics":{"userAgent":"azsdk-java-cosmos/4.45.1 Windows11/10.0 JRE/17.0.2","activityId":null,"requestLatencyInMs":30234,"requestStartTimeUTC":"2023-06-18T01:08:34.263265700Z","requestEndTimeUTC":"2023-06-18T01:09:04.497421500Z","responseStatisticsList":[],"supplementalResponseStatisticsList":[],"addressResolutionStatistics":{},"regionsContacted":[],"retryContext":{"statusAndSubStatusCodes":null,"retryCount":0,"retryLatency":0},"metadataDiagnosticsContext":{"metadataDiagnosticList":null},"serializationDiagnosticsContext":{"serializationDiagnosticsList":null},"gatewayStatistics":{"sessionToken":null,"operationType":"Read","resourceType":"DatabaseAccount","statusCode":503,"subStatusCode":10001,"requestCharge":0.0,"requestTimeline":[{"eventName":"connectionAcquired","startTimeUTC":"2023-06-18T01:09:04.481349700Z","durationInMilliSecs":16.0718},{"eventName":"connectionConfigured","startTimeUTC":null,"durationInMilliSecs":0.0},{"eventName":"requestSent","startTimeUTC":null,"durationInMilliSecs":0.0},{"eventName":"transitTime","startTimeUTC":null,"durationInMilliSecs":0.0},{"eventName":"received","startTimeUTC":null,"durationInMilliSecs":0.0}],"partitionKeyRangeId":null,"exceptionMessage":null,"exceptionResponseHeaders":"{x-ms-substatus=10001}","responsePayloadSizeInBytes":0},"samplingRateSnapshot":1.0,"systemInformation":{"usedMemory":"46209 KB","availableMemory":"31378303 KB","systemCpuLoad":"(2023-06-18T01:08:39.232446700Z 2.5%), (2023-06-18T01:08:44.241302400Z 0.9%), (2023-06-18T01:08:49.232632300Z 1.3%), (2023-06-18T01:08:54.241065Z 0.8%), (2023-06-18T01:08:59.244282Z 0.7%), (2023-06-18T01:09:04.232280600Z 0.5%)","availableProcessors":32},"clientCfgs":{"id":1,"machineId":"uuid:48e81931-5b2e-4d65-bc31-a8cd8bc5804a","connectionMode":"DIRECT","numberOfClients":1,"clientEndpoints":{"https://localhost:8081":1},"connCfg":{"rntbd":null,"gw":"(cps:1000, nrto:PT1M, icto:PT1M, p:false)","other":"(ed: true, cs: false, rv: true)"},"consistencyCfg":"(consistency: null, mm: true, prgns: [])","proactiveInit":null}}}
! java.net.ConnectException: Connection refused: no further information
! at java.base/sun.nio.ch.Net.pollConnect(Native Method)
! at java.base/sun.nio.ch.Net.pollConnectNow(Net.java:672)
! at java.base/sun.nio.ch.SocketChannelImpl.finishConnect(SocketChannelImpl.java:946)
! at io.netty.channel.socket.nio.NioSocketChannel.doFinishConnect(NioSocketChannel.java:337)
! at io.netty.channel.nio.AbstractNioChannel$AbstractNioUnsafe.finishConnect(AbstractNioChannel.java:334)
! at io.netty.channel.nio.NioEventLoop.processSelectedKey(NioEventLoop.java:776)
! at io.netty.channel.nio.NioEventLoop.processSelectedKeysOptimized(NioEventLoop.java:724)
! at io.netty.channel.nio.NioEventLoop.processSelectedKeys(NioEventLoop.java:650)
! at io.netty.channel.nio.NioEventLoop.run(NioEventLoop.java:562)
! at io.netty.util.concurrent.SingleThreadEventExecutor$4.run(SingleThreadEventExecutor.java:997)
! at io.netty.util.internal.ThreadExecutorMap$2.run(ThreadExecutorMap.java:74)
! at io.netty.util.concurrent.FastThreadLocalRunnable.run(FastThreadLocalRunnable.java:30)
! at java.base/java.lang.Thread.run(Thread.java:833)
! Causing: io.netty.channel.AbstractChannel$AnnotatedConnectException: Connection refused: no further information: localhost/[0:0:0:0:0:0:0:1]:8081
! Causing: com.azure.cosmos.CosmosException: {"innerErrorMessage":null,"cosmosDiagnostics":{"userAgent":"azsdk-java-cosmos/4.45.1 Windows11/10.0 JRE/17.0.2","activityId":null,"requestLatencyInMs":30234,"requestStartTimeUTC":"2023-06-18T01:08:34.263265700Z","requestEndTimeUTC":"2023-06-18T01:09:04.497421500Z","responseStatisticsList":[],"supplementalResponseStatisticsList":[],"addressResolutionStatistics":{},"regionsContacted":[],"retryContext":{"statusAndSubStatusCodes":null,"retryCount":0,"retryLatency":0},"metadataDiagnosticsContext":{"metadataDiagnosticList":null},"serializationDiagnosticsContext":{"serializationDiagnosticsList":null},"gatewayStatistics":{"sessionToken":null,"operationType":"Read","resourceType":"DatabaseAccount","statusCode":503,"subStatusCode":10001,"requestCharge":0.0,"requestTimeline":[{"eventName":"connectionAcquired","startTimeUTC":"2023-06-18T01:09:04.481349700Z","durationInMilliSecs":16.0718},{"eventName":"connectionConfigured","startTimeUTC":null,"durationInMilliSecs":0.0},{"eventName":"requestSent","startTimeUTC":null,"durationInMilliSecs":0.0},{"eventName":"transitTime","startTimeUTC":null,"durationInMilliSecs":0.0},{"eventName":"received","startTimeUTC":null,"durationInMilliSecs":0.0}],"partitionKeyRangeId":null,"exceptionMessage":null,"exceptionResponseHeaders":"{x-ms-substatus=10001}","responsePayloadSizeInBytes":0},"samplingRateSnapshot":1.0,"systemInformation":{"usedMemory":"46209 KB","availableMemory":"31378303 KB","systemCpuLoad":"(2023-06-18T01:08:39.232446700Z 2.5%), (2023-06-18T01:08:44.241302400Z 0.9%), (2023-06-18T01:08:49.232632300Z 1.3%), (2023-06-18T01:08:54.241065Z 0.8%), (2023-06-18T01:08:59.244282Z 0.7%), (2023-06-18T01:09:04.232280600Z 0.5%)","availableProcessors":32},"clientCfgs":{"id":1,"machineId":"uuid:48e81931-5b2e-4d65-bc31-a8cd8bc5804a","connectionMode":"DIRECT","numberOfClients":1,"clientEndpoints":{"https://localhost:8081":1},"connCfg":{"rntbd":null,"gw":"(cps:1000, nrto:PT1M, icto:PT1M, p:false)","other":"(ed: true, cs: false, rv: true)"},"consistencyCfg":"(consistency: null, mm: true, prgns: [])","proactiveInit":null}}}
! at com.azure.cosmos.BridgeInternal.createCosmosException(BridgeInternal.java:462)
! at com.azure.cosmos.implementation.RxGatewayStoreModel.lambda$toDocumentServiceResponse$3(RxGatewayStoreModel.java:403)
! at reactor.core.publisher.FluxOnErrorResume$ResumeSubscriber.onError(FluxOnErrorResume.java:94)
! at reactor.core.publisher.FluxMapFuseable$MapFuseableSubscriber.onError(FluxMapFuseable.java:142)
! at reactor.core.publisher.MonoFlatMap$FlatMapMain.onError(MonoFlatMap.java:172)
! at reactor.core.publisher.MonoSingle$SingleSubscriber.onError(MonoSingle.java:150)
! at reactor.core.publisher.FluxOnErrorResume$ResumeSubscriber.onError(FluxOnErrorResume.java:106)
! at reactor.core.publisher.Operators.error(Operators.java:198)
! at reactor.core.publisher.MonoError.subscribe(MonoError.java:53)
! at reactor.core.publisher.Mono.subscribe(Mono.java:4490)
! at reactor.core.publisher.FluxOnErrorResume$ResumeSubscriber.onError(FluxOnErrorResume.java:103)
! at reactor.core.publisher.FluxPeekFuseable$PeekFuseableSubscriber.onError(FluxPeekFuseable.java:234)
! at reactor.core.publisher.FluxContextWrite$ContextWriteSubscriber.onError(FluxContextWrite.java:121)
! at reactor.core.publisher.MonoFlatMapMany$FlatMapManyMain.onError(MonoFlatMapMany.java:204)
! at reactor.core.publisher.SerializedSubscriber.onError(SerializedSubscriber.java:124)
! at reactor.core.publisher.FluxRetryWhen$RetryWhenMainSubscriber.whenError(FluxRetryWhen.java:225)
! at reactor.core.publisher.FluxRetryWhen$RetryWhenOtherSubscriber.onError(FluxRetryWhen.java:274)
! at reactor.core.publisher.FluxContextWrite$ContextWriteSubscriber.onError(FluxContextWrite.java:121)
! at reactor.core.publisher.FluxConcatMap$ConcatMapImmediate.drain(FluxConcatMap.java:415)
! at reactor.core.publisher.FluxConcatMap$ConcatMapImmediate.onNext(FluxConcatMap.java:251)
! at reactor.core.publisher.FluxContextWrite$ContextWriteSubscriber.onNext(FluxContextWrite.java:107)
! at reactor.core.publisher.EmitterProcessor.drain(EmitterProcessor.java:537)
! at reactor.core.publisher.EmitterProcessor.tryEmitNext(EmitterProcessor.java:343)
! at reactor.core.publisher.SinkManySerialized.tryEmitNext(SinkManySerialized.java:100)
! at reactor.core.publisher.InternalManySink.emitNext(InternalManySink.java:27)
! at reactor.core.publisher.FluxRetryWhen$RetryWhenMainSubscriber.onError(FluxRetryWhen.java:190)
! at reactor.core.publisher.MonoCreate$DefaultMonoSink.error(MonoCreate.java:201)
! at reactor.netty.http.client.HttpClientConnect$MonoHttpConnect$ClientTransportSubscriber.onError(HttpClientConnect.java:311)
! at reactor.core.publisher.MonoCreate$DefaultMonoSink.error(MonoCreate.java:201)
! at reactor.netty.resources.DefaultPooledConnectionProvider$DisposableAcquire.onError(DefaultPooledConnectionProvider.java:160)
! at reactor.netty.internal.shaded.reactor.pool.AbstractPool$Borrower.fail(AbstractPool.java:475)
! at reactor.netty.internal.shaded.reactor.pool.SimpleDequePool.lambda$drainLoop$9(SimpleDequePool.java:431)
! at reactor.core.publisher.FluxDoOnEach$DoOnEachSubscriber.onError(FluxDoOnEach.java:186)
! at reactor.core.publisher.MonoCreate$DefaultMonoSink.error(MonoCreate.java:201)
! at reactor.netty.resources.DefaultPooledConnectionProvider$PooledConnectionAllocator$PooledConnectionInitializer.onError(DefaultPooledConnectionProvider.java:558)
! at reactor.core.publisher.MonoFlatMap$FlatMapMain.secondError(MonoFlatMap.java:192)
! at reactor.core.publisher.MonoFlatMap$FlatMapInner.onError(MonoFlatMap.java:259)
! at reactor.core.publisher.FluxOnErrorResume$ResumeSubscriber.onError(FluxOnErrorResume.java:106)
! at reactor.core.publisher.SerializedSubscriber.onError(SerializedSubscriber.java:124)
! at reactor.core.publisher.FluxRetryWhen$RetryWhenMainSubscriber.whenError(FluxRetryWhen.java:225)
! at reactor.core.publisher.FluxRetryWhen$RetryWhenOtherSubscriber.onError(FluxRetryWhen.java:274)
! at reactor.core.publisher.FluxContextWrite$ContextWriteSubscriber.onError(FluxContextWrite.java:121)
! at reactor.core.publisher.FluxConcatMap$ConcatMapImmediate.drain(FluxConcatMap.java:415)
! at reactor.core.publisher.FluxConcatMap$ConcatMapImmediate.onNext(FluxConcatMap.java:251)
! at reactor.core.publisher.FluxContextWrite$ContextWriteSubscriber.onNext(FluxContextWrite.java:107)
! at reactor.core.publisher.EmitterProcessor.drain(EmitterProcessor.java:537)
! at reactor.core.publisher.EmitterProcessor.tryEmitNext(EmitterProcessor.java:343)
! at reactor.core.publisher.SinkManySerialized.tryEmitNext(SinkManySerialized.java:100)
! at reactor.core.publisher.InternalManySink.emitNext(InternalManySink.java:27)
! at reactor.core.publisher.FluxRetryWhen$RetryWhenMainSubscriber.onError(FluxRetryWhen.java:190)
! at reactor.core.publisher.MonoFlatMap$FlatMapMain.secondError(MonoFlatMap.java:192)
! at reactor.core.publisher.MonoFlatMap$FlatMapInner.onError(MonoFlatMap.java:259)
! at reactor.netty.transport.TransportConnector$MonoChannelPromise.tryFailure(TransportConnector.java:580)
! at reactor.netty.transport.TransportConnector$MonoChannelPromise.setFailure(TransportConnector.java:534)
! at reactor.netty.transport.TransportConnector.lambda$doConnect$7(TransportConnector.java:265)
! at io.netty.util.concurrent.DefaultPromise.notifyListener0(DefaultPromise.java:590)
! at io.netty.util.concurrent.DefaultPromise.notifyListeners0(DefaultPromise.java:583)
! at io.netty.util.concurrent.DefaultPromise.notifyListenersNow(DefaultPromise.java:559)
! at io.netty.util.concurrent.DefaultPromise.notifyListeners(DefaultPromise.java:492)
! at io.netty.util.concurrent.DefaultPromise.setValue0(DefaultPromise.java:636)
! at io.netty.util.concurrent.DefaultPromise.setFailure0(DefaultPromise.java:629)
! at io.netty.util.concurrent.DefaultPromise.tryFailure(DefaultPromise.java:118)
! at io.netty.channel.nio.AbstractNioChannel$AbstractNioUnsafe.fulfillConnectPromise(AbstractNioChannel.java:321)
! at io.netty.channel.nio.AbstractNioChannel$AbstractNioUnsafe.finishConnect(AbstractNioChannel.java:337)
! at io.netty.channel.nio.NioEventLoop.processSelectedKey(NioEventLoop.java:776)
! at io.netty.channel.nio.NioEventLoop.processSelectedKeysOptimized(NioEventLoop.java:724)
! at io.netty.channel.nio.NioEventLoop.processSelectedKeys(NioEventLoop.java:650)
! at io.netty.channel.nio.NioEventLoop.run(NioEventLoop.java:562)
! at io.netty.util.concurrent.SingleThreadEventExecutor$4.run(SingleThreadEventExecutor.java:997)
! at io.netty.util.internal.ThreadExecutorMap$2.run(ThreadExecutorMap.java:74)
! at io.netty.util.concurrent.FastThreadLocalRunnable.run(FastThreadLocalRunnable.java:30)
! at java.base/java.lang.Thread.run(Thread.java:833)
ERROR [2023-06-18 01:09:04,499] com.azure.cosmos.implementation.RxDocumentClientImpl: Client initialization failed. Check if the endpoint is reachable and if your auth token is valid. More info: https://aka.ms/cosmosdb-tsg-service-unavailable-java
ERROR [2023-06-18 01:09:04,499] com.azure.cosmos.implementation.RxDocumentClientImpl: unexpected failure in initializing client.
! java.lang.RuntimeException: Client initialization failed. Check if the endpoint is reachable and if your auth token is valid. More info: https://aka.ms/cosmosdb-tsg-service-unavailable-java
! at com.azure.cosmos.implementation.RxDocumentClientImpl.initializeGatewayConfigurationReader(RxDocumentClientImpl.java:494)
! at com.azure.cosmos.implementation.RxDocumentClientImpl.init(RxDocumentClientImpl.java:529)
! at com.azure.cosmos.implementation.AsyncDocumentClient$Builder.build(AsyncDocumentClient.java:281)
! at com.azure.cosmos.CosmosAsyncClient.<init>(CosmosAsyncClient.java:164)
! at com.azure.cosmos.CosmosClientBuilder.buildAsyncClient(CosmosClientBuilder.java:961)
! at com.azure.cosmos.CosmosClient.<init>(CosmosClient.java:34)
! at com.azure.cosmos.CosmosClientBuilder.buildClient(CosmosClientBuilder.java:993)
! at com.jersey.App.run(App.java:82)
! at com.jersey.App.run(App.java:34)
! at io.dropwizard.core.cli.EnvironmentCommand.run(EnvironmentCommand.java:66)
! at io.dropwizard.core.cli.ConfiguredCommand.run(ConfiguredCommand.java:98)
! at io.dropwizard.testing.DropwizardTestSupport.startIfRequired(DropwizardTestSupport.java:304)
! at io.dropwizard.testing.DropwizardTestSupport.before(DropwizardTestSupport.java:204)
! at io.dropwizard.testing.junit5.DropwizardAppExtension.before(DropwizardAppExtension.java:178)
! at io.dropwizard.testing.junit5.DropwizardAppExtension.beforeAll(DropwizardAppExtension.java:167)
! at org.junit.jupiter.engine.descriptor.ClassBasedTestDescriptor.lambda$invokeBeforeAllCallbacks$12(ClassBasedTestDescriptor.java:395)
! at org.junit.platform.engine.support.hierarchical.ThrowableCollector.execute(ThrowableCollector.java:73)
! at org.junit.jupiter.engine.descriptor.ClassBasedTestDescriptor.invokeBeforeAllCallbacks(ClassBasedTestDescriptor.java:395)
! at org.junit.jupiter.engine.descriptor.ClassBasedTestDescriptor.before(ClassBasedTestDescriptor.java:211)
! at org.junit.jupiter.engine.descriptor.ClassBasedTestDescriptor.before(ClassBasedTestDescriptor.java:84)
! at org.junit.platform.engine.support.hierarchical.NodeTestTask.lambda$executeRecursively$6(NodeTestTask.java:148)
! at org.junit.platform.engine.support.hierarchical.ThrowableCollector.execute(ThrowableCollector.java:73)
! at org.junit.platform.engine.support.hierarchical.NodeTestTask.lambda$executeRecursively$8(NodeTestTask.java:141)
! at org.junit.platform.engine.support.hierarchical.Node.around(Node.java:137)
! at org.junit.platform.engine.support.hierarchical.NodeTestTask.lambda$executeRecursively$9(NodeTestTask.java:139)
! at org.junit.platform.engine.support.hierarchical.ThrowableCollector.execute(ThrowableCollector.java:73)
! at org.junit.platform.engine.support.hierarchical.NodeTestTask.executeRecursively(NodeTestTask.java:138)
! at org.junit.platform.engine.support.hierarchical.NodeTestTask.execute(NodeTestTask.java:95)
! at java.base/java.util.ArrayList.forEach(ArrayList.java:1511)
! at org.junit.platform.engine.support.hierarchical.SameThreadHierarchicalTestExecutorService.invokeAll(SameThreadHierarchicalTestExecutorService.java:41)
! at org.junit.platform.engine.support.hierarchical.NodeTestTask.lambda$executeRecursively$6(NodeTestTask.java:155)
! at org.junit.platform.engine.support.hierarchical.ThrowableCollector.execute(ThrowableCollector.java:73)
! at org.junit.platform.engine.support.hierarchical.NodeTestTask.lambda$executeRecursively$8(NodeTestTask.java:141)
! at org.junit.platform.engine.support.hierarchical.Node.around(Node.java:137)
! at org.junit.platform.engine.support.hierarchical.NodeTestTask.lambda$executeRecursively$9(NodeTestTask.java:139)
! at org.junit.platform.engine.support.hierarchical.ThrowableCollector.execute(ThrowableCollector.java:73)
! at org.junit.platform.engine.support.hierarchical.NodeTestTask.executeRecursively(NodeTestTask.java:138)
! at org.junit.platform.engine.support.hierarchical.NodeTestTask.execute(NodeTestTask.java:95)
! at org.junit.platform.engine.support.hierarchical.SameThreadHierarchicalTestExecutorService.submit(SameThreadHierarchicalTestExecutorService.java:35)
! at org.junit.platform.engine.support.hierarchical.HierarchicalTestExecutor.execute(HierarchicalTestExecutor.java:57)
! at org.junit.platform.engine.support.hierarchical.HierarchicalTestEngine.execute(HierarchicalTestEngine.java:54)
! at org.junit.platform.launcher.core.DefaultLauncher.execute(DefaultLauncher.java:220)
! at org.junit.platform.launcher.core.DefaultLauncher.lambda$execute$6(DefaultLauncher.java:188)
! at org.junit.platform.launcher.core.DefaultLauncher.withInterceptedStreams(DefaultLauncher.java:202)
! at org.junit.platform.launcher.core.DefaultLauncher.execute(DefaultLauncher.java:181)
! at org.junit.platform.launcher.core.DefaultLauncher.execute(DefaultLauncher.java:128)
! at org.apache.maven.surefire.junitplatform.JUnitPlatformProvider.invokeAllTests(JUnitPlatformProvider.java:150)
! at org.apache.maven.surefire.junitplatform.JUnitPlatformProvider.invoke(JUnitPlatformProvider.java:124)
! at org.apache.maven.surefire.booter.ForkedBooter.invokeProviderInSameClassLoader(ForkedBooter.java:384)
! at org.apache.maven.surefire.booter.ForkedBooter.runSuitesInProcess(ForkedBooter.java:345)
! at org.apache.maven.surefire.booter.ForkedBooter.execute(ForkedBooter.java:126)
! at org.apache.maven.surefire.booter.ForkedBooter.main(ForkedBooter.java:418)
INFO  [2023-06-18 01:09:04,499] com.azure.cosmos.implementation.RxDocumentClientImpl: Attempting to close client 1
INFO  [2023-06-18 01:09:04,499] com.azure.cosmos.implementation.RxDocumentClientImpl: Shutting down ...
INFO  [2023-06-18 01:09:04,499] com.azure.cosmos.implementation.RxDocumentClientImpl: Closing Global Endpoint Manager ...
INFO  [2023-06-18 01:09:04,503] com.azure.cosmos.implementation.RxDocumentClientImpl: Closing StoreClientFactory ...
INFO  [2023-06-18 01:09:04,503] com.azure.cosmos.implementation.RxDocumentClientImpl: Shutting down reactorHttpClient ...
INFO  [2023-06-18 01:09:04,506] com.azure.cosmos.implementation.RxDocumentClientImpl: Shutting down CpuMonitor ...
INFO  [2023-06-18 01:09:04,506] com.azure.cosmos.implementation.RxDocumentClientImpl: Shutting down completed.
]]></system-out>
  </testcase>
</testsuite>