<?xml version="1.0" encoding="UTF-8"?>
<testsuite xmlns:xsi="http://www.w3.org/2001/XMLSchema-instance" xsi:noNamespaceSchemaLocation="https://maven.apache.org/surefire/maven-surefire-plugin/xsd/surefire-test-report.xsd" name="com.jersey.resources.EmployeeResourceTest" time="33.366" tests="1" errors="1" skipped="0" failures="0">
  <properties>
    <property name="java.specification.version" value="17"/>
    <property name="sun.cpu.isalist" value="amd64"/>
    <property name="sun.jnu.encoding" value="Cp1252"/>
    <property name="java.class.path" value="G:\repo\redisexample\target\test-classes;G:\repo\redisexample\target\classes;C:\Users\shcarr\.m2\repository\io\dropwizard\dropwizard-core\4.0.0\dropwizard-core-4.0.0.jar;C:\Users\shcarr\.m2\repository\io\dropwizard\dropwizard-jackson\4.0.0\dropwizard-jackson-4.0.0.jar;C:\Users\shcarr\.m2\repository\com\fasterxml\jackson\datatype\jackson-datatype-jsr310\2.14.2\jackson-datatype-jsr310-2.14.2.jar;C:\Users\shcarr\.m2\repository\com\fasterxml\jackson\datatype\jackson-datatype-jdk8\2.14.2\jackson-datatype-jdk8-2.14.2.jar;C:\Users\shcarr\.m2\repository\com\fasterxml\jackson\module\jackson-module-parameter-names\2.14.2\jackson-module-parameter-names-2.14.2.jar;C:\Users\shcarr\.m2\repository\com\fasterxml\jackson\module\jackson-module-blackbird\2.14.2\jackson-module-blackbird-2.14.2.jar;C:\Users\shcarr\.m2\repository\io\dropwizard\dropwizard-configuration\4.0.0\dropwizard-configuration-4.0.0.jar;C:\Users\shcarr\.m2\repository\org\apache\commons\commons-text\1.10.0\commons-text-1.10.0.jar;C:\Users\shcarr\.m2\repository\org\apache\commons\commons-lang3\3.12.0\commons-lang3-3.12.0.jar;C:\Users\shcarr\.m2\repository\io\dropwizard\dropwizard-metrics\4.0.0\dropwizard-metrics-4.0.0.jar;C:\Users\shcarr\.m2\repository\io\dropwizard\dropwizard-jersey\4.0.0\dropwizard-jersey-4.0.0.jar;C:\Users\shcarr\.m2\repository\org\glassfish\jersey\ext\jersey-metainf-services\3.0.9\jersey-metainf-services-3.0.9.jar;C:\Users\shcarr\.m2\repository\org\glassfish\jersey\inject\jersey-hk2\3.0.9\jersey-hk2-3.0.9.jar;C:\Users\shcarr\.m2\repository\org\glassfish\hk2\hk2-locator\3.0.3\hk2-locator-3.0.3.jar;C:\Users\shcarr\.m2\repository\org\javassist\javassist\3.29.2-GA\javassist-3.29.2-GA.jar;C:\Users\shcarr\.m2\repository\io\dropwizard\metrics\metrics-jersey3\4.2.18\metrics-jersey3-4.2.18.jar;C:\Users\shcarr\.m2\repository\org\glassfish\hk2\hk2-api\3.0.3\hk2-api-3.0.3.jar;C:\Users\shcarr\.m2\repository\org\glassfish\hk2\hk2-utils\3.0.3\hk2-utils-3.0.3.jar;C:\Users\shcarr\.m2\repository\org\glassfish\hk2\external\aopalliance-repackaged\3.0.3\aopalliance-repackaged-3.0.3.jar;C:\Users\shcarr\.m2\repository\org\glassfish\jersey\containers\jersey-container-servlet\3.0.9\jersey-container-servlet-3.0.9.jar;C:\Users\shcarr\.m2\repository\io\dropwizard\dropwizard-servlets\4.0.0\dropwizard-servlets-4.0.0.jar;C:\Users\shcarr\.m2\repository\io\dropwizard\dropwizard-jetty\4.0.0\dropwizard-jetty-4.0.0.jar;C:\Users\shcarr\.m2\repository\org\eclipse\jetty\jetty-servlets\11.0.14\jetty-servlets-11.0.14.jar;C:\Users\shcarr\.m2\repository\org\eclipse\jetty\jetty-http\11.0.14\jetty-http-11.0.14.jar;C:\Users\shcarr\.m2\repository\io\dropwizard\dropwizard-lifecycle\4.0.0\dropwizard-lifecycle-4.0.0.jar;C:\Users\shcarr\.m2\repository\io\dropwizard\dropwizard-health\4.0.0\dropwizard-health-4.0.0.jar;C:\Users\shcarr\.m2\repository\io\dropwizard\metrics\metrics-core\4.2.18\metrics-core-4.2.18.jar;C:\Users\shcarr\.m2\repository\io\dropwizard\metrics\metrics-annotation\4.2.18\metrics-annotation-4.2.18.jar;C:\Users\shcarr\.m2\repository\io\dropwizard\metrics\metrics-jetty11\4.2.18\metrics-jetty11-4.2.18.jar;C:\Users\shcarr\.m2\repository\io\dropwizard\metrics\metrics-jvm\4.2.18\metrics-jvm-4.2.18.jar;C:\Users\shcarr\.m2\repository\io\dropwizard\metrics\metrics-jmx\4.2.18\metrics-jmx-4.2.18.jar;C:\Users\shcarr\.m2\repository\io\dropwizard\metrics\metrics-jakarta-servlets\4.2.18\metrics-jakarta-servlets-4.2.18.jar;C:\Users\shcarr\.m2\repository\io\dropwizard\metrics\metrics-json\4.2.18\metrics-json-4.2.18.jar;C:\Users\shcarr\.m2\repository\com\helger\profiler\1.1.1\profiler-1.1.1.jar;C:\Users\shcarr\.m2\repository\io\dropwizard\metrics\metrics-healthchecks\4.2.18\metrics-healthchecks-4.2.18.jar;C:\Users\shcarr\.m2\repository\io\dropwizard\dropwizard-request-logging\4.0.0\dropwizard-request-logging-4.0.0.jar;C:\Users\shcarr\.m2\repository\ch\qos\logback\logback-access\1.4.6\logback-access-1.4.6.jar;C:\Users\shcarr\.m2\repository\ch\qos\logback\logback-classic\1.4.6\logback-classic-1.4.6.jar;C:\Users\shcarr\.m2\repository\com\fasterxml\jackson\core\jackson-annotations\2.14.2\jackson-annotations-2.14.2.jar;C:\Users\shcarr\.m2\repository\com\fasterxml\jackson\core\jackson-databind\2.14.2\jackson-databind-2.14.2.jar;C:\Users\shcarr\.m2\repository\org\checkerframework\checker-qual\3.32.0\checker-qual-3.32.0.jar;C:\Users\shcarr\.m2\repository\jakarta\servlet\jakarta.servlet-api\5.0.0\jakarta.servlet-api-5.0.0.jar;C:\Users\shcarr\.m2\repository\jakarta\validation\jakarta.validation-api\3.0.2\jakarta.validation-api-3.0.2.jar;C:\Users\shcarr\.m2\repository\jakarta\ws\rs\jakarta.ws.rs-api\3.0.0\jakarta.ws.rs-api-3.0.0.jar;C:\Users\shcarr\.m2\repository\net\sourceforge\argparse4j\argparse4j\0.9.0\argparse4j-0.9.0.jar;C:\Users\shcarr\.m2\repository\org\eclipse\jetty\jetty-security\11.0.14\jetty-security-11.0.14.jar;C:\Users\shcarr\.m2\repository\org\eclipse\jetty\jetty-server\11.0.14\jetty-server-11.0.14.jar;C:\Users\shcarr\.m2\repository\org\eclipse\jetty\jetty-servlet\11.0.14\jetty-servlet-11.0.14.jar;C:\Users\shcarr\.m2\repository\org\eclipse\jetty\jetty-util\11.0.14\jetty-util-11.0.14.jar;C:\Users\shcarr\.m2\repository\org\eclipse\jetty\toolchain\setuid\jetty-setuid-java\1.0.4\jetty-setuid-java-1.0.4.jar;C:\Users\shcarr\.m2\repository\jakarta\inject\jakarta.inject-api\2.0.1.MR\jakarta.inject-api-2.0.1.MR.jar;C:\Users\shcarr\.m2\repository\org\glassfish\jersey\core\jersey-common\3.0.9\jersey-common-3.0.9.jar;C:\Users\shcarr\.m2\repository\org\glassfish\hk2\osgi-resource-locator\1.0.3\osgi-resource-locator-1.0.3.jar;C:\Users\shcarr\.m2\repository\org\glassfish\jersey\ext\jersey-bean-validation\3.0.9\jersey-bean-validation-3.0.9.jar;C:\Users\shcarr\.m2\repository\org\jboss\logging\jboss-logging\3.4.2.Final\jboss-logging-3.4.2.Final.jar;C:\Users\shcarr\.m2\repository\org\hibernate\validator\hibernate-validator\7.0.5.Final\hibernate-validator-7.0.5.Final.jar;C:\Users\shcarr\.m2\repository\org\slf4j\slf4j-api\2.0.7\slf4j-api-2.0.7.jar;C:\Users\shcarr\.m2\repository\io\dropwizard\dropwizard-logging\4.0.0\dropwizard-logging-4.0.0.jar;C:\Users\shcarr\.m2\repository\io\dropwizard\dropwizard-util\4.0.0\dropwizard-util-4.0.0.jar;C:\Users\shcarr\.m2\repository\io\dropwizard\metrics\metrics-logback\4.2.18\metrics-logback-4.2.18.jar;C:\Users\shcarr\.m2\repository\org\slf4j\jul-to-slf4j\2.0.7\jul-to-slf4j-2.0.7.jar;C:\Users\shcarr\.m2\repository\ch\qos\logback\logback-core\1.4.6\logback-core-1.4.6.jar;C:\Users\shcarr\.m2\repository\com\google\errorprone\error_prone_annotations\2.18.0\error_prone_annotations-2.18.0.jar;C:\Users\shcarr\.m2\repository\io\dropwizard\logback\logback-throttling-appender\1.1.9\logback-throttling-appender-1.1.9.jar;C:\Users\shcarr\.m2\repository\org\slf4j\log4j-over-slf4j\2.0.7\log4j-over-slf4j-2.0.7.jar;C:\Users\shcarr\.m2\repository\org\slf4j\jcl-over-slf4j\2.0.7\jcl-over-slf4j-2.0.7.jar;C:\Users\shcarr\.m2\repository\io\dropwizard\dropwizard-validation\4.0.0\dropwizard-validation-4.0.0.jar;C:\Users\shcarr\.m2\repository\com\fasterxml\classmate\1.5.1\classmate-1.5.1.jar;C:\Users\shcarr\.m2\repository\com\google\guava\guava\31.1-jre\guava-31.1-jre.jar;C:\Users\shcarr\.m2\repository\com\google\guava\failureaccess\1.0.1\failureaccess-1.0.1.jar;C:\Users\shcarr\.m2\repository\com\google\guava\listenablefuture\9999.0-empty-to-avoid-conflict-with-guava\listenablefuture-9999.0-empty-to-avoid-conflict-with-guava.jar;C:\Users\shcarr\.m2\repository\com\google\j2objc\j2objc-annotations\1.3\j2objc-annotations-1.3.jar;C:\Users\shcarr\.m2\repository\org\glassfish\jakarta.el\4.0.2\jakarta.el-4.0.2.jar;C:\Users\shcarr\.m2\repository\jakarta\el\jakarta.el-api\4.0.0\jakarta.el-api-4.0.0.jar;C:\Users\shcarr\.m2\repository\com\azure\azure-cosmos\4.45.1\azure-cosmos-4.45.1.jar;C:\Users\shcarr\.m2\repository\com\azure\azure-core\1.39.0\azure-core-1.39.0.jar;C:\Users\shcarr\.m2\repository\com\azure\azure-json\1.0.1\azure-json-1.0.1.jar;C:\Users\shcarr\.m2\repository\io\projectreactor\reactor-core\3.4.27\reactor-core-3.4.27.jar;C:\Users\shcarr\.m2\repository\org\reactivestreams\reactive-streams\1.0.4\reactive-streams-1.0.4.jar;C:\Users\shcarr\.m2\repository\com\azure\azure-core-http-netty\1.13.3\azure-core-http-netty-1.13.3.jar;C:\Users\shcarr\.m2\repository\io\netty\netty-handler\4.1.89.Final\netty-handler-4.1.89.Final.jar;C:\Users\shcarr\.m2\repository\io\netty\netty-common\4.1.89.Final\netty-common-4.1.89.Final.jar;C:\Users\shcarr\.m2\repository\io\netty\netty-resolver\4.1.89.Final\netty-resolver-4.1.89.Final.jar;C:\Users\shcarr\.m2\repository\io\netty\netty-transport\4.1.89.Final\netty-transport-4.1.89.Final.jar;C:\Users\shcarr\.m2\repository\io\netty\netty-handler-proxy\4.1.89.Final\netty-handler-proxy-4.1.89.Final.jar;C:\Users\shcarr\.m2\repository\io\netty\netty-codec-socks\4.1.89.Final\netty-codec-socks-4.1.89.Final.jar;C:\Users\shcarr\.m2\repository\io\netty\netty-buffer\4.1.89.Final\netty-buffer-4.1.89.Final.jar;C:\Users\shcarr\.m2\repository\io\netty\netty-codec\4.1.89.Final\netty-codec-4.1.89.Final.jar;C:\Users\shcarr\.m2\repository\io\netty\netty-codec-http\4.1.89.Final\netty-codec-http-4.1.89.Final.jar;C:\Users\shcarr\.m2\repository\io\netty\netty-codec-http2\4.1.89.Final\netty-codec-http2-4.1.89.Final.jar;C:\Users\shcarr\.m2\repository\io\netty\netty-transport-native-unix-common\4.1.89.Final\netty-transport-native-unix-common-4.1.89.Final.jar;C:\Users\shcarr\.m2\repository\io\netty\netty-transport-native-epoll\4.1.89.Final\netty-transport-native-epoll-4.1.89.Final-linux-x86_64.jar;C:\Users\shcarr\.m2\repository\io\netty\netty-transport-classes-epoll\4.1.89.Final\netty-transport-classes-epoll-4.1.89.Final.jar;C:\Users\shcarr\.m2\repository\io\netty\netty-transport-native-kqueue\4.1.89.Final\netty-transport-native-kqueue-4.1.89.Final-osx-x86_64.jar;C:\Users\shcarr\.m2\repository\io\netty\netty-transport-classes-kqueue\4.1.89.Final\netty-transport-classes-kqueue-4.1.89.Final.jar;C:\Users\shcarr\.m2\repository\io\netty\netty-tcnative-boringssl-static\2.0.56.Final\netty-tcnative-boringssl-static-2.0.56.Final.jar;C:\Users\shcarr\.m2\repository\io\netty\netty-tcnative-classes\2.0.56.Final\netty-tcnative-classes-2.0.56.Final.jar;C:\Users\shcarr\.m2\repository\io\netty\netty-tcnative-boringssl-static\2.0.56.Final\netty-tcnative-boringssl-static-2.0.56.Final-linux-x86_64.jar;C:\Users\shcarr\.m2\repository\io\netty\netty-tcnative-boringssl-static\2.0.56.Final\netty-tcnative-boringssl-static-2.0.56.Final-linux-aarch_64.jar;C:\Users\shcarr\.m2\repository\io\netty\netty-tcnative-boringssl-static\2.0.56.Final\netty-tcnative-boringssl-static-2.0.56.Final-osx-x86_64.jar;C:\Users\shcarr\.m2\repository\io\netty\netty-tcnative-boringssl-static\2.0.56.Final\netty-tcnative-boringssl-static-2.0.56.Final-osx-aarch_64.jar;C:\Users\shcarr\.m2\repository\io\netty\netty-tcnative-boringssl-static\2.0.56.Final\netty-tcnative-boringssl-static-2.0.56.Final-windows-x86_64.jar;C:\Users\shcarr\.m2\repository\io\projectreactor\netty\reactor-netty-http\1.0.28\reactor-netty-http-1.0.28.jar;C:\Users\shcarr\.m2\repository\io\netty\netty-resolver-dns\4.1.89.Final\netty-resolver-dns-4.1.89.Final.jar;C:\Users\shcarr\.m2\repository\io\netty\netty-codec-dns\4.1.89.Final\netty-codec-dns-4.1.89.Final.jar;C:\Users\shcarr\.m2\repository\io\netty\netty-resolver-dns-native-macos\4.1.89.Final\netty-resolver-dns-native-macos-4.1.89.Final-osx-x86_64.jar;C:\Users\shcarr\.m2\repository\io\netty\netty-resolver-dns-classes-macos\4.1.89.Final\netty-resolver-dns-classes-macos-4.1.89.Final.jar;C:\Users\shcarr\.m2\repository\io\projectreactor\netty\reactor-netty-core\1.0.28\reactor-netty-core-1.0.28.jar;C:\Users\shcarr\.m2\repository\com\fasterxml\jackson\module\jackson-module-afterburner\2.13.5\jackson-module-afterburner-2.13.5.jar;C:\Users\shcarr\.m2\repository\org\hdrhistogram\HdrHistogram\2.1.12\HdrHistogram-2.1.12.jar;C:\Users\shcarr\.m2\repository\io\micrometer\micrometer-core\1.9.8\micrometer-core-1.9.8.jar;C:\Users\shcarr\.m2\repository\org\latencyutils\LatencyUtils\2.0.3\LatencyUtils-2.0.3.jar;C:\Users\shcarr\.m2\repository\io\dropwizard\dropwizard-jdbi3\4.0.0\dropwizard-jdbi3-4.0.0.jar;C:\Users\shcarr\.m2\repository\io\dropwizard\dropwizard-db\4.0.0\dropwizard-db-4.0.0.jar;C:\Users\shcarr\.m2\repository\org\apache\tomcat\tomcat-jdbc\10.1.7\tomcat-jdbc-10.1.7.jar;C:\Users\shcarr\.m2\repository\org\apache\tomcat\tomcat-juli\10.1.7\tomcat-juli-10.1.7.jar;C:\Users\shcarr\.m2\repository\org\jdbi\jdbi3-core\3.37.1\jdbi3-core-3.37.1.jar;C:\Users\shcarr\.m2\repository\io\leangen\geantyref\geantyref\1.3.14\geantyref-1.3.14.jar;C:\Users\shcarr\.m2\repository\org\jdbi\jdbi3-sqlobject\3.37.1\jdbi3-sqlobject-3.37.1.jar;C:\Users\shcarr\.m2\repository\org\jdbi\jdbi3-guava\3.37.1\jdbi3-guava-3.37.1.jar;C:\Users\shcarr\.m2\repository\io\dropwizard\metrics\metrics-jdbi3\4.2.18\metrics-jdbi3-4.2.18.jar;C:\Users\shcarr\.m2\repository\org\liquibase\liquibase-core\4.8.0\liquibase-core-4.8.0.jar;C:\Users\shcarr\.m2\repository\javax\xml\bind\jaxb-api\2.3.0\jaxb-api-2.3.0.jar;C:\Users\shcarr\.m2\repository\org\testcontainers\postgresql\1.18.3\postgresql-1.18.3.jar;C:\Users\shcarr\.m2\repository\org\testcontainers\jdbc\1.18.3\jdbc-1.18.3.jar;C:\Users\shcarr\.m2\repository\org\testcontainers\database-commons\1.18.3\database-commons-1.18.3.jar;C:\Users\shcarr\.m2\repository\org\testcontainers\azure\1.18.3\azure-1.18.3.jar;C:\Users\shcarr\.m2\repository\org\testcontainers\testcontainers\1.18.1\testcontainers-1.18.1.jar;C:\Users\shcarr\.m2\repository\junit\junit\4.13.2\junit-4.13.2.jar;C:\Users\shcarr\.m2\repository\org\hamcrest\hamcrest-core\1.3\hamcrest-core-1.3.jar;C:\Users\shcarr\.m2\repository\org\apache\commons\commons-compress\1.23.0\commons-compress-1.23.0.jar;C:\Users\shcarr\.m2\repository\org\rnorth\duct-tape\duct-tape\1.0.8\duct-tape-1.0.8.jar;C:\Users\shcarr\.m2\repository\org\jetbrains\annotations\17.0.0\annotations-17.0.0.jar;C:\Users\shcarr\.m2\repository\com\github\docker-java\docker-java-api\3.3.0\docker-java-api-3.3.0.jar;C:\Users\shcarr\.m2\repository\com\github\docker-java\docker-java-transport-zerodep\3.3.0\docker-java-transport-zerodep-3.3.0.jar;C:\Users\shcarr\.m2\repository\com\github\docker-java\docker-java-transport\3.3.0\docker-java-transport-3.3.0.jar;C:\Users\shcarr\.m2\repository\net\java\dev\jna\jna\5.12.1\jna-5.12.1.jar;C:\Users\shcarr\.m2\repository\io\dropwizard\dropwizard-migrations\4.0.0\dropwizard-migrations-4.0.0.jar;C:\Users\shcarr\.m2\repository\com\mattbertolini\liquibase-slf4j\5.0.0\liquibase-slf4j-5.0.0.jar;C:\Users\shcarr\.m2\repository\jakarta\xml\bind\jakarta.xml.bind-api\3.0.1\jakarta.xml.bind-api-3.0.1.jar;C:\Users\shcarr\.m2\repository\com\sun\activation\jakarta.activation\2.0.1\jakarta.activation-2.0.1.jar;C:\Users\shcarr\.m2\repository\org\assertj\assertj-core\3.17.2\assertj-core-3.17.2.jar;C:\Users\shcarr\.m2\repository\io\dropwizard\dropwizard-client\4.0.0\dropwizard-client-4.0.0.jar;C:\Users\shcarr\.m2\repository\org\glassfish\jersey\core\jersey-client\3.0.9\jersey-client-3.0.9.jar;C:\Users\shcarr\.m2\repository\org\apache\httpcomponents\client5\httpclient5\5.2.1\httpclient5-5.2.1.jar;C:\Users\shcarr\.m2\repository\org\apache\httpcomponents\core5\httpcore5-h2\5.2\httpcore5-h2-5.2.jar;C:\Users\shcarr\.m2\repository\org\apache\httpcomponents\core5\httpcore5\5.2.1\httpcore5-5.2.1.jar;C:\Users\shcarr\.m2\repository\io\dropwizard\metrics\metrics-httpclient5\4.2.18\metrics-httpclient5-4.2.18.jar;C:\Users\shcarr\.m2\repository\io\dropwizard\dropwizard-auth\4.0.0\dropwizard-auth-4.0.0.jar;C:\Users\shcarr\.m2\repository\io\dropwizard\metrics\metrics-caffeine\4.2.18\metrics-caffeine-4.2.18.jar;C:\Users\shcarr\.m2\repository\com\github\ben-manes\caffeine\caffeine\3.1.5\caffeine-3.1.5.jar;C:\Users\shcarr\.m2\repository\jakarta\annotation\jakarta.annotation-api\2.0.0\jakarta.annotation-api-2.0.0.jar;C:\Users\shcarr\.m2\repository\org\glassfish\jersey\containers\jersey-container-servlet-core\3.0.9\jersey-container-servlet-core-3.0.9.jar;C:\Users\shcarr\.m2\repository\org\glassfish\jersey\core\jersey-server\3.0.9\jersey-server-3.0.9.jar;C:\Users\shcarr\.m2\repository\org\apache\logging\log4j\log4j-core\2.17.2\log4j-core-2.17.2.jar;C:\Users\shcarr\.m2\repository\org\apache\logging\log4j\log4j-api\2.17.2\log4j-api-2.17.2.jar;C:\Users\shcarr\.m2\repository\com\fasterxml\jackson\core\jackson-core\2.14.2\jackson-core-2.14.2.jar;C:\Users\shcarr\.m2\repository\com\fasterxml\jackson\dataformat\jackson-dataformat-yaml\2.14.2\jackson-dataformat-yaml-2.14.2.jar;C:\Users\shcarr\.m2\repository\org\yaml\snakeyaml\1.33\snakeyaml-1.33.jar;C:\Users\shcarr\.m2\repository\io\dropwizard\dropwizard-testing\4.0.0\dropwizard-testing-4.0.0.jar;C:\Users\shcarr\.m2\repository\com\fasterxml\jackson\datatype\jackson-datatype-guava\2.14.2\jackson-datatype-guava-2.14.2.jar;C:\Users\shcarr\.m2\repository\com\fasterxml\jackson\jakarta\rs\jackson-jakarta-rs-json-provider\2.14.2\jackson-jakarta-rs-json-provider-2.14.2.jar;C:\Users\shcarr\.m2\repository\com\fasterxml\jackson\jakarta\rs\jackson-jakarta-rs-base\2.14.2\jackson-jakarta-rs-base-2.14.2.jar;C:\Users\shcarr\.m2\repository\com\fasterxml\jackson\module\jackson-module-jakarta-xmlbind-annotations\2.14.2\jackson-module-jakarta-xmlbind-annotations-2.14.2.jar;C:\Users\shcarr\.m2\repository\org\eclipse\jetty\jetty-io\11.0.14\jetty-io-11.0.14.jar;C:\Users\shcarr\.m2\repository\org\glassfish\jersey\connectors\jersey-apache5-connector\3.0.9\jersey-apache5-connector-3.0.9.jar;C:\Users\shcarr\.m2\repository\org\glassfish\jersey\test-framework\jersey-test-framework-core\3.0.9\jersey-test-framework-core-3.0.9.jar;C:\Users\shcarr\.m2\repository\org\glassfish\jersey\media\jersey-media-jaxb\3.0.9\jersey-media-jaxb-3.0.9.jar;C:\Users\shcarr\.m2\repository\org\junit\jupiter\junit-jupiter\5.9.1\junit-jupiter-5.9.1.jar;C:\Users\shcarr\.m2\repository\org\junit\jupiter\junit-jupiter-api\5.9.1\junit-jupiter-api-5.9.1.jar;C:\Users\shcarr\.m2\repository\org\opentest4j\opentest4j\1.2.0\opentest4j-1.2.0.jar;C:\Users\shcarr\.m2\repository\org\junit\platform\junit-platform-commons\1.9.1\junit-platform-commons-1.9.1.jar;C:\Users\shcarr\.m2\repository\org\apiguardian\apiguardian-api\1.1.2\apiguardian-api-1.1.2.jar;C:\Users\shcarr\.m2\repository\org\junit\jupiter\junit-jupiter-params\5.9.1\junit-jupiter-params-5.9.1.jar;C:\Users\shcarr\.m2\repository\org\junit\jupiter\junit-jupiter-engine\5.9.1\junit-jupiter-engine-5.9.1.jar;C:\Users\shcarr\.m2\repository\org\junit\platform\junit-platform-engine\1.9.1\junit-platform-engine-1.9.1.jar;C:\Users\shcarr\.m2\repository\org\hamcrest\hamcrest\2.2\hamcrest-2.2.jar;C:\Users\shcarr\.m2\repository\org\glassfish\jersey\test-framework\providers\jersey-test-framework-provider-inmemory\3.0.9\jersey-test-framework-provider-inmemory-3.0.9.jar;C:\Users\shcarr\.m2\repository\jakarta\activation\jakarta.activation-api\2.0.1\jakarta.activation-api-2.0.1.jar;"/>
    <property name="java.vm.vendor" value="Microsoft"/>
    <property name="sun.arch.data.model" value="64"/>
    <property name="user.variant" value=""/>
    <property name="java.vendor.url" value="https://www.microsoft.com"/>
    <property name="user.timezone" value="America/Los_Angeles"/>
    <property name="os.name" value="Windows 11"/>
    <property name="java.vm.specification.version" value="17"/>
    <property name="sun.java.launcher" value="SUN_STANDARD"/>
    <property name="user.country" value="US"/>
    <property name="sun.boot.library.path" value="C:\Program Files\Microsoft\jdk-17.0.2.8-hotspot\bin"/>
    <property name="sun.java.command" value="C:\Users\shcarr\AppData\Local\Temp\surefire7358498516903080669\surefirebooter10399553133115225435.jar C:\Users\shcarr\AppData\Local\Temp\surefire7358498516903080669 2023-06-17T18-08-24_350-jvmRun1 surefire2467369183807170950tmp surefire_013336862220968808392tmp"/>
    <property name="jdk.debug" value="release"/>
    <property name="surefire.test.class.path" value="G:\repo\redisexample\target\test-classes;G:\repo\redisexample\target\classes;C:\Users\shcarr\.m2\repository\io\dropwizard\dropwizard-core\4.0.0\dropwizard-core-4.0.0.jar;C:\Users\shcarr\.m2\repository\io\dropwizard\dropwizard-jackson\4.0.0\dropwizard-jackson-4.0.0.jar;C:\Users\shcarr\.m2\repository\com\fasterxml\jackson\datatype\jackson-datatype-jsr310\2.14.2\jackson-datatype-jsr310-2.14.2.jar;C:\Users\shcarr\.m2\repository\com\fasterxml\jackson\datatype\jackson-datatype-jdk8\2.14.2\jackson-datatype-jdk8-2.14.2.jar;C:\Users\shcarr\.m2\repository\com\fasterxml\jackson\module\jackson-module-parameter-names\2.14.2\jackson-module-parameter-names-2.14.2.jar;C:\Users\shcarr\.m2\repository\com\fasterxml\jackson\module\jackson-module-blackbird\2.14.2\jackson-module-blackbird-2.14.2.jar;C:\Users\shcarr\.m2\repository\io\dropwizard\dropwizard-configuration\4.0.0\dropwizard-configuration-4.0.0.jar;C:\Users\shcarr\.m2\repository\org\apache\commons\commons-text\1.10.0\commons-text-1.10.0.jar;C:\Users\shcarr\.m2\repository\org\apache\commons\commons-lang3\3.12.0\commons-lang3-3.12.0.jar;C:\Users\shcarr\.m2\repository\io\dropwizard\dropwizard-metrics\4.0.0\dropwizard-metrics-4.0.0.jar;C:\Users\shcarr\.m2\repository\io\dropwizard\dropwizard-jersey\4.0.0\dropwizard-jersey-4.0.0.jar;C:\Users\shcarr\.m2\repository\org\glassfish\jersey\ext\jersey-metainf-services\3.0.9\jersey-metainf-services-3.0.9.jar;C:\Users\shcarr\.m2\repository\org\glassfish\jersey\inject\jersey-hk2\3.0.9\jersey-hk2-3.0.9.jar;C:\Users\shcarr\.m2\repository\org\glassfish\hk2\hk2-locator\3.0.3\hk2-locator-3.0.3.jar;C:\Users\shcarr\.m2\repository\org\javassist\javassist\3.29.2-GA\javassist-3.29.2-GA.jar;C:\Users\shcarr\.m2\repository\io\dropwizard\metrics\metrics-jersey3\4.2.18\metrics-jersey3-4.2.18.jar;C:\Users\shcarr\.m2\repository\org\glassfish\hk2\hk2-api\3.0.3\hk2-api-3.0.3.jar;C:\Users\shcarr\.m2\repository\org\glassfish\hk2\hk2-utils\3.0.3\hk2-utils-3.0.3.jar;C:\Users\shcarr\.m2\repository\org\glassfish\hk2\external\aopalliance-repackaged\3.0.3\aopalliance-repackaged-3.0.3.jar;C:\Users\shcarr\.m2\repository\org\glassfish\jersey\containers\jersey-container-servlet\3.0.9\jersey-container-servlet-3.0.9.jar;C:\Users\shcarr\.m2\repository\io\dropwizard\dropwizard-servlets\4.0.0\dropwizard-servlets-4.0.0.jar;C:\Users\shcarr\.m2\repository\io\dropwizard\dropwizard-jetty\4.0.0\dropwizard-jetty-4.0.0.jar;C:\Users\shcarr\.m2\repository\org\eclipse\jetty\jetty-servlets\11.0.14\jetty-servlets-11.0.14.jar;C:\Users\shcarr\.m2\repository\org\eclipse\jetty\jetty-http\11.0.14\jetty-http-11.0.14.jar;C:\Users\shcarr\.m2\repository\io\dropwizard\dropwizard-lifecycle\4.0.0\dropwizard-lifecycle-4.0.0.jar;C:\Users\shcarr\.m2\repository\io\dropwizard\dropwizard-health\4.0.0\dropwizard-health-4.0.0.jar;C:\Users\shcarr\.m2\repository\io\dropwizard\metrics\metrics-core\4.2.18\metrics-core-4.2.18.jar;C:\Users\shcarr\.m2\repository\io\dropwizard\metrics\metrics-annotation\4.2.18\metrics-annotation-4.2.18.jar;C:\Users\shcarr\.m2\repository\io\dropwizard\metrics\metrics-jetty11\4.2.18\metrics-jetty11-4.2.18.jar;C:\Users\shcarr\.m2\repository\io\dropwizard\metrics\metrics-jvm\4.2.18\metrics-jvm-4.2.18.jar;C:\Users\shcarr\.m2\repository\io\dropwizard\metrics\metrics-jmx\4.2.18\metrics-jmx-4.2.18.jar;C:\Users\shcarr\.m2\repository\io\dropwizard\metrics\metrics-jakarta-servlets\4.2.18\metrics-jakarta-servlets-4.2.18.jar;C:\Users\shcarr\.m2\repository\io\dropwizard\metrics\metrics-json\4.2.18\metrics-json-4.2.18.jar;C:\Users\shcarr\.m2\repository\com\helger\profiler\1.1.1\profiler-1.1.1.jar;C:\Users\shcarr\.m2\repository\io\dropwizard\metrics\metrics-healthchecks\4.2.18\metrics-healthchecks-4.2.18.jar;C:\Users\shcarr\.m2\repository\io\dropwizard\dropwizard-request-logging\4.0.0\dropwizard-request-logging-4.0.0.jar;C:\Users\shcarr\.m2\repository\ch\qos\logback\logback-access\1.4.6\logback-access-1.4.6.jar;C:\Users\shcarr\.m2\repository\ch\qos\logback\logback-classic\1.4.6\logback-classic-1.4.6.jar;C:\Users\shcarr\.m2\repository\com\fasterxml\jackson\core\jackson-annotations\2.14.2\jackson-annotations-2.14.2.jar;C:\Users\shcarr\.m2\repository\com\fasterxml\jackson\core\jackson-databind\2.14.2\jackson-databind-2.14.2.jar;C:\Users\shcarr\.m2\repository\org\checkerframework\checker-qual\3.32.0\checker-qual-3.32.0.jar;C:\Users\shcarr\.m2\repository\jakarta\servlet\jakarta.servlet-api\5.0.0\jakarta.servlet-api-5.0.0.jar;C:\Users\shcarr\.m2\repository\jakarta\validation\jakarta.validation-api\3.0.2\jakarta.validation-api-3.0.2.jar;C:\Users\shcarr\.m2\repository\jakarta\ws\rs\jakarta.ws.rs-api\3.0.0\jakarta.ws.rs-api-3.0.0.jar;C:\Users\shcarr\.m2\repository\net\sourceforge\argparse4j\argparse4j\0.9.0\argparse4j-0.9.0.jar;C:\Users\shcarr\.m2\repository\org\eclipse\jetty\jetty-security\11.0.14\jetty-security-11.0.14.jar;C:\Users\shcarr\.m2\repository\org\eclipse\jetty\jetty-server\11.0.14\jetty-server-11.0.14.jar;C:\Users\shcarr\.m2\repository\org\eclipse\jetty\jetty-servlet\11.0.14\jetty-servlet-11.0.14.jar;C:\Users\shcarr\.m2\repository\org\eclipse\jetty\jetty-util\11.0.14\jetty-util-11.0.14.jar;C:\Users\shcarr\.m2\repository\org\eclipse\jetty\toolchain\setuid\jetty-setuid-java\1.0.4\jetty-setuid-java-1.0.4.jar;C:\Users\shcarr\.m2\repository\jakarta\inject\jakarta.inject-api\2.0.1.MR\jakarta.inject-api-2.0.1.MR.jar;C:\Users\shcarr\.m2\repository\org\glassfish\jersey\core\jersey-common\3.0.9\jersey-common-3.0.9.jar;C:\Users\shcarr\.m2\repository\org\glassfish\hk2\osgi-resource-locator\1.0.3\osgi-resource-locator-1.0.3.jar;C:\Users\shcarr\.m2\repository\org\glassfish\jersey\ext\jersey-bean-validation\3.0.9\jersey-bean-validation-3.0.9.jar;C:\Users\shcarr\.m2\repository\org\jboss\logging\jboss-logging\3.4.2.Final\jboss-logging-3.4.2.Final.jar;C:\Users\shcarr\.m2\repository\org\hibernate\validator\hibernate-validator\7.0.5.Final\hibernate-validator-7.0.5.Final.jar;C:\Users\shcarr\.m2\repository\org\slf4j\slf4j-api\2.0.7\slf4j-api-2.0.7.jar;C:\Users\shcarr\.m2\repository\io\dropwizard\dropwizard-logging\4.0.0\dropwizard-logging-4.0.0.jar;C:\Users\shcarr\.m2\repository\io\dropwizard\dropwizard-util\4.0.0\dropwizard-util-4.0.0.jar;C:\Users\shcarr\.m2\repository\io\dropwizard\metrics\metrics-logback\4.2.18\metrics-logback-4.2.18.jar;C:\Users\shcarr\.m2\repository\org\slf4j\jul-to-slf4j\2.0.7\jul-to-slf4j-2.0.7.jar;C:\Users\shcarr\.m2\repository\ch\qos\logback\logback-core\1.4.6\logback-core-1.4.6.jar;C:\Users\shcarr\.m2\repository\com\google\errorprone\error_prone_annotations\2.18.0\error_prone_annotations-2.18.0.jar;C:\Users\shcarr\.m2\repository\io\dropwizard\logback\logback-throttling-appender\1.1.9\logback-throttling-appender-1.1.9.jar;C:\Users\shcarr\.m2\repository\org\slf4j\log4j-over-slf4j\2.0.7\log4j-over-slf4j-2.0.7.jar;C:\Users\shcarr\.m2\repository\org\slf4j\jcl-over-slf4j\2.0.7\jcl-over-slf4j-2.0.7.jar;C:\Users\shcarr\.m2\repository\io\dropwizard\dropwizard-validation\4.0.0\dropwizard-validation-4.0.0.jar;C:\Users\shcarr\.m2\repository\com\fasterxml\classmate\1.5.1\classmate-1.5.1.jar;C:\Users\shcarr\.m2\repository\com\google\guava\guava\31.1-jre\guava-31.1-jre.jar;C:\Users\shcarr\.m2\repository\com\google\guava\failureaccess\1.0.1\failureaccess-1.0.1.jar;C:\Users\shcarr\.m2\repository\com\google\guava\listenablefuture\9999.0-empty-to-avoid-conflict-with-guava\listenablefuture-9999.0-empty-to-avoid-conflict-with-guava.jar;C:\Users\shcarr\.m2\repository\com\google\j2objc\j2objc-annotations\1.3\j2objc-annotations-1.3.jar;C:\Users\shcarr\.m2\repository\org\glassfish\jakarta.el\4.0.2\jakarta.el-4.0.2.jar;C:\Users\shcarr\.m2\repository\jakarta\el\jakarta.el-api\4.0.0\jakarta.el-api-4.0.0.jar;C:\Users\shcarr\.m2\repository\com\azure\azure-cosmos\4.45.1\azure-cosmos-4.45.1.jar;C:\Users\shcarr\.m2\repository\com\azure\azure-core\1.39.0\azure-core-1.39.0.jar;C:\Users\shcarr\.m2\repository\com\azure\azure-json\1.0.1\azure-json-1.0.1.jar;C:\Users\shcarr\.m2\repository\io\projectreactor\reactor-core\3.4.27\reactor-core-3.4.27.jar;C:\Users\shcarr\.m2\repository\org\reactivestreams\reactive-streams\1.0.4\reactive-streams-1.0.4.jar;C:\Users\shcarr\.m2\repository\com\azure\azure-core-http-netty\1.13.3\azure-core-http-netty-1.13.3.jar;C:\Users\shcarr\.m2\repository\io\netty\netty-handler\4.1.89.Final\netty-handler-4.1.89.Final.jar;C:\Users\shcarr\.m2\repository\io\netty\netty-common\4.1.89.Final\netty-common-4.1.89.Final.jar;C:\Users\shcarr\.m2\repository\io\netty\netty-resolver\4.1.89.Final\netty-resolver-4.1.89.Final.jar;C:\Users\shcarr\.m2\repository\io\netty\netty-transport\4.1.89.Final\netty-transport-4.1.89.Final.jar;C:\Users\shcarr\.m2\repository\io\netty\netty-handler-proxy\4.1.89.Final\netty-handler-proxy-4.1.89.Final.jar;C:\Users\shcarr\.m2\repository\io\netty\netty-codec-socks\4.1.89.Final\netty-codec-socks-4.1.89.Final.jar;C:\Users\shcarr\.m2\repository\io\netty\netty-buffer\4.1.89.Final\netty-buffer-4.1.89.Final.jar;C:\Users\shcarr\.m2\repository\io\netty\netty-codec\4.1.89.Final\netty-codec-4.1.89.Final.jar;C:\Users\shcarr\.m2\repository\io\netty\netty-codec-http\4.1.89.Final\netty-codec-http-4.1.89.Final.jar;C:\Users\shcarr\.m2\repository\io\netty\netty-codec-http2\4.1.89.Final\netty-codec-http2-4.1.89.Final.jar;C:\Users\shcarr\.m2\repository\io\netty\netty-transport-native-unix-common\4.1.89.Final\netty-transport-native-unix-common-4.1.89.Final.jar;C:\Users\shcarr\.m2\repository\io\netty\netty-transport-native-epoll\4.1.89.Final\netty-transport-native-epoll-4.1.89.Final-linux-x86_64.jar;C:\Users\shcarr\.m2\repository\io\netty\netty-transport-classes-epoll\4.1.89.Final\netty-transport-classes-epoll-4.1.89.Final.jar;C:\Users\shcarr\.m2\repository\io\netty\netty-transport-native-kqueue\4.1.89.Final\netty-transport-native-kqueue-4.1.89.Final-osx-x86_64.jar;C:\Users\shcarr\.m2\repository\io\netty\netty-transport-classes-kqueue\4.1.89.Final\netty-transport-classes-kqueue-4.1.89.Final.jar;C:\Users\shcarr\.m2\repository\io\netty\netty-tcnative-boringssl-static\2.0.56.Final\netty-tcnative-boringssl-static-2.0.56.Final.jar;C:\Users\shcarr\.m2\repository\io\netty\netty-tcnative-classes\2.0.56.Final\netty-tcnative-classes-2.0.56.Final.jar;C:\Users\shcarr\.m2\repository\io\netty\netty-tcnative-boringssl-static\2.0.56.Final\netty-tcnative-boringssl-static-2.0.56.Final-linux-x86_64.jar;C:\Users\shcarr\.m2\repository\io\netty\netty-tcnative-boringssl-static\2.0.56.Final\netty-tcnative-boringssl-static-2.0.56.Final-linux-aarch_64.jar;C:\Users\shcarr\.m2\repository\io\netty\netty-tcnative-boringssl-static\2.0.56.Final\netty-tcnative-boringssl-static-2.0.56.Final-osx-x86_64.jar;C:\Users\shcarr\.m2\repository\io\netty\netty-tcnative-boringssl-static\2.0.56.Final\netty-tcnative-boringssl-static-2.0.56.Final-osx-aarch_64.jar;C:\Users\shcarr\.m2\repository\io\netty\netty-tcnative-boringssl-static\2.0.56.Final\netty-tcnative-boringssl-static-2.0.56.Final-windows-x86_64.jar;C:\Users\shcarr\.m2\repository\io\projectreactor\netty\reactor-netty-http\1.0.28\reactor-netty-http-1.0.28.jar;C:\Users\shcarr\.m2\repository\io\netty\netty-resolver-dns\4.1.89.Final\netty-resolver-dns-4.1.89.Final.jar;C:\Users\shcarr\.m2\repository\io\netty\netty-codec-dns\4.1.89.Final\netty-codec-dns-4.1.89.Final.jar;C:\Users\shcarr\.m2\repository\io\netty\netty-resolver-dns-native-macos\4.1.89.Final\netty-resolver-dns-native-macos-4.1.89.Final-osx-x86_64.jar;C:\Users\shcarr\.m2\repository\io\netty\netty-resolver-dns-classes-macos\4.1.89.Final\netty-resolver-dns-classes-macos-4.1.89.Final.jar;C:\Users\shcarr\.m2\repository\io\projectreactor\netty\reactor-netty-core\1.0.28\reactor-netty-core-1.0.28.jar;C:\Users\shcarr\.m2\repository\com\fasterxml\jackson\module\jackson-module-afterburner\2.13.5\jackson-module-afterburner-2.13.5.jar;C:\Users\shcarr\.m2\repository\org\hdrhistogram\HdrHistogram\2.1.12\HdrHistogram-2.1.12.jar;C:\Users\shcarr\.m2\repository\io\micrometer\micrometer-core\1.9.8\micrometer-core-1.9.8.jar;C:\Users\shcarr\.m2\repository\org\latencyutils\LatencyUtils\2.0.3\LatencyUtils-2.0.3.jar;C:\Users\shcarr\.m2\repository\io\dropwizard\dropwizard-jdbi3\4.0.0\dropwizard-jdbi3-4.0.0.jar;C:\Users\shcarr\.m2\repository\io\dropwizard\dropwizard-db\4.0.0\dropwizard-db-4.0.0.jar;C:\Users\shcarr\.m2\repository\org\apache\tomcat\tomcat-jdbc\10.1.7\tomcat-jdbc-10.1.7.jar;C:\Users\shcarr\.m2\repository\org\apache\tomcat\tomcat-juli\10.1.7\tomcat-juli-10.1.7.jar;C:\Users\shcarr\.m2\repository\org\jdbi\jdbi3-core\3.37.1\jdbi3-core-3.37.1.jar;C:\Users\shcarr\.m2\repository\io\leangen\geantyref\geantyref\1.3.14\geantyref-1.3.14.jar;C:\Users\shcarr\.m2\repository\org\jdbi\jdbi3-sqlobject\3.37.1\jdbi3-sqlobject-3.37.1.jar;C:\Users\shcarr\.m2\repository\org\jdbi\jdbi3-guava\3.37.1\jdbi3-guava-3.37.1.jar;C:\Users\shcarr\.m2\repository\io\dropwizard\metrics\metrics-jdbi3\4.2.18\metrics-jdbi3-4.2.18.jar;C:\Users\shcarr\.m2\repository\org\liquibase\liquibase-core\4.8.0\liquibase-core-4.8.0.jar;C:\Users\shcarr\.m2\repository\javax\xml\bind\jaxb-api\2.3.0\jaxb-api-2.3.0.jar;C:\Users\shcarr\.m2\repository\org\testcontainers\postgresql\1.18.3\postgresql-1.18.3.jar;C:\Users\shcarr\.m2\repository\org\testcontainers\jdbc\1.18.3\jdbc-1.18.3.jar;C:\Users\shcarr\.m2\repository\org\testcontainers\database-commons\1.18.3\database-commons-1.18.3.jar;C:\Users\shcarr\.m2\repository\org\testcontainers\azure\1.18.3\azure-1.18.3.jar;C:\Users\shcarr\.m2\repository\org\testcontainers\testcontainers\1.18.1\testcontainers-1.18.1.jar;C:\Users\shcarr\.m2\repository\junit\junit\4.13.2\junit-4.13.2.jar;C:\Users\shcarr\.m2\repository\org\hamcrest\hamcrest-core\1.3\hamcrest-core-1.3.jar;C:\Users\shcarr\.m2\repository\org\apache\commons\commons-compress\1.23.0\commons-compress-1.23.0.jar;C:\Users\shcarr\.m2\repository\org\rnorth\duct-tape\duct-tape\1.0.8\duct-tape-1.0.8.jar;C:\Users\shcarr\.m2\repository\org\jetbrains\annotations\17.0.0\annotations-17.0.0.jar;C:\Users\shcarr\.m2\repository\com\github\docker-java\docker-java-api\3.3.0\docker-java-api-3.3.0.jar;C:\Users\shcarr\.m2\repository\com\github\docker-java\docker-java-transport-zerodep\3.3.0\docker-java-transport-zerodep-3.3.0.jar;C:\Users\shcarr\.m2\repository\com\github\docker-java\docker-java-transport\3.3.0\docker-java-transport-3.3.0.jar;C:\Users\shcarr\.m2\repository\net\java\dev\jna\jna\5.12.1\jna-5.12.1.jar;C:\Users\shcarr\.m2\repository\io\dropwizard\dropwizard-migrations\4.0.0\dropwizard-migrations-4.0.0.jar;C:\Users\shcarr\.m2\repository\com\mattbertolini\liquibase-slf4j\5.0.0\liquibase-slf4j-5.0.0.jar;C:\Users\shcarr\.m2\repository\jakarta\xml\bind\jakarta.xml.bind-api\3.0.1\jakarta.xml.bind-api-3.0.1.jar;C:\Users\shcarr\.m2\repository\com\sun\activation\jakarta.activation\2.0.1\jakarta.activation-2.0.1.jar;C:\Users\shcarr\.m2\repository\org\assertj\assertj-core\3.17.2\assertj-core-3.17.2.jar;C:\Users\shcarr\.m2\repository\io\dropwizard\dropwizard-client\4.0.0\dropwizard-client-4.0.0.jar;C:\Users\shcarr\.m2\repository\org\glassfish\jersey\core\jersey-client\3.0.9\jersey-client-3.0.9.jar;C:\Users\shcarr\.m2\repository\org\apache\httpcomponents\client5\httpclient5\5.2.1\httpclient5-5.2.1.jar;C:\Users\shcarr\.m2\repository\org\apache\httpcomponents\core5\httpcore5-h2\5.2\httpcore5-h2-5.2.jar;C:\Users\shcarr\.m2\repository\org\apache\httpcomponents\core5\httpcore5\5.2.1\httpcore5-5.2.1.jar;C:\Users\shcarr\.m2\repository\io\dropwizard\metrics\metrics-httpclient5\4.2.18\metrics-httpclient5-4.2.18.jar;C:\Users\shcarr\.m2\repository\io\dropwizard\dropwizard-auth\4.0.0\dropwizard-auth-4.0.0.jar;C:\Users\shcarr\.m2\repository\io\dropwizard\metrics\metrics-caffeine\4.2.18\metrics-caffeine-4.2.18.jar;C:\Users\shcarr\.m2\repository\com\github\ben-manes\caffeine\caffeine\3.1.5\caffeine-3.1.5.jar;C:\Users\shcarr\.m2\repository\jakarta\annotation\jakarta.annotation-api\2.0.0\jakarta.annotation-api-2.0.0.jar;C:\Users\shcarr\.m2\repository\org\glassfish\jersey\containers\jersey-container-servlet-core\3.0.9\jersey-container-servlet-core-3.0.9.jar;C:\Users\shcarr\.m2\repository\org\glassfish\jersey\core\jersey-server\3.0.9\jersey-server-3.0.9.jar;C:\Users\shcarr\.m2\repository\org\apache\logging\log4j\log4j-core\2.17.2\log4j-core-2.17.2.jar;C:\Users\shcarr\.m2\repository\org\apache\logging\log4j\log4j-api\2.17.2\log4j-api-2.17.2.jar;C:\Users\shcarr\.m2\repository\com\fasterxml\jackson\core\jackson-core\2.14.2\jackson-core-2.14.2.jar;C:\Users\shcarr\.m2\repository\com\fasterxml\jackson\dataformat\jackson-dataformat-yaml\2.14.2\jackson-dataformat-yaml-2.14.2.jar;C:\Users\shcarr\.m2\repository\org\yaml\snakeyaml\1.33\snakeyaml-1.33.jar;C:\Users\shcarr\.m2\repository\io\dropwizard\dropwizard-testing\4.0.0\dropwizard-testing-4.0.0.jar;C:\Users\shcarr\.m2\repository\com\fasterxml\jackson\datatype\jackson-datatype-guava\2.14.2\jackson-datatype-guava-2.14.2.jar;C:\Users\shcarr\.m2\repository\com\fasterxml\jackson\jakarta\rs\jackson-jakarta-rs-json-provider\2.14.2\jackson-jakarta-rs-json-provider-2.14.2.jar;C:\Users\shcarr\.m2\repository\com\fasterxml\jackson\jakarta\rs\jackson-jakarta-rs-base\2.14.2\jackson-jakarta-rs-base-2.14.2.jar;C:\Users\shcarr\.m2\repository\com\fasterxml\jackson\module\jackson-module-jakarta-xmlbind-annotations\2.14.2\jackson-module-jakarta-xmlbind-annotations-2.14.2.jar;C:\Users\shcarr\.m2\repository\org\eclipse\jetty\jetty-io\11.0.14\jetty-io-11.0.14.jar;C:\Users\shcarr\.m2\repository\org\glassfish\jersey\connectors\jersey-apache5-connector\3.0.9\jersey-apache5-connector-3.0.9.jar;C:\Users\shcarr\.m2\repository\org\glassfish\jersey\test-framework\jersey-test-framework-core\3.0.9\jersey-test-framework-core-3.0.9.jar;C:\Users\shcarr\.m2\repository\org\glassfish\jersey\media\jersey-media-jaxb\3.0.9\jersey-media-jaxb-3.0.9.jar;C:\Users\shcarr\.m2\repository\org\junit\jupiter\junit-jupiter\5.9.1\junit-jupiter-5.9.1.jar;C:\Users\shcarr\.m2\repository\org\junit\jupiter\junit-jupiter-api\5.9.1\junit-jupiter-api-5.9.1.jar;C:\Users\shcarr\.m2\repository\org\opentest4j\opentest4j\1.2.0\opentest4j-1.2.0.jar;C:\Users\shcarr\.m2\repository\org\junit\platform\junit-platform-commons\1.9.1\junit-platform-commons-1.9.1.jar;C:\Users\shcarr\.m2\repository\org\apiguardian\apiguardian-api\1.1.2\apiguardian-api-1.1.2.jar;C:\Users\shcarr\.m2\repository\org\junit\jupiter\junit-jupiter-params\5.9.1\junit-jupiter-params-5.9.1.jar;C:\Users\shcarr\.m2\repository\org\junit\jupiter\junit-jupiter-engine\5.9.1\junit-jupiter-engine-5.9.1.jar;C:\Users\shcarr\.m2\repository\org\junit\platform\junit-platform-engine\1.9.1\junit-platform-engine-1.9.1.jar;C:\Users\shcarr\.m2\repository\org\hamcrest\hamcrest\2.2\hamcrest-2.2.jar;C:\Users\shcarr\.m2\repository\org\glassfish\jersey\test-framework\providers\jersey-test-framework-provider-inmemory\3.0.9\jersey-test-framework-provider-inmemory-3.0.9.jar;C:\Users\shcarr\.m2\repository\jakarta\activation\jakarta.activation-api\2.0.1\jakarta.activation-api-2.0.1.jar;"/>
    <property name="sun.cpu.endian" value="little"/>
    <property name="user.home" value="C:\Users\shcarr"/>
    <property name="user.language" value="en"/>
    <property name="java.specification.vendor" value="Oracle Corporation"/>
    <property name="surefire.useFile" value="false"/>
    <property name="java.version.date" value="2022-01-18"/>
    <property name="java.home" value="C:\Program Files\Microsoft\jdk-17.0.2.8-hotspot"/>
    <property name="file.separator" value="\"/>
    <property name="basedir" value="G:\repo\redisexample"/>
    <property name="java.vm.compressedOopsMode" value="Zero based"/>
    <property name="line.separator" value="&#10;"/>
    <property name="java.vm.specification.vendor" value="Oracle Corporation"/>
    <property name="java.specification.name" value="Java Platform API Specification"/>
    <property name="surefire.real.class.path" value="C:\Users\shcarr\AppData\Local\Temp\surefire7358498516903080669\surefirebooter10399553133115225435.jar"/>
    <property name="user.script" value=""/>
    <property name="sun.management.compiler" value="HotSpot 64-Bit Tiered Compilers"/>
    <property name="java.runtime.version" value="17.0.2+8-LTS"/>
    <property name="user.name" value="shcarr"/>
    <property name="path.separator" value=";"/>
    <property name="os.version" value="10.0"/>
    <property name="java.runtime.name" value="OpenJDK Runtime Environment"/>
    <property name="file.encoding" value="Cp1252"/>
    <property name="java.vm.name" value="OpenJDK 64-Bit Server VM"/>
    <property name="java.vendor.version" value="Microsoft-30338"/>
    <property name="localRepository" value="C:\Users\shcarr\.m2\repository"/>
    <property name="java.vendor.url.bug" value="https://github.com/microsoft/openjdk/issues"/>
    <property name="java.io.tmpdir" value="C:\Users\shcarr\AppData\Local\Temp\"/>
    <property name="java.version" value="17.0.2"/>
    <property name="user.dir" value="G:\repo\redisexample"/>
    <property name="os.arch" value="amd64"/>
    <property name="java.vm.specification.name" value="Java Virtual Machine Specification"/>
    <property name="sun.os.patch.level" value=""/>
    <property name="native.encoding" value="Cp1252"/>
    <property name="java.library.path" value="C:\Program Files\Microsoft\jdk-17.0.2.8-hotspot\bin;C:\WINDOWS\Sun\Java\bin;C:\WINDOWS\system32;C:\WINDOWS;C:\Users\shcarr\AppData\Local\cloud-code\installer\google-cloud-sdk\bin;C:\Program Files\ConEmu;C:\Program Files\ConEmu\ConEmu;C:\Users\shcarr\JEnv-for-Windows;C:\Program Files\Eclipse Adoptium\jdk-17.0.7.7-hotspot\bin;C:\Program Files (x86)\Microsoft SDKs\Azure\CLI2\wbin;C:\Program Files\Zulu\zulu-8\bin\;C:\WINDOWS\system32;C:\WINDOWS;C:\WINDOWS\System32\Wbem;C:\WINDOWS\System32\WindowsPowerShell\v1.0\;C:\WINDOWS\System32\OpenSSH\;C:\ProgramData\chocolatey\bin;C:\ProgramData\chocolatey\lib\maven\apache-maven-3.8.6;C:\ProgramData\chocolatey\lib\maven\apache-maven-3.8.6\bin;C:\Program Files\Microsoft SQL Server\Client SDK\ODBC\170\Tools\Binn\;C:\WINDOWS\system32;C:\WINDOWS;C:\WINDOWS\System32\Wbem;C:\WINDOWS\System32\WindowsPowerShell\v1.0\;C:\WINDOWS\System32\OpenSSH\;C:\Program Files\NVIDIA Corporation\NVIDIA NvDLISR;C:\Program Files\dotnet\;C:\Program Files\Git\cmd;C:\Program Files\Docker\Docker\resources\bin;C:\Program Files\Microsoft SQL Server\150\Tools\Binn\;C:\Users\shcarr\AppData\Local\Microsoft\WindowsApps;C:\Users\shcarr\AppData\Local\JetBrains\Toolbox\scripts;C:\Users\shcarr\.dotnet\tools;C:\Users\shcarr\AppData\Local\Programs\Fiddler;C:\Users\shcarr\AppData\Local\Microsoft\WindowsApps;C:\Users\shcarr\AppData\Local\Programs\Microsoft VS Code\bin;C:\Users\shcarr\AppData\Local\GitHubDesktop\bin;C:\Users\shcarr\.dotnet\tools;C:\Users\shcarr\.dotnet\tools;C:\Users\shcarr\.dotnet\tools;C:\Users\shcarr\.dotnet\tools;."/>
    <property name="java.vm.info" value="mixed mode, sharing"/>
    <property name="java.vendor" value="Microsoft"/>
    <property name="java.vm.version" value="17.0.2+8-LTS"/>
    <property name="sun.io.unicode.encoding" value="UnicodeLittle"/>
    <property name="java.class.version" value="61.0"/>
  </properties>
  <testcase name="com.jersey.resources.EmployeeResourceTest" classname="com.jersey.resources.EmployeeResourceTest" time="33.366">
    <error message="Client initialization failed. Check if the endpoint is reachable and if your auth token is valid. More info: https://aka.ms/cosmosdb-tsg-service-unavailable-java" type="java.lang.RuntimeException">java.lang.RuntimeException: Client initialization failed. Check if the endpoint is reachable and if your auth token is valid. More info: https://aka.ms/cosmosdb-tsg-service-unavailable-java
	at com.jersey.resources.EmployeeResourceTest.setUp(EmployeeResourceTest.java:31)
</error>
    <system-out><![CDATA[INFO  [2023-06-18 01:09:07,823] io.dropwizard.core.server.DefaultServerFactory: Registering jersey handler with root path prefix: /
INFO  [2023-06-18 01:09:07,823] io.dropwizard.core.server.DefaultServerFactory: Registering admin handler with root path prefix: /
INFO  [2023-06-18 01:09:07,823] com.jersey.App: Registering Jersey Client
INFO  [2023-06-18 01:09:07,828] com.jersey.App: Registering cosmos
INFO  [2023-06-18 01:09:07,829] com.azure.cosmos.implementation.RxDocumentClientImpl: Initializing DocumentClient [2] with serviceEndpoint [https://localhost:8081], connectionPolicy [ConnectionPolicy{httpNetworkRequestTimeout=PT1M, tcpNetworkRequestTimeout=PT5S, connectionMode=DIRECT, maxConnectionPoolSize=1000, idleHttpConnectionTimeout=PT1M, idleTcpConnectionTimeout=PT0S, userAgentSuffix='', throttlingRetryOptions=RetryOptions{maxRetryAttemptsOnThrottledRequests=9, maxRetryWaitTime=PT30S}, endpointDiscoveryEnabled=true, preferredRegions=null, multipleWriteRegionsEnabled=true, proxyType=null, inetSocketProxyAddress=null, readRequestsFallbackEnabled=true, connectTimeout=PT5S, idleTcpEndpointTimeout=PT1H, maxConnectionsPerEndpoint=130, maxRequestsPerConnection=30, tcpConnectionEndpointRediscoveryEnabled=true, ioThreadPriority=5, ioThreadCountPerCoreFactor=2, tcpHealthCheckTimeoutDetectionEnabled=true, minConnectionsPerEndpoint=1, defensiveWarmupConcurrency=1, aggressiveWarmupConcurrency=32}], consistencyLevel [null], directModeProtocol [Tcp]
INFO  [2023-06-18 01:09:07,830] com.azure.cosmos.implementation.RxDocumentClientImpl: Getting database account endpoint from https://localhost:8081
ERROR [2023-06-18 01:09:07,833] com.azure.cosmos.implementation.RxGatewayStoreModel: Network failure
! java.net.ConnectException: Connection refused: no further information
! at java.base/sun.nio.ch.Net.pollConnect(Native Method)
! at java.base/sun.nio.ch.Net.pollConnectNow(Net.java:672)
! at java.base/sun.nio.ch.SocketChannelImpl.finishConnect(SocketChannelImpl.java:946)
! at io.netty.channel.socket.nio.NioSocketChannel.doFinishConnect(NioSocketChannel.java:337)
! at io.netty.channel.nio.AbstractNioChannel$AbstractNioUnsafe.finishConnect(AbstractNioChannel.java:334)
! at io.netty.channel.nio.NioEventLoop.processSelectedKey(NioEventLoop.java:776)
! at io.netty.channel.nio.NioEventLoop.processSelectedKeysOptimized(NioEventLoop.java:724)
! at io.netty.channel.nio.NioEventLoop.processSelectedKeys(NioEventLoop.java:650)
! at io.netty.channel.nio.NioEventLoop.run(NioEventLoop.java:562)
! at io.netty.util.concurrent.SingleThreadEventExecutor$4.run(SingleThreadEventExecutor.java:997)
! at io.netty.util.internal.ThreadExecutorMap$2.run(ThreadExecutorMap.java:74)
! at io.netty.util.concurrent.FastThreadLocalRunnable.run(FastThreadLocalRunnable.java:30)
! at java.base/java.lang.Thread.run(Thread.java:833)
! Causing: io.netty.channel.AbstractChannel$AnnotatedConnectException: Connection refused: no further information: localhost/[0:0:0:0:0:0:0:1]:8081
WARN  [2023-06-18 01:09:07,834] com.azure.cosmos.implementation.WebExceptionRetryPolicy: Received retriable web exception, will retry
! java.net.ConnectException: Connection refused: no further information
! at java.base/sun.nio.ch.Net.pollConnect(Native Method)
! at java.base/sun.nio.ch.Net.pollConnectNow(Net.java:672)
! at java.base/sun.nio.ch.SocketChannelImpl.finishConnect(SocketChannelImpl.java:946)
! at io.netty.channel.socket.nio.NioSocketChannel.doFinishConnect(NioSocketChannel.java:337)
! at io.netty.channel.nio.AbstractNioChannel$AbstractNioUnsafe.finishConnect(AbstractNioChannel.java:334)
! at io.netty.channel.nio.NioEventLoop.processSelectedKey(NioEventLoop.java:776)
! at io.netty.channel.nio.NioEventLoop.processSelectedKeysOptimized(NioEventLoop.java:724)
! at io.netty.channel.nio.NioEventLoop.processSelectedKeys(NioEventLoop.java:650)
! at io.netty.channel.nio.NioEventLoop.run(NioEventLoop.java:562)
! at io.netty.util.concurrent.SingleThreadEventExecutor$4.run(SingleThreadEventExecutor.java:997)
! at io.netty.util.internal.ThreadExecutorMap$2.run(ThreadExecutorMap.java:74)
! at io.netty.util.concurrent.FastThreadLocalRunnable.run(FastThreadLocalRunnable.java:30)
! at java.base/java.lang.Thread.run(Thread.java:833)
! Causing: io.netty.channel.AbstractChannel$AnnotatedConnectException: Connection refused: no further information: localhost/[0:0:0:0:0:0:0:1]:8081
! Causing: com.azure.cosmos.CosmosException: {"innerErrorMessage":null,"cosmosDiagnostics":{"userAgent":"azsdk-java-cosmos/4.45.1 Windows11/10.0 JRE/17.0.2","activityId":null,"requestLatencyInMs":2,"requestStartTimeUTC":"2023-06-18T01:09:07.831525800Z","requestEndTimeUTC":"2023-06-18T01:09:07.834525300Z","responseStatisticsList":[],"supplementalResponseStatisticsList":[],"addressResolutionStatistics":{},"regionsContacted":[],"retryContext":{"statusAndSubStatusCodes":null,"retryCount":0,"retryLatency":0},"metadataDiagnosticsContext":{"metadataDiagnosticList":null},"serializationDiagnosticsContext":{"serializationDiagnosticsList":null},"gatewayStatistics":{"sessionToken":null,"operationType":"Read","resourceType":"DatabaseAccount","statusCode":503,"subStatusCode":10001,"requestCharge":0.0,"requestTimeline":[{"eventName":"connectionAcquired","startTimeUTC":"2023-06-18T01:09:07.831525800Z","durationInMilliSecs":2.9995},{"eventName":"connectionConfigured","startTimeUTC":null,"durationInMilliSecs":0.0},{"eventName":"requestSent","startTimeUTC":null,"durationInMilliSecs":0.0},{"eventName":"transitTime","startTimeUTC":null,"durationInMilliSecs":0.0},{"eventName":"received","startTimeUTC":null,"durationInMilliSecs":0.0}],"partitionKeyRangeId":null,"exceptionMessage":null,"exceptionResponseHeaders":"{x-ms-substatus=10001}","responsePayloadSizeInBytes":0},"samplingRateSnapshot":1.0,"systemInformation":{"usedMemory":"78413 KB","availableMemory":"31346099 KB","systemCpuLoad":"(2023-06-18T01:08:44.241302400Z 0.9%), (2023-06-18T01:08:49.232632300Z 1.3%), (2023-06-18T01:08:54.241065Z 0.8%), (2023-06-18T01:08:59.244282Z 0.7%), (2023-06-18T01:09:04.232280600Z 0.5%), (2023-06-18T01:09:07.830525200Z 0.6%)","availableProcessors":32},"clientCfgs":{"id":2,"machineId":"uuid:48e81931-5b2e-4d65-bc31-a8cd8bc5804a","connectionMode":"DIRECT","numberOfClients":1,"clientEndpoints":{"https://localhost:8081":2},"connCfg":{"rntbd":null,"gw":"(cps:1000, nrto:PT1M, icto:PT1M, p:false)","other":"(ed: true, cs: false, rv: true)"},"consistencyCfg":"(consistency: null, mm: true, prgns: [])","proactiveInit":null}}}
! at com.azure.cosmos.BridgeInternal.createCosmosException(BridgeInternal.java:462)
! at com.azure.cosmos.implementation.RxGatewayStoreModel.lambda$toDocumentServiceResponse$3(RxGatewayStoreModel.java:403)
! at reactor.core.publisher.FluxOnErrorResume$ResumeSubscriber.onError(FluxOnErrorResume.java:94)
! at reactor.core.publisher.FluxMapFuseable$MapFuseableSubscriber.onError(FluxMapFuseable.java:142)
! at reactor.core.publisher.MonoFlatMap$FlatMapMain.onError(MonoFlatMap.java:172)
! at reactor.core.publisher.MonoSingle$SingleSubscriber.onError(MonoSingle.java:150)
! at reactor.core.publisher.FluxOnErrorResume$ResumeSubscriber.onError(FluxOnErrorResume.java:106)
! at reactor.core.publisher.Operators.error(Operators.java:198)
! at reactor.core.publisher.MonoError.subscribe(MonoError.java:53)
! at reactor.core.publisher.Mono.subscribe(Mono.java:4490)
! at reactor.core.publisher.FluxOnErrorResume$ResumeSubscriber.onError(FluxOnErrorResume.java:103)
! at reactor.core.publisher.FluxPeekFuseable$PeekFuseableSubscriber.onError(FluxPeekFuseable.java:234)
! at reactor.core.publisher.FluxContextWrite$ContextWriteSubscriber.onError(FluxContextWrite.java:121)
! at reactor.core.publisher.MonoFlatMapMany$FlatMapManyMain.onError(MonoFlatMapMany.java:204)
! at reactor.core.publisher.SerializedSubscriber.onError(SerializedSubscriber.java:124)
! at reactor.core.publisher.FluxRetryWhen$RetryWhenMainSubscriber.whenError(FluxRetryWhen.java:225)
! at reactor.core.publisher.FluxRetryWhen$RetryWhenOtherSubscriber.onError(FluxRetryWhen.java:274)
! at reactor.core.publisher.FluxContextWrite$ContextWriteSubscriber.onError(FluxContextWrite.java:121)
! at reactor.core.publisher.FluxConcatMap$ConcatMapImmediate.drain(FluxConcatMap.java:415)
! at reactor.core.publisher.FluxConcatMap$ConcatMapImmediate.onNext(FluxConcatMap.java:251)
! at reactor.core.publisher.FluxContextWrite$ContextWriteSubscriber.onNext(FluxContextWrite.java:107)
! at reactor.core.publisher.EmitterProcessor.drain(EmitterProcessor.java:537)
! at reactor.core.publisher.EmitterProcessor.tryEmitNext(EmitterProcessor.java:343)
! at reactor.core.publisher.SinkManySerialized.tryEmitNext(SinkManySerialized.java:100)
! at reactor.core.publisher.InternalManySink.emitNext(InternalManySink.java:27)
! at reactor.core.publisher.FluxRetryWhen$RetryWhenMainSubscriber.onError(FluxRetryWhen.java:190)
! at reactor.core.publisher.MonoCreate$DefaultMonoSink.error(MonoCreate.java:201)
! at reactor.netty.http.client.HttpClientConnect$MonoHttpConnect$ClientTransportSubscriber.onError(HttpClientConnect.java:311)
! at reactor.core.publisher.MonoCreate$DefaultMonoSink.error(MonoCreate.java:201)
! at reactor.netty.resources.DefaultPooledConnectionProvider$DisposableAcquire.onError(DefaultPooledConnectionProvider.java:160)
! at reactor.netty.internal.shaded.reactor.pool.AbstractPool$Borrower.fail(AbstractPool.java:475)
! at reactor.netty.internal.shaded.reactor.pool.SimpleDequePool.lambda$drainLoop$9(SimpleDequePool.java:431)
! at reactor.core.publisher.FluxDoOnEach$DoOnEachSubscriber.onError(FluxDoOnEach.java:186)
! at reactor.core.publisher.MonoCreate$DefaultMonoSink.error(MonoCreate.java:201)
! at reactor.netty.resources.DefaultPooledConnectionProvider$PooledConnectionAllocator$PooledConnectionInitializer.onError(DefaultPooledConnectionProvider.java:558)
! at reactor.core.publisher.MonoFlatMap$FlatMapMain.secondError(MonoFlatMap.java:192)
! at reactor.core.publisher.MonoFlatMap$FlatMapInner.onError(MonoFlatMap.java:259)
! at reactor.core.publisher.FluxOnErrorResume$ResumeSubscriber.onError(FluxOnErrorResume.java:106)
! at reactor.core.publisher.SerializedSubscriber.onError(SerializedSubscriber.java:124)
! at reactor.core.publisher.FluxRetryWhen$RetryWhenMainSubscriber.whenError(FluxRetryWhen.java:225)
! at reactor.core.publisher.FluxRetryWhen$RetryWhenOtherSubscriber.onError(FluxRetryWhen.java:274)
! at reactor.core.publisher.FluxContextWrite$ContextWriteSubscriber.onError(FluxContextWrite.java:121)
! at reactor.core.publisher.FluxConcatMap$ConcatMapImmediate.drain(FluxConcatMap.java:415)
! at reactor.core.publisher.FluxConcatMap$ConcatMapImmediate.onNext(FluxConcatMap.java:251)
! at reactor.core.publisher.FluxContextWrite$ContextWriteSubscriber.onNext(FluxContextWrite.java:107)
! at reactor.core.publisher.EmitterProcessor.drain(EmitterProcessor.java:537)
! at reactor.core.publisher.EmitterProcessor.tryEmitNext(EmitterProcessor.java:343)
! at reactor.core.publisher.SinkManySerialized.tryEmitNext(SinkManySerialized.java:100)
! at reactor.core.publisher.InternalManySink.emitNext(InternalManySink.java:27)
! at reactor.core.publisher.FluxRetryWhen$RetryWhenMainSubscriber.onError(FluxRetryWhen.java:190)
! at reactor.core.publisher.MonoFlatMap$FlatMapMain.secondError(MonoFlatMap.java:192)
! at reactor.core.publisher.MonoFlatMap$FlatMapInner.onError(MonoFlatMap.java:259)
! at reactor.netty.transport.TransportConnector$MonoChannelPromise.tryFailure(TransportConnector.java:580)
! at reactor.netty.transport.TransportConnector$MonoChannelPromise.setFailure(TransportConnector.java:534)
! at reactor.netty.transport.TransportConnector.lambda$doConnect$7(TransportConnector.java:265)
! at io.netty.util.concurrent.DefaultPromise.notifyListener0(DefaultPromise.java:590)
! at io.netty.util.concurrent.DefaultPromise.notifyListeners0(DefaultPromise.java:583)
! at io.netty.util.concurrent.DefaultPromise.notifyListenersNow(DefaultPromise.java:559)
! at io.netty.util.concurrent.DefaultPromise.notifyListeners(DefaultPromise.java:492)
! at io.netty.util.concurrent.DefaultPromise.setValue0(DefaultPromise.java:636)
! at io.netty.util.concurrent.DefaultPromise.setFailure0(DefaultPromise.java:629)
! at io.netty.util.concurrent.DefaultPromise.tryFailure(DefaultPromise.java:118)
! at io.netty.channel.nio.AbstractNioChannel$AbstractNioUnsafe.fulfillConnectPromise(AbstractNioChannel.java:321)
! at io.netty.channel.nio.AbstractNioChannel$AbstractNioUnsafe.finishConnect(AbstractNioChannel.java:337)
! at io.netty.channel.nio.NioEventLoop.processSelectedKey(NioEventLoop.java:776)
! at io.netty.channel.nio.NioEventLoop.processSelectedKeysOptimized(NioEventLoop.java:724)
! at io.netty.channel.nio.NioEventLoop.processSelectedKeys(NioEventLoop.java:650)
! at io.netty.channel.nio.NioEventLoop.run(NioEventLoop.java:562)
! at io.netty.util.concurrent.SingleThreadEventExecutor$4.run(SingleThreadEventExecutor.java:997)
! at io.netty.util.internal.ThreadExecutorMap$2.run(ThreadExecutorMap.java:74)
! at io.netty.util.concurrent.FastThreadLocalRunnable.run(FastThreadLocalRunnable.java:30)
! at java.base/java.lang.Thread.run(Thread.java:833)
ERROR [2023-06-18 01:09:07,838] com.azure.cosmos.implementation.RxGatewayStoreModel: Network failure
! java.net.ConnectException: Connection refused: no further information
! at java.base/sun.nio.ch.Net.pollConnect(Native Method)
! at java.base/sun.nio.ch.Net.pollConnectNow(Net.java:672)
! at java.base/sun.nio.ch.SocketChannelImpl.finishConnect(SocketChannelImpl.java:946)
! at io.netty.channel.socket.nio.NioSocketChannel.doFinishConnect(NioSocketChannel.java:337)
! at io.netty.channel.nio.AbstractNioChannel$AbstractNioUnsafe.finishConnect(AbstractNioChannel.java:334)
! at io.netty.channel.nio.NioEventLoop.processSelectedKey(NioEventLoop.java:776)
! at io.netty.channel.nio.NioEventLoop.processSelectedKeysOptimized(NioEventLoop.java:724)
! at io.netty.channel.nio.NioEventLoop.processSelectedKeys(NioEventLoop.java:650)
! at io.netty.channel.nio.NioEventLoop.run(NioEventLoop.java:562)
! at io.netty.util.concurrent.SingleThreadEventExecutor$4.run(SingleThreadEventExecutor.java:997)
! at io.netty.util.internal.ThreadExecutorMap$2.run(ThreadExecutorMap.java:74)
! at io.netty.util.concurrent.FastThreadLocalRunnable.run(FastThreadLocalRunnable.java:30)
! at java.base/java.lang.Thread.run(Thread.java:833)
! Causing: io.netty.channel.AbstractChannel$AnnotatedConnectException: Connection refused: no further information: localhost/[0:0:0:0:0:0:0:1]:8081
WARN  [2023-06-18 01:09:07,838] com.azure.cosmos.implementation.WebExceptionRetryPolicy: Received retriable web exception, will retry
! java.net.ConnectException: Connection refused: no further information
! at java.base/sun.nio.ch.Net.pollConnect(Native Method)
! at java.base/sun.nio.ch.Net.pollConnectNow(Net.java:672)
! at java.base/sun.nio.ch.SocketChannelImpl.finishConnect(SocketChannelImpl.java:946)
! at io.netty.channel.socket.nio.NioSocketChannel.doFinishConnect(NioSocketChannel.java:337)
! at io.netty.channel.nio.AbstractNioChannel$AbstractNioUnsafe.finishConnect(AbstractNioChannel.java:334)
! at io.netty.channel.nio.NioEventLoop.processSelectedKey(NioEventLoop.java:776)
! at io.netty.channel.nio.NioEventLoop.processSelectedKeysOptimized(NioEventLoop.java:724)
! at io.netty.channel.nio.NioEventLoop.processSelectedKeys(NioEventLoop.java:650)
! at io.netty.channel.nio.NioEventLoop.run(NioEventLoop.java:562)
! at io.netty.util.concurrent.SingleThreadEventExecutor$4.run(SingleThreadEventExecutor.java:997)
! at io.netty.util.internal.ThreadExecutorMap$2.run(ThreadExecutorMap.java:74)
! at io.netty.util.concurrent.FastThreadLocalRunnable.run(FastThreadLocalRunnable.java:30)
! at java.base/java.lang.Thread.run(Thread.java:833)
! Causing: io.netty.channel.AbstractChannel$AnnotatedConnectException: Connection refused: no further information: localhost/[0:0:0:0:0:0:0:1]:8081
! Causing: com.azure.cosmos.CosmosException: {"innerErrorMessage":null,"cosmosDiagnostics":{"userAgent":"azsdk-java-cosmos/4.45.1 Windows11/10.0 JRE/17.0.2","activityId":null,"requestLatencyInMs":6,"requestStartTimeUTC":"2023-06-18T01:09:07.831525800Z","requestEndTimeUTC":"2023-06-18T01:09:07.838525200Z","responseStatisticsList":[],"supplementalResponseStatisticsList":[],"addressResolutionStatistics":{},"regionsContacted":[],"retryContext":{"statusAndSubStatusCodes":null,"retryCount":0,"retryLatency":0},"metadataDiagnosticsContext":{"metadataDiagnosticList":null},"serializationDiagnosticsContext":{"serializationDiagnosticsList":null},"gatewayStatistics":{"sessionToken":null,"operationType":"Read","resourceType":"DatabaseAccount","statusCode":503,"subStatusCode":10001,"requestCharge":0.0,"requestTimeline":[{"eventName":"connectionAcquired","startTimeUTC":"2023-06-18T01:09:07.835526Z","durationInMilliSecs":2.9992},{"eventName":"connectionConfigured","startTimeUTC":null,"durationInMilliSecs":0.0},{"eventName":"requestSent","startTimeUTC":null,"durationInMilliSecs":0.0},{"eventName":"transitTime","startTimeUTC":null,"durationInMilliSecs":0.0},{"eventName":"received","startTimeUTC":null,"durationInMilliSecs":0.0}],"partitionKeyRangeId":null,"exceptionMessage":null,"exceptionResponseHeaders":"{x-ms-substatus=10001}","responsePayloadSizeInBytes":0},"samplingRateSnapshot":1.0,"systemInformation":{"usedMemory":"78904 KB","availableMemory":"31345608 KB","systemCpuLoad":"(2023-06-18T01:08:44.241302400Z 0.9%), (2023-06-18T01:08:49.232632300Z 1.3%), (2023-06-18T01:08:54.241065Z 0.8%), (2023-06-18T01:08:59.244282Z 0.7%), (2023-06-18T01:09:04.232280600Z 0.5%), (2023-06-18T01:09:07.830525200Z 0.6%)","availableProcessors":32},"clientCfgs":{"id":2,"machineId":"uuid:48e81931-5b2e-4d65-bc31-a8cd8bc5804a","connectionMode":"DIRECT","numberOfClients":1,"clientEndpoints":{"https://localhost:8081":2},"connCfg":{"rntbd":null,"gw":"(cps:1000, nrto:PT1M, icto:PT1M, p:false)","other":"(ed: true, cs: false, rv: true)"},"consistencyCfg":"(consistency: null, mm: true, prgns: [])","proactiveInit":null}}}
! at com.azure.cosmos.BridgeInternal.createCosmosException(BridgeInternal.java:462)
! at com.azure.cosmos.implementation.RxGatewayStoreModel.lambda$toDocumentServiceResponse$3(RxGatewayStoreModel.java:403)
! at reactor.core.publisher.FluxOnErrorResume$ResumeSubscriber.onError(FluxOnErrorResume.java:94)
! at reactor.core.publisher.FluxMapFuseable$MapFuseableSubscriber.onError(FluxMapFuseable.java:142)
! at reactor.core.publisher.MonoFlatMap$FlatMapMain.onError(MonoFlatMap.java:172)
! at reactor.core.publisher.MonoSingle$SingleSubscriber.onError(MonoSingle.java:150)
! at reactor.core.publisher.FluxOnErrorResume$ResumeSubscriber.onError(FluxOnErrorResume.java:106)
! at reactor.core.publisher.Operators.error(Operators.java:198)
! at reactor.core.publisher.MonoError.subscribe(MonoError.java:53)
! at reactor.core.publisher.Mono.subscribe(Mono.java:4490)
! at reactor.core.publisher.FluxOnErrorResume$ResumeSubscriber.onError(FluxOnErrorResume.java:103)
! at reactor.core.publisher.FluxPeekFuseable$PeekFuseableSubscriber.onError(FluxPeekFuseable.java:234)
! at reactor.core.publisher.FluxContextWrite$ContextWriteSubscriber.onError(FluxContextWrite.java:121)
! at reactor.core.publisher.MonoFlatMapMany$FlatMapManyMain.onError(MonoFlatMapMany.java:204)
! at reactor.core.publisher.SerializedSubscriber.onError(SerializedSubscriber.java:124)
! at reactor.core.publisher.FluxRetryWhen$RetryWhenMainSubscriber.whenError(FluxRetryWhen.java:225)
! at reactor.core.publisher.FluxRetryWhen$RetryWhenOtherSubscriber.onError(FluxRetryWhen.java:274)
! at reactor.core.publisher.FluxContextWrite$ContextWriteSubscriber.onError(FluxContextWrite.java:121)
! at reactor.core.publisher.FluxConcatMap$ConcatMapImmediate.drain(FluxConcatMap.java:415)
! at reactor.core.publisher.FluxConcatMap$ConcatMapImmediate.onNext(FluxConcatMap.java:251)
! at reactor.core.publisher.FluxContextWrite$ContextWriteSubscriber.onNext(FluxContextWrite.java:107)
! at reactor.core.publisher.EmitterProcessor.drain(EmitterProcessor.java:537)
! at reactor.core.publisher.EmitterProcessor.tryEmitNext(EmitterProcessor.java:343)
! at reactor.core.publisher.SinkManySerialized.tryEmitNext(SinkManySerialized.java:100)
! at reactor.core.publisher.InternalManySink.emitNext(InternalManySink.java:27)
! at reactor.core.publisher.FluxRetryWhen$RetryWhenMainSubscriber.onError(FluxRetryWhen.java:190)
! at reactor.core.publisher.MonoCreate$DefaultMonoSink.error(MonoCreate.java:201)
! at reactor.netty.http.client.HttpClientConnect$MonoHttpConnect$ClientTransportSubscriber.onError(HttpClientConnect.java:311)
! at reactor.core.publisher.MonoCreate$DefaultMonoSink.error(MonoCreate.java:201)
! at reactor.netty.resources.DefaultPooledConnectionProvider$DisposableAcquire.onError(DefaultPooledConnectionProvider.java:160)
! at reactor.netty.internal.shaded.reactor.pool.AbstractPool$Borrower.fail(AbstractPool.java:475)
! at reactor.netty.internal.shaded.reactor.pool.SimpleDequePool.lambda$drainLoop$9(SimpleDequePool.java:431)
! at reactor.core.publisher.FluxDoOnEach$DoOnEachSubscriber.onError(FluxDoOnEach.java:186)
! at reactor.core.publisher.MonoCreate$DefaultMonoSink.error(MonoCreate.java:201)
! at reactor.netty.resources.DefaultPooledConnectionProvider$PooledConnectionAllocator$PooledConnectionInitializer.onError(DefaultPooledConnectionProvider.java:558)
! at reactor.core.publisher.MonoFlatMap$FlatMapMain.secondError(MonoFlatMap.java:192)
! at reactor.core.publisher.MonoFlatMap$FlatMapInner.onError(MonoFlatMap.java:259)
! at reactor.core.publisher.FluxOnErrorResume$ResumeSubscriber.onError(FluxOnErrorResume.java:106)
! at reactor.core.publisher.SerializedSubscriber.onError(SerializedSubscriber.java:124)
! at reactor.core.publisher.FluxRetryWhen$RetryWhenMainSubscriber.whenError(FluxRetryWhen.java:225)
! at reactor.core.publisher.FluxRetryWhen$RetryWhenOtherSubscriber.onError(FluxRetryWhen.java:274)
! at reactor.core.publisher.FluxContextWrite$ContextWriteSubscriber.onError(FluxContextWrite.java:121)
! at reactor.core.publisher.FluxConcatMap$ConcatMapImmediate.drain(FluxConcatMap.java:415)
! at reactor.core.publisher.FluxConcatMap$ConcatMapImmediate.onNext(FluxConcatMap.java:251)
! at reactor.core.publisher.FluxContextWrite$ContextWriteSubscriber.onNext(FluxContextWrite.java:107)
! at reactor.core.publisher.EmitterProcessor.drain(EmitterProcessor.java:537)
! at reactor.core.publisher.EmitterProcessor.tryEmitNext(EmitterProcessor.java:343)
! at reactor.core.publisher.SinkManySerialized.tryEmitNext(SinkManySerialized.java:100)
! at reactor.core.publisher.InternalManySink.emitNext(InternalManySink.java:27)
! at reactor.core.publisher.FluxRetryWhen$RetryWhenMainSubscriber.onError(FluxRetryWhen.java:190)
! at reactor.core.publisher.MonoFlatMap$FlatMapMain.secondError(MonoFlatMap.java:192)
! at reactor.core.publisher.MonoFlatMap$FlatMapInner.onError(MonoFlatMap.java:259)
! at reactor.netty.transport.TransportConnector$MonoChannelPromise.tryFailure(TransportConnector.java:580)
! at reactor.netty.transport.TransportConnector$MonoChannelPromise.setFailure(TransportConnector.java:534)
! at reactor.netty.transport.TransportConnector.lambda$doConnect$7(TransportConnector.java:265)
! at io.netty.util.concurrent.DefaultPromise.notifyListener0(DefaultPromise.java:590)
! at io.netty.util.concurrent.DefaultPromise.notifyListeners0(DefaultPromise.java:583)
! at io.netty.util.concurrent.DefaultPromise.notifyListenersNow(DefaultPromise.java:559)
! at io.netty.util.concurrent.DefaultPromise.notifyListeners(DefaultPromise.java:492)
! at io.netty.util.concurrent.DefaultPromise.setValue0(DefaultPromise.java:636)
! at io.netty.util.concurrent.DefaultPromise.setFailure0(DefaultPromise.java:629)
! at io.netty.util.concurrent.DefaultPromise.tryFailure(DefaultPromise.java:118)
! at io.netty.channel.nio.AbstractNioChannel$AbstractNioUnsafe.fulfillConnectPromise(AbstractNioChannel.java:321)
! at io.netty.channel.nio.AbstractNioChannel$AbstractNioUnsafe.finishConnect(AbstractNioChannel.java:337)
! at io.netty.channel.nio.NioEventLoop.processSelectedKey(NioEventLoop.java:776)
! at io.netty.channel.nio.NioEventLoop.processSelectedKeysOptimized(NioEventLoop.java:724)
! at io.netty.channel.nio.NioEventLoop.processSelectedKeys(NioEventLoop.java:650)
! at io.netty.channel.nio.NioEventLoop.run(NioEventLoop.java:562)
! at io.netty.util.concurrent.SingleThreadEventExecutor$4.run(SingleThreadEventExecutor.java:997)
! at io.netty.util.internal.ThreadExecutorMap$2.run(ThreadExecutorMap.java:74)
! at io.netty.util.concurrent.FastThreadLocalRunnable.run(FastThreadLocalRunnable.java:30)
! at java.base/java.lang.Thread.run(Thread.java:833)
ERROR [2023-06-18 01:09:08,848] com.azure.cosmos.implementation.RxGatewayStoreModel: Network failure
! java.net.ConnectException: Connection refused: no further information
! at java.base/sun.nio.ch.Net.pollConnect(Native Method)
! at java.base/sun.nio.ch.Net.pollConnectNow(Net.java:672)
! at java.base/sun.nio.ch.SocketChannelImpl.finishConnect(SocketChannelImpl.java:946)
! at io.netty.channel.socket.nio.NioSocketChannel.doFinishConnect(NioSocketChannel.java:337)
! at io.netty.channel.nio.AbstractNioChannel$AbstractNioUnsafe.finishConnect(AbstractNioChannel.java:334)
! at io.netty.channel.nio.NioEventLoop.processSelectedKey(NioEventLoop.java:776)
! at io.netty.channel.nio.NioEventLoop.processSelectedKeysOptimized(NioEventLoop.java:724)
! at io.netty.channel.nio.NioEventLoop.processSelectedKeys(NioEventLoop.java:650)
! at io.netty.channel.nio.NioEventLoop.run(NioEventLoop.java:562)
! at io.netty.util.concurrent.SingleThreadEventExecutor$4.run(SingleThreadEventExecutor.java:997)
! at io.netty.util.internal.ThreadExecutorMap$2.run(ThreadExecutorMap.java:74)
! at io.netty.util.concurrent.FastThreadLocalRunnable.run(FastThreadLocalRunnable.java:30)
! at java.base/java.lang.Thread.run(Thread.java:833)
! Causing: io.netty.channel.AbstractChannel$AnnotatedConnectException: Connection refused: no further information: localhost/[0:0:0:0:0:0:0:1]:8081
WARN  [2023-06-18 01:09:08,848] com.azure.cosmos.implementation.WebExceptionRetryPolicy: Received retriable web exception, will retry
! java.net.ConnectException: Connection refused: no further information
! at java.base/sun.nio.ch.Net.pollConnect(Native Method)
! at java.base/sun.nio.ch.Net.pollConnectNow(Net.java:672)
! at java.base/sun.nio.ch.SocketChannelImpl.finishConnect(SocketChannelImpl.java:946)
! at io.netty.channel.socket.nio.NioSocketChannel.doFinishConnect(NioSocketChannel.java:337)
! at io.netty.channel.nio.AbstractNioChannel$AbstractNioUnsafe.finishConnect(AbstractNioChannel.java:334)
! at io.netty.channel.nio.NioEventLoop.processSelectedKey(NioEventLoop.java:776)
! at io.netty.channel.nio.NioEventLoop.processSelectedKeysOptimized(NioEventLoop.java:724)
! at io.netty.channel.nio.NioEventLoop.processSelectedKeys(NioEventLoop.java:650)
! at io.netty.channel.nio.NioEventLoop.run(NioEventLoop.java:562)
! at io.netty.util.concurrent.SingleThreadEventExecutor$4.run(SingleThreadEventExecutor.java:997)
! at io.netty.util.internal.ThreadExecutorMap$2.run(ThreadExecutorMap.java:74)
! at io.netty.util.concurrent.FastThreadLocalRunnable.run(FastThreadLocalRunnable.java:30)
! at java.base/java.lang.Thread.run(Thread.java:833)
! Causing: io.netty.channel.AbstractChannel$AnnotatedConnectException: Connection refused: no further information: localhost/[0:0:0:0:0:0:0:1]:8081
! Causing: com.azure.cosmos.CosmosException: {"innerErrorMessage":null,"cosmosDiagnostics":{"userAgent":"azsdk-java-cosmos/4.45.1 Windows11/10.0 JRE/17.0.2","activityId":null,"requestLatencyInMs":1016,"requestStartTimeUTC":"2023-06-18T01:09:07.831525800Z","requestEndTimeUTC":"2023-06-18T01:09:08.848449800Z","responseStatisticsList":[],"supplementalResponseStatisticsList":[],"addressResolutionStatistics":{},"regionsContacted":[],"retryContext":{"statusAndSubStatusCodes":null,"retryCount":0,"retryLatency":0},"metadataDiagnosticsContext":{"metadataDiagnosticList":null},"serializationDiagnosticsContext":{"serializationDiagnosticsList":null},"gatewayStatistics":{"sessionToken":null,"operationType":"Read","resourceType":"DatabaseAccount","statusCode":503,"subStatusCode":10001,"requestCharge":0.0,"requestTimeline":[{"eventName":"connectionAcquired","startTimeUTC":"2023-06-18T01:09:08.846450100Z","durationInMilliSecs":1.9997},{"eventName":"connectionConfigured","startTimeUTC":null,"durationInMilliSecs":0.0},{"eventName":"requestSent","startTimeUTC":null,"durationInMilliSecs":0.0},{"eventName":"transitTime","startTimeUTC":null,"durationInMilliSecs":0.0},{"eventName":"received","startTimeUTC":null,"durationInMilliSecs":0.0}],"partitionKeyRangeId":null,"exceptionMessage":null,"exceptionResponseHeaders":"{x-ms-substatus=10001}","responsePayloadSizeInBytes":0},"samplingRateSnapshot":1.0,"systemInformation":{"usedMemory":"79392 KB","availableMemory":"31345120 KB","systemCpuLoad":"(2023-06-18T01:08:44.241302400Z 0.9%), (2023-06-18T01:08:49.232632300Z 1.3%), (2023-06-18T01:08:54.241065Z 0.8%), (2023-06-18T01:08:59.244282Z 0.7%), (2023-06-18T01:09:04.232280600Z 0.5%), (2023-06-18T01:09:07.830525200Z 0.6%)","availableProcessors":32},"clientCfgs":{"id":2,"machineId":"uuid:48e81931-5b2e-4d65-bc31-a8cd8bc5804a","connectionMode":"DIRECT","numberOfClients":1,"clientEndpoints":{"https://localhost:8081":2},"connCfg":{"rntbd":null,"gw":"(cps:1000, nrto:PT1M, icto:PT1M, p:false)","other":"(ed: true, cs: false, rv: true)"},"consistencyCfg":"(consistency: null, mm: true, prgns: [])","proactiveInit":null}}}
! at com.azure.cosmos.BridgeInternal.createCosmosException(BridgeInternal.java:462)
! at com.azure.cosmos.implementation.RxGatewayStoreModel.lambda$toDocumentServiceResponse$3(RxGatewayStoreModel.java:403)
! at reactor.core.publisher.FluxOnErrorResume$ResumeSubscriber.onError(FluxOnErrorResume.java:94)
! at reactor.core.publisher.FluxMapFuseable$MapFuseableSubscriber.onError(FluxMapFuseable.java:142)
! at reactor.core.publisher.MonoFlatMap$FlatMapMain.onError(MonoFlatMap.java:172)
! at reactor.core.publisher.MonoSingle$SingleSubscriber.onError(MonoSingle.java:150)
! at reactor.core.publisher.FluxOnErrorResume$ResumeSubscriber.onError(FluxOnErrorResume.java:106)
! at reactor.core.publisher.Operators.error(Operators.java:198)
! at reactor.core.publisher.MonoError.subscribe(MonoError.java:53)
! at reactor.core.publisher.Mono.subscribe(Mono.java:4490)
! at reactor.core.publisher.FluxOnErrorResume$ResumeSubscriber.onError(FluxOnErrorResume.java:103)
! at reactor.core.publisher.FluxPeekFuseable$PeekFuseableSubscriber.onError(FluxPeekFuseable.java:234)
! at reactor.core.publisher.FluxContextWrite$ContextWriteSubscriber.onError(FluxContextWrite.java:121)
! at reactor.core.publisher.MonoFlatMapMany$FlatMapManyMain.onError(MonoFlatMapMany.java:204)
! at reactor.core.publisher.SerializedSubscriber.onError(SerializedSubscriber.java:124)
! at reactor.core.publisher.FluxRetryWhen$RetryWhenMainSubscriber.whenError(FluxRetryWhen.java:225)
! at reactor.core.publisher.FluxRetryWhen$RetryWhenOtherSubscriber.onError(FluxRetryWhen.java:274)
! at reactor.core.publisher.FluxContextWrite$ContextWriteSubscriber.onError(FluxContextWrite.java:121)
! at reactor.core.publisher.FluxConcatMap$ConcatMapImmediate.drain(FluxConcatMap.java:415)
! at reactor.core.publisher.FluxConcatMap$ConcatMapImmediate.onNext(FluxConcatMap.java:251)
! at reactor.core.publisher.FluxContextWrite$ContextWriteSubscriber.onNext(FluxContextWrite.java:107)
! at reactor.core.publisher.EmitterProcessor.drain(EmitterProcessor.java:537)
! at reactor.core.publisher.EmitterProcessor.tryEmitNext(EmitterProcessor.java:343)
! at reactor.core.publisher.SinkManySerialized.tryEmitNext(SinkManySerialized.java:100)
! at reactor.core.publisher.InternalManySink.emitNext(InternalManySink.java:27)
! at reactor.core.publisher.FluxRetryWhen$RetryWhenMainSubscriber.onError(FluxRetryWhen.java:190)
! at reactor.core.publisher.MonoCreate$DefaultMonoSink.error(MonoCreate.java:201)
! at reactor.netty.http.client.HttpClientConnect$MonoHttpConnect$ClientTransportSubscriber.onError(HttpClientConnect.java:311)
! at reactor.core.publisher.MonoCreate$DefaultMonoSink.error(MonoCreate.java:201)
! at reactor.netty.resources.DefaultPooledConnectionProvider$DisposableAcquire.onError(DefaultPooledConnectionProvider.java:160)
! at reactor.netty.internal.shaded.reactor.pool.AbstractPool$Borrower.fail(AbstractPool.java:475)
! at reactor.netty.internal.shaded.reactor.pool.SimpleDequePool.lambda$drainLoop$9(SimpleDequePool.java:431)
! at reactor.core.publisher.FluxDoOnEach$DoOnEachSubscriber.onError(FluxDoOnEach.java:186)
! at reactor.core.publisher.MonoCreate$DefaultMonoSink.error(MonoCreate.java:201)
! at reactor.netty.resources.DefaultPooledConnectionProvider$PooledConnectionAllocator$PooledConnectionInitializer.onError(DefaultPooledConnectionProvider.java:558)
! at reactor.core.publisher.MonoFlatMap$FlatMapMain.secondError(MonoFlatMap.java:192)
! at reactor.core.publisher.MonoFlatMap$FlatMapInner.onError(MonoFlatMap.java:259)
! at reactor.core.publisher.FluxOnErrorResume$ResumeSubscriber.onError(FluxOnErrorResume.java:106)
! at reactor.core.publisher.SerializedSubscriber.onError(SerializedSubscriber.java:124)
! at reactor.core.publisher.FluxRetryWhen$RetryWhenMainSubscriber.whenError(FluxRetryWhen.java:225)
! at reactor.core.publisher.FluxRetryWhen$RetryWhenOtherSubscriber.onError(FluxRetryWhen.java:274)
! at reactor.core.publisher.FluxContextWrite$ContextWriteSubscriber.onError(FluxContextWrite.java:121)
! at reactor.core.publisher.FluxConcatMap$ConcatMapImmediate.drain(FluxConcatMap.java:415)
! at reactor.core.publisher.FluxConcatMap$ConcatMapImmediate.onNext(FluxConcatMap.java:251)
! at reactor.core.publisher.FluxContextWrite$ContextWriteSubscriber.onNext(FluxContextWrite.java:107)
! at reactor.core.publisher.EmitterProcessor.drain(EmitterProcessor.java:537)
! at reactor.core.publisher.EmitterProcessor.tryEmitNext(EmitterProcessor.java:343)
! at reactor.core.publisher.SinkManySerialized.tryEmitNext(SinkManySerialized.java:100)
! at reactor.core.publisher.InternalManySink.emitNext(InternalManySink.java:27)
! at reactor.core.publisher.FluxRetryWhen$RetryWhenMainSubscriber.onError(FluxRetryWhen.java:190)
! at reactor.core.publisher.MonoFlatMap$FlatMapMain.secondError(MonoFlatMap.java:192)
! at reactor.core.publisher.MonoFlatMap$FlatMapInner.onError(MonoFlatMap.java:259)
! at reactor.netty.transport.TransportConnector$MonoChannelPromise.tryFailure(TransportConnector.java:580)
! at reactor.netty.transport.TransportConnector$MonoChannelPromise.setFailure(TransportConnector.java:534)
! at reactor.netty.transport.TransportConnector.lambda$doConnect$7(TransportConnector.java:265)
! at io.netty.util.concurrent.DefaultPromise.notifyListener0(DefaultPromise.java:590)
! at io.netty.util.concurrent.DefaultPromise.notifyListeners0(DefaultPromise.java:583)
! at io.netty.util.concurrent.DefaultPromise.notifyListenersNow(DefaultPromise.java:559)
! at io.netty.util.concurrent.DefaultPromise.notifyListeners(DefaultPromise.java:492)
! at io.netty.util.concurrent.DefaultPromise.setValue0(DefaultPromise.java:636)
! at io.netty.util.concurrent.DefaultPromise.setFailure0(DefaultPromise.java:629)
! at io.netty.util.concurrent.DefaultPromise.tryFailure(DefaultPromise.java:118)
! at io.netty.channel.nio.AbstractNioChannel$AbstractNioUnsafe.fulfillConnectPromise(AbstractNioChannel.java:321)
! at io.netty.channel.nio.AbstractNioChannel$AbstractNioUnsafe.finishConnect(AbstractNioChannel.java:337)
! at io.netty.channel.nio.NioEventLoop.processSelectedKey(NioEventLoop.java:776)
! at io.netty.channel.nio.NioEventLoop.processSelectedKeysOptimized(NioEventLoop.java:724)
! at io.netty.channel.nio.NioEventLoop.processSelectedKeys(NioEventLoop.java:650)
! at io.netty.channel.nio.NioEventLoop.run(NioEventLoop.java:562)
! at io.netty.util.concurrent.SingleThreadEventExecutor$4.run(SingleThreadEventExecutor.java:997)
! at io.netty.util.internal.ThreadExecutorMap$2.run(ThreadExecutorMap.java:74)
! at io.netty.util.concurrent.FastThreadLocalRunnable.run(FastThreadLocalRunnable.java:30)
! at java.base/java.lang.Thread.run(Thread.java:833)
ERROR [2023-06-18 01:09:10,857] com.azure.cosmos.implementation.RxGatewayStoreModel: Network failure
! java.net.ConnectException: Connection refused: no further information
! at java.base/sun.nio.ch.Net.pollConnect(Native Method)
! at java.base/sun.nio.ch.Net.pollConnectNow(Net.java:672)
! at java.base/sun.nio.ch.SocketChannelImpl.finishConnect(SocketChannelImpl.java:946)
! at io.netty.channel.socket.nio.NioSocketChannel.doFinishConnect(NioSocketChannel.java:337)
! at io.netty.channel.nio.AbstractNioChannel$AbstractNioUnsafe.finishConnect(AbstractNioChannel.java:334)
! at io.netty.channel.nio.NioEventLoop.processSelectedKey(NioEventLoop.java:776)
! at io.netty.channel.nio.NioEventLoop.processSelectedKeysOptimized(NioEventLoop.java:724)
! at io.netty.channel.nio.NioEventLoop.processSelectedKeys(NioEventLoop.java:650)
! at io.netty.channel.nio.NioEventLoop.run(NioEventLoop.java:562)
! at io.netty.util.concurrent.SingleThreadEventExecutor$4.run(SingleThreadEventExecutor.java:997)
! at io.netty.util.internal.ThreadExecutorMap$2.run(ThreadExecutorMap.java:74)
! at io.netty.util.concurrent.FastThreadLocalRunnable.run(FastThreadLocalRunnable.java:30)
! at java.base/java.lang.Thread.run(Thread.java:833)
! Causing: io.netty.channel.AbstractChannel$AnnotatedConnectException: Connection refused: no further information: localhost/[0:0:0:0:0:0:0:1]:8081
WARN  [2023-06-18 01:09:10,857] com.azure.cosmos.implementation.WebExceptionRetryPolicy: Received retriable web exception, will retry
! java.net.ConnectException: Connection refused: no further information
! at java.base/sun.nio.ch.Net.pollConnect(Native Method)
! at java.base/sun.nio.ch.Net.pollConnectNow(Net.java:672)
! at java.base/sun.nio.ch.SocketChannelImpl.finishConnect(SocketChannelImpl.java:946)
! at io.netty.channel.socket.nio.NioSocketChannel.doFinishConnect(NioSocketChannel.java:337)
! at io.netty.channel.nio.AbstractNioChannel$AbstractNioUnsafe.finishConnect(AbstractNioChannel.java:334)
! at io.netty.channel.nio.NioEventLoop.processSelectedKey(NioEventLoop.java:776)
! at io.netty.channel.nio.NioEventLoop.processSelectedKeysOptimized(NioEventLoop.java:724)
! at io.netty.channel.nio.NioEventLoop.processSelectedKeys(NioEventLoop.java:650)
! at io.netty.channel.nio.NioEventLoop.run(NioEventLoop.java:562)
! at io.netty.util.concurrent.SingleThreadEventExecutor$4.run(SingleThreadEventExecutor.java:997)
! at io.netty.util.internal.ThreadExecutorMap$2.run(ThreadExecutorMap.java:74)
! at io.netty.util.concurrent.FastThreadLocalRunnable.run(FastThreadLocalRunnable.java:30)
! at java.base/java.lang.Thread.run(Thread.java:833)
! Causing: io.netty.channel.AbstractChannel$AnnotatedConnectException: Connection refused: no further information: localhost/[0:0:0:0:0:0:0:1]:8081
! Causing: com.azure.cosmos.CosmosException: {"innerErrorMessage":null,"cosmosDiagnostics":{"userAgent":"azsdk-java-cosmos/4.45.1 Windows11/10.0 JRE/17.0.2","activityId":null,"requestLatencyInMs":3026,"requestStartTimeUTC":"2023-06-18T01:09:07.831525800Z","requestEndTimeUTC":"2023-06-18T01:09:10.857986700Z","responseStatisticsList":[],"supplementalResponseStatisticsList":[],"addressResolutionStatistics":{},"regionsContacted":[],"retryContext":{"statusAndSubStatusCodes":null,"retryCount":0,"retryLatency":0},"metadataDiagnosticsContext":{"metadataDiagnosticList":null},"serializationDiagnosticsContext":{"serializationDiagnosticsList":null},"gatewayStatistics":{"sessionToken":null,"operationType":"Read","resourceType":"DatabaseAccount","statusCode":503,"subStatusCode":10001,"requestCharge":0.0,"requestTimeline":[{"eventName":"connectionAcquired","startTimeUTC":"2023-06-18T01:09:10.855987200Z","durationInMilliSecs":1.9995},{"eventName":"connectionConfigured","startTimeUTC":null,"durationInMilliSecs":0.0},{"eventName":"requestSent","startTimeUTC":null,"durationInMilliSecs":0.0},{"eventName":"transitTime","startTimeUTC":null,"durationInMilliSecs":0.0},{"eventName":"received","startTimeUTC":null,"durationInMilliSecs":0.0}],"partitionKeyRangeId":null,"exceptionMessage":null,"exceptionResponseHeaders":"{x-ms-substatus=10001}","responsePayloadSizeInBytes":0},"samplingRateSnapshot":1.0,"systemInformation":{"usedMemory":"79854 KB","availableMemory":"31344658 KB","systemCpuLoad":"(2023-06-18T01:08:44.241302400Z 0.9%), (2023-06-18T01:08:49.232632300Z 1.3%), (2023-06-18T01:08:54.241065Z 0.8%), (2023-06-18T01:08:59.244282Z 0.7%), (2023-06-18T01:09:04.232280600Z 0.5%), (2023-06-18T01:09:07.830525200Z 0.6%)","availableProcessors":32},"clientCfgs":{"id":2,"machineId":"uuid:48e81931-5b2e-4d65-bc31-a8cd8bc5804a","connectionMode":"DIRECT","numberOfClients":1,"clientEndpoints":{"https://localhost:8081":2},"connCfg":{"rntbd":null,"gw":"(cps:1000, nrto:PT1M, icto:PT1M, p:false)","other":"(ed: true, cs: false, rv: true)"},"consistencyCfg":"(consistency: null, mm: true, prgns: [])","proactiveInit":null}}}
! at com.azure.cosmos.BridgeInternal.createCosmosException(BridgeInternal.java:462)
! at com.azure.cosmos.implementation.RxGatewayStoreModel.lambda$toDocumentServiceResponse$3(RxGatewayStoreModel.java:403)
! at reactor.core.publisher.FluxOnErrorResume$ResumeSubscriber.onError(FluxOnErrorResume.java:94)
! at reactor.core.publisher.FluxMapFuseable$MapFuseableSubscriber.onError(FluxMapFuseable.java:142)
! at reactor.core.publisher.MonoFlatMap$FlatMapMain.onError(MonoFlatMap.java:172)
! at reactor.core.publisher.MonoSingle$SingleSubscriber.onError(MonoSingle.java:150)
! at reactor.core.publisher.FluxOnErrorResume$ResumeSubscriber.onError(FluxOnErrorResume.java:106)
! at reactor.core.publisher.Operators.error(Operators.java:198)
! at reactor.core.publisher.MonoError.subscribe(MonoError.java:53)
! at reactor.core.publisher.Mono.subscribe(Mono.java:4490)
! at reactor.core.publisher.FluxOnErrorResume$ResumeSubscriber.onError(FluxOnErrorResume.java:103)
! at reactor.core.publisher.FluxPeekFuseable$PeekFuseableSubscriber.onError(FluxPeekFuseable.java:234)
! at reactor.core.publisher.FluxContextWrite$ContextWriteSubscriber.onError(FluxContextWrite.java:121)
! at reactor.core.publisher.MonoFlatMapMany$FlatMapManyMain.onError(MonoFlatMapMany.java:204)
! at reactor.core.publisher.SerializedSubscriber.onError(SerializedSubscriber.java:124)
! at reactor.core.publisher.FluxRetryWhen$RetryWhenMainSubscriber.whenError(FluxRetryWhen.java:225)
! at reactor.core.publisher.FluxRetryWhen$RetryWhenOtherSubscriber.onError(FluxRetryWhen.java:274)
! at reactor.core.publisher.FluxContextWrite$ContextWriteSubscriber.onError(FluxContextWrite.java:121)
! at reactor.core.publisher.FluxConcatMap$ConcatMapImmediate.drain(FluxConcatMap.java:415)
! at reactor.core.publisher.FluxConcatMap$ConcatMapImmediate.onNext(FluxConcatMap.java:251)
! at reactor.core.publisher.FluxContextWrite$ContextWriteSubscriber.onNext(FluxContextWrite.java:107)
! at reactor.core.publisher.EmitterProcessor.drain(EmitterProcessor.java:537)
! at reactor.core.publisher.EmitterProcessor.tryEmitNext(EmitterProcessor.java:343)
! at reactor.core.publisher.SinkManySerialized.tryEmitNext(SinkManySerialized.java:100)
! at reactor.core.publisher.InternalManySink.emitNext(InternalManySink.java:27)
! at reactor.core.publisher.FluxRetryWhen$RetryWhenMainSubscriber.onError(FluxRetryWhen.java:190)
! at reactor.core.publisher.MonoCreate$DefaultMonoSink.error(MonoCreate.java:201)
! at reactor.netty.http.client.HttpClientConnect$MonoHttpConnect$ClientTransportSubscriber.onError(HttpClientConnect.java:311)
! at reactor.core.publisher.MonoCreate$DefaultMonoSink.error(MonoCreate.java:201)
! at reactor.netty.resources.DefaultPooledConnectionProvider$DisposableAcquire.onError(DefaultPooledConnectionProvider.java:160)
! at reactor.netty.internal.shaded.reactor.pool.AbstractPool$Borrower.fail(AbstractPool.java:475)
! at reactor.netty.internal.shaded.reactor.pool.SimpleDequePool.lambda$drainLoop$9(SimpleDequePool.java:431)
! at reactor.core.publisher.FluxDoOnEach$DoOnEachSubscriber.onError(FluxDoOnEach.java:186)
! at reactor.core.publisher.MonoCreate$DefaultMonoSink.error(MonoCreate.java:201)
! at reactor.netty.resources.DefaultPooledConnectionProvider$PooledConnectionAllocator$PooledConnectionInitializer.onError(DefaultPooledConnectionProvider.java:558)
! at reactor.core.publisher.MonoFlatMap$FlatMapMain.secondError(MonoFlatMap.java:192)
! at reactor.core.publisher.MonoFlatMap$FlatMapInner.onError(MonoFlatMap.java:259)
! at reactor.core.publisher.FluxOnErrorResume$ResumeSubscriber.onError(FluxOnErrorResume.java:106)
! at reactor.core.publisher.SerializedSubscriber.onError(SerializedSubscriber.java:124)
! at reactor.core.publisher.FluxRetryWhen$RetryWhenMainSubscriber.whenError(FluxRetryWhen.java:225)
! at reactor.core.publisher.FluxRetryWhen$RetryWhenOtherSubscriber.onError(FluxRetryWhen.java:274)
! at reactor.core.publisher.FluxContextWrite$ContextWriteSubscriber.onError(FluxContextWrite.java:121)
! at reactor.core.publisher.FluxConcatMap$ConcatMapImmediate.drain(FluxConcatMap.java:415)
! at reactor.core.publisher.FluxConcatMap$ConcatMapImmediate.onNext(FluxConcatMap.java:251)
! at reactor.core.publisher.FluxContextWrite$ContextWriteSubscriber.onNext(FluxContextWrite.java:107)
! at reactor.core.publisher.EmitterProcessor.drain(EmitterProcessor.java:537)
! at reactor.core.publisher.EmitterProcessor.tryEmitNext(EmitterProcessor.java:343)
! at reactor.core.publisher.SinkManySerialized.tryEmitNext(SinkManySerialized.java:100)
! at reactor.core.publisher.InternalManySink.emitNext(InternalManySink.java:27)
! at reactor.core.publisher.FluxRetryWhen$RetryWhenMainSubscriber.onError(FluxRetryWhen.java:190)
! at reactor.core.publisher.MonoFlatMap$FlatMapMain.secondError(MonoFlatMap.java:192)
! at reactor.core.publisher.MonoFlatMap$FlatMapInner.onError(MonoFlatMap.java:259)
! at reactor.netty.transport.TransportConnector$MonoChannelPromise.tryFailure(TransportConnector.java:580)
! at reactor.netty.transport.TransportConnector$MonoChannelPromise.setFailure(TransportConnector.java:534)
! at reactor.netty.transport.TransportConnector.lambda$doConnect$7(TransportConnector.java:265)
! at io.netty.util.concurrent.DefaultPromise.notifyListener0(DefaultPromise.java:590)
! at io.netty.util.concurrent.DefaultPromise.notifyListeners0(DefaultPromise.java:583)
! at io.netty.util.concurrent.DefaultPromise.notifyListenersNow(DefaultPromise.java:559)
! at io.netty.util.concurrent.DefaultPromise.notifyListeners(DefaultPromise.java:492)
! at io.netty.util.concurrent.DefaultPromise.setValue0(DefaultPromise.java:636)
! at io.netty.util.concurrent.DefaultPromise.setFailure0(DefaultPromise.java:629)
! at io.netty.util.concurrent.DefaultPromise.tryFailure(DefaultPromise.java:118)
! at io.netty.channel.nio.AbstractNioChannel$AbstractNioUnsafe.fulfillConnectPromise(AbstractNioChannel.java:321)
! at io.netty.channel.nio.AbstractNioChannel$AbstractNioUnsafe.finishConnect(AbstractNioChannel.java:337)
! at io.netty.channel.nio.NioEventLoop.processSelectedKey(NioEventLoop.java:776)
! at io.netty.channel.nio.NioEventLoop.processSelectedKeysOptimized(NioEventLoop.java:724)
! at io.netty.channel.nio.NioEventLoop.processSelectedKeys(NioEventLoop.java:650)
! at io.netty.channel.nio.NioEventLoop.run(NioEventLoop.java:562)
! at io.netty.util.concurrent.SingleThreadEventExecutor$4.run(SingleThreadEventExecutor.java:997)
! at io.netty.util.internal.ThreadExecutorMap$2.run(ThreadExecutorMap.java:74)
! at io.netty.util.concurrent.FastThreadLocalRunnable.run(FastThreadLocalRunnable.java:30)
! at java.base/java.lang.Thread.run(Thread.java:833)
ERROR [2023-06-18 01:09:14,876] com.azure.cosmos.implementation.RxGatewayStoreModel: Network failure
! java.net.ConnectException: Connection refused: no further information
! at java.base/sun.nio.ch.Net.pollConnect(Native Method)
! at java.base/sun.nio.ch.Net.pollConnectNow(Net.java:672)
! at java.base/sun.nio.ch.SocketChannelImpl.finishConnect(SocketChannelImpl.java:946)
! at io.netty.channel.socket.nio.NioSocketChannel.doFinishConnect(NioSocketChannel.java:337)
! at io.netty.channel.nio.AbstractNioChannel$AbstractNioUnsafe.finishConnect(AbstractNioChannel.java:334)
! at io.netty.channel.nio.NioEventLoop.processSelectedKey(NioEventLoop.java:776)
! at io.netty.channel.nio.NioEventLoop.processSelectedKeysOptimized(NioEventLoop.java:724)
! at io.netty.channel.nio.NioEventLoop.processSelectedKeys(NioEventLoop.java:650)
! at io.netty.channel.nio.NioEventLoop.run(NioEventLoop.java:562)
! at io.netty.util.concurrent.SingleThreadEventExecutor$4.run(SingleThreadEventExecutor.java:997)
! at io.netty.util.internal.ThreadExecutorMap$2.run(ThreadExecutorMap.java:74)
! at io.netty.util.concurrent.FastThreadLocalRunnable.run(FastThreadLocalRunnable.java:30)
! at java.base/java.lang.Thread.run(Thread.java:833)
! Causing: io.netty.channel.AbstractChannel$AnnotatedConnectException: Connection refused: no further information: localhost/[0:0:0:0:0:0:0:1]:8081
WARN  [2023-06-18 01:09:14,876] com.azure.cosmos.implementation.WebExceptionRetryPolicy: Received retriable web exception, will retry
! java.net.ConnectException: Connection refused: no further information
! at java.base/sun.nio.ch.Net.pollConnect(Native Method)
! at java.base/sun.nio.ch.Net.pollConnectNow(Net.java:672)
! at java.base/sun.nio.ch.SocketChannelImpl.finishConnect(SocketChannelImpl.java:946)
! at io.netty.channel.socket.nio.NioSocketChannel.doFinishConnect(NioSocketChannel.java:337)
! at io.netty.channel.nio.AbstractNioChannel$AbstractNioUnsafe.finishConnect(AbstractNioChannel.java:334)
! at io.netty.channel.nio.NioEventLoop.processSelectedKey(NioEventLoop.java:776)
! at io.netty.channel.nio.NioEventLoop.processSelectedKeysOptimized(NioEventLoop.java:724)
! at io.netty.channel.nio.NioEventLoop.processSelectedKeys(NioEventLoop.java:650)
! at io.netty.channel.nio.NioEventLoop.run(NioEventLoop.java:562)
! at io.netty.util.concurrent.SingleThreadEventExecutor$4.run(SingleThreadEventExecutor.java:997)
! at io.netty.util.internal.ThreadExecutorMap$2.run(ThreadExecutorMap.java:74)
! at io.netty.util.concurrent.FastThreadLocalRunnable.run(FastThreadLocalRunnable.java:30)
! at java.base/java.lang.Thread.run(Thread.java:833)
! Causing: io.netty.channel.AbstractChannel$AnnotatedConnectException: Connection refused: no further information: localhost/[0:0:0:0:0:0:0:1]:8081
! Causing: com.azure.cosmos.CosmosException: {"innerErrorMessage":null,"cosmosDiagnostics":{"userAgent":"azsdk-java-cosmos/4.45.1 Windows11/10.0 JRE/17.0.2","activityId":null,"requestLatencyInMs":7044,"requestStartTimeUTC":"2023-06-18T01:09:07.831525800Z","requestEndTimeUTC":"2023-06-18T01:09:14.876030800Z","responseStatisticsList":[],"supplementalResponseStatisticsList":[],"addressResolutionStatistics":{},"regionsContacted":[],"retryContext":{"statusAndSubStatusCodes":null,"retryCount":0,"retryLatency":0},"metadataDiagnosticsContext":{"metadataDiagnosticList":null},"serializationDiagnosticsContext":{"serializationDiagnosticsList":null},"gatewayStatistics":{"sessionToken":null,"operationType":"Read","resourceType":"DatabaseAccount","statusCode":503,"subStatusCode":10001,"requestCharge":0.0,"requestTimeline":[{"eventName":"connectionAcquired","startTimeUTC":"2023-06-18T01:09:14.872030800Z","durationInMilliSecs":4.0},{"eventName":"connectionConfigured","startTimeUTC":null,"durationInMilliSecs":0.0},{"eventName":"requestSent","startTimeUTC":null,"durationInMilliSecs":0.0},{"eventName":"transitTime","startTimeUTC":null,"durationInMilliSecs":0.0},{"eventName":"received","startTimeUTC":null,"durationInMilliSecs":0.0}],"partitionKeyRangeId":null,"exceptionMessage":null,"exceptionResponseHeaders":"{x-ms-substatus=10001}","responsePayloadSizeInBytes":0},"samplingRateSnapshot":1.0,"systemInformation":{"usedMemory":"80530 KB","availableMemory":"31343982 KB","systemCpuLoad":"(2023-06-18T01:08:49.232632300Z 1.3%), (2023-06-18T01:08:54.241065Z 0.8%), (2023-06-18T01:08:59.244282Z 0.7%), (2023-06-18T01:09:04.232280600Z 0.5%), (2023-06-18T01:09:07.830525200Z 0.6%), (2023-06-18T01:09:12.841494400Z 2.0%)","availableProcessors":32},"clientCfgs":{"id":2,"machineId":"uuid:48e81931-5b2e-4d65-bc31-a8cd8bc5804a","connectionMode":"DIRECT","numberOfClients":1,"clientEndpoints":{"https://localhost:8081":2},"connCfg":{"rntbd":null,"gw":"(cps:1000, nrto:PT1M, icto:PT1M, p:false)","other":"(ed: true, cs: false, rv: true)"},"consistencyCfg":"(consistency: null, mm: true, prgns: [])","proactiveInit":null}}}
! at com.azure.cosmos.BridgeInternal.createCosmosException(BridgeInternal.java:462)
! at com.azure.cosmos.implementation.RxGatewayStoreModel.lambda$toDocumentServiceResponse$3(RxGatewayStoreModel.java:403)
! at reactor.core.publisher.FluxOnErrorResume$ResumeSubscriber.onError(FluxOnErrorResume.java:94)
! at reactor.core.publisher.FluxMapFuseable$MapFuseableSubscriber.onError(FluxMapFuseable.java:142)
! at reactor.core.publisher.MonoFlatMap$FlatMapMain.onError(MonoFlatMap.java:172)
! at reactor.core.publisher.MonoSingle$SingleSubscriber.onError(MonoSingle.java:150)
! at reactor.core.publisher.FluxOnErrorResume$ResumeSubscriber.onError(FluxOnErrorResume.java:106)
! at reactor.core.publisher.Operators.error(Operators.java:198)
! at reactor.core.publisher.MonoError.subscribe(MonoError.java:53)
! at reactor.core.publisher.Mono.subscribe(Mono.java:4490)
! at reactor.core.publisher.FluxOnErrorResume$ResumeSubscriber.onError(FluxOnErrorResume.java:103)
! at reactor.core.publisher.FluxPeekFuseable$PeekFuseableSubscriber.onError(FluxPeekFuseable.java:234)
! at reactor.core.publisher.FluxContextWrite$ContextWriteSubscriber.onError(FluxContextWrite.java:121)
! at reactor.core.publisher.MonoFlatMapMany$FlatMapManyMain.onError(MonoFlatMapMany.java:204)
! at reactor.core.publisher.SerializedSubscriber.onError(SerializedSubscriber.java:124)
! at reactor.core.publisher.FluxRetryWhen$RetryWhenMainSubscriber.whenError(FluxRetryWhen.java:225)
! at reactor.core.publisher.FluxRetryWhen$RetryWhenOtherSubscriber.onError(FluxRetryWhen.java:274)
! at reactor.core.publisher.FluxContextWrite$ContextWriteSubscriber.onError(FluxContextWrite.java:121)
! at reactor.core.publisher.FluxConcatMap$ConcatMapImmediate.drain(FluxConcatMap.java:415)
! at reactor.core.publisher.FluxConcatMap$ConcatMapImmediate.onNext(FluxConcatMap.java:251)
! at reactor.core.publisher.FluxContextWrite$ContextWriteSubscriber.onNext(FluxContextWrite.java:107)
! at reactor.core.publisher.EmitterProcessor.drain(EmitterProcessor.java:537)
! at reactor.core.publisher.EmitterProcessor.tryEmitNext(EmitterProcessor.java:343)
! at reactor.core.publisher.SinkManySerialized.tryEmitNext(SinkManySerialized.java:100)
! at reactor.core.publisher.InternalManySink.emitNext(InternalManySink.java:27)
! at reactor.core.publisher.FluxRetryWhen$RetryWhenMainSubscriber.onError(FluxRetryWhen.java:190)
! at reactor.core.publisher.MonoCreate$DefaultMonoSink.error(MonoCreate.java:201)
! at reactor.netty.http.client.HttpClientConnect$MonoHttpConnect$ClientTransportSubscriber.onError(HttpClientConnect.java:311)
! at reactor.core.publisher.MonoCreate$DefaultMonoSink.error(MonoCreate.java:201)
! at reactor.netty.resources.DefaultPooledConnectionProvider$DisposableAcquire.onError(DefaultPooledConnectionProvider.java:160)
! at reactor.netty.internal.shaded.reactor.pool.AbstractPool$Borrower.fail(AbstractPool.java:475)
! at reactor.netty.internal.shaded.reactor.pool.SimpleDequePool.lambda$drainLoop$9(SimpleDequePool.java:431)
! at reactor.core.publisher.FluxDoOnEach$DoOnEachSubscriber.onError(FluxDoOnEach.java:186)
! at reactor.core.publisher.MonoCreate$DefaultMonoSink.error(MonoCreate.java:201)
! at reactor.netty.resources.DefaultPooledConnectionProvider$PooledConnectionAllocator$PooledConnectionInitializer.onError(DefaultPooledConnectionProvider.java:558)
! at reactor.core.publisher.MonoFlatMap$FlatMapMain.secondError(MonoFlatMap.java:192)
! at reactor.core.publisher.MonoFlatMap$FlatMapInner.onError(MonoFlatMap.java:259)
! at reactor.core.publisher.FluxOnErrorResume$ResumeSubscriber.onError(FluxOnErrorResume.java:106)
! at reactor.core.publisher.SerializedSubscriber.onError(SerializedSubscriber.java:124)
! at reactor.core.publisher.FluxRetryWhen$RetryWhenMainSubscriber.whenError(FluxRetryWhen.java:225)
! at reactor.core.publisher.FluxRetryWhen$RetryWhenOtherSubscriber.onError(FluxRetryWhen.java:274)
! at reactor.core.publisher.FluxContextWrite$ContextWriteSubscriber.onError(FluxContextWrite.java:121)
! at reactor.core.publisher.FluxConcatMap$ConcatMapImmediate.drain(FluxConcatMap.java:415)
! at reactor.core.publisher.FluxConcatMap$ConcatMapImmediate.onNext(FluxConcatMap.java:251)
! at reactor.core.publisher.FluxContextWrite$ContextWriteSubscriber.onNext(FluxContextWrite.java:107)
! at reactor.core.publisher.EmitterProcessor.drain(EmitterProcessor.java:537)
! at reactor.core.publisher.EmitterProcessor.tryEmitNext(EmitterProcessor.java:343)
! at reactor.core.publisher.SinkManySerialized.tryEmitNext(SinkManySerialized.java:100)
! at reactor.core.publisher.InternalManySink.emitNext(InternalManySink.java:27)
! at reactor.core.publisher.FluxRetryWhen$RetryWhenMainSubscriber.onError(FluxRetryWhen.java:190)
! at reactor.core.publisher.MonoFlatMap$FlatMapMain.secondError(MonoFlatMap.java:192)
! at reactor.core.publisher.MonoFlatMap$FlatMapInner.onError(MonoFlatMap.java:259)
! at reactor.netty.transport.TransportConnector$MonoChannelPromise.tryFailure(TransportConnector.java:580)
! at reactor.netty.transport.TransportConnector$MonoChannelPromise.setFailure(TransportConnector.java:534)
! at reactor.netty.transport.TransportConnector.lambda$doConnect$7(TransportConnector.java:265)
! at io.netty.util.concurrent.DefaultPromise.notifyListener0(DefaultPromise.java:590)
! at io.netty.util.concurrent.DefaultPromise.notifyListeners0(DefaultPromise.java:583)
! at io.netty.util.concurrent.DefaultPromise.notifyListenersNow(DefaultPromise.java:559)
! at io.netty.util.concurrent.DefaultPromise.notifyListeners(DefaultPromise.java:492)
! at io.netty.util.concurrent.DefaultPromise.setValue0(DefaultPromise.java:636)
! at io.netty.util.concurrent.DefaultPromise.setFailure0(DefaultPromise.java:629)
! at io.netty.util.concurrent.DefaultPromise.tryFailure(DefaultPromise.java:118)
! at io.netty.channel.nio.AbstractNioChannel$AbstractNioUnsafe.fulfillConnectPromise(AbstractNioChannel.java:321)
! at io.netty.channel.nio.AbstractNioChannel$AbstractNioUnsafe.finishConnect(AbstractNioChannel.java:337)
! at io.netty.channel.nio.NioEventLoop.processSelectedKey(NioEventLoop.java:776)
! at io.netty.channel.nio.NioEventLoop.processSelectedKeysOptimized(NioEventLoop.java:724)
! at io.netty.channel.nio.NioEventLoop.processSelectedKeys(NioEventLoop.java:650)
! at io.netty.channel.nio.NioEventLoop.run(NioEventLoop.java:562)
! at io.netty.util.concurrent.SingleThreadEventExecutor$4.run(SingleThreadEventExecutor.java:997)
! at io.netty.util.internal.ThreadExecutorMap$2.run(ThreadExecutorMap.java:74)
! at io.netty.util.concurrent.FastThreadLocalRunnable.run(FastThreadLocalRunnable.java:30)
! at java.base/java.lang.Thread.run(Thread.java:833)
ERROR [2023-06-18 01:09:22,895] com.azure.cosmos.implementation.RxGatewayStoreModel: Network failure
! java.net.ConnectException: Connection refused: no further information
! at java.base/sun.nio.ch.Net.pollConnect(Native Method)
! at java.base/sun.nio.ch.Net.pollConnectNow(Net.java:672)
! at java.base/sun.nio.ch.SocketChannelImpl.finishConnect(SocketChannelImpl.java:946)
! at io.netty.channel.socket.nio.NioSocketChannel.doFinishConnect(NioSocketChannel.java:337)
! at io.netty.channel.nio.AbstractNioChannel$AbstractNioUnsafe.finishConnect(AbstractNioChannel.java:334)
! at io.netty.channel.nio.NioEventLoop.processSelectedKey(NioEventLoop.java:776)
! at io.netty.channel.nio.NioEventLoop.processSelectedKeysOptimized(NioEventLoop.java:724)
! at io.netty.channel.nio.NioEventLoop.processSelectedKeys(NioEventLoop.java:650)
! at io.netty.channel.nio.NioEventLoop.run(NioEventLoop.java:562)
! at io.netty.util.concurrent.SingleThreadEventExecutor$4.run(SingleThreadEventExecutor.java:997)
! at io.netty.util.internal.ThreadExecutorMap$2.run(ThreadExecutorMap.java:74)
! at io.netty.util.concurrent.FastThreadLocalRunnable.run(FastThreadLocalRunnable.java:30)
! at java.base/java.lang.Thread.run(Thread.java:833)
! Causing: io.netty.channel.AbstractChannel$AnnotatedConnectException: Connection refused: no further information: localhost/[0:0:0:0:0:0:0:1]:8081
WARN  [2023-06-18 01:09:22,895] com.azure.cosmos.implementation.WebExceptionRetryPolicy: Received retriable web exception, will retry
! java.net.ConnectException: Connection refused: no further information
! at java.base/sun.nio.ch.Net.pollConnect(Native Method)
! at java.base/sun.nio.ch.Net.pollConnectNow(Net.java:672)
! at java.base/sun.nio.ch.SocketChannelImpl.finishConnect(SocketChannelImpl.java:946)
! at io.netty.channel.socket.nio.NioSocketChannel.doFinishConnect(NioSocketChannel.java:337)
! at io.netty.channel.nio.AbstractNioChannel$AbstractNioUnsafe.finishConnect(AbstractNioChannel.java:334)
! at io.netty.channel.nio.NioEventLoop.processSelectedKey(NioEventLoop.java:776)
! at io.netty.channel.nio.NioEventLoop.processSelectedKeysOptimized(NioEventLoop.java:724)
! at io.netty.channel.nio.NioEventLoop.processSelectedKeys(NioEventLoop.java:650)
! at io.netty.channel.nio.NioEventLoop.run(NioEventLoop.java:562)
! at io.netty.util.concurrent.SingleThreadEventExecutor$4.run(SingleThreadEventExecutor.java:997)
! at io.netty.util.internal.ThreadExecutorMap$2.run(ThreadExecutorMap.java:74)
! at io.netty.util.concurrent.FastThreadLocalRunnable.run(FastThreadLocalRunnable.java:30)
! at java.base/java.lang.Thread.run(Thread.java:833)
! Causing: io.netty.channel.AbstractChannel$AnnotatedConnectException: Connection refused: no further information: localhost/[0:0:0:0:0:0:0:1]:8081
! Causing: com.azure.cosmos.CosmosException: {"innerErrorMessage":null,"cosmosDiagnostics":{"userAgent":"azsdk-java-cosmos/4.45.1 Windows11/10.0 JRE/17.0.2","activityId":null,"requestLatencyInMs":15063,"requestStartTimeUTC":"2023-06-18T01:09:07.831525800Z","requestEndTimeUTC":"2023-06-18T01:09:22.895356200Z","responseStatisticsList":[],"supplementalResponseStatisticsList":[],"addressResolutionStatistics":{},"regionsContacted":[],"retryContext":{"statusAndSubStatusCodes":null,"retryCount":0,"retryLatency":0},"metadataDiagnosticsContext":{"metadataDiagnosticList":null},"serializationDiagnosticsContext":{"serializationDiagnosticsList":null},"gatewayStatistics":{"sessionToken":null,"operationType":"Read","resourceType":"DatabaseAccount","statusCode":503,"subStatusCode":10001,"requestCharge":0.0,"requestTimeline":[{"eventName":"connectionAcquired","startTimeUTC":"2023-06-18T01:09:22.892355200Z","durationInMilliSecs":3.001},{"eventName":"connectionConfigured","startTimeUTC":null,"durationInMilliSecs":0.0},{"eventName":"requestSent","startTimeUTC":null,"durationInMilliSecs":0.0},{"eventName":"transitTime","startTimeUTC":null,"durationInMilliSecs":0.0},{"eventName":"received","startTimeUTC":null,"durationInMilliSecs":0.0}],"partitionKeyRangeId":null,"exceptionMessage":null,"exceptionResponseHeaders":"{x-ms-substatus=10001}","responsePayloadSizeInBytes":0},"samplingRateSnapshot":1.0,"systemInformation":{"usedMemory":"81067 KB","availableMemory":"31343445 KB","systemCpuLoad":"(2023-06-18T01:08:59.244282Z 0.7%), (2023-06-18T01:09:04.232280600Z 0.5%), (2023-06-18T01:09:07.830525200Z 0.6%), (2023-06-18T01:09:12.841494400Z 2.0%), (2023-06-18T01:09:17.845097300Z 5.4%), (2023-06-18T01:09:22.844844800Z 5.5%)","availableProcessors":32},"clientCfgs":{"id":2,"machineId":"uuid:48e81931-5b2e-4d65-bc31-a8cd8bc5804a","connectionMode":"DIRECT","numberOfClients":1,"clientEndpoints":{"https://localhost:8081":2},"connCfg":{"rntbd":null,"gw":"(cps:1000, nrto:PT1M, icto:PT1M, p:false)","other":"(ed: true, cs: false, rv: true)"},"consistencyCfg":"(consistency: null, mm: true, prgns: [])","proactiveInit":null}}}
! at com.azure.cosmos.BridgeInternal.createCosmosException(BridgeInternal.java:462)
! at com.azure.cosmos.implementation.RxGatewayStoreModel.lambda$toDocumentServiceResponse$3(RxGatewayStoreModel.java:403)
! at reactor.core.publisher.FluxOnErrorResume$ResumeSubscriber.onError(FluxOnErrorResume.java:94)
! at reactor.core.publisher.FluxMapFuseable$MapFuseableSubscriber.onError(FluxMapFuseable.java:142)
! at reactor.core.publisher.MonoFlatMap$FlatMapMain.onError(MonoFlatMap.java:172)
! at reactor.core.publisher.MonoSingle$SingleSubscriber.onError(MonoSingle.java:150)
! at reactor.core.publisher.FluxOnErrorResume$ResumeSubscriber.onError(FluxOnErrorResume.java:106)
! at reactor.core.publisher.Operators.error(Operators.java:198)
! at reactor.core.publisher.MonoError.subscribe(MonoError.java:53)
! at reactor.core.publisher.Mono.subscribe(Mono.java:4490)
! at reactor.core.publisher.FluxOnErrorResume$ResumeSubscriber.onError(FluxOnErrorResume.java:103)
! at reactor.core.publisher.FluxPeekFuseable$PeekFuseableSubscriber.onError(FluxPeekFuseable.java:234)
! at reactor.core.publisher.FluxContextWrite$ContextWriteSubscriber.onError(FluxContextWrite.java:121)
! at reactor.core.publisher.MonoFlatMapMany$FlatMapManyMain.onError(MonoFlatMapMany.java:204)
! at reactor.core.publisher.SerializedSubscriber.onError(SerializedSubscriber.java:124)
! at reactor.core.publisher.FluxRetryWhen$RetryWhenMainSubscriber.whenError(FluxRetryWhen.java:225)
! at reactor.core.publisher.FluxRetryWhen$RetryWhenOtherSubscriber.onError(FluxRetryWhen.java:274)
! at reactor.core.publisher.FluxContextWrite$ContextWriteSubscriber.onError(FluxContextWrite.java:121)
! at reactor.core.publisher.FluxConcatMap$ConcatMapImmediate.drain(FluxConcatMap.java:415)
! at reactor.core.publisher.FluxConcatMap$ConcatMapImmediate.onNext(FluxConcatMap.java:251)
! at reactor.core.publisher.FluxContextWrite$ContextWriteSubscriber.onNext(FluxContextWrite.java:107)
! at reactor.core.publisher.EmitterProcessor.drain(EmitterProcessor.java:537)
! at reactor.core.publisher.EmitterProcessor.tryEmitNext(EmitterProcessor.java:343)
! at reactor.core.publisher.SinkManySerialized.tryEmitNext(SinkManySerialized.java:100)
! at reactor.core.publisher.InternalManySink.emitNext(InternalManySink.java:27)
! at reactor.core.publisher.FluxRetryWhen$RetryWhenMainSubscriber.onError(FluxRetryWhen.java:190)
! at reactor.core.publisher.MonoCreate$DefaultMonoSink.error(MonoCreate.java:201)
! at reactor.netty.http.client.HttpClientConnect$MonoHttpConnect$ClientTransportSubscriber.onError(HttpClientConnect.java:311)
! at reactor.core.publisher.MonoCreate$DefaultMonoSink.error(MonoCreate.java:201)
! at reactor.netty.resources.DefaultPooledConnectionProvider$DisposableAcquire.onError(DefaultPooledConnectionProvider.java:160)
! at reactor.netty.internal.shaded.reactor.pool.AbstractPool$Borrower.fail(AbstractPool.java:475)
! at reactor.netty.internal.shaded.reactor.pool.SimpleDequePool.lambda$drainLoop$9(SimpleDequePool.java:431)
! at reactor.core.publisher.FluxDoOnEach$DoOnEachSubscriber.onError(FluxDoOnEach.java:186)
! at reactor.core.publisher.MonoCreate$DefaultMonoSink.error(MonoCreate.java:201)
! at reactor.netty.resources.DefaultPooledConnectionProvider$PooledConnectionAllocator$PooledConnectionInitializer.onError(DefaultPooledConnectionProvider.java:558)
! at reactor.core.publisher.MonoFlatMap$FlatMapMain.secondError(MonoFlatMap.java:192)
! at reactor.core.publisher.MonoFlatMap$FlatMapInner.onError(MonoFlatMap.java:259)
! at reactor.core.publisher.FluxOnErrorResume$ResumeSubscriber.onError(FluxOnErrorResume.java:106)
! at reactor.core.publisher.SerializedSubscriber.onError(SerializedSubscriber.java:124)
! at reactor.core.publisher.FluxRetryWhen$RetryWhenMainSubscriber.whenError(FluxRetryWhen.java:225)
! at reactor.core.publisher.FluxRetryWhen$RetryWhenOtherSubscriber.onError(FluxRetryWhen.java:274)
! at reactor.core.publisher.FluxContextWrite$ContextWriteSubscriber.onError(FluxContextWrite.java:121)
! at reactor.core.publisher.FluxConcatMap$ConcatMapImmediate.drain(FluxConcatMap.java:415)
! at reactor.core.publisher.FluxConcatMap$ConcatMapImmediate.onNext(FluxConcatMap.java:251)
! at reactor.core.publisher.FluxContextWrite$ContextWriteSubscriber.onNext(FluxContextWrite.java:107)
! at reactor.core.publisher.EmitterProcessor.drain(EmitterProcessor.java:537)
! at reactor.core.publisher.EmitterProcessor.tryEmitNext(EmitterProcessor.java:343)
! at reactor.core.publisher.SinkManySerialized.tryEmitNext(SinkManySerialized.java:100)
! at reactor.core.publisher.InternalManySink.emitNext(InternalManySink.java:27)
! at reactor.core.publisher.FluxRetryWhen$RetryWhenMainSubscriber.onError(FluxRetryWhen.java:190)
! at reactor.core.publisher.MonoFlatMap$FlatMapMain.secondError(MonoFlatMap.java:192)
! at reactor.core.publisher.MonoFlatMap$FlatMapInner.onError(MonoFlatMap.java:259)
! at reactor.netty.transport.TransportConnector$MonoChannelPromise.tryFailure(TransportConnector.java:580)
! at reactor.netty.transport.TransportConnector$MonoChannelPromise.setFailure(TransportConnector.java:534)
! at reactor.netty.transport.TransportConnector.lambda$doConnect$7(TransportConnector.java:265)
! at io.netty.util.concurrent.DefaultPromise.notifyListener0(DefaultPromise.java:590)
! at io.netty.util.concurrent.DefaultPromise.notifyListeners0(DefaultPromise.java:583)
! at io.netty.util.concurrent.DefaultPromise.notifyListenersNow(DefaultPromise.java:559)
! at io.netty.util.concurrent.DefaultPromise.notifyListeners(DefaultPromise.java:492)
! at io.netty.util.concurrent.DefaultPromise.setValue0(DefaultPromise.java:636)
! at io.netty.util.concurrent.DefaultPromise.setFailure0(DefaultPromise.java:629)
! at io.netty.util.concurrent.DefaultPromise.tryFailure(DefaultPromise.java:118)
! at io.netty.channel.nio.AbstractNioChannel$AbstractNioUnsafe.fulfillConnectPromise(AbstractNioChannel.java:321)
! at io.netty.channel.nio.AbstractNioChannel$AbstractNioUnsafe.finishConnect(AbstractNioChannel.java:337)
! at io.netty.channel.nio.NioEventLoop.processSelectedKey(NioEventLoop.java:776)
! at io.netty.channel.nio.NioEventLoop.processSelectedKeysOptimized(NioEventLoop.java:724)
! at io.netty.channel.nio.NioEventLoop.processSelectedKeys(NioEventLoop.java:650)
! at io.netty.channel.nio.NioEventLoop.run(NioEventLoop.java:562)
! at io.netty.util.concurrent.SingleThreadEventExecutor$4.run(SingleThreadEventExecutor.java:997)
! at io.netty.util.internal.ThreadExecutorMap$2.run(ThreadExecutorMap.java:74)
! at io.netty.util.concurrent.FastThreadLocalRunnable.run(FastThreadLocalRunnable.java:30)
! at java.base/java.lang.Thread.run(Thread.java:833)
ERROR [2023-06-18 01:09:37,911] com.azure.cosmos.implementation.RxGatewayStoreModel: Network failure
! java.net.ConnectException: Connection refused: no further information
! at java.base/sun.nio.ch.Net.pollConnect(Native Method)
! at java.base/sun.nio.ch.Net.pollConnectNow(Net.java:672)
! at java.base/sun.nio.ch.SocketChannelImpl.finishConnect(SocketChannelImpl.java:946)
! at io.netty.channel.socket.nio.NioSocketChannel.doFinishConnect(NioSocketChannel.java:337)
! at io.netty.channel.nio.AbstractNioChannel$AbstractNioUnsafe.finishConnect(AbstractNioChannel.java:334)
! at io.netty.channel.nio.NioEventLoop.processSelectedKey(NioEventLoop.java:776)
! at io.netty.channel.nio.NioEventLoop.processSelectedKeysOptimized(NioEventLoop.java:724)
! at io.netty.channel.nio.NioEventLoop.processSelectedKeys(NioEventLoop.java:650)
! at io.netty.channel.nio.NioEventLoop.run(NioEventLoop.java:562)
! at io.netty.util.concurrent.SingleThreadEventExecutor$4.run(SingleThreadEventExecutor.java:997)
! at io.netty.util.internal.ThreadExecutorMap$2.run(ThreadExecutorMap.java:74)
! at io.netty.util.concurrent.FastThreadLocalRunnable.run(FastThreadLocalRunnable.java:30)
! at java.base/java.lang.Thread.run(Thread.java:833)
! Causing: io.netty.channel.AbstractChannel$AnnotatedConnectException: Connection refused: no further information: localhost/[0:0:0:0:0:0:0:1]:8081
WARN  [2023-06-18 01:09:37,911] com.azure.cosmos.implementation.RxDocumentClientImpl: Failed to retrieve database account information. io.netty.channel.AbstractChannel$AnnotatedConnectException: Connection refused: no further information: localhost/[0:0:0:0:0:0:0:1]:8081
ERROR [2023-06-18 01:09:37,913] com.azure.cosmos.implementation.GlobalEndpointManager: Fail to reach global gateway [https://localhost:8081], [{"innerErrorMessage":null,"cosmosDiagnostics":{"userAgent":"azsdk-java-cosmos/4.45.1 Windows11/10.0 JRE/17.0.2","activityId":null,"requestLatencyInMs":30080,"requestStartTimeUTC":"2023-06-18T01:09:07.831525800Z","requestEndTimeUTC":"2023-06-18T01:09:37.911562600Z","responseStatisticsList":[],"supplementalResponseStatisticsList":[],"addressResolutionStatistics":{},"regionsContacted":[],"retryContext":{"statusAndSubStatusCodes":null,"retryCount":0,"retryLatency":0},"metadataDiagnosticsContext":{"metadataDiagnosticList":null},"serializationDiagnosticsContext":{"serializationDiagnosticsList":null},"gatewayStatistics":{"sessionToken":null,"operationType":"Read","resourceType":"DatabaseAccount","statusCode":503,"subStatusCode":10001,"requestCharge":0.0,"requestTimeline":[{"eventName":"connectionAcquired","startTimeUTC":"2023-06-18T01:09:37.909561600Z","durationInMilliSecs":2.001},{"eventName":"connectionConfigured","startTimeUTC":null,"durationInMilliSecs":0.0},{"eventName":"requestSent","startTimeUTC":null,"durationInMilliSecs":0.0},{"eventName":"transitTime","startTimeUTC":null,"durationInMilliSecs":0.0},{"eventName":"received","startTimeUTC":null,"durationInMilliSecs":0.0}],"partitionKeyRangeId":null,"exceptionMessage":null,"exceptionResponseHeaders":"{x-ms-substatus=10001}","responsePayloadSizeInBytes":0},"samplingRateSnapshot":1.0,"systemInformation":{"usedMemory":"83021 KB","availableMemory":"31341491 KB","systemCpuLoad":"(2023-06-18T01:09:12.841494400Z 2.0%), (2023-06-18T01:09:17.845097300Z 5.4%), (2023-06-18T01:09:22.844844800Z 5.5%), (2023-06-18T01:09:27.839156300Z 4.0%), (2023-06-18T01:09:32.830316300Z 2.6%), (2023-06-18T01:09:37.831374400Z 4.4%)","availableProcessors":32},"clientCfgs":{"id":2,"machineId":"uuid:48e81931-5b2e-4d65-bc31-a8cd8bc5804a","connectionMode":"DIRECT","numberOfClients":1,"clientEndpoints":{"https://localhost:8081":2},"connCfg":{"rntbd":null,"gw":"(cps:1000, nrto:PT1M, icto:PT1M, p:false)","other":"(ed: true, cs: false, rv: true)"},"consistencyCfg":"(consistency: null, mm: true, prgns: [])","proactiveInit":null}}}]
ERROR [2023-06-18 01:09:37,913] com.azure.cosmos.implementation.GlobalEndpointManager: startRefreshLocationTimerAsync() - Unable to refresh database account from any location. Exception: {"ClassName":"CosmosException","userAgent":"azsdk-java-cosmos/4.45.1 Windows11/10.0 JRE/17.0.2","statusCode":503,"resourceAddress":"https://localhost:8081/","innerErrorMessage":null,"causeInfo":"[class: class io.netty.channel.AbstractChannel$AnnotatedConnectException, message: Connection refused: no further information: localhost/[0:0:0:0:0:0:0:1]:8081]","responseHeaders":"{x-ms-substatus=10001}","requestHeaders":"[x-ms-cosmos-sdk-supportedcapabilities=1, Accept=application/json, x-ms-date=Sun, 18 Jun 2023 01:09:07 GMT]","cosmosDiagnostics":{"userAgent":"azsdk-java-cosmos/4.45.1 Windows11/10.0 JRE/17.0.2","activityId":null,"requestLatencyInMs":30080,"requestStartTimeUTC":"2023-06-18T01:09:07.831525800Z","requestEndTimeUTC":"2023-06-18T01:09:37.911562600Z","responseStatisticsList":[],"supplementalResponseStatisticsList":[],"addressResolutionStatistics":{},"regionsContacted":[],"retryContext":{"statusAndSubStatusCodes":null,"retryCount":0,"retryLatency":0},"metadataDiagnosticsContext":{"metadataDiagnosticList":null},"serializationDiagnosticsContext":{"serializationDiagnosticsList":null},"gatewayStatistics":{"sessionToken":null,"operationType":"Read","resourceType":"DatabaseAccount","statusCode":503,"subStatusCode":10001,"requestCharge":0.0,"requestTimeline":[{"eventName":"connectionAcquired","startTimeUTC":"2023-06-18T01:09:37.909561600Z","durationInMilliSecs":2.001},{"eventName":"connectionConfigured","startTimeUTC":null,"durationInMilliSecs":0.0},{"eventName":"requestSent","startTimeUTC":null,"durationInMilliSecs":0.0},{"eventName":"transitTime","startTimeUTC":null,"durationInMilliSecs":0.0},{"eventName":"received","startTimeUTC":null,"durationInMilliSecs":0.0}],"partitionKeyRangeId":null,"exceptionMessage":null,"exceptionResponseHeaders":"{x-ms-substatus=10001}","responsePayloadSizeInBytes":0},"samplingRateSnapshot":1.0,"systemInformation":{"usedMemory":"83138 KB","availableMemory":"31341374 KB","systemCpuLoad":"(2023-06-18T01:09:12.841494400Z 2.0%), (2023-06-18T01:09:17.845097300Z 5.4%), (2023-06-18T01:09:22.844844800Z 5.5%), (2023-06-18T01:09:27.839156300Z 4.0%), (2023-06-18T01:09:32.830316300Z 2.6%), (2023-06-18T01:09:37.831374400Z 4.4%)","availableProcessors":32},"clientCfgs":{"id":2,"machineId":"uuid:48e81931-5b2e-4d65-bc31-a8cd8bc5804a","connectionMode":"DIRECT","numberOfClients":1,"clientEndpoints":{"https://localhost:8081":2},"connCfg":{"rntbd":null,"gw":"(cps:1000, nrto:PT1M, icto:PT1M, p:false)","other":"(ed: true, cs: false, rv: true)"},"consistencyCfg":"(consistency: null, mm: true, prgns: [])","proactiveInit":null}}}
! java.net.ConnectException: Connection refused: no further information
! at java.base/sun.nio.ch.Net.pollConnect(Native Method)
! at java.base/sun.nio.ch.Net.pollConnectNow(Net.java:672)
! at java.base/sun.nio.ch.SocketChannelImpl.finishConnect(SocketChannelImpl.java:946)
! at io.netty.channel.socket.nio.NioSocketChannel.doFinishConnect(NioSocketChannel.java:337)
! at io.netty.channel.nio.AbstractNioChannel$AbstractNioUnsafe.finishConnect(AbstractNioChannel.java:334)
! at io.netty.channel.nio.NioEventLoop.processSelectedKey(NioEventLoop.java:776)
! at io.netty.channel.nio.NioEventLoop.processSelectedKeysOptimized(NioEventLoop.java:724)
! at io.netty.channel.nio.NioEventLoop.processSelectedKeys(NioEventLoop.java:650)
! at io.netty.channel.nio.NioEventLoop.run(NioEventLoop.java:562)
! at io.netty.util.concurrent.SingleThreadEventExecutor$4.run(SingleThreadEventExecutor.java:997)
! at io.netty.util.internal.ThreadExecutorMap$2.run(ThreadExecutorMap.java:74)
! at io.netty.util.concurrent.FastThreadLocalRunnable.run(FastThreadLocalRunnable.java:30)
! at java.base/java.lang.Thread.run(Thread.java:833)
! Causing: io.netty.channel.AbstractChannel$AnnotatedConnectException: Connection refused: no further information: localhost/[0:0:0:0:0:0:0:1]:8081
! Causing: com.azure.cosmos.CosmosException: {"innerErrorMessage":null,"cosmosDiagnostics":{"userAgent":"azsdk-java-cosmos/4.45.1 Windows11/10.0 JRE/17.0.2","activityId":null,"requestLatencyInMs":30080,"requestStartTimeUTC":"2023-06-18T01:09:07.831525800Z","requestEndTimeUTC":"2023-06-18T01:09:37.911562600Z","responseStatisticsList":[],"supplementalResponseStatisticsList":[],"addressResolutionStatistics":{},"regionsContacted":[],"retryContext":{"statusAndSubStatusCodes":null,"retryCount":0,"retryLatency":0},"metadataDiagnosticsContext":{"metadataDiagnosticList":null},"serializationDiagnosticsContext":{"serializationDiagnosticsList":null},"gatewayStatistics":{"sessionToken":null,"operationType":"Read","resourceType":"DatabaseAccount","statusCode":503,"subStatusCode":10001,"requestCharge":0.0,"requestTimeline":[{"eventName":"connectionAcquired","startTimeUTC":"2023-06-18T01:09:37.909561600Z","durationInMilliSecs":2.001},{"eventName":"connectionConfigured","startTimeUTC":null,"durationInMilliSecs":0.0},{"eventName":"requestSent","startTimeUTC":null,"durationInMilliSecs":0.0},{"eventName":"transitTime","startTimeUTC":null,"durationInMilliSecs":0.0},{"eventName":"received","startTimeUTC":null,"durationInMilliSecs":0.0}],"partitionKeyRangeId":null,"exceptionMessage":null,"exceptionResponseHeaders":"{x-ms-substatus=10001}","responsePayloadSizeInBytes":0},"samplingRateSnapshot":1.0,"systemInformation":{"usedMemory":"83138 KB","availableMemory":"31341374 KB","systemCpuLoad":"(2023-06-18T01:09:12.841494400Z 2.0%), (2023-06-18T01:09:17.845097300Z 5.4%), (2023-06-18T01:09:22.844844800Z 5.5%), (2023-06-18T01:09:27.839156300Z 4.0%), (2023-06-18T01:09:32.830316300Z 2.6%), (2023-06-18T01:09:37.831374400Z 4.4%)","availableProcessors":32},"clientCfgs":{"id":2,"machineId":"uuid:48e81931-5b2e-4d65-bc31-a8cd8bc5804a","connectionMode":"DIRECT","numberOfClients":1,"clientEndpoints":{"https://localhost:8081":2},"connCfg":{"rntbd":null,"gw":"(cps:1000, nrto:PT1M, icto:PT1M, p:false)","other":"(ed: true, cs: false, rv: true)"},"consistencyCfg":"(consistency: null, mm: true, prgns: [])","proactiveInit":null}}}
! at com.azure.cosmos.BridgeInternal.createCosmosException(BridgeInternal.java:462)
! at com.azure.cosmos.implementation.RxGatewayStoreModel.lambda$toDocumentServiceResponse$3(RxGatewayStoreModel.java:403)
! at reactor.core.publisher.FluxOnErrorResume$ResumeSubscriber.onError(FluxOnErrorResume.java:94)
! at reactor.core.publisher.FluxMapFuseable$MapFuseableSubscriber.onError(FluxMapFuseable.java:142)
! at reactor.core.publisher.MonoFlatMap$FlatMapMain.onError(MonoFlatMap.java:172)
! at reactor.core.publisher.MonoSingle$SingleSubscriber.onError(MonoSingle.java:150)
! at reactor.core.publisher.FluxOnErrorResume$ResumeSubscriber.onError(FluxOnErrorResume.java:106)
! at reactor.core.publisher.Operators.error(Operators.java:198)
! at reactor.core.publisher.MonoError.subscribe(MonoError.java:53)
! at reactor.core.publisher.Mono.subscribe(Mono.java:4490)
! at reactor.core.publisher.FluxOnErrorResume$ResumeSubscriber.onError(FluxOnErrorResume.java:103)
! at reactor.core.publisher.FluxPeekFuseable$PeekFuseableSubscriber.onError(FluxPeekFuseable.java:234)
! at reactor.core.publisher.FluxContextWrite$ContextWriteSubscriber.onError(FluxContextWrite.java:121)
! at reactor.core.publisher.MonoFlatMapMany$FlatMapManyMain.onError(MonoFlatMapMany.java:204)
! at reactor.core.publisher.SerializedSubscriber.onError(SerializedSubscriber.java:124)
! at reactor.core.publisher.FluxRetryWhen$RetryWhenMainSubscriber.whenError(FluxRetryWhen.java:225)
! at reactor.core.publisher.FluxRetryWhen$RetryWhenOtherSubscriber.onError(FluxRetryWhen.java:274)
! at reactor.core.publisher.FluxContextWrite$ContextWriteSubscriber.onError(FluxContextWrite.java:121)
! at reactor.core.publisher.FluxConcatMap$ConcatMapImmediate.drain(FluxConcatMap.java:415)
! at reactor.core.publisher.FluxConcatMap$ConcatMapImmediate.onNext(FluxConcatMap.java:251)
! at reactor.core.publisher.FluxContextWrite$ContextWriteSubscriber.onNext(FluxContextWrite.java:107)
! at reactor.core.publisher.EmitterProcessor.drain(EmitterProcessor.java:537)
! at reactor.core.publisher.EmitterProcessor.tryEmitNext(EmitterProcessor.java:343)
! at reactor.core.publisher.SinkManySerialized.tryEmitNext(SinkManySerialized.java:100)
! at reactor.core.publisher.InternalManySink.emitNext(InternalManySink.java:27)
! at reactor.core.publisher.FluxRetryWhen$RetryWhenMainSubscriber.onError(FluxRetryWhen.java:190)
! at reactor.core.publisher.MonoCreate$DefaultMonoSink.error(MonoCreate.java:201)
! at reactor.netty.http.client.HttpClientConnect$MonoHttpConnect$ClientTransportSubscriber.onError(HttpClientConnect.java:311)
! at reactor.core.publisher.MonoCreate$DefaultMonoSink.error(MonoCreate.java:201)
! at reactor.netty.resources.DefaultPooledConnectionProvider$DisposableAcquire.onError(DefaultPooledConnectionProvider.java:160)
! at reactor.netty.internal.shaded.reactor.pool.AbstractPool$Borrower.fail(AbstractPool.java:475)
! at reactor.netty.internal.shaded.reactor.pool.SimpleDequePool.lambda$drainLoop$9(SimpleDequePool.java:431)
! at reactor.core.publisher.FluxDoOnEach$DoOnEachSubscriber.onError(FluxDoOnEach.java:186)
! at reactor.core.publisher.MonoCreate$DefaultMonoSink.error(MonoCreate.java:201)
! at reactor.netty.resources.DefaultPooledConnectionProvider$PooledConnectionAllocator$PooledConnectionInitializer.onError(DefaultPooledConnectionProvider.java:558)
! at reactor.core.publisher.MonoFlatMap$FlatMapMain.secondError(MonoFlatMap.java:192)
! at reactor.core.publisher.MonoFlatMap$FlatMapInner.onError(MonoFlatMap.java:259)
! at reactor.core.publisher.FluxOnErrorResume$ResumeSubscriber.onError(FluxOnErrorResume.java:106)
! at reactor.core.publisher.SerializedSubscriber.onError(SerializedSubscriber.java:124)
! at reactor.core.publisher.FluxRetryWhen$RetryWhenMainSubscriber.whenError(FluxRetryWhen.java:225)
! at reactor.core.publisher.FluxRetryWhen$RetryWhenOtherSubscriber.onError(FluxRetryWhen.java:274)
! at reactor.core.publisher.FluxContextWrite$ContextWriteSubscriber.onError(FluxContextWrite.java:121)
! at reactor.core.publisher.FluxConcatMap$ConcatMapImmediate.drain(FluxConcatMap.java:415)
! at reactor.core.publisher.FluxConcatMap$ConcatMapImmediate.onNext(FluxConcatMap.java:251)
! at reactor.core.publisher.FluxContextWrite$ContextWriteSubscriber.onNext(FluxContextWrite.java:107)
! at reactor.core.publisher.EmitterProcessor.drain(EmitterProcessor.java:537)
! at reactor.core.publisher.EmitterProcessor.tryEmitNext(EmitterProcessor.java:343)
! at reactor.core.publisher.SinkManySerialized.tryEmitNext(SinkManySerialized.java:100)
! at reactor.core.publisher.InternalManySink.emitNext(InternalManySink.java:27)
! at reactor.core.publisher.FluxRetryWhen$RetryWhenMainSubscriber.onError(FluxRetryWhen.java:190)
! at reactor.core.publisher.MonoFlatMap$FlatMapMain.secondError(MonoFlatMap.java:192)
! at reactor.core.publisher.MonoFlatMap$FlatMapInner.onError(MonoFlatMap.java:259)
! at reactor.netty.transport.TransportConnector$MonoChannelPromise.tryFailure(TransportConnector.java:580)
! at reactor.netty.transport.TransportConnector$MonoChannelPromise.setFailure(TransportConnector.java:534)
! at reactor.netty.transport.TransportConnector.lambda$doConnect$7(TransportConnector.java:265)
! at io.netty.util.concurrent.DefaultPromise.notifyListener0(DefaultPromise.java:590)
! at io.netty.util.concurrent.DefaultPromise.notifyListeners0(DefaultPromise.java:583)
! at io.netty.util.concurrent.DefaultPromise.notifyListenersNow(DefaultPromise.java:559)
! at io.netty.util.concurrent.DefaultPromise.notifyListeners(DefaultPromise.java:492)
! at io.netty.util.concurrent.DefaultPromise.setValue0(DefaultPromise.java:636)
! at io.netty.util.concurrent.DefaultPromise.setFailure0(DefaultPromise.java:629)
! at io.netty.util.concurrent.DefaultPromise.tryFailure(DefaultPromise.java:118)
! at io.netty.channel.nio.AbstractNioChannel$AbstractNioUnsafe.fulfillConnectPromise(AbstractNioChannel.java:321)
! at io.netty.channel.nio.AbstractNioChannel$AbstractNioUnsafe.finishConnect(AbstractNioChannel.java:337)
! at io.netty.channel.nio.NioEventLoop.processSelectedKey(NioEventLoop.java:776)
! at io.netty.channel.nio.NioEventLoop.processSelectedKeysOptimized(NioEventLoop.java:724)
! at io.netty.channel.nio.NioEventLoop.processSelectedKeys(NioEventLoop.java:650)
! at io.netty.channel.nio.NioEventLoop.run(NioEventLoop.java:562)
! at io.netty.util.concurrent.SingleThreadEventExecutor$4.run(SingleThreadEventExecutor.java:997)
! at io.netty.util.internal.ThreadExecutorMap$2.run(ThreadExecutorMap.java:74)
! at io.netty.util.concurrent.FastThreadLocalRunnable.run(FastThreadLocalRunnable.java:30)
! at java.base/java.lang.Thread.run(Thread.java:833)
ERROR [2023-06-18 01:09:37,914] com.azure.cosmos.implementation.RxDocumentClientImpl: Client initialization failed. Check if the endpoint is reachable and if your auth token is valid. More info: https://aka.ms/cosmosdb-tsg-service-unavailable-java
ERROR [2023-06-18 01:09:37,914] com.azure.cosmos.implementation.RxDocumentClientImpl: unexpected failure in initializing client.
! java.lang.RuntimeException: Client initialization failed. Check if the endpoint is reachable and if your auth token is valid. More info: https://aka.ms/cosmosdb-tsg-service-unavailable-java
! at com.azure.cosmos.implementation.RxDocumentClientImpl.initializeGatewayConfigurationReader(RxDocumentClientImpl.java:494)
! at com.azure.cosmos.implementation.RxDocumentClientImpl.init(RxDocumentClientImpl.java:529)
! at com.azure.cosmos.implementation.AsyncDocumentClient$Builder.build(AsyncDocumentClient.java:281)
! at com.azure.cosmos.CosmosAsyncClient.<init>(CosmosAsyncClient.java:164)
! at com.azure.cosmos.CosmosClientBuilder.buildAsyncClient(CosmosClientBuilder.java:961)
! at com.azure.cosmos.CosmosClient.<init>(CosmosClient.java:34)
! at com.azure.cosmos.CosmosClientBuilder.buildClient(CosmosClientBuilder.java:993)
! at com.jersey.App.run(App.java:82)
! at com.jersey.App.run(App.java:34)
! at io.dropwizard.core.cli.EnvironmentCommand.run(EnvironmentCommand.java:66)
! at io.dropwizard.core.cli.ConfiguredCommand.run(ConfiguredCommand.java:98)
! at io.dropwizard.testing.DropwizardTestSupport.startIfRequired(DropwizardTestSupport.java:304)
! at io.dropwizard.testing.DropwizardTestSupport.before(DropwizardTestSupport.java:204)
! at io.dropwizard.testing.junit5.DropwizardAppExtension.before(DropwizardAppExtension.java:178)
! at com.jersey.resources.EmployeeResourceTest.setUp(EmployeeResourceTest.java:31)
! at java.base/jdk.internal.reflect.NativeMethodAccessorImpl.invoke0(Native Method)
! at java.base/jdk.internal.reflect.NativeMethodAccessorImpl.invoke(NativeMethodAccessorImpl.java:77)
! at java.base/jdk.internal.reflect.DelegatingMethodAccessorImpl.invoke(DelegatingMethodAccessorImpl.java:43)
! at java.base/java.lang.reflect.Method.invoke(Method.java:568)
! at org.junit.platform.commons.util.ReflectionUtils.invokeMethod(ReflectionUtils.java:727)
! at org.junit.jupiter.engine.execution.MethodInvocation.proceed(MethodInvocation.java:60)
! at org.junit.jupiter.engine.execution.InvocationInterceptorChain$ValidatingInvocation.proceed(InvocationInterceptorChain.java:131)
! at org.junit.jupiter.engine.extension.TimeoutExtension.intercept(TimeoutExtension.java:156)
! at org.junit.jupiter.engine.extension.TimeoutExtension.interceptLifecycleMethod(TimeoutExtension.java:128)
! at org.junit.jupiter.engine.extension.TimeoutExtension.interceptBeforeAllMethod(TimeoutExtension.java:70)
! at org.junit.jupiter.engine.execution.InterceptingExecutableInvoker$ReflectiveInterceptorCall.lambda$ofVoidMethod$0(InterceptingExecutableInvoker.java:103)
! at org.junit.jupiter.engine.execution.InterceptingExecutableInvoker.lambda$invoke$0(InterceptingExecutableInvoker.java:93)
! at org.junit.jupiter.engine.execution.InvocationInterceptorChain$InterceptedInvocation.proceed(InvocationInterceptorChain.java:106)
! at org.junit.jupiter.engine.execution.InvocationInterceptorChain.proceed(InvocationInterceptorChain.java:64)
! at org.junit.jupiter.engine.execution.InvocationInterceptorChain.chainAndInvoke(InvocationInterceptorChain.java:45)
! at org.junit.jupiter.engine.execution.InvocationInterceptorChain.invoke(InvocationInterceptorChain.java:37)
! at org.junit.jupiter.engine.execution.InterceptingExecutableInvoker.invoke(InterceptingExecutableInvoker.java:92)
! at org.junit.jupiter.engine.execution.InterceptingExecutableInvoker.invoke(InterceptingExecutableInvoker.java:86)
! at org.junit.jupiter.engine.descriptor.ClassBasedTestDescriptor.lambda$invokeBeforeAllMethods$13(ClassBasedTestDescriptor.java:411)
! at org.junit.platform.engine.support.hierarchical.ThrowableCollector.execute(ThrowableCollector.java:73)
! at org.junit.jupiter.engine.descriptor.ClassBasedTestDescriptor.invokeBeforeAllMethods(ClassBasedTestDescriptor.java:409)
! at org.junit.jupiter.engine.descriptor.ClassBasedTestDescriptor.before(ClassBasedTestDescriptor.java:215)
! at org.junit.jupiter.engine.descriptor.ClassBasedTestDescriptor.before(ClassBasedTestDescriptor.java:84)
! at org.junit.platform.engine.support.hierarchical.NodeTestTask.lambda$executeRecursively$6(NodeTestTask.java:148)
! at org.junit.platform.engine.support.hierarchical.ThrowableCollector.execute(ThrowableCollector.java:73)
! at org.junit.platform.engine.support.hierarchical.NodeTestTask.lambda$executeRecursively$8(NodeTestTask.java:141)
! at org.junit.platform.engine.support.hierarchical.Node.around(Node.java:137)
! at org.junit.platform.engine.support.hierarchical.NodeTestTask.lambda$executeRecursively$9(NodeTestTask.java:139)
! at org.junit.platform.engine.support.hierarchical.ThrowableCollector.execute(ThrowableCollector.java:73)
! at org.junit.platform.engine.support.hierarchical.NodeTestTask.executeRecursively(NodeTestTask.java:138)
! at org.junit.platform.engine.support.hierarchical.NodeTestTask.execute(NodeTestTask.java:95)
! at java.base/java.util.ArrayList.forEach(ArrayList.java:1511)
! at org.junit.platform.engine.support.hierarchical.SameThreadHierarchicalTestExecutorService.invokeAll(SameThreadHierarchicalTestExecutorService.java:41)
! at org.junit.platform.engine.support.hierarchical.NodeTestTask.lambda$executeRecursively$6(NodeTestTask.java:155)
! at org.junit.platform.engine.support.hierarchical.ThrowableCollector.execute(ThrowableCollector.java:73)
! at org.junit.platform.engine.support.hierarchical.NodeTestTask.lambda$executeRecursively$8(NodeTestTask.java:141)
! at org.junit.platform.engine.support.hierarchical.Node.around(Node.java:137)
! at org.junit.platform.engine.support.hierarchical.NodeTestTask.lambda$executeRecursively$9(NodeTestTask.java:139)
! at org.junit.platform.engine.support.hierarchical.ThrowableCollector.execute(ThrowableCollector.java:73)
! at org.junit.platform.engine.support.hierarchical.NodeTestTask.executeRecursively(NodeTestTask.java:138)
! at org.junit.platform.engine.support.hierarchical.NodeTestTask.execute(NodeTestTask.java:95)
! at org.junit.platform.engine.support.hierarchical.SameThreadHierarchicalTestExecutorService.submit(SameThreadHierarchicalTestExecutorService.java:35)
! at org.junit.platform.engine.support.hierarchical.HierarchicalTestExecutor.execute(HierarchicalTestExecutor.java:57)
! at org.junit.platform.engine.support.hierarchical.HierarchicalTestEngine.execute(HierarchicalTestEngine.java:54)
! at org.junit.platform.launcher.core.DefaultLauncher.execute(DefaultLauncher.java:220)
! at org.junit.platform.launcher.core.DefaultLauncher.lambda$execute$6(DefaultLauncher.java:188)
! at org.junit.platform.launcher.core.DefaultLauncher.withInterceptedStreams(DefaultLauncher.java:202)
! at org.junit.platform.launcher.core.DefaultLauncher.execute(DefaultLauncher.java:181)
! at org.junit.platform.launcher.core.DefaultLauncher.execute(DefaultLauncher.java:128)
! at org.apache.maven.surefire.junitplatform.JUnitPlatformProvider.invokeAllTests(JUnitPlatformProvider.java:150)
! at org.apache.maven.surefire.junitplatform.JUnitPlatformProvider.invoke(JUnitPlatformProvider.java:124)
! at org.apache.maven.surefire.booter.ForkedBooter.invokeProviderInSameClassLoader(ForkedBooter.java:384)
! at org.apache.maven.surefire.booter.ForkedBooter.runSuitesInProcess(ForkedBooter.java:345)
! at org.apache.maven.surefire.booter.ForkedBooter.execute(ForkedBooter.java:126)
! at org.apache.maven.surefire.booter.ForkedBooter.main(ForkedBooter.java:418)
INFO  [2023-06-18 01:09:37,914] com.azure.cosmos.implementation.RxDocumentClientImpl: Attempting to close client 2
INFO  [2023-06-18 01:09:37,914] com.azure.cosmos.implementation.RxDocumentClientImpl: Shutting down ...
INFO  [2023-06-18 01:09:37,914] com.azure.cosmos.implementation.RxDocumentClientImpl: Closing Global Endpoint Manager ...
INFO  [2023-06-18 01:09:37,914] com.azure.cosmos.implementation.RxDocumentClientImpl: Closing StoreClientFactory ...
INFO  [2023-06-18 01:09:37,914] com.azure.cosmos.implementation.RxDocumentClientImpl: Shutting down reactorHttpClient ...
INFO  [2023-06-18 01:09:37,914] com.azure.cosmos.implementation.RxDocumentClientImpl: Shutting down CpuMonitor ...
INFO  [2023-06-18 01:09:37,914] com.azure.cosmos.implementation.RxDocumentClientImpl: Shutting down completed.
]]></system-out>
  </testcase>
</testsuite>